Log file open, 06/23/15 11:40:36
LogInit:Display: Running engine for game: UnrealProject
LogInit: Version: 4.7.6-2513093+++depot+UE4-Releases+4.7
LogInit: API Version: 2455222
LogInit: Compiled (64-bit): Apr 15 2015 12:09:54
LogInit: Compiled with Visual C++: 18.00.21005.01
LogInit: Build Configuration: Development
LogInit: Branch Name: ++depot+UE4-Releases+4.7
LogInit: Command line:  
LogInit: Base directory: C:/Program Files/Epic Games/4.7/Engine/Binaries/Win64/
LogInit: Rocket: 1
[2015.06.23-09.40.36:741][  0]LogTaskGraph: Started task graph with 3 named threads and 6 total threads.
[2015.06.23-09.40.36:820][  0]LogOnline:Warning: No default platform service specified for OnlineSubsystem
[2015.06.23-09.40.36:862][  0]LogInit: Presizing for 0 objects not considered by GC, pre-allocating 0 bytes.
[2015.06.23-09.40.36:895][  0]LogInit: Object subsystem initialized
[2015.06.23-09.40.36:901][  0]LogConsoleResponse:Warning: Skipping Unknown console variable: 'TranslucentSortAxis = (X=0.000000,Y=-1.000000,Z=0.000000)'
[2015.06.23-09.40.36:901][  0]LogConsoleResponse:Warning:   Found in ini file 'C:/Users/Silvan/Desktop/GDV-Projekt/GDV-Projekt/UnrealProject/Saved/Config/Windows/Engine.ini', in section '[/Script/Engine.RendererSettings]'
[2015.06.23-09.40.36:901][  0]LogConsoleResponse:Warning: Skipping Unknown console variable: 'UIScaleRule = ShortestSide'
[2015.06.23-09.40.36:901][  0]LogConsoleResponse:Warning:   Found in ini file 'C:/Users/Silvan/Desktop/GDV-Projekt/GDV-Projekt/UnrealProject/Saved/Config/Windows/Engine.ini', in section '[/Script/Engine.RendererSettings]'
[2015.06.23-09.40.36:901][  0]LogConsoleResponse:Warning: Skipping Unknown console variable: 'UIScaleCurve = (EditorCurveData=(Keys=),ExternalCurve=None)'
[2015.06.23-09.40.36:901][  0]LogConsoleResponse:Warning:   Found in ini file 'C:/Users/Silvan/Desktop/GDV-Projekt/GDV-Projekt/UnrealProject/Saved/Config/Windows/Engine.ini', in section '[/Script/Engine.RendererSettings]'
[2015.06.23-09.40.36:903][  0]LogInit: Selected Device Profile: [Windows]
[2015.06.23-09.40.36:903][  0]LogInit: Applying CVar settings loaded from the selected device profile: [Windows]
[2015.06.23-09.40.36:924][  0]LogInit: Computer: MANINTHEMIDDLE
[2015.06.23-09.40.36:924][  0]LogInit: User: Silvan
[2015.06.23-09.40.36:924][  0]LogInit: CPU Page size=4096, Cores=4
[2015.06.23-09.40.36:924][  0]LogInit: High frequency timer resolution =2.338359 MHz
[2015.06.23-09.40.36:924][  0]LogMemory: Memory total: Physical=7.9GB (8GB approx) Virtual=8192.0GB
[2015.06.23-09.40.36:925][  0]LogMemory: Platform Memory Stats for Windows
[2015.06.23-09.40.36:925][  0]LogMemory: Process Physical Memory: 48.80 MB used, 48.80 MB peak
[2015.06.23-09.40.36:925][  0]LogMemory: Process Virtual Memory: 24.73 MB used, 24.73 MB peak
[2015.06.23-09.40.36:925][  0]LogMemory: Physical Memory: 2885.50 MB used, 8112.05 MB total
[2015.06.23-09.40.36:925][  0]LogMemory: Virtual Memory: 276.94 MB used, 8388608.00 MB total
[2015.06.23-09.40.36:991][  0]LogD3D11RHI: Found D3D11 adapter 0: Intel(R) HD Graphics 4600 (Feature Level 11_0)
[2015.06.23-09.40.36:991][  0]LogD3D11RHI: Adapter has 64MB of dedicated video memory, 0MB of dedicated system memory, and 1632MB of shared system memory, 1 output[s]
[2015.06.23-09.40.36:991][  0]LogD3D11RHI: Chosen D3D11 Adapter Id = 0
[2015.06.23-09.40.37:006][  0]LogRHI: Texture pool is 616 MB (70% of 880 MB)
[2015.06.23-09.40.37:029][  0]LogD3D11RHI: Async texture creation enabled
[2015.06.23-09.40.37:718][  0]LogTextLocalizationManager: The requested culture ('de_DE') has no localization data; falling back to 'en' for localization and internationalization data.
[2015.06.23-09.40.38:010][  0]LogTextLocalizationManager:Warning: Loading localization resources contain conflicting entries for (Namespace:UICommands, Key:Save_ToolTip):
Resource: (C:/Program Files/Epic Games/4.7/Engine/Content/Localization/Editor/en/Editor.locres) Hash: (-29098895) String: (Saves the current level to disk)
Resource: (C:/Program Files/Epic Games/4.7/Engine/Content/Localization/Engine/en/Engine.locres) Hash: (-1280300587) String: (Save selected data to vlog file)
[2015.06.23-09.40.38:010][  0]LogTextLocalizationManager:Warning: Loading localization resources contain conflicting entries for (Namespace:ContentBrowser, Key:ImportAssetToolTip):
Resource: (C:/Program Files/Epic Games/4.7/Engine/Content/Localization/Editor/en/Editor.locres) Hash: (-630476809) String: (Import to {0}...)
Resource: (C:/Program Files/Epic Games/4.7/Engine/Content/Localization/Editor/en/Editor.locres) Hash: (1271782899) String: (Imports an asset from file to this folder.)
[2015.06.23-09.40.38:245][  0]LogContentStreaming: Texture pool size is 0.000000MB
[2015.06.23-09.40.43:366][  0]LogTargetPlatformManager:Display: Building Assets For Windows
[2015.06.23-09.40.44:347][  0]LogTargetPlatformManager:Display: Building Assets For Windows
[2015.06.23-09.40.44:458][  0]LogDerivedDataCache:Display: Max Cache Size: 512 MB
[2015.06.23-09.40.44:523][  0]LogDerivedDataCache: Loaded boot cache 0.07s 39MB C:/Users/Silvan/AppData/Local/UnrealEngine/4.7/DerivedDataCache/Boot.ddc.
[2015.06.23-09.40.44:523][  0]LogDerivedDataCache:Display: Loaded Boot cache: C:/Users/Silvan/AppData/Local/UnrealEngine/4.7/DerivedDataCache/Boot.ddc
[2015.06.23-09.40.44:523][  0]LogDerivedDataCache: FDerivedDataBackendGraph:  Pak pak cache file ../../../../../../Users/Silvan/Desktop/GDV-Projekt/GDV-Projekt/UnrealProject/DerivedDataCache/DDC.ddp not found, will not use a pak cache.
[2015.06.23-09.40.44:523][  0]LogDerivedDataCache: Unable to find inner node Pak for hierarchical cache Hierarchy.
[2015.06.23-09.40.44:758][  0]LogDerivedDataCache:Display: Pak cache opened for reading ../../../Engine/DerivedDataCache/Compressed.ddp.
[2015.06.23-09.40.44:770][  0]LogDerivedDataCache: Using Local data cache path C:/Users/Silvan/AppData/Local/UnrealEngine/Common/DerivedDataCache: Writable
[2015.06.23-09.40.45:597][  0]LogMeshUtilities: No automatic mesh reduction module available
[2015.06.23-09.40.45:597][  0]LogMeshUtilities: No automatic mesh merging module available
[2015.06.23-09.40.46:973][  0]LogInit: WinSock: version 1.1 (2.2), MaxSocks=32767, MaxUdp=65467
[2015.06.23-09.40.47:108][  0]LogSlate:Warning: Failed to load font data from '../../../Engine/Content/Slate/Fonts/Roboto-Italic.ttf'
[2015.06.23-09.40.48:796][  0]UdpMessaging: Initializing bridge on interface 0.0.0.0:0 to multicast group 230.0.0.1:6666.
[2015.06.23-09.40.49:321][  0]SourceControl: Info Source control is disabled
[2015.06.23-09.40.49:321][  0]SourceControl: Info Source control is disabled
[2015.06.23-09.40.49:322][  0]SourceControl: Info Source control is disabled
[2015.06.23-09.40.49:322][  0]LogSourceControl: RunCommandInternalRaw: 'git version'
[2015.06.23-09.40.49:322][  0]LogSourceControl: RunCommandInternalRaw: ExecProcess ReturnCode=2 OutResults=''
[2015.06.23-09.40.49:351][  0]SourceControl: Info Source control is disabled
[2015.06.23-09.40.49:894][  0]LogObj: 24232 objects as part of root set at end of initial load.
[2015.06.23-09.40.49:894][  0]LogUObjectAllocator: 5137176 out of 0 bytes used by permanent object pool.
[2015.06.23-09.40.50:145][  0]LogEngine: Initializing Engine...
[2015.06.23-09.40.52:631][  0]LogInit: XAudio2 using 'Lautsprecher (VIA High Definition Audio)' : 2 channels at 48 kHz using 16 bits per sample (channel mask 0x3)
[2015.06.23-09.40.52:779][  0]LogInit: FAudioDevice initialized.
[2015.06.23-09.40.52:901][  0]LogAIModule: Creating AISystem for world NewWorld
[2015.06.23-09.40.52:969][  0]LogDerivedDataCache: Saved boot cache 0.07s 39MB C:/Users/Silvan/AppData/Local/UnrealEngine/4.7/DerivedDataCache/Boot.ddc.
[2015.06.23-09.40.52:981][  0]LogInit: Texture streaming: Enabled
[2015.06.23-09.40.53:224][  0]LogAnalytics: Creating configured Analytics provider AnalyticsET
[2015.06.23-09.40.53:225][  0]LogAnalytics: ET APIKey = Rocket.Release. APIServer = http://et2.epicgames.com/ET2/. AppVersion = 4.7.6-2513093+++depot+UE4-Releases+4.7
[2015.06.23-09.40.53:225][  0]LogAnalytics: ET APIKey = Rocket.Release. DataRouterUploadURL = https://datarouter-public-service-gamedev.ol.epicgames.net/datarouter/api/v1/public/data. AppVersion = 4.7.6-2513093+++depot+UE4-Releases+4.7
[2015.06.23-09.40.53:225][  0]LogAnalytics: SetUserId 05edde72444f0bd55df68480459c909b|16ffa05e03dc4cfda8fe4198e1102ff4|eeda5eb7-2d2f-4bc1-aa15-a85a942ddd91
[2015.06.23-09.40.53:225][  0]LogAnalytics: AnalyticsET::StartSession [Rocket.Release]
[2015.06.23-09.40.53:276][  0]LogInit: Transaction tracking system initialized
[2015.06.23-09.40.53:674][  0]BlueprintLog: New page: Editor Load
[2015.06.23-09.40.53:732][  0]LogAssetRegistry: FAssetRegistry took 0.0104 seconds to start up
[2015.06.23-09.40.53:732][  0]LogDirectoryWatcher:Warning: Failed to begin reading directory changes for ../../../Engine/Plugins/Experimental/CharacterAI/Content/. Error: 0
[2015.06.23-09.40.54:722][  0]LogTargetPlatformManager:Display: Building Assets For Windows
[2015.06.23-09.40.55:771][  0]LogTargetPlatformManager:Display: Building Assets For Windows
[2015.06.23-09.40.56:313][  0]LogSlate:Warning: Failed to load font data from '../../../Engine/Content/Editor/Slate/Fonts/Roboto-Regular.ttf'
[2015.06.23-09.40.56:313][  0]LogSlate:Warning: Failed to load font data from '../../../Engine/Content/Editor/Slate/Fonts/Roboto-Bold.ttf'
[2015.06.23-09.40.56:449][  0]LogConsoleResponse:Display: 
[2015.06.23-09.40.56:865][  0]LogCook:Display: Done creating registry. It took  0.00s.
[2015.06.23-09.40.57:260][  0]SourceControl: Info Source control is disabled
[2015.06.23-09.40.57:260][  0]Cmd: MAP LOAD FILE="../../../Engine/Content/Maps/Templates/Template_Default.umap" TEMPLATE=1 SHOWPROGRESS=1 FEATURELEVEL=3
[2015.06.23-09.40.57:262][  0]LightingResults: New page: Lighting Build
[2015.06.23-09.40.57:293][  0]MapCheck: New page: Map Check
[2015.06.23-09.40.57:293][  0]LightingResults: New page: Lighting Build
[2015.06.23-09.40.57:311][  0]LogParticles: Destroying 0 GPU particle simulations for FXSystem 0x0000000013A44C20
[2015.06.23-09.40.58:925][  0]LogEditorServer: Finished looking for orphan Actors (0.000 secs)
[2015.06.23-09.40.58:936][  0]LogAIModule: Creating AISystem for world Untitled_1
[2015.06.23-09.40.58:936][  0]Cmd: MAP CHECKDEP
[2015.06.23-09.40.58:936][  0]MapCheck: New page: Untitled_1 - Jun 23, 2015, 1:40:58 PM
[2015.06.23-09.40.59:080][  0]MapCheck: Info Map check complete: 0 Error(s), 0 Warning(s), took 143.165ms to complete.
[2015.06.23-09.40.59:080][  0]LogFileHelpers: Loading map 'Template_Default' took 1.820
[2015.06.23-09.40.59:213][  0]LogCollectionManager: Loaded 0 collections in 0.005684 seconds
[2015.06.23-09.40.59:253][  0]LogContentBrowser: Native class hierarchy populated in 0.0397 seconds. Added 1696 classes and 261 folders.
[2015.06.23-09.40.59:511][  0]LogContentBrowser: Native class hierarchy updated for 'SceneOutliner' in 0.0062 seconds. Added 1 classes and 2 folders.
[2015.06.23-09.40.59:673][  0]LogCrashTracker: Crashtracker disabled due to settings.
[2015.06.23-09.40.59:676][  0]LogSlate:Warning: Failed to load font data from 'Veranda'
[2015.06.23-09.40.59:698][  0]LogUObjectGlobals:Warning: Failed to find object 'Class None.'
[2015.06.23-09.40.59:739][  0]LogLoad: Full Startup: 25.87 seconds (BP compile: 0.17 seconds)
[2015.06.23-09.41.00:097][  0]LogContentBrowser:Verbose: The content browser source was changed by the sources view to '/Game/Code'
[2015.06.23-09.41.00:605][  0]LogRenderer:Warning: Reallocating scene render targets to support 1208x920 (Frame:2).
[2015.06.23-09.41.05:939][ 11]LogAssetRegistry: Asset discovery search completed in 12.2188 seconds
[2015.06.23-09.42.39:629][ 34]BlueprintLog: New page: Compile PointLight_Blueprint
[2015.06.23-09.42.39:923][ 34]BlueprintEditorCompileResults: Info [0126.05] Compile of PointLight_Blueprint successful! [in 294 ms]
[2015.06.23-09.42.42:323][ 80]LogPlayLevel: PIE:  No blueprints needed recompiling
[2015.06.23-09.42.42:324][ 80]PIE: New page: PIE session: Untitled_1 (Jun 23, 2015, 1:42:42 PM)
[2015.06.23-09.42.42:330][ 80]LogPlayLevel: PIE: StaticDuplicateObject took: (0.005109s)
[2015.06.23-09.42.42:332][ 80]LogPlayLevel: PIE: World Init took: (0.001455s)
[2015.06.23-09.42.42:332][ 80]LogPlayLevel: PIE: Created PIE world by copying editor world from /Temp/Untitled_1.Untitled_1 to /Temp/UEDPIE_0_Untitled_1.Untitled_1 (0.007107s)
[2015.06.23-09.42.42:437][ 80]LogWorld: Game class is 'GameMode'
[2015.06.23-09.42.42:444][ 80]LogAIModule: Creating AISystem for world Untitled_1
[2015.06.23-09.42.42:452][ 80]LogWorld: Bringing World /Temp/UEDPIE_0_Untitled_1.Untitled_1 up for play (max tick rate 60) at 2015.06.23-11.42.42
[2015.06.23-09.42.42:453][ 80]LogWorld: Bringing up level for play took: 0.007599
[2015.06.23-09.42.42:461][ 80]PIE: Info Play in editor start time for /Temp/UEDPIE_0_Untitled_1 -0.846
[2015.06.23-09.42.42:462][ 80]LogBlueprintUserMessages: 0.082
[2015.06.23-09.42.42:532][ 81]LogBlueprintUserMessages: 0.384
[2015.06.23-09.42.43:069][ 82]LogBlueprintUserMessages: 0.784
[2015.06.23-09.42.43:100][ 83]LogBlueprintUserMessages: 0.816
[2015.06.23-09.42.43:151][ 84]LogBlueprintUserMessages: 0.866
[2015.06.23-09.42.43:190][ 85]LogBlueprintUserMessages: 0.905
[2015.06.23-09.42.43:229][ 86]LogBlueprintUserMessages: 0.944
[2015.06.23-09.42.43:262][ 87]LogBlueprintUserMessages: 0.978
[2015.06.23-09.42.43:301][ 88]LogBlueprintUserMessages: 1.017
[2015.06.23-09.42.43:335][ 89]LogBlueprintUserMessages: 1.051
[2015.06.23-09.42.43:368][ 90]LogBlueprintUserMessages: 1.084
[2015.06.23-09.42.43:402][ 91]LogBlueprintUserMessages: 1.118
[2015.06.23-09.42.43:436][ 92]LogBlueprintUserMessages: 1.151
[2015.06.23-09.42.43:469][ 93]LogBlueprintUserMessages: 1.185
[2015.06.23-09.42.43:503][ 94]LogBlueprintUserMessages: 1.218
[2015.06.23-09.42.43:537][ 95]LogBlueprintUserMessages: 1.252
[2015.06.23-09.42.43:570][ 96]LogBlueprintUserMessages: 1.285
[2015.06.23-09.42.43:604][ 97]LogBlueprintUserMessages: 1.319
[2015.06.23-09.42.43:637][ 98]LogBlueprintUserMessages: 1.353
[2015.06.23-09.42.43:671][ 99]LogBlueprintUserMessages: 1.386
[2015.06.23-09.42.43:702][100]LogBlueprintUserMessages: 1.417
[2015.06.23-09.42.43:736][101]LogBlueprintUserMessages: 1.451
[2015.06.23-09.42.43:769][102]LogBlueprintUserMessages: 1.485
[2015.06.23-09.42.43:803][103]LogBlueprintUserMessages: 1.518
[2015.06.23-09.42.43:836][104]LogBlueprintUserMessages: 1.552
[2015.06.23-09.42.43:871][105]LogBlueprintUserMessages: 1.586
[2015.06.23-09.42.43:904][106]LogBlueprintUserMessages: 1.619
[2015.06.23-09.42.43:937][107]LogBlueprintUserMessages: 1.653
[2015.06.23-09.42.43:969][108]LogBlueprintUserMessages: 1.684
[2015.06.23-09.42.44:002][109]LogBlueprintUserMessages: 1.718
[2015.06.23-09.42.44:036][110]LogBlueprintUserMessages: 1.752
[2015.06.23-09.42.44:069][111]LogBlueprintUserMessages: 1.785
[2015.06.23-09.42.44:102][112]LogBlueprintUserMessages: 1.817
[2015.06.23-09.42.44:134][113]LogBlueprintUserMessages: 1.849
[2015.06.23-09.42.44:166][114]LogBlueprintUserMessages: 1.882
[2015.06.23-09.42.44:198][115]LogBlueprintUserMessages: 1.914
[2015.06.23-09.42.44:230][116]LogBlueprintUserMessages: 1.946
[2015.06.23-09.42.44:263][117]LogBlueprintUserMessages: 1.978
[2015.06.23-09.42.44:295][118]LogBlueprintUserMessages: 2.01
[2015.06.23-09.42.44:327][119]LogBlueprintUserMessages: 2.042
[2015.06.23-09.42.44:359][120]LogBlueprintUserMessages: 2.075
[2015.06.23-09.42.44:391][121]LogBlueprintUserMessages: 2.107
[2015.06.23-09.42.44:423][122]LogBlueprintUserMessages: 2.139
[2015.06.23-09.42.44:453][123]LogBlueprintUserMessages: 2.169
[2015.06.23-09.42.44:485][124]LogBlueprintUserMessages: 2.201
[2015.06.23-09.42.44:517][125]LogBlueprintUserMessages: 2.233
[2015.06.23-09.42.44:549][126]LogBlueprintUserMessages: 2.265
[2015.06.23-09.42.44:581][127]LogBlueprintUserMessages: 2.297
[2015.06.23-09.42.44:614][128]LogBlueprintUserMessages: 2.329
[2015.06.23-09.42.44:646][129]LogBlueprintUserMessages: 2.361
[2015.06.23-09.42.44:678][130]LogBlueprintUserMessages: 2.394
[2015.06.23-09.42.44:710][131]LogBlueprintUserMessages: 2.426
[2015.06.23-09.42.44:742][132]LogBlueprintUserMessages: 2.458
[2015.06.23-09.42.44:774][133]LogBlueprintUserMessages: 2.49
[2015.06.23-09.42.44:807][134]LogBlueprintUserMessages: 2.522
[2015.06.23-09.42.44:839][135]LogBlueprintUserMessages: 2.554
[2015.06.23-09.42.44:871][136]LogBlueprintUserMessages: 2.586
[2015.06.23-09.42.44:903][137]LogBlueprintUserMessages: 2.619
[2015.06.23-09.42.44:935][138]LogBlueprintUserMessages: 2.651
[2015.06.23-09.42.44:967][139]LogBlueprintUserMessages: 2.683
[2015.06.23-09.42.44:999][140]LogBlueprintUserMessages: 2.715
[2015.06.23-09.42.45:032][141]LogBlueprintUserMessages: 2.747
[2015.06.23-09.42.45:064][142]LogBlueprintUserMessages: 2.779
[2015.06.23-09.42.45:096][143]LogBlueprintUserMessages: 2.812
[2015.06.23-09.42.45:128][144]LogBlueprintUserMessages: 2.844
[2015.06.23-09.42.45:160][145]LogBlueprintUserMessages: 2.876
[2015.06.23-09.42.45:192][146]LogBlueprintUserMessages: 2.908
[2015.06.23-09.42.45:225][147]LogBlueprintUserMessages: 2.94
[2015.06.23-09.42.45:257][148]LogBlueprintUserMessages: 2.972
[2015.06.23-09.42.45:286][149]LogBlueprintUserMessages: 3.002
[2015.06.23-09.42.45:319][150]LogBlueprintUserMessages: 3.034
[2015.06.23-09.42.45:351][151]LogBlueprintUserMessages: 3.066
[2015.06.23-09.42.45:383][152]LogBlueprintUserMessages: 3.098
[2015.06.23-09.42.45:415][153]LogBlueprintUserMessages: 3.131
[2015.06.23-09.42.45:447][154]LogBlueprintUserMessages: 3.163
[2015.06.23-09.42.45:479][155]LogBlueprintUserMessages: 3.195
[2015.06.23-09.42.45:512][156]LogBlueprintUserMessages: 3.227
[2015.06.23-09.42.45:544][157]LogBlueprintUserMessages: 3.259
[2015.06.23-09.42.45:576][158]LogBlueprintUserMessages: 3.292
[2015.06.23-09.42.45:608][159]LogBlueprintUserMessages: 3.324
[2015.06.23-09.42.45:640][160]LogBlueprintUserMessages: 3.356
[2015.06.23-09.42.45:672][161]LogBlueprintUserMessages: 3.388
[2015.06.23-09.42.45:705][162]LogBlueprintUserMessages: 3.42
[2015.06.23-09.42.45:737][163]LogBlueprintUserMessages: 3.452
[2015.06.23-09.42.45:766][164]LogBlueprintUserMessages: 3.482
[2015.06.23-09.42.45:799][165]LogBlueprintUserMessages: 3.514
[2015.06.23-09.42.45:831][166]LogBlueprintUserMessages: 3.546
[2015.06.23-09.42.45:863][167]LogBlueprintUserMessages: 3.579
[2015.06.23-09.42.45:895][168]LogBlueprintUserMessages: 3.611
[2015.06.23-09.42.45:927][169]LogBlueprintUserMessages: 3.643
[2015.06.23-09.42.45:960][170]LogBlueprintUserMessages: 3.675
[2015.06.23-09.42.45:992][171]LogBlueprintUserMessages: 3.707
[2015.06.23-09.42.46:024][172]LogBlueprintUserMessages: 3.739
[2015.06.23-09.42.46:056][173]LogBlueprintUserMessages: 3.772
[2015.06.23-09.42.46:086][174]LogBlueprintUserMessages: 3.801
[2015.06.23-09.42.46:118][175]LogBlueprintUserMessages: 3.834
[2015.06.23-09.42.46:150][176]LogBlueprintUserMessages: 3.866
[2015.06.23-09.42.46:182][177]LogBlueprintUserMessages: 3.898
[2015.06.23-09.42.46:214][178]LogBlueprintUserMessages: 3.93
[2015.06.23-09.42.46:247][179]LogBlueprintUserMessages: 3.962
[2015.06.23-09.42.46:279][180]LogBlueprintUserMessages: 3.994
[2015.06.23-09.42.46:311][181]LogBlueprintUserMessages: 4.027
[2015.06.23-09.42.46:343][182]LogBlueprintUserMessages: 4.059
[2015.06.23-09.42.46:376][183]LogBlueprintUserMessages: 4.091
[2015.06.23-09.42.46:407][184]LogBlueprintUserMessages: 4.123
[2015.06.23-09.42.46:440][185]LogBlueprintUserMessages: 4.155
[2015.06.23-09.42.46:472][186]LogBlueprintUserMessages: 4.187
[2015.06.23-09.42.46:504][187]LogBlueprintUserMessages: 4.22
[2015.06.23-09.42.46:536][188]LogBlueprintUserMessages: 4.252
[2015.06.23-09.42.46:568][189]LogBlueprintUserMessages: 4.284
[2015.06.23-09.42.46:600][190]LogBlueprintUserMessages: 4.316
[2015.06.23-09.42.46:632][191]LogBlueprintUserMessages: 4.348
[2015.06.23-09.42.46:665][192]LogBlueprintUserMessages: 4.38
[2015.06.23-09.42.46:697][193]LogBlueprintUserMessages: 4.412
[2015.06.23-09.42.46:729][194]LogBlueprintUserMessages: 4.445
[2015.06.23-09.42.46:761][195]LogBlueprintUserMessages: 4.477
[2015.06.23-09.42.46:793][196]LogBlueprintUserMessages: 4.509
[2015.06.23-09.42.46:825][197]LogBlueprintUserMessages: 4.541
[2015.06.23-09.42.46:857][198]LogBlueprintUserMessages: 4.573
[2015.06.23-09.42.46:890][199]LogBlueprintUserMessages: 4.605
[2015.06.23-09.42.46:922][200]LogBlueprintUserMessages: 4.637
[2015.06.23-09.42.46:952][201]LogBlueprintUserMessages: 4.667
[2015.06.23-09.42.46:984][202]LogBlueprintUserMessages: 4.699
[2015.06.23-09.42.47:016][203]LogBlueprintUserMessages: 4.732
[2015.06.23-09.42.47:048][204]LogBlueprintUserMessages: 4.764
[2015.06.23-09.42.47:081][205]LogBlueprintUserMessages: 4.796
[2015.06.23-09.42.47:113][206]LogBlueprintUserMessages: 4.828
[2015.06.23-09.42.47:145][207]LogBlueprintUserMessages: 4.86
[2015.06.23-09.42.47:177][208]LogBlueprintUserMessages: 4.892
[2015.06.23-09.42.47:209][209]LogBlueprintUserMessages: 4.925
[2015.06.23-09.42.47:241][210]LogBlueprintUserMessages: 4.957
[2015.06.23-09.42.47:273][211]LogBlueprintUserMessages: 4.989
[2015.06.23-09.42.47:305][212]LogBlueprintUserMessages: 5.021
[2015.06.23-09.42.47:338][213]LogBlueprintUserMessages: 5.053
[2015.06.23-09.42.47:370][214]LogBlueprintUserMessages: 5.085
[2015.06.23-09.42.47:402][215]LogBlueprintUserMessages: 5.118
[2015.06.23-09.42.47:434][216]LogBlueprintUserMessages: 5.15
[2015.06.23-09.42.47:466][217]LogBlueprintUserMessages: 5.182
[2015.06.23-09.42.47:498][218]LogBlueprintUserMessages: 5.214
[2015.06.23-09.42.47:530][219]LogBlueprintUserMessages: 5.246
[2015.06.23-09.42.47:563][220]LogBlueprintUserMessages: 5.278
[2015.06.23-09.42.47:595][221]LogBlueprintUserMessages: 5.31
[2015.06.23-09.42.47:627][222]LogBlueprintUserMessages: 5.343
[2015.06.23-09.42.47:659][223]LogBlueprintUserMessages: 5.375
[2015.06.23-09.42.47:691][224]LogBlueprintUserMessages: 5.407
[2015.06.23-09.42.47:723][225]LogBlueprintUserMessages: 5.439
[2015.06.23-09.42.47:755][226]LogBlueprintUserMessages: 5.471
[2015.06.23-09.42.47:786][227]LogBlueprintUserMessages: 5.501
[2015.06.23-09.42.47:817][228]LogBlueprintUserMessages: 5.533
[2015.06.23-09.42.47:849][229]LogBlueprintUserMessages: 5.565
[2015.06.23-09.42.47:892][230]LogBlueprintUserMessages: 5.597
[2015.06.23-09.42.47:914][231]LogBlueprintUserMessages: 5.629
[2015.06.23-09.42.47:953][232]LogBlueprintUserMessages: 5.668
[2015.06.23-09.42.47:992][233]LogBlueprintUserMessages: 5.708
[2015.06.23-09.42.48:024][234]LogBlueprintUserMessages: 5.74
[2015.06.23-09.42.48:056][235]LogBlueprintUserMessages: 5.772
[2015.06.23-09.42.48:088][236]LogBlueprintUserMessages: 5.804
[2015.06.23-09.42.48:118][237]LogBlueprintUserMessages: 5.834
[2015.06.23-09.42.48:150][238]LogBlueprintUserMessages: 5.866
[2015.06.23-09.42.48:182][239]LogBlueprintUserMessages: 5.898
[2015.06.23-09.42.48:215][240]LogBlueprintUserMessages: 5.93
[2015.06.23-09.42.48:247][241]LogBlueprintUserMessages: 5.963
[2015.06.23-09.42.48:280][242]LogBlueprintUserMessages: 5.995
[2015.06.23-09.42.48:312][243]LogBlueprintUserMessages: 6.027
[2015.06.23-09.42.48:344][244]LogBlueprintUserMessages: 6.059
[2015.06.23-09.42.48:377][245]LogBlueprintUserMessages: 6.091
[2015.06.23-09.42.48:409][246]LogBlueprintUserMessages: 6.124
[2015.06.23-09.42.48:441][247]LogBlueprintUserMessages: 6.156
[2015.06.23-09.42.48:473][248]LogBlueprintUserMessages: 6.188
[2015.06.23-09.42.48:505][249]LogBlueprintUserMessages: 6.22
[2015.06.23-09.42.48:538][250]LogBlueprintUserMessages: 6.253
[2015.06.23-09.42.48:570][251]LogBlueprintUserMessages: 6.285
[2015.06.23-09.42.48:602][252]LogBlueprintUserMessages: 6.318
[2015.06.23-09.42.48:635][253]LogBlueprintUserMessages: 6.35
[2015.06.23-09.42.48:667][254]LogBlueprintUserMessages: 6.382
[2015.06.23-09.42.48:699][255]LogBlueprintUserMessages: 6.415
[2015.06.23-09.42.48:731][256]LogBlueprintUserMessages: 6.447
[2015.06.23-09.42.48:764][257]LogBlueprintUserMessages: 6.48
[2015.06.23-09.42.48:796][258]LogBlueprintUserMessages: 6.512
[2015.06.23-09.42.48:829][259]LogBlueprintUserMessages: 6.545
[2015.06.23-09.42.48:862][260]LogBlueprintUserMessages: 6.577
[2015.06.23-09.42.48:894][261]LogBlueprintUserMessages: 6.61
[2015.06.23-09.42.48:926][262]LogBlueprintUserMessages: 6.642
[2015.06.23-09.42.48:959][263]LogBlueprintUserMessages: 6.675
[2015.06.23-09.42.48:992][264]LogBlueprintUserMessages: 6.707
[2015.06.23-09.42.49:024][265]LogBlueprintUserMessages: 6.74
[2015.06.23-09.42.49:057][266]LogBlueprintUserMessages: 6.773
[2015.06.23-09.42.49:090][267]LogBlueprintUserMessages: 6.805
[2015.06.23-09.42.49:122][268]LogBlueprintUserMessages: 6.838
[2015.06.23-09.42.49:155][269]LogBlueprintUserMessages: 6.871
[2015.06.23-09.42.49:185][270]LogBlueprintUserMessages: 6.901
[2015.06.23-09.42.49:218][271]LogBlueprintUserMessages: 6.934
[2015.06.23-09.42.49:251][272]LogBlueprintUserMessages: 6.966
[2015.06.23-09.42.49:283][273]LogBlueprintUserMessages: 6.999
[2015.06.23-09.42.49:316][274]LogBlueprintUserMessages: 7.032
[2015.06.23-09.42.49:348][275]LogBlueprintUserMessages: 7.064
[2015.06.23-09.42.49:381][276]LogBlueprintUserMessages: 7.097
[2015.06.23-09.42.49:414][277]LogBlueprintUserMessages: 7.129
[2015.06.23-09.42.49:446][278]LogBlueprintUserMessages: 7.162
[2015.06.23-09.42.49:479][279]LogBlueprintUserMessages: 7.195
[2015.06.23-09.42.49:512][280]LogBlueprintUserMessages: 7.227
[2015.06.23-09.42.49:544][281]LogBlueprintUserMessages: 7.26
[2015.06.23-09.42.49:577][282]LogBlueprintUserMessages: 7.293
[2015.06.23-09.42.49:610][283]LogBlueprintUserMessages: 7.325
[2015.06.23-09.42.49:642][284]LogBlueprintUserMessages: 7.358
[2015.06.23-09.42.49:675][285]LogBlueprintUserMessages: 7.391
[2015.06.23-09.42.49:707][286]LogBlueprintUserMessages: 7.423
[2015.06.23-09.42.49:740][287]LogBlueprintUserMessages: 7.456
[2015.06.23-09.42.49:773][288]LogBlueprintUserMessages: 7.488
[2015.06.23-09.42.49:806][289]LogBlueprintUserMessages: 7.521
[2015.06.23-09.42.49:838][290]LogBlueprintUserMessages: 7.554
[2015.06.23-09.42.49:870][291]LogBlueprintUserMessages: 7.586
[2015.06.23-09.42.49:903][292]LogBlueprintUserMessages: 7.619
[2015.06.23-09.42.49:936][293]LogBlueprintUserMessages: 7.651
[2015.06.23-09.42.49:968][294]LogBlueprintUserMessages: 7.684
[2015.06.23-09.42.49:998][295]LogBlueprintUserMessages: 7.714
[2015.06.23-09.42.50:031][296]LogBlueprintUserMessages: 7.747
[2015.06.23-09.42.50:064][297]LogBlueprintUserMessages: 7.779
[2015.06.23-09.42.50:096][298]LogBlueprintUserMessages: 7.812
[2015.06.23-09.42.50:129][299]LogBlueprintUserMessages: 7.844
[2015.06.23-09.42.50:161][300]LogBlueprintUserMessages: 7.877
[2015.06.23-09.42.50:194][301]LogBlueprintUserMessages: 7.909
[2015.06.23-09.42.50:226][302]LogBlueprintUserMessages: 7.942
[2015.06.23-09.42.50:259][303]LogBlueprintUserMessages: 7.975
[2015.06.23-09.42.50:291][304]LogBlueprintUserMessages: 8.007
[2015.06.23-09.42.50:324][305]LogBlueprintUserMessages: 8.04
[2015.06.23-09.42.50:356][306]LogBlueprintUserMessages: 8.072
[2015.06.23-09.42.50:389][307]LogBlueprintUserMessages: 8.105
[2015.06.23-09.42.50:421][308]LogBlueprintUserMessages: 8.137
[2015.06.23-09.42.50:454][309]LogBlueprintUserMessages: 8.17
[2015.06.23-09.42.50:484][310]LogBlueprintUserMessages: 8.2
[2015.06.23-09.42.50:516][311]LogBlueprintUserMessages: 8.232
[2015.06.23-09.42.50:549][312]LogBlueprintUserMessages: 8.265
[2015.06.23-09.42.50:581][313]LogBlueprintUserMessages: 8.297
[2015.06.23-09.42.50:614][314]LogBlueprintUserMessages: 8.329
[2015.06.23-09.42.50:646][315]LogBlueprintUserMessages: 8.362
[2015.06.23-09.42.50:679][316]LogBlueprintUserMessages: 8.394
[2015.06.23-09.42.50:711][317]LogBlueprintUserMessages: 8.427
[2015.06.23-09.42.50:743][318]LogBlueprintUserMessages: 8.459
[2015.06.23-09.42.50:776][319]LogBlueprintUserMessages: 8.492
[2015.06.23-09.42.50:808][320]LogBlueprintUserMessages: 8.524
[2015.06.23-09.42.50:841][321]LogBlueprintUserMessages: 8.556
[2015.06.23-09.42.50:873][322]LogBlueprintUserMessages: 8.589
[2015.06.23-09.42.50:905][323]LogBlueprintUserMessages: 8.621
[2015.06.23-09.42.50:938][324]LogBlueprintUserMessages: 8.654
[2015.06.23-09.42.50:971][325]LogBlueprintUserMessages: 8.686
[2015.06.23-09.42.51:003][326]LogBlueprintUserMessages: 8.719
[2015.06.23-09.42.51:035][327]LogBlueprintUserMessages: 8.751
[2015.06.23-09.42.51:068][328]LogBlueprintUserMessages: 8.783
[2015.06.23-09.42.51:100][329]LogBlueprintUserMessages: 8.816
[2015.06.23-09.42.51:132][330]LogBlueprintUserMessages: 8.848
[2015.06.23-09.42.51:165][331]LogBlueprintUserMessages: 8.881
[2015.06.23-09.42.51:197][332]LogBlueprintUserMessages: 8.913
[2015.06.23-09.42.51:230][333]LogBlueprintUserMessages: 8.945
[2015.06.23-09.42.51:262][334]LogBlueprintUserMessages: 8.978
[2015.06.23-09.42.51:294][335]LogBlueprintUserMessages: 9.01
[2015.06.23-09.42.51:327][336]LogBlueprintUserMessages: 9.043
[2015.06.23-09.42.51:359][337]LogBlueprintUserMessages: 9.075
[2015.06.23-09.42.51:392][338]LogBlueprintUserMessages: 9.107
[2015.06.23-09.42.51:424][339]LogBlueprintUserMessages: 9.14
[2015.06.23-09.42.51:456][340]LogBlueprintUserMessages: 9.172
[2015.06.23-09.42.51:489][341]LogBlueprintUserMessages: 9.205
[2015.06.23-09.42.51:521][342]LogBlueprintUserMessages: 9.237
[2015.06.23-09.42.51:554][343]LogBlueprintUserMessages: 9.269
[2015.06.23-09.42.51:584][344]LogBlueprintUserMessages: 9.299
[2015.06.23-09.42.51:616][345]LogBlueprintUserMessages: 9.332
[2015.06.23-09.42.51:648][346]LogBlueprintUserMessages: 9.364
[2015.06.23-09.42.51:681][347]LogBlueprintUserMessages: 9.397
[2015.06.23-09.42.51:713][348]LogBlueprintUserMessages: 9.429
[2015.06.23-09.42.51:746][349]LogBlueprintUserMessages: 9.461
[2015.06.23-09.42.51:778][350]LogBlueprintUserMessages: 9.494
[2015.06.23-09.42.51:810][351]LogBlueprintUserMessages: 9.526
[2015.06.23-09.42.52:139][353]LogParticles: Destroying 0 GPU particle simulations for FXSystem 0x0000000023D2B880
[2015.06.23-09.42.59:756][730]Cmd: TRANSACTION UNDO
[2015.06.23-09.42.59:756][730]LogEditorTransaction: Undo Move Node
[2015.06.23-09.43.00:238][736]Cmd: TRANSACTION UNDO
[2015.06.23-09.43.00:238][736]LogEditorTransaction: Undo Create Pin Link
[2015.06.23-09.43.00:684][750]Cmd: TRANSACTION UNDO
[2015.06.23-09.43.00:684][750]LogEditorTransaction: Undo Add Node
[2015.06.23-09.43.01:225][774]Cmd: TRANSACTION UNDO
[2015.06.23-09.43.01:225][774]LogEditorTransaction: Undo Delete current selection
[2015.06.23-09.43.09:874][244]Cmd: TRANSACTION UNDO
[2015.06.23-09.43.09:874][244]LogEditorTransaction: Undo Delete current selection
[2015.06.23-09.43.27:491][ 78]BlueprintLog: New page: Compile PointLight_Blueprint
[2015.06.23-09.43.27:755][ 78]BlueprintEditorCompileResults: Info [0173.89] Compile of PointLight_Blueprint successful! [in 262 ms]
[2015.06.23-09.43.29:295][113]LogPlayLevel: PIE:  No blueprints needed recompiling
[2015.06.23-09.43.29:295][113]PIE: New page: PIE session: Untitled_1 (Jun 23, 2015, 1:43:29 PM)
[2015.06.23-09.43.29:316][113]LogPlayLevel: PIE: StaticDuplicateObject took: (0.004835s)
[2015.06.23-09.43.29:317][113]LogPlayLevel: PIE: World Init took: (0.001367s)
[2015.06.23-09.43.29:318][113]LogPlayLevel: PIE: Created PIE world by copying editor world from /Temp/Untitled_1.Untitled_1 to /Temp/UEDPIE_0_Untitled_1.Untitled_1 (0.006608s)
[2015.06.23-09.43.29:421][113]LogWorld: Game class is 'GameMode'
[2015.06.23-09.43.29:427][113]LogAIModule: Creating AISystem for world Untitled_1
[2015.06.23-09.43.29:434][113]LogWorld: Bringing World /Temp/UEDPIE_0_Untitled_1.Untitled_1 up for play (max tick rate 60) at 2015.06.23-11.43.29
[2015.06.23-09.43.29:436][113]LogWorld: Bringing up level for play took: 0.007516
[2015.06.23-09.43.29:442][113]PIE: Info Play in editor start time for /Temp/UEDPIE_0_Untitled_1 0.136
[2015.06.23-09.43.36:031][296]LogParticles: Destroying 0 GPU particle simulations for FXSystem 0x000000001CB956C0
[2015.06.23-09.43.56:240][295]BlueprintLog: New page: Compile PointLight_Blueprint
[2015.06.23-09.43.56:494][295]BlueprintEditorCompileResults: Info [0202.62] Compile of PointLight_Blueprint successful! [in 253 ms]
[2015.06.23-09.43.58:818][352]LogPlayLevel: PIE:  No blueprints needed recompiling
[2015.06.23-09.43.58:818][352]PIE: New page: PIE session: Untitled_1 (Jun 23, 2015, 1:43:58 PM)
[2015.06.23-09.43.58:839][352]LogPlayLevel: PIE: StaticDuplicateObject took: (0.004776s)
[2015.06.23-09.43.58:840][352]LogPlayLevel: PIE: World Init took: (0.001329s)
[2015.06.23-09.43.58:840][352]LogPlayLevel: PIE: Created PIE world by copying editor world from /Temp/Untitled_1.Untitled_1 to /Temp/UEDPIE_0_Untitled_1.Untitled_1 (0.006564s)
[2015.06.23-09.43.58:938][352]LogWorld: Game class is 'GameMode'
[2015.06.23-09.43.58:944][352]LogAIModule: Creating AISystem for world Untitled_1
[2015.06.23-09.43.58:951][352]LogWorld: Bringing World /Temp/UEDPIE_0_Untitled_1.Untitled_1 up for play (max tick rate 60) at 2015.06.23-11.43.58
[2015.06.23-09.43.58:953][352]LogWorld: Bringing up level for play took: 0.007307
[2015.06.23-09.43.58:959][352]PIE: Info Play in editor start time for /Temp/UEDPIE_0_Untitled_1 -0.348
[2015.06.23-09.43.59:511][353]LogD3D11RHI: Timed out while waiting for GPU to catch up. (0.5 s)
[2015.06.23-09.44.09:451][654]LogParticles: Destroying 0 GPU particle simulations for FXSystem 0x0000000029A55440
[2015.06.23-09.44.44:159][485]BlueprintLog: New page: Compile PointLight_Blueprint
[2015.06.23-09.44.44:410][485]BlueprintEditorCompileResults: Info [0250.54] Compile of PointLight_Blueprint successful! [in 251 ms]
[2015.06.23-09.44.46:406][537]LogPlayLevel: PIE:  No blueprints needed recompiling
[2015.06.23-09.44.46:406][537]PIE: New page: PIE session: Untitled_1 (Jun 23, 2015, 1:44:46 PM)
[2015.06.23-09.44.46:434][537]LogPlayLevel: PIE: StaticDuplicateObject took: (0.003998s)
[2015.06.23-09.44.46:435][537]LogPlayLevel: PIE: World Init took: (0.001372s)
[2015.06.23-09.44.46:436][537]LogPlayLevel: PIE: Created PIE world by copying editor world from /Temp/Untitled_1.Untitled_1 to /Temp/UEDPIE_0_Untitled_1.Untitled_1 (0.005768s)
[2015.06.23-09.44.46:537][537]LogWorld: Game class is 'GameMode'
[2015.06.23-09.44.46:543][537]LogAIModule: Creating AISystem for world Untitled_1
[2015.06.23-09.44.46:551][537]LogWorld: Bringing World /Temp/UEDPIE_0_Untitled_1.Untitled_1 up for play (max tick rate 60) at 2015.06.23-11.44.46
[2015.06.23-09.44.46:552][537]LogWorld: Bringing up level for play took: 0.007543
[2015.06.23-09.44.46:559][537]PIE: Info Play in editor start time for /Temp/UEDPIE_0_Untitled_1 -0.75
[2015.06.23-09.44.50:193][631]LogParticles: Destroying 0 GPU particle simulations for FXSystem 0x00000000220CFD80
[2015.06.23-09.45.17:494][ 27]BlueprintLog: New page: Compile PointLight_Blueprint
[2015.06.23-09.45.17:747][ 27]BlueprintEditorCompileResults: Info [0283.88] Compile of PointLight_Blueprint successful! [in 252 ms]
[2015.06.23-09.45.19:956][ 79]LogPlayLevel: PIE:  No blueprints needed recompiling
[2015.06.23-09.45.19:956][ 79]PIE: New page: PIE session: Untitled_1 (Jun 23, 2015, 1:45:19 PM)
[2015.06.23-09.45.19:979][ 79]LogPlayLevel: PIE: StaticDuplicateObject took: (0.006450s)
[2015.06.23-09.45.19:980][ 79]LogPlayLevel: PIE: World Init took: (0.001318s)
[2015.06.23-09.45.19:980][ 79]LogPlayLevel: PIE: Created PIE world by copying editor world from /Temp/Untitled_1.Untitled_1 to /Temp/UEDPIE_0_Untitled_1.Untitled_1 (0.008157s)
[2015.06.23-09.45.20:073][ 79]LogWorld: Game class is 'GameMode'
[2015.06.23-09.45.20:079][ 79]LogAIModule: Creating AISystem for world Untitled_1
[2015.06.23-09.45.20:086][ 79]LogWorld: Bringing World /Temp/UEDPIE_0_Untitled_1.Untitled_1 up for play (max tick rate 60) at 2015.06.23-11.45.20
[2015.06.23-09.45.20:088][ 79]LogWorld: Bringing up level for play took: 0.007585
[2015.06.23-09.45.20:094][ 79]PIE: Info Play in editor start time for /Temp/UEDPIE_0_Untitled_1 0.786
[2015.06.23-09.45.20:095][ 79]LogBlueprintUserMessages: 0.076
[2015.06.23-09.45.20:130][ 80]LogBlueprintUserMessages: 0.235
[2015.06.23-09.45.20:543][ 81]LogBlueprintUserMessages: 0.4
[2015.06.23-09.45.20:560][ 82]LogBlueprintUserMessages: 0.017
[2015.06.23-09.45.20:618][ 83]LogBlueprintUserMessages: 0.058
[2015.06.23-09.45.20:649][ 84]LogBlueprintUserMessages: 0.031
[2015.06.23-09.45.20:683][ 85]LogBlueprintUserMessages: 0.033
[2015.06.23-09.45.20:716][ 86]LogBlueprintUserMessages: 0.034
[2015.06.23-09.45.20:750][ 87]LogBlueprintUserMessages: 0.034
[2015.06.23-09.45.20:784][ 88]LogBlueprintUserMessages: 0.034
[2015.06.23-09.45.20:817][ 89]LogBlueprintUserMessages: 0.033
[2015.06.23-09.45.20:851][ 90]LogBlueprintUserMessages: 0.034
[2015.06.23-09.45.20:884][ 91]LogBlueprintUserMessages: 0.033
[2015.06.23-09.45.20:918][ 92]LogBlueprintUserMessages: 0.034
[2015.06.23-09.45.20:949][ 93]LogBlueprintUserMessages: 0.031
[2015.06.23-09.45.20:983][ 94]LogBlueprintUserMessages: 0.034
[2015.06.23-09.45.21:017][ 95]LogBlueprintUserMessages: 0.034
[2015.06.23-09.45.21:050][ 96]LogBlueprintUserMessages: 0.033
[2015.06.23-09.45.21:083][ 97]LogBlueprintUserMessages: 0.033
[2015.06.23-09.45.21:117][ 98]LogBlueprintUserMessages: 0.034
[2015.06.23-09.45.21:150][ 99]LogBlueprintUserMessages: 0.034
[2015.06.23-09.45.21:184][100]LogBlueprintUserMessages: 0.034
[2015.06.23-09.45.21:218][101]LogBlueprintUserMessages: 0.033
[2015.06.23-09.45.21:252][102]LogBlueprintUserMessages: 0.034
[2015.06.23-09.45.21:283][103]LogBlueprintUserMessages: 0.031
[2015.06.23-09.45.21:316][104]LogBlueprintUserMessages: 0.034
[2015.06.23-09.45.21:350][105]LogBlueprintUserMessages: 0.033
[2015.06.23-09.45.21:383][106]LogBlueprintUserMessages: 0.034
[2015.06.23-09.45.21:417][107]LogBlueprintUserMessages: 0.033
[2015.06.23-09.45.21:451][108]LogBlueprintUserMessages: 0.034
[2015.06.23-09.45.21:484][109]LogBlueprintUserMessages: 0.034
[2015.06.23-09.45.21:527][110]LogBlueprintUserMessages: 0.034
[2015.06.23-09.45.21:549][111]LogBlueprintUserMessages: 0.031
[2015.06.23-09.45.21:583][112]LogBlueprintUserMessages: 0.034
[2015.06.23-09.45.21:616][113]LogBlueprintUserMessages: 0.034
[2015.06.23-09.45.21:651][114]LogBlueprintUserMessages: 0.034
[2015.06.23-09.45.21:684][115]LogBlueprintUserMessages: 0.034
[2015.06.23-09.45.21:716][116]LogBlueprintUserMessages: 0.032
[2015.06.23-09.45.21:748][117]LogBlueprintUserMessages: 0.032
[2015.06.23-09.45.21:781][118]LogBlueprintUserMessages: 0.032
[2015.06.23-09.45.21:812][119]LogBlueprintUserMessages: 0.032
[2015.06.23-09.45.21:845][120]LogBlueprintUserMessages: 0.032
[2015.06.23-09.45.21:877][121]LogBlueprintUserMessages: 0.032
[2015.06.23-09.45.21:909][122]LogBlueprintUserMessages: 0.032
[2015.06.23-09.45.21:942][123]LogBlueprintUserMessages: 0.032
[2015.06.23-09.45.21:974][124]LogBlueprintUserMessages: 0.032
[2015.06.23-09.45.22:007][125]LogBlueprintUserMessages: 0.032
[2015.06.23-09.45.22:038][126]LogBlueprintUserMessages: 0.032
[2015.06.23-09.45.22:070][127]LogBlueprintUserMessages: 0.032
[2015.06.23-09.45.22:100][128]LogBlueprintUserMessages: 0.03
[2015.06.23-09.45.22:132][129]LogBlueprintUserMessages: 0.032
[2015.06.23-09.45.22:165][130]LogBlueprintUserMessages: 0.032
[2015.06.23-09.45.22:196][131]LogBlueprintUserMessages: 0.032
[2015.06.23-09.45.22:229][132]LogBlueprintUserMessages: 0.032
[2015.06.23-09.45.22:261][133]LogBlueprintUserMessages: 0.032
[2015.06.23-09.45.22:293][134]LogBlueprintUserMessages: 0.032
[2015.06.23-09.45.22:325][135]LogBlueprintUserMessages: 0.032
[2015.06.23-09.45.22:358][136]LogBlueprintUserMessages: 0.032
[2015.06.23-09.45.22:390][137]LogBlueprintUserMessages: 0.032
[2015.06.23-09.45.22:422][138]LogBlueprintUserMessages: 0.032
[2015.06.23-09.45.22:454][139]LogBlueprintUserMessages: 0.032
[2015.06.23-09.45.22:487][140]LogBlueprintUserMessages: 0.032
[2015.06.23-09.45.22:519][141]LogBlueprintUserMessages: 0.032
[2015.06.23-09.45.22:551][142]LogBlueprintUserMessages: 0.032
[2015.06.23-09.45.22:583][143]LogBlueprintUserMessages: 0.032
[2015.06.23-09.45.22:616][144]LogBlueprintUserMessages: 0.032
[2015.06.23-09.45.22:648][145]LogBlueprintUserMessages: 0.032
[2015.06.23-09.45.22:680][146]LogBlueprintUserMessages: 0.032
[2015.06.23-09.45.22:712][147]LogBlueprintUserMessages: 0.032
[2015.06.23-09.45.22:745][148]LogBlueprintUserMessages: 0.032
[2015.06.23-09.45.22:777][149]LogBlueprintUserMessages: 0.032
[2015.06.23-09.45.22:809][150]LogBlueprintUserMessages: 0.032
[2015.06.23-09.45.22:841][151]LogBlueprintUserMessages: 0.032
[2015.06.23-09.45.22:874][152]LogBlueprintUserMessages: 0.032
[2015.06.23-09.45.22:906][153]LogBlueprintUserMessages: 0.032
[2015.06.23-09.45.22:938][154]LogBlueprintUserMessages: 0.032
[2015.06.23-09.45.22:970][155]LogBlueprintUserMessages: 0.032
[2015.06.23-09.45.23:000][156]LogBlueprintUserMessages: 0.03
[2015.06.23-09.45.23:032][157]LogBlueprintUserMessages: 0.032
[2015.06.23-09.45.23:065][158]LogBlueprintUserMessages: 0.032
[2015.06.23-09.45.23:097][159]LogBlueprintUserMessages: 0.032
[2015.06.23-09.45.23:129][160]LogBlueprintUserMessages: 0.032
[2015.06.23-09.45.23:161][161]LogBlueprintUserMessages: 0.032
[2015.06.23-09.45.23:194][162]LogBlueprintUserMessages: 0.032
[2015.06.23-09.45.23:226][163]LogBlueprintUserMessages: 0.032
[2015.06.23-09.45.23:258][164]LogBlueprintUserMessages: 0.032
[2015.06.23-09.45.23:290][165]LogBlueprintUserMessages: 0.032
[2015.06.23-09.45.23:323][166]LogBlueprintUserMessages: 0.032
[2015.06.23-09.45.23:355][167]LogBlueprintUserMessages: 0.032
[2015.06.23-09.45.23:387][168]LogBlueprintUserMessages: 0.032
[2015.06.23-09.45.23:419][169]LogBlueprintUserMessages: 0.032
[2015.06.23-09.45.23:452][170]LogBlueprintUserMessages: 0.032
[2015.06.23-09.45.23:484][171]LogBlueprintUserMessages: 0.032
[2015.06.23-09.45.23:517][172]LogBlueprintUserMessages: 0.033
[2015.06.23-09.45.23:548][173]LogBlueprintUserMessages: 0.032
[2015.06.23-09.45.23:580][174]LogBlueprintUserMessages: 0.032
[2015.06.23-09.45.23:613][175]LogBlueprintUserMessages: 0.032
[2015.06.23-09.45.23:645][176]LogBlueprintUserMessages: 0.032
[2015.06.23-09.45.23:677][177]LogBlueprintUserMessages: 0.032
[2015.06.23-09.45.23:709][178]LogBlueprintUserMessages: 0.032
[2015.06.23-09.45.23:742][179]LogBlueprintUserMessages: 0.032
[2015.06.23-09.45.23:774][180]LogBlueprintUserMessages: 0.032
[2015.06.23-09.45.23:806][181]LogBlueprintUserMessages: 0.032
[2015.06.23-09.45.23:838][182]LogBlueprintUserMessages: 0.032
[2015.06.23-09.45.23:870][183]LogBlueprintUserMessages: 0.032
[2015.06.23-09.45.23:903][184]LogBlueprintUserMessages: 0.032
[2015.06.23-09.45.23:932][185]LogBlueprintUserMessages: 0.03
[2015.06.23-09.45.23:965][186]LogBlueprintUserMessages: 0.032
[2015.06.23-09.45.23:997][187]LogBlueprintUserMessages: 0.032
[2015.06.23-09.45.24:029][188]LogBlueprintUserMessages: 0.032
[2015.06.23-09.45.24:061][189]LogBlueprintUserMessages: 0.032
[2015.06.23-09.45.24:094][190]LogBlueprintUserMessages: 0.032
[2015.06.23-09.45.24:126][191]LogBlueprintUserMessages: 0.032
[2015.06.23-09.45.24:158][192]LogBlueprintUserMessages: 0.032
[2015.06.23-09.45.24:190][193]LogBlueprintUserMessages: 0.032
[2015.06.23-09.45.24:223][194]LogBlueprintUserMessages: 0.032
[2015.06.23-09.45.24:255][195]LogBlueprintUserMessages: 0.032
[2015.06.23-09.45.24:287][196]LogBlueprintUserMessages: 0.032
[2015.06.23-09.45.24:319][197]LogBlueprintUserMessages: 0.032
[2015.06.23-09.45.24:352][198]LogBlueprintUserMessages: 0.032
[2015.06.23-09.45.24:384][199]LogBlueprintUserMessages: 0.032
[2015.06.23-09.45.24:416][200]LogBlueprintUserMessages: 0.032
[2015.06.23-09.45.24:446][201]LogBlueprintUserMessages: 0.03
[2015.06.23-09.45.24:478][202]LogBlueprintUserMessages: 0.032
[2015.06.23-09.45.24:510][203]LogBlueprintUserMessages: 0.032
[2015.06.23-09.45.24:543][204]LogBlueprintUserMessages: 0.032
[2015.06.23-09.45.24:575][205]LogBlueprintUserMessages: 0.032
[2015.06.23-09.45.24:607][206]LogBlueprintUserMessages: 0.032
[2015.06.23-09.45.24:639][207]LogBlueprintUserMessages: 0.032
[2015.06.23-09.45.24:672][208]LogBlueprintUserMessages: 0.032
[2015.06.23-09.45.24:704][209]LogBlueprintUserMessages: 0.032
[2015.06.23-09.45.24:736][210]LogBlueprintUserMessages: 0.032
[2015.06.23-09.45.24:766][211]LogBlueprintUserMessages: 0.03
[2015.06.23-09.45.24:798][212]LogBlueprintUserMessages: 0.032
[2015.06.23-09.45.24:830][213]LogBlueprintUserMessages: 0.032
[2015.06.23-09.45.24:862][214]LogBlueprintUserMessages: 0.032
[2015.06.23-09.45.24:895][215]LogBlueprintUserMessages: 0.032
[2015.06.23-09.45.24:927][216]LogBlueprintUserMessages: 0.032
[2015.06.23-09.45.24:959][217]LogBlueprintUserMessages: 0.032
[2015.06.23-09.45.24:991][218]LogBlueprintUserMessages: 0.032
[2015.06.23-09.45.25:024][219]LogBlueprintUserMessages: 0.032
[2015.06.23-09.45.25:056][220]LogBlueprintUserMessages: 0.032
[2015.06.23-09.45.25:088][221]LogBlueprintUserMessages: 0.032
[2015.06.23-09.45.25:120][222]LogBlueprintUserMessages: 0.032
[2015.06.23-09.45.25:153][223]LogBlueprintUserMessages: 0.032
[2015.06.23-09.45.25:185][224]LogBlueprintUserMessages: 0.032
[2015.06.23-09.45.25:217][225]LogBlueprintUserMessages: 0.032
[2015.06.23-09.45.25:249][226]LogBlueprintUserMessages: 0.032
[2015.06.23-09.45.25:279][227]LogBlueprintUserMessages: 0.03
[2015.06.23-09.45.25:311][228]LogBlueprintUserMessages: 0.032
[2015.06.23-09.45.25:344][229]LogBlueprintUserMessages: 0.032
[2015.06.23-09.45.25:376][230]LogBlueprintUserMessages: 0.032
[2015.06.23-09.45.25:408][231]LogBlueprintUserMessages: 0.032
[2015.06.23-09.45.25:440][232]LogBlueprintUserMessages: 0.032
[2015.06.23-09.45.25:473][233]LogBlueprintUserMessages: 0.032
[2015.06.23-09.45.25:505][234]LogBlueprintUserMessages: 0.032
[2015.06.23-09.45.25:537][235]LogBlueprintUserMessages: 0.032
[2015.06.23-09.45.25:569][236]LogBlueprintUserMessages: 0.032
[2015.06.23-09.45.25:599][237]LogBlueprintUserMessages: 0.03
[2015.06.23-09.45.25:631][238]LogBlueprintUserMessages: 0.032
[2015.06.23-09.45.25:664][239]LogBlueprintUserMessages: 0.032
[2015.06.23-09.45.25:696][240]LogBlueprintUserMessages: 0.032
[2015.06.23-09.45.25:728][241]LogBlueprintUserMessages: 0.032
[2015.06.23-09.45.25:760][242]LogBlueprintUserMessages: 0.032
[2015.06.23-09.45.25:793][243]LogBlueprintUserMessages: 0.033
[2015.06.23-09.45.25:825][244]LogBlueprintUserMessages: 0.032
[2015.06.23-09.45.25:858][245]LogBlueprintUserMessages: 0.032
[2015.06.23-09.45.25:890][246]LogBlueprintUserMessages: 0.032
[2015.06.23-09.45.25:922][247]LogBlueprintUserMessages: 0.032
[2015.06.23-09.45.25:955][248]LogBlueprintUserMessages: 0.032
[2015.06.23-09.45.25:987][249]LogBlueprintUserMessages: 0.032
[2015.06.23-09.45.26:019][250]LogBlueprintUserMessages: 0.032
[2015.06.23-09.45.26:051][251]LogBlueprintUserMessages: 0.032
[2015.06.23-09.45.26:083][252]LogBlueprintUserMessages: 0.032
[2015.06.23-09.45.26:116][253]LogBlueprintUserMessages: 0.032
[2015.06.23-09.45.26:148][254]LogBlueprintUserMessages: 0.032
[2015.06.23-09.45.26:180][255]LogBlueprintUserMessages: 0.032
[2015.06.23-09.45.26:212][256]LogBlueprintUserMessages: 0.032
[2015.06.23-09.45.26:245][257]LogBlueprintUserMessages: 0.032
[2015.06.23-09.45.26:277][258]LogBlueprintUserMessages: 0.032
[2015.06.23-09.45.26:309][259]LogBlueprintUserMessages: 0.032
[2015.06.23-09.45.26:341][260]LogBlueprintUserMessages: 0.032
[2015.06.23-09.45.26:374][261]LogBlueprintUserMessages: 0.032
[2015.06.23-09.45.26:406][262]LogBlueprintUserMessages: 0.032
[2015.06.23-09.45.26:438][263]LogBlueprintUserMessages: 0.032
[2015.06.23-09.45.26:470][264]LogBlueprintUserMessages: 0.032
[2015.06.23-09.45.26:503][265]LogBlueprintUserMessages: 0.032
[2015.06.23-09.45.26:535][266]LogBlueprintUserMessages: 0.032
[2015.06.23-09.45.26:565][267]LogBlueprintUserMessages: 0.03
[2015.06.23-09.45.26:597][268]LogBlueprintUserMessages: 0.032
[2015.06.23-09.45.26:629][269]LogBlueprintUserMessages: 0.032
[2015.06.23-09.45.26:661][270]LogBlueprintUserMessages: 0.032
[2015.06.23-09.45.26:694][271]LogBlueprintUserMessages: 0.032
[2015.06.23-09.45.26:726][272]LogBlueprintUserMessages: 0.032
[2015.06.23-09.45.26:758][273]LogBlueprintUserMessages: 0.032
[2015.06.23-09.45.26:791][274]LogBlueprintUserMessages: 0.032
[2015.06.23-09.45.26:823][275]LogBlueprintUserMessages: 0.032
[2015.06.23-09.45.26:855][276]LogBlueprintUserMessages: 0.032
[2015.06.23-09.45.26:887][277]LogBlueprintUserMessages: 0.032
[2015.06.23-09.45.26:919][278]LogBlueprintUserMessages: 0.032
[2015.06.23-09.45.26:951][279]LogBlueprintUserMessages: 0.032
[2015.06.23-09.45.26:984][280]LogBlueprintUserMessages: 0.032
[2015.06.23-09.45.27:016][281]LogBlueprintUserMessages: 0.032
[2015.06.23-09.45.27:048][282]LogBlueprintUserMessages: 0.032
[2015.06.23-09.45.27:080][283]LogBlueprintUserMessages: 0.032
[2015.06.23-09.45.27:113][284]LogBlueprintUserMessages: 0.032
[2015.06.23-09.45.27:145][285]LogBlueprintUserMessages: 0.032
[2015.06.23-09.45.27:177][286]LogBlueprintUserMessages: 0.032
[2015.06.23-09.45.27:209][287]LogBlueprintUserMessages: 0.032
[2015.06.23-09.45.27:242][288]LogBlueprintUserMessages: 0.032
[2015.06.23-09.45.27:274][289]LogBlueprintUserMessages: 0.032
[2015.06.23-09.45.27:306][290]LogBlueprintUserMessages: 0.032
[2015.06.23-09.45.27:338][291]LogBlueprintUserMessages: 0.032
[2015.06.23-09.45.27:550][292]LogParticles: Destroying 0 GPU particle simulations for FXSystem 0x000000000BBCE840
[2015.06.23-09.45.45:805][222]BlueprintLog: New page: Compile PointLight_Blueprint
[2015.06.23-09.45.46:061][222]BlueprintEditorCompileResults: Info [0312.19] Compile of PointLight_Blueprint successful! [in 255 ms]
[2015.06.23-09.45.48:142][285]LogPlayLevel: PIE:  No blueprints needed recompiling
[2015.06.23-09.45.48:142][285]PIE: New page: PIE session: Untitled_1 (Jun 23, 2015, 1:45:48 PM)
[2015.06.23-09.45.48:162][285]LogPlayLevel: PIE: StaticDuplicateObject took: (0.006400s)
[2015.06.23-09.45.48:163][285]LogPlayLevel: PIE: World Init took: (0.001370s)
[2015.06.23-09.45.48:163][285]LogPlayLevel: PIE: Created PIE world by copying editor world from /Temp/Untitled_1.Untitled_1 to /Temp/UEDPIE_0_Untitled_1.Untitled_1 (0.008164s)
[2015.06.23-09.45.48:257][285]LogWorld: Game class is 'GameMode'
[2015.06.23-09.45.48:263][285]LogAIModule: Creating AISystem for world Untitled_1
[2015.06.23-09.45.48:271][285]LogWorld: Bringing World /Temp/UEDPIE_0_Untitled_1.Untitled_1 up for play (max tick rate 60) at 2015.06.23-11.45.48
[2015.06.23-09.45.48:273][285]LogWorld: Bringing up level for play took: 0.007756
[2015.06.23-09.45.48:279][285]PIE: Info Play in editor start time for /Temp/UEDPIE_0_Untitled_1 0.971
[2015.06.23-09.45.48:280][285]LogBlueprintUserMessages: 0.074
[2015.06.23-09.45.48:343][286]LogBlueprintUserMessages: 0.326
[2015.06.23-09.45.48:554][287]LogBlueprintUserMessages: 0.547
[2015.06.23-09.45.48:570][288]LogBlueprintUserMessages: 0.563
[2015.06.23-09.45.48:625][289]LogBlueprintUserMessages: 0.619
[2015.06.23-09.45.48:656][290]LogBlueprintUserMessages: 0.65
[2015.06.23-09.45.48:691][291]LogBlueprintUserMessages: 0.683
[2015.06.23-09.45.48:724][292]LogBlueprintUserMessages: 0.717
[2015.06.23-09.45.48:757][293]LogBlueprintUserMessages: 0.75
[2015.06.23-09.45.48:791][294]LogBlueprintUserMessages: 0.784
[2015.06.23-09.45.48:824][295]LogBlueprintUserMessages: 0.817
[2015.06.23-09.45.48:858][296]LogBlueprintUserMessages: 0.851
[2015.06.23-09.45.48:891][297]LogBlueprintUserMessages: 0.885
[2015.06.23-09.45.48:927][298]LogBlueprintUserMessages: 0.92
[2015.06.23-09.45.48:960][299]LogBlueprintUserMessages: 0.954
[2015.06.23-09.45.48:994][300]LogBlueprintUserMessages: 0.988
[2015.06.23-09.45.49:027][301]LogBlueprintUserMessages: 1.021
[2015.06.23-09.45.49:061][302]LogBlueprintUserMessages: 1.055
[2015.06.23-09.45.49:094][303]LogBlueprintUserMessages: 1.088
[2015.06.23-09.45.49:128][304]LogBlueprintUserMessages: 1.122
[2015.06.23-09.45.49:161][305]LogBlueprintUserMessages: 1.155
[2015.06.23-09.45.49:206][306]LogBlueprintUserMessages: 1.189
[2015.06.23-09.45.49:228][307]LogBlueprintUserMessages: 1.222
[2015.06.23-09.45.49:262][308]LogBlueprintUserMessages: 1.256
[2015.06.23-09.45.49:296][309]LogBlueprintUserMessages: 1.29
[2015.06.23-09.45.49:329][310]LogBlueprintUserMessages: 1.323
[2015.06.23-09.45.49:363][311]LogBlueprintUserMessages: 1.356
[2015.06.23-09.45.49:397][312]LogBlueprintUserMessages: 1.39
[2015.06.23-09.45.49:430][313]LogBlueprintUserMessages: 1.424
[2015.06.23-09.45.49:463][314]LogBlueprintUserMessages: 1.457
[2015.06.23-09.45.49:497][315]LogBlueprintUserMessages: 1.491
[2015.06.23-09.45.49:531][316]LogBlueprintUserMessages: 1.525
[2015.06.23-09.45.49:564][317]LogBlueprintUserMessages: 1.558
[2015.06.23-09.45.49:598][318]LogBlueprintUserMessages: 1.592
[2015.06.23-09.45.49:632][319]LogBlueprintUserMessages: 1.625
[2015.06.23-09.45.49:666][320]LogBlueprintUserMessages: 1.659
[2015.06.23-09.45.49:700][321]LogBlueprintUserMessages: 1.693
[2015.06.23-09.45.49:733][322]LogBlueprintUserMessages: 1.726
[2015.06.23-09.45.49:766][323]LogBlueprintUserMessages: 1.76
[2015.06.23-09.45.49:800][324]LogBlueprintUserMessages: 1.794
[2015.06.23-09.45.49:834][325]LogBlueprintUserMessages: 1.827
[2015.06.23-09.45.49:868][326]LogBlueprintUserMessages: 1.861
[2015.06.23-09.45.49:900][327]LogBlueprintUserMessages: 1.893
[2015.06.23-09.45.49:932][328]LogBlueprintUserMessages: 1.925
[2015.06.23-09.45.49:964][329]LogBlueprintUserMessages: 1.957
[2015.06.23-09.45.49:996][330]LogBlueprintUserMessages: 1.99
[2015.06.23-09.45.50:028][331]LogBlueprintUserMessages: 2.022
[2015.06.23-09.45.50:061][332]LogBlueprintUserMessages: 2.054
[2015.06.23-09.45.50:091][333]LogBlueprintUserMessages: 2.084
[2015.06.23-09.45.50:123][334]LogBlueprintUserMessages: 2.116
[2015.06.23-09.45.50:156][335]LogBlueprintUserMessages: 2.149
[2015.06.23-09.45.50:188][336]LogBlueprintUserMessages: 2.18
[2015.06.23-09.45.50:220][337]LogBlueprintUserMessages: 2.213
[2015.06.23-09.45.50:252][338]LogBlueprintUserMessages: 2.245
[2015.06.23-09.45.50:284][339]LogBlueprintUserMessages: 2.277
[2015.06.23-09.45.50:316][340]LogBlueprintUserMessages: 2.309
[2015.06.23-09.45.50:349][341]LogBlueprintUserMessages: 2.342
[2015.06.23-09.45.50:381][342]LogBlueprintUserMessages: 2.374
[2015.06.23-09.45.50:413][343]LogBlueprintUserMessages: 2.406
[2015.06.23-09.45.50:445][344]LogBlueprintUserMessages: 2.438
[2015.06.23-09.45.50:478][345]LogBlueprintUserMessages: 2.47
[2015.06.23-09.45.50:510][346]LogBlueprintUserMessages: 2.503
[2015.06.23-09.45.50:542][347]LogBlueprintUserMessages: 2.535
[2015.06.23-09.45.50:574][348]LogBlueprintUserMessages: 2.567
[2015.06.23-09.45.50:606][349]LogBlueprintUserMessages: 2.599
[2015.06.23-09.45.50:639][350]LogBlueprintUserMessages: 2.632
[2015.06.23-09.45.50:671][351]LogBlueprintUserMessages: 2.664
[2015.06.23-09.45.50:703][352]LogBlueprintUserMessages: 2.696
[2015.06.23-09.45.50:735][353]LogBlueprintUserMessages: 2.728
[2015.06.23-09.45.50:767][354]LogBlueprintUserMessages: 2.76
[2015.06.23-09.45.50:800][355]LogBlueprintUserMessages: 2.792
[2015.06.23-09.45.50:832][356]LogBlueprintUserMessages: 2.825
[2015.06.23-09.45.50:864][357]LogBlueprintUserMessages: 2.857
[2015.06.23-09.45.50:896][358]LogBlueprintUserMessages: 2.889
[2015.06.23-09.45.50:928][359]LogBlueprintUserMessages: 2.921
[2015.06.23-09.45.50:960][360]LogBlueprintUserMessages: 2.953
[2015.06.23-09.45.50:990][361]LogBlueprintUserMessages: 2.983
[2015.06.23-09.45.51:023][362]LogBlueprintUserMessages: 3.015
[2015.06.23-09.45.51:055][363]LogBlueprintUserMessages: 3.048
[2015.06.23-09.45.51:087][364]LogBlueprintUserMessages: 3.08
[2015.06.23-09.45.51:119][365]LogBlueprintUserMessages: 3.112
[2015.06.23-09.45.51:151][366]LogBlueprintUserMessages: 3.144
[2015.06.23-09.45.51:184][367]LogBlueprintUserMessages: 3.177
[2015.06.23-09.45.51:216][368]LogBlueprintUserMessages: 3.209
[2015.06.23-09.45.51:248][369]LogBlueprintUserMessages: 3.241
[2015.06.23-09.45.51:280][370]LogBlueprintUserMessages: 3.273
[2015.06.23-09.45.51:313][371]LogBlueprintUserMessages: 3.306
[2015.06.23-09.45.51:345][372]LogBlueprintUserMessages: 3.338
[2015.06.23-09.45.51:377][373]LogBlueprintUserMessages: 3.37
[2015.06.23-09.45.51:409][374]LogBlueprintUserMessages: 3.402
[2015.06.23-09.45.51:442][375]LogBlueprintUserMessages: 3.434
[2015.06.23-09.45.51:474][376]LogBlueprintUserMessages: 3.467
[2015.06.23-09.45.51:506][377]LogBlueprintUserMessages: 3.499
[2015.06.23-09.45.51:538][378]LogBlueprintUserMessages: 3.531
[2015.06.23-09.45.51:570][379]LogBlueprintUserMessages: 3.563
[2015.06.23-09.45.51:603][380]LogBlueprintUserMessages: 3.596
[2015.06.23-09.45.51:635][381]LogBlueprintUserMessages: 3.628
[2015.06.23-09.45.51:667][382]LogBlueprintUserMessages: 3.66
[2015.06.23-09.45.51:699][383]LogBlueprintUserMessages: 3.692
[2015.06.23-09.45.51:731][384]LogBlueprintUserMessages: 3.724
[2015.06.23-09.45.51:764][385]LogBlueprintUserMessages: 3.757
[2015.06.23-09.45.51:796][386]LogBlueprintUserMessages: 3.789
[2015.06.23-09.45.51:828][387]LogBlueprintUserMessages: 3.821
[2015.06.23-09.45.51:860][388]LogBlueprintUserMessages: 3.853
[2015.06.23-09.45.51:890][389]LogBlueprintUserMessages: 3.883
[2015.06.23-09.45.51:923][390]LogBlueprintUserMessages: 3.915
[2015.06.23-09.45.51:955][391]LogBlueprintUserMessages: 3.948
[2015.06.23-09.45.51:987][392]LogBlueprintUserMessages: 3.98
[2015.06.23-09.45.52:019][393]LogBlueprintUserMessages: 4.012
[2015.06.23-09.45.52:051][394]LogBlueprintUserMessages: 4.044
[2015.06.23-09.45.52:084][395]LogBlueprintUserMessages: 4.076
[2015.06.23-09.45.52:116][396]LogBlueprintUserMessages: 4.109
[2015.06.23-09.45.52:148][397]LogBlueprintUserMessages: 4.141
[2015.06.23-09.45.52:180][398]LogBlueprintUserMessages: 4.173
[2015.06.23-09.45.52:212][399]LogBlueprintUserMessages: 4.205
[2015.06.23-09.45.52:245][400]LogBlueprintUserMessages: 4.238
[2015.06.23-09.45.52:277][401]LogBlueprintUserMessages: 4.27
[2015.06.23-09.45.52:309][402]LogBlueprintUserMessages: 4.302
[2015.06.23-09.45.52:341][403]LogBlueprintUserMessages: 4.334
[2015.06.23-09.45.52:374][404]LogBlueprintUserMessages: 4.367
[2015.06.23-09.45.52:406][405]LogBlueprintUserMessages: 4.399
[2015.06.23-09.45.52:438][406]LogBlueprintUserMessages: 4.431
[2015.06.23-09.45.52:470][407]LogBlueprintUserMessages: 4.463
[2015.06.23-09.45.52:503][408]LogBlueprintUserMessages: 4.496
[2015.06.23-09.45.52:535][409]LogBlueprintUserMessages: 4.528
[2015.06.23-09.45.52:567][410]LogBlueprintUserMessages: 4.56
[2015.06.23-09.45.52:599][411]LogBlueprintUserMessages: 4.592
[2015.06.23-09.45.52:631][412]LogBlueprintUserMessages: 4.624
[2015.06.23-09.45.52:664][413]LogBlueprintUserMessages: 4.657
[2015.06.23-09.45.52:696][414]LogBlueprintUserMessages: 4.689
[2015.06.23-09.45.52:728][415]LogBlueprintUserMessages: 4.721
[2015.06.23-09.45.52:760][416]LogBlueprintUserMessages: 4.753
[2015.06.23-09.45.52:790][417]LogBlueprintUserMessages: 4.783
[2015.06.23-09.45.52:822][418]LogBlueprintUserMessages: 4.815
[2015.06.23-09.45.52:855][419]LogBlueprintUserMessages: 4.848
[2015.06.23-09.45.52:887][420]LogBlueprintUserMessages: 4.88
[2015.06.23-09.45.52:919][421]LogBlueprintUserMessages: 4.912
[2015.06.23-09.45.52:951][422]LogBlueprintUserMessages: 4.944
[2015.06.23-09.45.52:983][423]LogBlueprintUserMessages: 4.976
[2015.06.23-09.45.53:016][424]LogBlueprintUserMessages: 5.009
[2015.06.23-09.45.53:048][425]LogBlueprintUserMessages: 5.041
[2015.06.23-09.45.53:080][426]LogBlueprintUserMessages: 5.073
[2015.06.23-09.45.53:112][427]LogBlueprintUserMessages: 5.105
[2015.06.23-09.45.53:144][428]LogBlueprintUserMessages: 5.137
[2015.06.23-09.45.53:177][429]LogBlueprintUserMessages: 5.17
[2015.06.23-09.45.53:209][430]LogBlueprintUserMessages: 5.202
[2015.06.23-09.45.53:241][431]LogBlueprintUserMessages: 5.234
[2015.06.23-09.45.53:273][432]LogBlueprintUserMessages: 5.266
[2015.06.23-09.45.53:303][433]LogBlueprintUserMessages: 5.296
[2015.06.23-09.45.53:336][434]LogBlueprintUserMessages: 5.329
[2015.06.23-09.45.53:368][435]LogBlueprintUserMessages: 5.361
[2015.06.23-09.45.53:400][436]LogBlueprintUserMessages: 5.393
[2015.06.23-09.45.53:432][437]LogBlueprintUserMessages: 5.425
[2015.06.23-09.45.53:464][438]LogBlueprintUserMessages: 5.457
[2015.06.23-09.45.53:497][439]LogBlueprintUserMessages: 5.49
[2015.06.23-09.45.53:529][440]LogBlueprintUserMessages: 5.522
[2015.06.23-09.45.53:561][441]LogBlueprintUserMessages: 5.554
[2015.06.23-09.45.53:593][442]LogBlueprintUserMessages: 5.586
[2015.06.23-09.45.53:623][443]LogBlueprintUserMessages: 5.616
[2015.06.23-09.45.53:655][444]LogBlueprintUserMessages: 5.648
[2015.06.23-09.45.53:688][445]LogBlueprintUserMessages: 5.68
[2015.06.23-09.45.53:720][446]LogBlueprintUserMessages: 5.713
[2015.06.23-09.45.53:752][447]LogBlueprintUserMessages: 5.745
[2015.06.23-09.45.53:784][448]LogBlueprintUserMessages: 5.777
[2015.06.23-09.45.53:816][449]LogBlueprintUserMessages: 5.809
[2015.06.23-09.45.53:849][450]LogBlueprintUserMessages: 5.842
[2015.06.23-09.45.53:881][451]LogBlueprintUserMessages: 5.874
[2015.06.23-09.45.53:913][452]LogBlueprintUserMessages: 5.906
[2015.06.23-09.45.53:945][453]LogBlueprintUserMessages: 5.938
[2015.06.23-09.45.53:977][454]LogBlueprintUserMessages: 5.97
[2015.06.23-09.45.54:010][455]LogBlueprintUserMessages: 6.003
[2015.06.23-09.45.54:042][456]LogBlueprintUserMessages: 6.035
[2015.06.23-09.45.54:074][457]LogBlueprintUserMessages: 6.067
[2015.06.23-09.45.54:107][458]LogBlueprintUserMessages: 6.1
[2015.06.23-09.45.54:138][459]LogBlueprintUserMessages: 6.131
[2015.06.23-09.45.54:171][460]LogBlueprintUserMessages: 6.164
[2015.06.23-09.45.54:203][461]LogBlueprintUserMessages: 6.196
[2015.06.23-09.45.54:235][462]LogBlueprintUserMessages: 6.228
[2015.06.23-09.45.54:267][463]LogBlueprintUserMessages: 6.26
[2015.06.23-09.45.54:300][464]LogBlueprintUserMessages: 6.293
[2015.06.23-09.45.54:332][465]LogBlueprintUserMessages: 6.325
[2015.06.23-09.45.54:364][466]LogBlueprintUserMessages: 6.357
[2015.06.23-09.45.54:396][467]LogBlueprintUserMessages: 6.389
[2015.06.23-09.45.54:429][468]LogBlueprintUserMessages: 6.422
[2015.06.23-09.45.54:461][469]LogBlueprintUserMessages: 6.454
[2015.06.23-09.45.54:493][470]LogBlueprintUserMessages: 6.486
[2015.06.23-09.45.54:523][471]LogBlueprintUserMessages: 6.516
[2015.06.23-09.45.54:555][472]LogBlueprintUserMessages: 6.548
[2015.06.23-09.45.54:587][473]LogBlueprintUserMessages: 6.58
[2015.06.23-09.45.54:619][474]LogBlueprintUserMessages: 6.612
[2015.06.23-09.45.54:652][475]LogBlueprintUserMessages: 6.645
[2015.06.23-09.45.54:684][476]LogBlueprintUserMessages: 6.677
[2015.06.23-09.45.54:716][477]LogBlueprintUserMessages: 6.709
[2015.06.23-09.45.54:748][478]LogBlueprintUserMessages: 6.741
[2015.06.23-09.45.54:780][479]LogBlueprintUserMessages: 6.773
[2015.06.23-09.45.54:813][480]LogBlueprintUserMessages: 6.806
[2015.06.23-09.45.54:845][481]LogBlueprintUserMessages: 6.838
[2015.06.23-09.45.54:877][482]LogBlueprintUserMessages: 6.87
[2015.06.23-09.45.54:909][483]LogBlueprintUserMessages: 6.902
[2015.06.23-09.45.54:942][484]LogBlueprintUserMessages: 6.935
[2015.06.23-09.45.54:974][485]LogBlueprintUserMessages: 6.967
[2015.06.23-09.45.55:006][486]LogBlueprintUserMessages: 6.999
[2015.06.23-09.45.55:036][487]LogBlueprintUserMessages: 7.029
[2015.06.23-09.45.55:068][488]LogBlueprintUserMessages: 7.061
[2015.06.23-09.45.55:100][489]LogBlueprintUserMessages: 7.093
[2015.06.23-09.45.55:133][490]LogBlueprintUserMessages: 7.126
[2015.06.23-09.45.55:165][491]LogBlueprintUserMessages: 7.158
[2015.06.23-09.45.55:197][492]LogBlueprintUserMessages: 7.19
[2015.06.23-09.45.55:229][493]LogBlueprintUserMessages: 7.222
[2015.06.23-09.45.55:262][494]LogBlueprintUserMessages: 7.255
[2015.06.23-09.45.55:294][495]LogBlueprintUserMessages: 7.287
[2015.06.23-09.45.55:326][496]LogBlueprintUserMessages: 7.319
[2015.06.23-09.45.55:356][497]LogBlueprintUserMessages: 7.349
[2015.06.23-09.45.55:388][498]LogBlueprintUserMessages: 7.381
[2015.06.23-09.45.55:420][499]LogBlueprintUserMessages: 7.413
[2015.06.23-09.45.55:453][500]LogBlueprintUserMessages: 7.446
[2015.06.23-09.45.55:485][501]LogBlueprintUserMessages: 7.478
[2015.06.23-09.45.55:517][502]LogBlueprintUserMessages: 7.51
[2015.06.23-09.45.55:549][503]LogBlueprintUserMessages: 7.542
[2015.06.23-09.45.55:582][504]LogBlueprintUserMessages: 7.575
[2015.06.23-09.45.55:614][505]LogBlueprintUserMessages: 7.607
[2015.06.23-09.45.55:646][506]LogBlueprintUserMessages: 7.639
[2015.06.23-09.45.55:678][507]LogBlueprintUserMessages: 7.671
[2015.06.23-09.45.55:711][508]LogBlueprintUserMessages: 7.704
[2015.06.23-09.45.55:743][509]LogBlueprintUserMessages: 7.736
[2015.06.23-09.45.55:775][510]LogBlueprintUserMessages: 7.768
[2015.06.23-09.45.55:807][511]LogBlueprintUserMessages: 7.8
[2015.06.23-09.45.55:839][512]LogBlueprintUserMessages: 7.833
[2015.06.23-09.45.55:869][513]LogBlueprintUserMessages: 7.862
[2015.06.23-09.45.55:902][514]LogBlueprintUserMessages: 7.895
[2015.06.23-09.45.55:934][515]LogBlueprintUserMessages: 7.927
[2015.06.23-09.45.55:966][516]LogBlueprintUserMessages: 7.959
[2015.06.23-09.45.55:998][517]LogBlueprintUserMessages: 7.991
[2015.06.23-09.45.56:031][518]LogBlueprintUserMessages: 8.024
[2015.06.23-09.45.56:063][519]LogBlueprintUserMessages: 8.056
[2015.06.23-09.45.56:095][520]LogBlueprintUserMessages: 8.088
[2015.06.23-09.45.56:127][521]LogBlueprintUserMessages: 8.12
[2015.06.23-09.45.56:159][522]LogBlueprintUserMessages: 8.153
[2015.06.23-09.45.56:192][523]LogBlueprintUserMessages: 8.185
[2015.06.23-09.45.56:222][524]LogBlueprintUserMessages: 8.215
[2015.06.23-09.45.56:254][525]LogBlueprintUserMessages: 8.247
[2015.06.23-09.45.56:286][526]LogBlueprintUserMessages: 8.279
[2015.06.23-09.45.56:318][527]LogBlueprintUserMessages: 8.311
[2015.06.23-09.45.56:351][528]LogBlueprintUserMessages: 8.344
[2015.06.23-09.45.56:383][529]LogBlueprintUserMessages: 8.376
[2015.06.23-09.45.56:415][530]LogBlueprintUserMessages: 8.408
[2015.06.23-09.45.56:447][531]LogBlueprintUserMessages: 8.44
[2015.06.23-09.45.56:479][532]LogBlueprintUserMessages: 8.473
[2015.06.23-09.45.56:512][533]LogBlueprintUserMessages: 8.505
[2015.06.23-09.45.56:544][534]LogBlueprintUserMessages: 8.537
[2015.06.23-09.45.56:576][535]LogBlueprintUserMessages: 8.569
[2015.06.23-09.45.56:608][536]LogBlueprintUserMessages: 8.602
[2015.06.23-09.45.56:641][537]LogBlueprintUserMessages: 8.634
[2015.06.23-09.45.56:673][538]LogBlueprintUserMessages: 8.666
[2015.06.23-09.45.56:703][539]LogBlueprintUserMessages: 8.696
[2015.06.23-09.45.56:735][540]LogBlueprintUserMessages: 8.728
[2015.06.23-09.45.56:767][541]LogBlueprintUserMessages: 8.76
[2015.06.23-09.45.56:799][542]LogBlueprintUserMessages: 8.793
[2015.06.23-09.45.56:831][543]LogBlueprintUserMessages: 8.825
[2015.06.23-09.45.56:864][544]LogBlueprintUserMessages: 8.857
[2015.06.23-09.45.56:896][545]LogBlueprintUserMessages: 8.889
[2015.06.23-09.45.56:928][546]LogBlueprintUserMessages: 8.921
[2015.06.23-09.45.57:138][547]LogParticles: Destroying 0 GPU particle simulations for FXSystem 0x0000000015A2CF40
[2015.06.23-09.46.19:568][560]BlueprintLog: New page: Compile PointLight_Blueprint
[2015.06.23-09.46.19:811][560]BlueprintEditorCompileResults: Info [0345.94] Compile of PointLight_Blueprint successful! [in 242 ms]
[2015.06.23-09.46.24:056][679]LogPlayLevel: PIE:  No blueprints needed recompiling
[2015.06.23-09.46.24:056][679]PIE: New page: PIE session: Untitled_1 (Jun 23, 2015, 1:46:24 PM)
[2015.06.23-09.46.24:074][679]LogPlayLevel: PIE: StaticDuplicateObject took: (0.004046s)
[2015.06.23-09.46.24:076][679]LogPlayLevel: PIE: World Init took: (0.001361s)
[2015.06.23-09.46.24:076][679]LogPlayLevel: PIE: Created PIE world by copying editor world from /Temp/Untitled_1.Untitled_1 to /Temp/UEDPIE_0_Untitled_1.Untitled_1 (0.005800s)
[2015.06.23-09.46.24:196][679]LogWorld: Game class is 'GameMode'
[2015.06.23-09.46.24:202][679]LogAIModule: Creating AISystem for world Untitled_1
[2015.06.23-09.46.24:209][679]LogWorld: Bringing World /Temp/UEDPIE_0_Untitled_1.Untitled_1 up for play (max tick rate 60) at 2015.06.23-11.46.24
[2015.06.23-09.46.24:211][679]LogWorld: Bringing up level for play took: 0.007715
[2015.06.23-09.46.24:218][679]PIE: Info Play in editor start time for /Temp/UEDPIE_0_Untitled_1 0.909
[2015.06.23-09.46.24:219][679]LogBlueprintUserMessages: 0.074
[2015.06.23-09.46.24:254][680]LogBlueprintUserMessages: 0.333
[2015.06.23-09.46.24:741][681]LogBlueprintUserMessages: 0.733
[2015.06.23-09.46.24:757][682]LogBlueprintUserMessages: 0.75
[2015.06.23-09.46.24:811][683]LogBlueprintUserMessages: 0.804
[2015.06.23-09.46.24:843][684]LogBlueprintUserMessages: 0.835
[2015.06.23-09.46.24:876][685]LogBlueprintUserMessages: 0.869
[2015.06.23-09.46.24:910][686]LogBlueprintUserMessages: 0.902
[2015.06.23-09.46.24:943][687]LogBlueprintUserMessages: 0.936
[2015.06.23-09.46.24:977][688]LogBlueprintUserMessages: 0.969
[2015.06.23-09.46.25:010][689]LogBlueprintUserMessages: 1.003
[2015.06.23-09.46.25:056][690]LogBlueprintUserMessages: 0.034
[2015.06.23-09.46.25:078][691]LogBlueprintUserMessages: 0.067
[2015.06.23-09.46.25:111][692]LogBlueprintUserMessages: 0.1
[2015.06.23-09.46.25:144][693]LogBlueprintUserMessages: 0.132
[2015.06.23-09.46.25:176][694]LogBlueprintUserMessages: 0.165
[2015.06.23-09.46.25:209][695]LogBlueprintUserMessages: 0.197
[2015.06.23-09.46.25:241][696]LogBlueprintUserMessages: 0.23
[2015.06.23-09.46.25:274][697]LogBlueprintUserMessages: 0.263
[2015.06.23-09.46.25:307][698]LogBlueprintUserMessages: 0.295
[2015.06.23-09.46.25:340][699]LogBlueprintUserMessages: 0.328
[2015.06.23-09.46.25:373][700]LogBlueprintUserMessages: 0.361
[2015.06.23-09.46.25:405][701]LogBlueprintUserMessages: 0.393
[2015.06.23-09.46.25:438][702]LogBlueprintUserMessages: 0.426
[2015.06.23-09.46.25:471][703]LogBlueprintUserMessages: 0.459
[2015.06.23-09.46.25:503][704]LogBlueprintUserMessages: 0.491
[2015.06.23-09.46.25:536][705]LogBlueprintUserMessages: 0.524
[2015.06.23-09.46.25:569][706]LogBlueprintUserMessages: 0.557
[2015.06.23-09.46.25:602][707]LogBlueprintUserMessages: 0.589
[2015.06.23-09.46.25:634][708]LogBlueprintUserMessages: 0.622
[2015.06.23-09.46.25:667][709]LogBlueprintUserMessages: 0.655
[2015.06.23-09.46.25:699][710]LogBlueprintUserMessages: 0.688
[2015.06.23-09.46.25:732][711]LogBlueprintUserMessages: 0.72
[2015.06.23-09.46.25:764][712]LogBlueprintUserMessages: 0.753
[2015.06.23-09.46.25:798][713]LogBlueprintUserMessages: 0.786
[2015.06.23-09.46.25:829][714]LogBlueprintUserMessages: 0.817
[2015.06.23-09.46.25:860][715]LogBlueprintUserMessages: 0.848
[2015.06.23-09.46.25:891][716]LogBlueprintUserMessages: 0.879
[2015.06.23-09.46.25:922][717]LogBlueprintUserMessages: 0.911
[2015.06.23-09.46.25:953][718]LogBlueprintUserMessages: 0.942
[2015.06.23-09.46.25:984][719]LogBlueprintUserMessages: 0.973
[2015.06.23-09.46.26:016][720]LogBlueprintUserMessages: 1.004
[2015.06.23-09.46.26:045][721]LogBlueprintUserMessages: 0.029
[2015.06.23-09.46.26:076][722]LogBlueprintUserMessages: 0.06
[2015.06.23-09.46.26:108][723]LogBlueprintUserMessages: 0.093
[2015.06.23-09.46.26:142][724]LogBlueprintUserMessages: 0.125
[2015.06.23-09.46.26:174][725]LogBlueprintUserMessages: 0.157
[2015.06.23-09.46.26:207][726]LogBlueprintUserMessages: 0.19
[2015.06.23-09.46.26:239][727]LogBlueprintUserMessages: 0.222
[2015.06.23-09.46.26:271][728]LogBlueprintUserMessages: 0.255
[2015.06.23-09.46.26:303][729]LogBlueprintUserMessages: 0.287
[2015.06.23-09.46.26:336][730]LogBlueprintUserMessages: 0.32
[2015.06.23-09.46.26:368][731]LogBlueprintUserMessages: 0.352
[2015.06.23-09.46.26:400][732]LogBlueprintUserMessages: 0.385
[2015.06.23-09.46.26:433][733]LogBlueprintUserMessages: 0.417
[2015.06.23-09.46.26:465][734]LogBlueprintUserMessages: 0.45
[2015.06.23-09.46.26:498][735]LogBlueprintUserMessages: 0.482
[2015.06.23-09.46.26:530][736]LogBlueprintUserMessages: 0.515
[2015.06.23-09.46.26:563][737]LogBlueprintUserMessages: 0.547
[2015.06.23-09.46.26:596][738]LogBlueprintUserMessages: 0.58
[2015.06.23-09.46.26:628][739]LogBlueprintUserMessages: 0.612
[2015.06.23-09.46.26:661][740]LogBlueprintUserMessages: 0.645
[2015.06.23-09.46.26:693][741]LogBlueprintUserMessages: 0.677
[2015.06.23-09.46.26:725][742]LogBlueprintUserMessages: 0.709
[2015.06.23-09.46.26:757][743]LogBlueprintUserMessages: 0.742
[2015.06.23-09.46.26:790][744]LogBlueprintUserMessages: 0.774
[2015.06.23-09.46.26:822][745]LogBlueprintUserMessages: 0.807
[2015.06.23-09.46.26:855][746]LogBlueprintUserMessages: 0.839
[2015.06.23-09.46.26:887][747]LogBlueprintUserMessages: 0.872
[2015.06.23-09.46.26:920][748]LogBlueprintUserMessages: 0.904
[2015.06.23-09.46.26:952][749]LogBlueprintUserMessages: 0.936
[2015.06.23-09.46.26:985][750]LogBlueprintUserMessages: 0.969
[2015.06.23-09.46.27:017][751]LogBlueprintUserMessages: 1.001
[2015.06.23-09.46.27:050][752]LogBlueprintUserMessages: 0.032
[2015.06.23-09.46.27:082][753]LogBlueprintUserMessages: 0.065
[2015.06.23-09.46.27:111][754]LogBlueprintUserMessages: 0.094
[2015.06.23-09.46.27:142][755]LogBlueprintUserMessages: 0.125
[2015.06.23-09.46.27:173][756]LogBlueprintUserMessages: 0.156
[2015.06.23-09.46.27:205][757]LogBlueprintUserMessages: 0.188
[2015.06.23-09.46.27:236][758]LogBlueprintUserMessages: 0.219
[2015.06.23-09.46.27:267][759]LogBlueprintUserMessages: 0.25
[2015.06.23-09.46.27:299][760]LogBlueprintUserMessages: 0.281
[2015.06.23-09.46.27:330][761]LogBlueprintUserMessages: 0.313
[2015.06.23-09.46.27:361][762]LogBlueprintUserMessages: 0.344
[2015.06.23-09.46.27:392][763]LogBlueprintUserMessages: 0.375
[2015.06.23-09.46.27:424][764]LogBlueprintUserMessages: 0.407
[2015.06.23-09.46.27:455][765]LogBlueprintUserMessages: 0.438
[2015.06.23-09.46.27:486][766]LogBlueprintUserMessages: 0.469
[2015.06.23-09.46.27:517][767]LogBlueprintUserMessages: 0.5
[2015.06.23-09.46.27:549][768]LogBlueprintUserMessages: 0.532
[2015.06.23-09.46.27:577][769]LogBlueprintUserMessages: 0.56
[2015.06.23-09.46.27:609][770]LogBlueprintUserMessages: 0.592
[2015.06.23-09.46.27:640][771]LogBlueprintUserMessages: 0.623
[2015.06.23-09.46.27:671][772]LogBlueprintUserMessages: 0.654
[2015.06.23-09.46.27:703][773]LogBlueprintUserMessages: 0.686
[2015.06.23-09.46.27:734][774]LogBlueprintUserMessages: 0.717
[2015.06.23-09.46.27:765][775]LogBlueprintUserMessages: 0.748
[2015.06.23-09.46.27:796][776]LogBlueprintUserMessages: 0.779
[2015.06.23-09.46.27:828][777]LogBlueprintUserMessages: 0.811
[2015.06.23-09.46.27:859][778]LogBlueprintUserMessages: 0.842
[2015.06.23-09.46.27:890][779]LogBlueprintUserMessages: 0.873
[2015.06.23-09.46.27:922][780]LogBlueprintUserMessages: 0.904
[2015.06.23-09.46.27:953][781]LogBlueprintUserMessages: 0.936
[2015.06.23-09.46.27:984][782]LogBlueprintUserMessages: 0.967
[2015.06.23-09.46.28:015][783]LogBlueprintUserMessages: 0.998
[2015.06.23-09.46.28:044][784]LogBlueprintUserMessages: 1.027
[2015.06.23-09.46.28:076][785]LogBlueprintUserMessages: 0.031
[2015.06.23-09.46.28:107][786]LogBlueprintUserMessages: 0.063
[2015.06.23-09.46.28:140][787]LogBlueprintUserMessages: 0.095
[2015.06.23-09.46.28:172][788]LogBlueprintUserMessages: 0.127
[2015.06.23-09.46.28:204][789]LogBlueprintUserMessages: 0.16
[2015.06.23-09.46.28:237][790]LogBlueprintUserMessages: 0.192
[2015.06.23-09.46.28:269][791]LogBlueprintUserMessages: 0.225
[2015.06.23-09.46.28:302][792]LogBlueprintUserMessages: 0.257
[2015.06.23-09.46.28:334][793]LogBlueprintUserMessages: 0.29
[2015.06.23-09.46.28:367][794]LogBlueprintUserMessages: 0.322
[2015.06.23-09.46.28:399][795]LogBlueprintUserMessages: 0.355
[2015.06.23-09.46.28:431][796]LogBlueprintUserMessages: 0.387
[2015.06.23-09.46.28:464][797]LogBlueprintUserMessages: 0.42
[2015.06.23-09.46.28:497][798]LogBlueprintUserMessages: 0.452
[2015.06.23-09.46.28:530][799]LogBlueprintUserMessages: 0.485
[2015.06.23-09.46.28:561][800]LogBlueprintUserMessages: 0.517
[2015.06.23-09.46.28:594][801]LogBlueprintUserMessages: 0.55
[2015.06.23-09.46.28:626][802]LogBlueprintUserMessages: 0.582
[2015.06.23-09.46.28:836][803]LogParticles: Destroying 0 GPU particle simulations for FXSystem 0x000000000D4856C0
[2015.06.23-09.47.13:490][715]BlueprintLog: New page: Compile PointLight_Blueprint
[2015.06.23-09.47.13:746][715]BlueprintEditorCompileResults: Info [0399.87] Compile of PointLight_Blueprint successful! [in 256 ms]
[2015.06.23-09.47.19:958][967]LogPlayLevel: PIE:  No blueprints needed recompiling
[2015.06.23-09.47.19:958][967]PIE: New page: PIE session: Untitled_1 (Jun 23, 2015, 1:47:19 PM)
[2015.06.23-09.47.19:978][967]LogPlayLevel: PIE: StaticDuplicateObject took: (0.004107s)
[2015.06.23-09.47.19:979][967]LogPlayLevel: PIE: World Init took: (0.001387s)
[2015.06.23-09.47.19:980][967]LogPlayLevel: PIE: Created PIE world by copying editor world from /Temp/Untitled_1.Untitled_1 to /Temp/UEDPIE_0_Untitled_1.Untitled_1 (0.005895s)
[2015.06.23-09.47.20:075][967]LogWorld: Game class is 'GameMode'
[2015.06.23-09.47.20:081][967]LogAIModule: Creating AISystem for world Untitled_1
[2015.06.23-09.47.20:088][967]LogWorld: Bringing World /Temp/UEDPIE_0_Untitled_1.Untitled_1 up for play (max tick rate 60) at 2015.06.23-11.47.20
[2015.06.23-09.47.20:090][967]LogWorld: Bringing up level for play t