[2015.07.19-18.03.42:012][  0]Log file open, 07/19/15 20:03:42
[2015.07.19-18.03.42:012][  0]LogInit:Display: Running engine for game: ProjectNarnia
[2015.07.19-18.03.42:012][  0]LogInit:Display: RandInit(429695540) SRandInit(429695541).
[2015.07.19-18.03.42:012][  0]LogTaskGraph: Started task graph with 4 named threads and 7 total threads.
[2015.07.19-18.03.42:012][  0]LogStats: Stats thread started
[2015.07.19-18.03.42:012][  0]LogInit: Version: 4.8.2-2614606+++depot+UE4-Releases+4.8
[2015.07.19-18.03.42:012][  0]LogInit: API Version: 2579680
[2015.07.19-18.03.42:012][  0]LogInit: Compiled (64-bit): Jul  8 2015 23:43:41
[2015.07.19-18.03.42:013][  0]LogInit: Compiled with Visual C++: 18.00.21005.01
[2015.07.19-18.03.42:013][  0]LogInit: Build Configuration: Development
[2015.07.19-18.03.42:013][  0]LogInit: Branch Name: ++depot+UE4-Releases+4.8
[2015.07.19-18.03.42:013][  0]LogInit: Command line:  
[2015.07.19-18.03.42:013][  0]LogInit: Base directory: D:/Programme/Epic Games/4.8/Engine/Binaries/Win64/
[2015.07.19-18.03.42:013][  0]LogInit: Rocket: 1
[2015.07.19-18.03.42:056][  0]LogInit: Using libcurl 7.41.0
[2015.07.19-18.03.42:056][  0]LogInit:  - built for x86_64-pc-win32
[2015.07.19-18.03.42:056][  0]LogInit:  - supports SSL with WinSSL
[2015.07.19-18.03.42:056][  0]LogInit:  - other features:
[2015.07.19-18.03.42:056][  0]LogInit:      CURL_VERSION_SSL
[2015.07.19-18.03.42:056][  0]LogInit:      CURL_VERSION_IPV6
[2015.07.19-18.03.42:056][  0]LogInit:      CURL_VERSION_ASYNCHDNS
[2015.07.19-18.03.42:056][  0]LogInit:      CURL_VERSION_LARGEFILE
[2015.07.19-18.03.42:056][  0]LogInit:      CURL_VERSION_IDN
[2015.07.19-18.03.42:057][  0]LogInit:  CurlRequestOptions (configurable via config and command line):
[2015.07.19-18.03.42:057][  0]LogInit:  - bVerifyPeer = true  - Libcurl will verify peer certificate
[2015.07.19-18.03.42:057][  0]LogInit:  - bUseHttpProxy = false  - Libcurl will NOT use HTTP proxy
[2015.07.19-18.03.42:057][  0]LogInit:  - bDontReuseConnections = false  - Libcurl will reuse connections
[2015.07.19-18.03.42:057][  0]LogInit:  - CertBundlePath = nullptr  - Libcurl will use whatever was configured at build time.
[2015.07.19-18.03.42:068][  0]LogOnline:Warning: No default platform service specified for OnlineSubsystem
[2015.07.19-18.03.42:108][  0]LogInit: Presizing for 0 objects not considered by GC, pre-allocating 0 bytes.
[2015.07.19-18.03.42:117][  0]LogInit: Object subsystem initialized
[2015.07.19-18.03.42:122][  0]LogConsoleResponse:Warning: Skipping Unknown console variable: 'TranslucentSortAxis = (X=0.000000,Y=-1.000000,Z=0.000000)'
[2015.07.19-18.03.42:122][  0]LogConsoleResponse:Warning:   Found in ini file 'D:/GitHub/GDV-Projekt/ProjectNarnia/Saved/Config/Windows/Engine.ini', in section '[/Script/Engine.RendererSettings]'
[2015.07.19-18.03.42:122][  0]LogConsoleResponse:Warning: Skipping Unknown console variable: 'UIScaleRule = ShortestSide'
[2015.07.19-18.03.42:122][  0]LogConsoleResponse:Warning:   Found in ini file 'D:/GitHub/GDV-Projekt/ProjectNarnia/Saved/Config/Windows/Engine.ini', in section '[/Script/Engine.RendererSettings]'
[2015.07.19-18.03.42:122][  0]LogConsoleResponse:Warning: Skipping Unknown console variable: 'UIScaleCurve = (EditorCurveData=(Keys=),ExternalCurve=None)'
[2015.07.19-18.03.42:122][  0]LogConsoleResponse:Warning:   Found in ini file 'D:/GitHub/GDV-Projekt/ProjectNarnia/Saved/Config/Windows/Engine.ini', in section '[/Script/Engine.RendererSettings]'
[2015.07.19-18.03.42:127][  0]LogInit: Selected Device Profile: [Windows]
[2015.07.19-18.03.42:127][  0]LogInit: Applying CVar settings loaded from the selected device profile: [Windows]
[2015.07.19-18.03.42:140][  0]LogInit: Computer: SILVAN-PC
[2015.07.19-18.03.42:140][  0]LogInit: User: Silvan
[2015.07.19-18.03.42:140][  0]LogInit: CPU Page size=4096, Cores=4
[2015.07.19-18.03.42:140][  0]LogInit: High frequency timer resolution =3.312685 MHz
[2015.07.19-18.03.42:140][  0]LogMemory: Memory total: Physical=11.9GB (12GB approx)
[2015.07.19-18.03.42:140][  0]LogMemory: Platform Memory Stats for Windows
[2015.07.19-18.03.42:140][  0]LogMemory: Process Physical Memory: 50.98 MB used, 50.98 MB peak
[2015.07.19-18.03.42:140][  0]LogMemory: Process Virtual Memory: 27.23 MB used, 27.23 MB peak
[2015.07.19-18.03.42:140][  0]LogMemory: Physical Memory: 2997.62 MB used, 12166.62 MB total
[2015.07.19-18.03.42:140][  0]LogMemory: Virtual Memory: 286.91 MB used, 8388608.00 MB total
[2015.07.19-18.03.42:347][  0]LogTextLocalizationManager: The requested culture ('de_DE') has no localization data; falling back to 'en' for localization and internationalization data.
[2015.07.19-18.03.42:561][  0]LogTextLocalizationManager:Warning: Loaded localization resources contain conflicting entries for (Namespace:ContentBrowser, Key:ImportAssetToolTip):
Localization Resource: (D:/Programme/Epic Games/4.8/Engine/Content/Localization/Editor/en/Editor.locres) Source String Hash: (-630476809) Localized String: (Import to {0}...)
Localization Resource: (D:/Programme/Epic Games/4.8/Engine/Content/Localization/Editor/en/Editor.locres) Source String Hash: (1271782899) Localized String: (Imports an asset from file to this folder.)
[2015.07.19-18.03.42:942][  0]LogD3D11RHI: Found D3D11 adapter 0: AMD Radeon HD 7800 Series (Feature Level 11_0)
[2015.07.19-18.03.42:942][  0]LogD3D11RHI: Adapter has 2027MB of dedicated video memory, 0MB of dedicated system memory, and 3840MB of shared system memory, 1 output[s]
[2015.07.19-18.03.42:961][  0]LogD3D11RHI: Found D3D11 adapter 1: Intel(R) HD Graphics 4600 (Feature Level 11_0)
[2015.07.19-18.03.42:961][  0]LogD3D11RHI: Adapter has 64MB of dedicated video memory, 0MB of dedicated system memory, and 1632MB of shared system memory, 0 output[s]
[2015.07.19-18.03.42:961][  0]LogD3D11RHI: Chosen D3D11 Adapter Id = 0
[2015.07.19-18.03.42:965][  0]LogD3D11RHI: InitD3DDevice
[2015.07.19-18.03.42:965][  0]LogD3D11RHI: !Direct3DDevice
[2015.07.19-18.03.42:965][  0]LogRHI: Texture pool is 1361 MB (70% of 1945 MB)
[2015.07.19-18.03.42:970][  0]LogD3D11RHI: Async texture creation disabled: no driver support
[2015.07.19-18.03.42:989][  0]LogShaderCompilers:Display: Using Local Shader Compiler.
[2015.07.19-18.03.44:154][  0]LogTemp:Display: Loaded TP DesktopTargetPlatform
[2015.07.19-18.03.44:166][  0]LogTemp:Display: Loaded TP WindowsClientTargetPlatform
[2015.07.19-18.03.44:178][  0]LogTemp:Display: Loaded TP WindowsNoEditorTargetPlatform
[2015.07.19-18.03.44:191][  0]LogTemp:Display: Loaded TP WindowsServerTargetPlatform
[2015.07.19-18.03.44:204][  0]LogTemp:Display: Loaded TP WindowsTargetPlatform
[2015.07.19-18.03.44:216][  0]LogTemp:Display: Loaded TP AndroidTargetPlatform
[2015.07.19-18.03.44:226][  0]LogTemp:Display: Loaded TP Android_ASTCTargetPlatform
[2015.07.19-18.03.44:237][  0]LogTemp:Display: Loaded TP Android_ATCTargetPlatform
[2015.07.19-18.03.44:247][  0]LogTemp:Display: Loaded TP Android_DXTTargetPlatform
[2015.07.19-18.03.44:258][  0]LogTemp:Display: Loaded TP Android_ETC1TargetPlatform
[2015.07.19-18.03.44:269][  0]LogTemp:Display: Loaded TP Android_ETC2TargetPlatform
[2015.07.19-18.03.44:279][  0]LogTemp:Display: Loaded TP Android_PVRTCTargetPlatform
[2015.07.19-18.03.44:341][  0]LogTemp:Display: Loaded TP IOSTargetPlatform
[2015.07.19-18.03.44:351][  0]LogTemp:Display: Loaded TP LinuxNoEditorTargetPlatform
[2015.07.19-18.03.44:362][  0]LogTemp:Display: Loaded TP LinuxServerTargetPlatform
[2015.07.19-18.03.44:375][  0]LogTemp:Display: Loaded TP LinuxTargetPlatform
[2015.07.19-18.03.44:375][  0]LogTargetPlatformManager:Display: Building Assets For Windows
[2015.07.19-18.03.44:716][  0]LogDerivedDataCache:Display: Max Cache Size: 512 MB
[2015.07.19-18.03.44:844][  0]LogDerivedDataCache: Loaded boot cache 0.13s 53MB C:/Users/Silvan/AppData/Local/UnrealEngine/4.8/DerivedDataCache/Boot.ddc.
[2015.07.19-18.03.44:844][  0]LogDerivedDataCache:Display: Loaded Boot cache: C:/Users/Silvan/AppData/Local/UnrealEngine/4.8/DerivedDataCache/Boot.ddc
[2015.07.19-18.03.44:845][  0]LogDerivedDataCache: FDerivedDataBackendGraph:  Pak pak cache file ../../../../../../GitHub/GDV-Projekt/ProjectNarnia/DerivedDataCache/DDC.ddp not found, will not use a pak cache.
[2015.07.19-18.03.44:845][  0]LogDerivedDataCache: Unable to find inner node Pak for hierarchical cache Hierarchy.
[2015.07.19-18.03.44:845][  0]LogDerivedDataCache: FDerivedDataBackendGraph:  CompressedPak pak cache file ../../../../../../GitHub/GDV-Projekt/ProjectNarnia/DerivedDataCache/Compressed.ddp not found, will not use a pak cache.
[2015.07.19-18.03.44:845][  0]LogDerivedDataCache: Unable to find inner node CompressedPak for hierarchical cache Hierarchy.
[2015.07.19-18.03.44:977][  0]LogDerivedDataCache:Display: Pak cache opened for reading ../../../Engine/DerivedDataCache/Compressed.ddp.
[2015.07.19-18.03.44:988][  0]LogDerivedDataCache: Using Local data cache path C:/Users/Silvan/AppData/Local/UnrealEngine/Common/DerivedDataCache: Writable
[2015.07.19-18.03.47:186][  0]LogInit: Selected Device Profile: [Windows]
[2015.07.19-18.03.47:200][  0]ImportText (ComponentSweepMultiTests): Missing closing parenthesis: (RootShapeAsset="/Engine/BasicShapes/Cube.Cube",ShapeType="TriggerCapsule",HitResult=(Time=0.50,Location=(X=-100.000015,Y=0.0,Z=100.000015),ImpactPoint=(X=-50.0,Y=0.0,Z=50.0),Normal=(X=-1.0,Y=-0.0,Z=0.0),ImpactNormal=(X=0.0,Y=0.0,Z=1.0),TraceStart=(X=-200.0,Y=0.0,Z=200.0),TraceEnd=(X=0.0,Y=0.0,Z=0.0))
[2015.07.19-18.03.47:200][  0]ImportText (LineTraceSingleByChannelTests): Missing closing parenthesis: (RootShapeAsset="/Engine/BasicShapes/Cube.Cube",HitResult=(Time=0.50,Location=(X=-100.000015,Y=0.0,Z=100.000015),ImpactPoint=(X=-50.0,Y=0.0,Z=50.0),Normal=(X=-1.0,Y=-0.0,Z=0.0),ImpactNormal=(X=0.0,Y=0.0,Z=1.0),TraceStart=(X=-200.0,Y=0.0,Z=200.0),TraceEnd=(X=0.0,Y=0.0,Z=0.0))
[2015.07.19-18.03.47:235][  0]LogMeshUtilities: No automatic mesh reduction module available
[2015.07.19-18.03.47:235][  0]LogMeshUtilities: No automatic mesh merging module available
[2015.07.19-18.03.47:865][  0]LogInit: WinSock: version 1.1 (2.2), MaxSocks=32767, MaxUdp=65467
[2015.07.19-18.03.49:695][  0]UdpMessaging: Initializing bridge on interface 0.0.0.0:0 to multicast group 230.0.0.1:6666.
[2015.07.19-18.03.50:080][  0]SourceControl: Info Source control is disabled
[2015.07.19-18.03.50:113][  0]SourceControl: Info Source control is disabled
[2015.07.19-18.03.50:125][  0]SourceControl: Info Source control is disabled
[2015.07.19-18.03.50:134][  0]SourceControl: Info Source control is disabled
[2015.07.19-18.03.50:371][  0]LogObj: 26273 objects as part of root set at end of initial load.
[2015.07.19-18.03.50:371][  0]LogUObjectAllocator: 5409248 out of 0 bytes used by permanent object pool.
[2015.07.19-18.03.50:460][  0]LogEngine: Initializing Engine...
[2015.07.19-18.03.50:463][  0]LogHMD: Can't find Oculus library dev build: is proper Runtime installed? Version: 0.6.0.0
[2015.07.19-18.03.50:471][  0]LogHMD:Warning: SteamVR failed to initialize.  Error: 110
[2015.07.19-18.03.50:661][  0]LogAIModule: Creating AISystem for world NewWorld
[2015.07.19-18.03.50:674][  0]LogInit: XAudio2 using '1 - M2762DP (AMD High Definition Audio Device)' : 2 channels at 48 kHz using 16 bits per sample (channel mask 0x3)
[2015.07.19-18.03.50:695][  0]LogInit: FAudioDevice initialized.
[2015.07.19-18.03.50:718][  0]LogDerivedDataCache: Saved boot cache 0.02s 53MB C:/Users/Silvan/AppData/Local/UnrealEngine/4.8/DerivedDataCache/Boot.ddc.
[2015.07.19-18.03.50:722][  0]LogInit: Texture streaming: Disabled
[2015.07.19-18.03.50:742][  0]LogAnalytics: Creating configured Analytics provider AnalyticsET
[2015.07.19-18.03.50:742][  0]LogAnalytics: [UEEditor.Rocket.Release] APIServer = http://et2.epicgames.com/ET2/. AppVersion = 4.8.2-2614606+++depot+UE4-Releases+4.8
[2015.07.19-18.03.50:742][  0]LogAnalytics: [UEEditor.Rocket.Release] SetUserId 63ae0425466c6f65eeb5439200c4cbba|16ffa05e03dc4cfda8fe4198e1102ff4|ffbd022f-d859-4116-a567-25e39becdd18
[2015.07.19-18.03.50:742][  0]LogAnalytics: [UEEditor.Rocket.Release] AnalyticsET::StartSession
[2015.07.19-18.03.50:777][  0]LogInit: Transaction tracking system initialized
[2015.07.19-18.03.50:891][  0]BlueprintLog: New page: Editor Load
[2015.07.19-18.03.50:924][  0]LogAssetRegistry: FAssetRegistry took 0.0110 seconds to start up
[2015.07.19-18.03.50:924][  0]LogDirectoryWatcher:Warning: Failed to begin reading directory changes for ../../../Engine/Plugins/Experimental/CharacterAI/Content/. Error: 0
[2015.07.19-18.03.51:787][  0]LogConsoleManager:Warning: Console variable 'r.VSync' wasn't set ('GameSetting' has a lower priority than 'SystemSettingsIni')
[2015.07.19-18.03.51:787][  0]LogConsoleResponse:Display: 
[2015.07.19-18.03.51:992][  0]LogCook:Display: Done creating registry. It took  0.00s.
[2015.07.19-18.03.52:152][  0]SourceControl: Info Source control is disabled
[2015.07.19-18.03.52:153][  0]Cmd: MAP LOAD FILE="../../../Engine/Content/Maps/Templates/Template_Default.umap" TEMPLATE=1 SHOWPROGRESS=1 FEATURELEVEL=3
[2015.07.19-18.03.52:156][  0]LightingResults: New page: Lighting Build
[2015.07.19-18.03.52:169][  0]MapCheck: New page: Map Check
[2015.07.19-18.03.52:169][  0]LightingResults: New page: Lighting Build
[2015.07.19-18.03.52:190][  0]LogParticles: Destroying 0 GPU particle simulations for FXSystem 0x000000001AED23E0
[2015.07.19-18.03.52:541][  0]LogAIModule: Creating AISystem for world Untitled_1
[2015.07.19-18.03.52:556][  0]LogEditorServer: Finished looking for orphan Actors (0.000 secs)
[2015.07.19-18.03.52:578][  0]Cmd: MAP CHECKDEP NOCLEARLOG
[2015.07.19-18.03.52:612][  0]MapCheck: Info Map check complete: 0 Error(s), 0 Warning(s), took 33.9ms to complete.
[2015.07.19-18.03.52:612][  0]LogFileHelpers: Loading map 'Template_Default' took 0.460
[2015.07.19-18.03.52:792][  0]LogCollectionManager: Loaded 0 collections in 0.001402 seconds
[2015.07.19-18.03.52:799][  0]LogContentBrowser: Native class hierarchy populated in 0.0066 seconds. Added 1792 classes and 301 folders.
[2015.07.19-18.03.52:846][  0]LogContentBrowser: Native class hierarchy updated for 'WidgetCarousel' in 0.0002 seconds. Added 0 classes and 0 folders.
[2015.07.19-18.03.52:944][  0]LogContentBrowser: Native class hierarchy updated for 'AddContentDialog' in 0.0003 seconds. Added 0 classes and 0 folders.
[2015.07.19-18.03.52:964][  0]LogContentBrowser: Native class hierarchy updated for 'SceneOutliner' in 0.0003 seconds. Added 1 classes and 2 folders.
[2015.07.19-18.03.53:031][  0]LogCrashTracker: Crashtracker disabled due to settings.
[2015.07.19-18.03.53:037][  0]LogD3D11RHI: InitD3DDevice
[2015.07.19-18.03.53:040][  0]LogUObjectGlobals:Warning: Failed to find object 'Class None.'
[2015.07.19-18.03.53:062][  0]LogLoad: Full Startup: 12.87 seconds (BP compile: 0.22 seconds)
[2015.07.19-18.03.53:506][  0]LogContentStreaming: Texture pool size is 0.000000MB
[2015.07.19-18.03.53:538][  0]LogContentStreaming: Texture pool size now 1000 MB
[2015.07.19-18.03.53:742][  0]LogRenderer: Reallocating scene render targets to support 1240x600 (Frame:2).
[2015.07.19-18.03.59:940][ 19]LogAssetRegistry: Asset discovery search completed in 9.0274 seconds
[2015.07.19-18.04.01:607][ 24]LogD3D11RHI: InitD3DDevice
[2015.07.19-18.04.06:097][118]LogD3D11RHI: InitD3DDevice
[2015.07.19-18.04.08:766][118]LogLinker:Warning: Can't find file '/Game/Elemental/Environment/TilingClouds/Textures/T_TilingNoise06'
[2015.07.19-18.04.08:767][118]LogLinker:Warning: Can't find file for asset '/Game/Elemental/Environment/TilingClouds/Textures/T_TilingNoise06' while loading ../../../../../../GitHub/GDV-Projekt/ProjectNarnia/Content/Elemental/Environment/ThroneRoom_Surfaces/Material/M_ThroneRoom_Stone_Wall.uasset.
[2015.07.19-18.04.08:767][118]LoadErrors:Error: Error /Game/Elemental/Environment/ThroneRoom_Surfaces/Material/M_ThroneRoom_Stone_Wall : Can't find file for asset. /Game/Elemental/Environment/TilingClouds/Textures/T_TilingNoise06
[2015.07.19-18.04.08:769][118]LogLinker:Warning: Can't find file '/Game/Elemental/Environment/TilingClouds/Textures/T_TilingNoise06'
[2015.07.19-18.04.08:769][118]LogLinker:Warning: Can't find file for asset '/Game/Elemental/Environment/TilingClouds/Textures/T_TilingNoise06' while loading ../../../../../../GitHub/GDV-Projekt/ProjectNarnia/Content/Elemental/Environment/ThroneRoom_Surfaces/Material/M_ThroneRoom_Stone_Wall.uasset.
[2015.07.19-18.04.10:905][118]LogLinker:Warning: Can't find file '/Game/Elemental/Environment/TilingClouds/Textures/T_TilingNoise06'
[2015.07.19-18.04.10:905][118]LoadErrors: Info Failed to load /Game/Elemental/Environment/TilingClouds/Textures/T_TilingNoise06.T_TilingNoise06 Referenced by M_ThroneRoom_Stone_Wall
[2015.07.19-18.04.10:905][118]LogLinker:Warning: Can't find file for asset '/Game/Elemental/Environment/TilingClouds/Textures/T_TilingNoise06' while loading NULL.
[2015.07.19-18.04.11:402][118]LogUObjectGlobals:Warning: Guid is in use by ArrowComponent /Temp/Untitled_1.Untitled_1:PersistentLevel.PlayerStart.Arrow and ArrowComponent /Game/Levels/DefaultLevel.DefaultLevel:PersistentLevel.PlayerStart.Arrow, which should never happen in the editor but could happen at runtime with duplicate level loading or PIE
[2015.07.19-18.04.11:402][118]LogUObjectGlobals:Warning: Guid is in use by BillboardComponent /Temp/Untitled_1.Untitled_1:PersistentLevel.PlayerStart.Sprite and BillboardComponent /Game/Levels/DefaultLevel.DefaultLevel:PersistentLevel.PlayerStart.Sprite, which should never happen in the editor but could happen at runtime with duplicate level loading or PIE
[2015.07.19-18.04.11:402][118]LogUObjectGlobals:Warning: Guid is in use by BillboardComponent /Temp/Untitled_1.Untitled_1:PersistentLevel.PlayerStart.Sprite2 and BillboardComponent /Game/Levels/DefaultLevel.DefaultLevel:PersistentLevel.PlayerStart.Sprite2, which should never happen in the editor but could happen at runtime with duplicate level loading or PIE
[2015.07.19-18.04.11:402][118]LogUObjectGlobals:Warning: Guid is in use by BillboardComponent /Temp/Untitled_1.Untitled_1:PersistentLevel.SkyLight_1.Sprite and BillboardComponent /Game/Levels/DefaultLevel.DefaultLevel:PersistentLevel.SkyLight_1.Sprite, which should never happen in the editor but could happen at runtime with duplicate level loading or PIE
[2015.07.19-18.04.11:402][118]LogUObjectGlobals:Warning: Guid is in use by CapsuleComponent /Temp/Untitled_1.Untitled_1:PersistentLevel.PlayerStart.CollisionCapsule and CapsuleComponent /Game/Levels/DefaultLevel.DefaultLevel:PersistentLevel.PlayerStart.CollisionCapsule, which should never happen in the editor but could happen at runtime with duplicate level loading or PIE
[2015.07.19-18.04.11:428][118]LogUObjectGlobals:Warning: Guid is in use by SkyLightComponent /Temp/Untitled_1.Untitled_1:PersistentLevel.SkyLight_1.SkyLightComponent0 and SkyLightComponent /Game/Levels/DefaultLevel.DefaultLevel:PersistentLevel.SkyLight_1.SkyLightComponent0, which should never happen in the editor but could happen at runtime with duplicate level loading or PIE
[2015.07.19-18.04.11:744][118]LogAIModule: Creating AISystem for world DefaultLevel
[2015.07.19-18.04.11:781][118]Cmd: MAP LOAD FILE="../../../../../../GitHub/GDV-Projekt/ProjectNarnia/Content/Levels/DefaultLevel.umap" TEMPLATE=0 SHOWPROGRESS=1 FEATURELEVEL=3
[2015.07.19-18.04.11:781][118]LightingResults: New page: Lighting Build
[2015.07.19-18.04.11:796][118]LoadErrors: New page: Loading map: DefaultLevel.umap
[2015.07.19-18.04.11:796][118]MapCheck: New page: Map Check
[2015.07.19-18.04.11:796][118]LightingResults: New page: Lighting Build
[2015.07.19-18.04.11:804][118]LogParticles: Destroying 0 GPU particle simulations for FXSystem 0x000000000FFE3880
[2015.07.19-18.04.11:979][118]LogAIModule: Creating AISystem for world DefaultLevel
[2015.07.19-18.04.11:985][118]LogEditorServer: Finished looking for orphan Actors (0.000 secs)
[2015.07.19-18.04.12:080][118]Cmd: MAP CHECKDEP NOCLEARLOG
[2015.07.19-18.04.12:131][118]MapCheck: Info Map check complete: 0 Error(s), 0 Warning(s), took 51.152ms to complete.
[2015.07.19-18.04.12:131][118]LogFileHelpers: Loading map 'DefaultLevel' took 0.351
[2015.07.19-18.04.17:381][579]LogRenderer: Reallocating scene render targets to support 1240x624 (Frame:481).
[2015.07.19-18.04.30:379][  2]LogLinker:Warning: Can't find file '/Game/StarterContent/HDRI/HDRI_Epic_Courtyard_Daylight'
[2015.07.19-18.04.30:379][  2]LogLinker:Warning: Can't find file for asset '/Game/StarterContent/HDRI/HDRI_Epic_Courtyard_Daylight' while loading ../../../../../../GitHub/GDV-Projekt/ProjectNarnia/Content/Assets/Blueprints/BP_LightStudio.uasset.
[2015.07.19-18.04.30:380][  2]LoadErrors:Error: Error /Game/Assets/Blueprints/BP_LightStudio : Can't find file for asset. /Game/StarterContent/HDRI/HDRI_Epic_Courtyard_Daylight
[2015.07.19-18.04.30:382][  2]LogLinker:Warning: Can't find file '/Game/StarterContent/HDRI/HDRI_Epic_Courtyard_Daylight'
[2015.07.19-18.04.30:382][  2]LogLinker:Warning: Can't find file for asset '/Game/StarterContent/HDRI/HDRI_Epic_Courtyard_Daylight' while loading ../../../../../../GitHub/GDV-Projekt/ProjectNarnia/Content/Assets/Blueprints/BP_LightStudio.uasset.
[2015.07.19-18.04.30:399][  2]LogLinker:Warning: Can't find file '/Game/StarterContent/HDRI/HDRI_Epic_Courtyard_Daylight'
[2015.07.19-18.04.30:399][  2]LogLinker:Warning: Can't find file for asset '/Game/StarterContent/HDRI/HDRI_Epic_Courtyard_Daylight' while loading NULL.
[2015.07.19-18.04.30:399][  2]LogLinker:Warning: Can't find file '/Game/StarterContent/HDRI/HDRI_Epic_Courtyard_Daylight'
[2015.07.19-18.04.30:400][  2]LogLinker:Warning: Can't find file for asset '/Game/StarterContent/HDRI/HDRI_Epic_Courtyard_Daylight' while loading NULL.
[2015.07.19-18.04.30:400][  2]LogLinker:Warning: Can't find file '/Game/StarterContent/HDRI/HDRI_Epic_Courtyard_Daylight'
[2015.07.19-18.04.30:400][  2]LogLinker:Warning: Can't find file for asset '/Game/StarterContent/HDRI/HDRI_Epic_Courtyard_Daylight' while loading NULL.
[2015.07.19-18.04.30:631][  2]LogD3D11RHI: InitD3DDevice
[2015.07.19-18.04.37:513][450]LogD3D11RHI: InitD3DDevice
[2015.07.19-18.04.37:567][450]LogD3D11RHI: InitD3DDevice
[2015.07.19-18.04.37:690][450]LogLinker:Warning: Asset '../../../Engine/Content/ArtTools/RenderToTexture/Macros/RenderToTextureMacros.uasset' has been saved with empty engine version. The asset will be loaded but may be incompatible.
[2015.07.19-18.04.37:736][450]LogLinker:Warning: Asset '../../../Engine/Content/ArtTools/RenderToTexture/Enums/RenderToTexture_Enum.uasset' has been saved with empty engine version. The asset will be loaded but may be incompatible.
[2015.07.19-18.04.50:896][568]LogRenderer: Reallocating scene render targets to support 1240x904 (Frame:2930).
[2015.07.19-18.05.53:800][ 85]LogD3D11RHI: InitD3DDevice
[2015.07.19-18.06.02:682][979]Cmd: DELETE
[2015.07.19-18.06.02:682][979]Cmd: ACTOR DELETE
[2015.07.19-18.06.02:683][979]LogEditorActor: Deleted Actor: SkyLight
[2015.07.19-18.06.02:730][979]LogEditorActor: Deleted 1 Actors (0.048 secs)
[2015.07.19-18.06.07:312][422]LogEditorActor: Deleted Actor: BP_Sky_Sphere_C
[2015.07.19-18.06.07:348][422]LogEditorActor: Deleted 1 Actors (0.036 secs)
[2015.07.19-18.06.09:070][596]LogEditorActor: Deleted Actor: AtmosphericFog
[2015.07.19-18.06.09:097][596]LogEditorActor: Deleted 1 Actors (0.027 secs)
[2015.07.19-18.06.10:887][776]LogEditorViewport: Clicking on Actor (LMB): BP_LightStudio_C (BP_LightStudio)
[2015.07.19-18.06.11:559][840]LogEditorViewport: Clicking on Actor (LMB): BP_LightStudio_C (BP_LightStudio)
[2015.07.19-18.06.14:187][ 99]LogD3D11RHI: InitD3DDevice
[2015.07.19-18.06.39:974][474]Cmd: TRANSACTION UNDO
[2015.07.19-18.06.39:974][474]LogEditorTransaction: Undo Edit Global Brightness
[2015.07.19-18.06.39:989][474]LogD3D11RHI: InitD3DDevice
[2015.07.19-18.06.40:361][498]Cmd: TRANSACTION UNDO
[2015.07.19-18.06.40:361][498]LogEditorTransaction: Undo Edit Global Brightness
[2015.07.19-18.06.40:666][519]Cmd: TRANSACTION UNDO
[2015.07.19-18.06.40:666][519]LogEditorTransaction: Undo Rotate Actors
[2015.07.19-18.06.40:903][535]Cmd: TRANSACTION UNDO
[2015.07.19-18.06.40:903][535]LogEditorTransaction: Undo Rotate Actors
[2015.07.19-18.06.41:198][557]Cmd: TRANSACTION UNDO
[2015.07.19-18.06.41:198][557]LogEditorTransaction: Undo Move Actors
[2015.07.19-18.06.41:531][581]Cmd: TRANSACTION UNDO
[2015.07.19-18.06.41:531][581]LogEditorTransaction: Undo Move World Outliner Items
[2015.07.19-18.06.41:788][599]Cmd: TRANSACTION UNDO
[2015.07.19-18.06.41:788][599]LogEditorTransaction: Undo Clicking on Actors
[2015.07.19-18.06.42:132][627]Cmd: TRANSACTION UNDO
[2015.07.19-18.06.42:132][627]LogEditorTransaction: Undo Clicking on Actors
[2015.07.19-18.06.42:524][662]Cmd: TRANSACTION UNDO
[2015.07.19-18.06.42:524][662]LogEditorTransaction: Undo Delete selection
[2015.07.19-18.06.42:915][696]Cmd: TRANSACTION UNDO
[2015.07.19-18.06.42:915][696]LogEditorTransaction: Undo Clicking on Actors
[2015.07.19-18.06.43:289][729]Cmd: TRANSACTION UNDO
[2015.07.19-18.06.43:289][729]LogEditorTransaction: Undo Delete selection
[2015.07.19-18.06.43:599][756]Cmd: TRANSACTION UNDO
[2015.07.19-18.06.43:599][756]LogEditorTransaction: Undo Clicking on Actors
[2015.07.19-18.06.44:020][793]Cmd: TRANSACTION UNDO
[2015.07.19-18.06.44:020][793]LogEditorTransaction: Undo Delete Actors
[2015.07.19-18.06.45:060][882]Cmd: TRANSACTION UNDO
[2015.07.19-18.06.45:060][882]LogEditorTransaction: Undo Clicking on Actors
[2015.07.19-18.06.45:507][921]Cmd: TRANSACTION UNDO
[2015.07.19-18.06.45:507][921]LogEditorTransaction: Undo Clicking on Actors
[2015.07.19-18.06.46:233][983]Cmd: TRANSACTION UNDO
[2015.07.19-18.06.46:233][983]LogEditorTransaction: Undo Move Actors
[2015.07.19-18.06.47:101][ 52]Cmd: TRANSACTION UNDO
[2015.07.19-18.06.47:101][ 52]LogEditorTransaction: Undo Move Actors
[2015.07.19-18.06.47:531][ 83]Cmd: TRANSACTION UNDO
[2015.07.19-18.06.47:531][ 83]LogEditorTransaction: Undo Create Actors
[2015.07.19-18.06.49:813][317]LogD3D11RHI: InitD3DDevice
[2015.07.19-18.06.57:838][104]LogD3D11RHI: InitD3DDevice
[2015.07.19-18.06.59:962][335]LogD3D11RHI: InitD3DDevice
[2015.07.19-18.07.03:425][722]LogD3D11RHI: InitD3DDevice
[2015.07.19-18.07.15:241][135]LogD3D11RHI: InitD3DDevice
[2015.07.19-18.07.32:346][154]LogD3D11RHI: InitD3DDevice
[2015.07.19-18.07.32:678][192]LogD3D11RHI: InitD3DDevice
[2015.07.19-18.07.33:588][298]LogD3D11RHI: InitD3DDevice
[2015.07.19-18.07.33:992][345]LogD3D11RHI: InitD3DDevice
[2015.07.19-18.07.35:638][541]LogD3D11RHI: InitD3DDevice
[2015.07.19-18.07.35:678][541]LogD3D11RHI: InitD3DDevice
[2015.07.19-18.07.56:773][ 95]LogD3D11RHI: InitD3DDevice
[2015.07.19-18.08.01:845][670]LogD3D11RHI: InitD3DDevice
[2015.07.19-18.08.14:306][158]BlueprintLog: New page: Compile BP_Lighting
[2015.07.19-18.08.14:360][158]LogParticles: Destroying 0 GPU particle simulations for FXSystem 0x000000000FB79580
[2015.07.19-18.08.14:383][158]BlueprintEditorCompileResults: Info [0274.19] Compile of BP_Lighting successful! [in 76 ms]
[2015.07.19-18.08.15:092][242]LogD3D11RHI: InitD3DDevice
[2015.07.19-18.08.24:157][322]LogD3D11RHI: InitD3DDevice
[2015.07.19-18.08.31:392][184]LogD3D11RHI: InitD3DDevice
[2015.07.19-18.08.44:243][714]LogD3D11RHI: InitD3DDevice
[2015.07.19-18.08.45:837][904]LogD3D11RHI: InitD3DDevice
[2015.07.19-18.08.46:116][937]LogD3D11RHI: InitD3DDevice
[2015.07.19-18.08.51:175][540]BlueprintLog: New page: Compile BP_Lighting
[2015.07.19-18.08.51:250][540]BlueprintEditorCompileResults: Info [0311.05] Compile of BP_Lighting successful! [in 75 ms]
[2015.07.19-18.09.00:396][529]LogD3D11RHI: InitD3DDevice
[2015.07.19-18.09.01:955][709]LogEditorViewport: Clicking on Actor (LMB): StaticMeshActor (Floor)
[2015.07.19-18.09.02:586][775]LogD3D11RHI: InitD3DDevice
[2015.07.19-18.09.04:826][956]LogD3D11RHI: InitD3DDevice
[2015.07.19-18.09.06:902][956]LogActorComponent: UnregisterComponent: (/Engine/Transient.EditorFloorComp) Not registered. Aborting.
[2015.07.19-18.09.06:947][956]LogActorComponent: UnregisterComponent: (/Engine/Transient.EditorFloorComp) Not registered. Aborting.
[2015.07.19-18.09.06:984][956]LogD3D11RHI: InitD3DDevice
[2015.07.19-18.09.15:711][956]LogObjectTools:Warning: ForceReplaceReferences replaced references for a transient object 'DEADCLASS_Light_Source_Blueprint_C_1' or package '/Engine/Transient'.
[2015.07.19-18.09.15:711][956]LogObjectTools:Warning: ForceReplaceReferences replaced references for a transient object 'DEADCLASS_Light_Source_Blueprint_C_0' or package '/Engine/Transient'.
[2015.07.19-18.09.15:711][956]LogObjectTools:Warning: ForceReplaceReferences replaced references for a transient object 'REINST_SKEL_Light_Source_Blueprint_C_102' or package '/Engine/Transient'.
[2015.07.19-18.09.15:711][956]LogObjectTools:Warning: ForceReplaceReferences replaced references for a transient object 'REINST_Light_Source_Blueprint_C_101' or package '/Engine/Transient'.
[2015.07.19-18.09.15:803][956]LogParticles: Destroying 0 GPU particle simulations for FXSystem 0x000000002B1002C0
[2015.07.19-18.09.15:804][956]LogParticles: Destroying 0 GPU particle simulations for FXSystem 0x0000000010459940
[2015.07.19-18.10.10:609][251]LogD3D11RHI: InitD3DDevice
[2015.07.19-18.10.14:069][584]Cmd: TRANSACTION UNDO
[2015.07.19-18.10.14:069][584]LogEditorTransaction: Undo Edit Light Color
[2015.07.19-18.10.14:090][584]LogD3D11RHI: InitD3DDevice
[2015.07.19-18.10.48:327][ 90]LogPlayLevel: PIE:  No blueprints needed recompiling
[2015.07.19-18.10.48:341][ 90]PIE: New page: PIE session: DefaultLevel (Jul 19, 2015, 10:10:48 PM)
[2015.07.19-18.10.48:341][ 90]LogPlayLevel: Creating play world package: /Game/Levels/UEDPIE_0_DefaultLevel
[2015.07.19-18.10.48:344][ 90]LogPlayLevel: PIE: StaticDuplicateObject took: (0.003184s)
[2015.07.19-18.10.48:345][ 90]LogAIModule: Creating AISystem for world DefaultLevel
[2015.07.19-18.10.48:346][ 90]LogPlayLevel: PIE: World Init took: (0.000890s)
[2015.07.19-18.10.48:346][ 90]LogPlayLevel: PIE: Created PIE world by copying editor world from /Game/Levels/DefaultLevel.DefaultLevel to /Game/Levels/UEDPIE_0_DefaultLevel.DefaultLevel (0.004449s)
[2015.07.19-18.10.48:375][ 90]LogInit: XAudio2 using '1 - M2762DP (AMD High Definition Audio Device)' : 2 channels at 48 kHz using 16 bits per sample (channel mask 0x3)
[2015.07.19-18.10.48:380][ 90]LogInit: FAudioDevice initialized.
[2015.07.19-18.10.48:440][ 90]LogWorld: Game class is 'GameMode'
[2015.07.19-18.10.48:447][ 90]LogWorld: Bringing World /Game/Levels/UEDPIE_0_DefaultLevel.DefaultLevel up for play (max tick rate 0) at 2015.07.19-20.10.48
[2015.07.19-18.10.48:447][ 90]LogActor:Warning: GameSession /Game/Levels/UEDPIE_0_DefaultLevel.DefaultLevel:PersistentLevel.GameSession_0 has natively added scene component(s), but none of them were set as the actor's RootComponent - picking one arbitrarily
[2015.07.19-18.10.48:448][ 90]LogActor:Warning: GameNetworkManager /Game/Levels/UEDPIE_0_DefaultLevel.DefaultLevel:PersistentLevel.GameNetworkManager_0 has natively added scene component(s), but none of them were set as the actor's RootComponent - picking one arbitrarily
[2015.07.19-18.10.48:448][ 90]LogWorld: Bringing up level for play took: 0.003590
[2015.07.19-18.10.48:452][ 90]PIE: Info Play in editor start time for /Game/Levels/UEDPIE_0_DefaultLevel -0.336
[2015.07.19-18.11.03:206][681]LogParticles: Destroying 0 GPU particle simulations for FXSystem 0x00000000143FD8A0
[2015.07.19-18.11.23:845][606]LogD3D11RHI: InitD3DDevice
[2015.07.19-18.11.24:494][662]LogD3D11RHI: InitD3DDevice
[2015.07.19-18.11.24:606][671]LogD3D11RHI: InitD3DDevice
[2015.07.19-18.11.24:707][678]LogD3D11RHI: InitD3DDevice
[2015.07.19-18.11.24:992][699]LogD3D11RHI: InitD3DDevice
[2015.07.19-18.11.25:021][701]LogD3D11RHI: InitD3DDevice
[2015.07.19-18.11.25:051][703]LogD3D11RHI: InitD3DDevice
[2015.07.19-18.11.28:093][966]LogEditorActor: Deleted Actor: AtmosphericFog
[2015.07.19-18.11.28:121][966]LogEditorActor: Deleted 1 Actors (0.028 secs)
[2015.07.19-18.11.28:875][ 32]LogEditorActor: Deleted Actor: DirectionalLight
[2015.07.19-18.11.28:912][ 32]LogEditorActor: Deleted 1 Actors (0.038 secs)
[2015.07.19-18.11.29:836][124]LogEditorActor: Deleted Actor: SkyLight
[2015.07.19-18.11.29:863][124]LogEditorActor: Deleted 1 Actors (0.027 secs)
[2015.07.19-18.11.30:512][189]LogEditorActor: Deleted Actor: BP_Sky_Sphere_C
[2015.07.19-18.11.30:548][189]LogEditorActor: Deleted 1 Actors (0.037 secs)
[2015.07.19-18.11.36:496][776]LogD3D11RHI: InitD3DDevice
[2015.07.19-18.11.45:343][588]Cmd: TRANSACTION UNDO
[2015.07.19-18.11.45:344][588]LogEditorTransaction: Undo Clicking on Actors
[2015.07.19-18.11.45:353][588]LogD3D11RHI: InitD3DDevice
[2015.07.19-18.11.46:071][646]Cmd: TRANSACTION UNDO
[2015.07.19-18.11.46:071][646]LogEditorTransaction: Undo Delete selection
[2015.07.19-18.11.46:816][716]Cmd: TRANSACTION UNDO
[2015.07.19-18.11.46:816][716]LogEditorTransaction: Undo Clicking on Actors
[2015.07.19-18.12.20:883][919]LogD3D11RHI: InitD3DDevice
[2015.07.19-18.12.20:901][919]LogD3D11RHI: InitD3DDevice
[2015.07.19-18.12.20:924][919]LogLinker:Warning: Asset '../../../Engine/Content/ArtTools/RenderToTexture/Macros/RenderToTextureMacros.uasset' has been saved with empty engine version. The asset will be loaded but may be incompatible.
[2015.07.19-18.12.20:928][919]LogLinker:Warning: Asset '../../../Engine/Content/ArtTools/RenderToTexture/Enums/RenderToTexture_Enum.uasset' has been saved with empty engine version. The asset will be loaded but may be incompatible.
[2015.07.19-18.12.55:494][445]LogEditorActor: Deleted Actor: BP_Lighting_C
[2015.07.19-18.12.55:532][445]LogEditorActor: Deleted 1 Actors (0.038 secs)
[2015.07.19-18.13.04:489][395]LogD3D11RHI: InitD3DDevice
[2015.07.19-18.13.54:466][111]LogD3D11RHI: InitD3DDevice
[2015.07.19-18.14.19:093][100]LogD3D11RHI: InitD3DDevice
[2015.07.19-18.14.24:929][682]LogD3D11RHI: InitD3DDevice
[2015.07.19-18.14.29:431][160]LogD3D11RHI: InitD3DDevice
[2015.07.19-18.14.31:838][417]LogD3D11RHI: InitD3DDevice
[2015.07.19-18.14.36:922][962]Cmd: TRANSACTION UNDO
[2015.07.19-18.14.36:922][962]LogEditorTransaction: Undo Clicking on Component (tree view)
[2015.07.19-18.14.36:932][962]LogD3D11RHI: InitD3DDevice
[2015.07.19-18.14.37:340][996]Cmd: TRANSACTION UNDO
[2015.07.19-18.14.37:340][996]LogEditorTransaction: Undo Clicking on Component (tree view)
[2015.07.19-18.14.37:736][ 34]Cmd: TRANSACTION UNDO
[2015.07.19-18.14.37:736][ 34]LogEditorTransaction: Undo Clicking on Component (tree view)
[2015.07.19-18.14.38:221][ 86]Cmd: TRANSACTION UNDO
[2015.07.19-18.14.38:221][ 86]LogEditorTransaction: Undo Clicking on Component (tree view)
[2015.07.19-18.14.38:623][129]Cmd: TRANSACTION UNDO
[2015.07.19-18.14.38:623][129]LogEditorTransaction: Undo Edit Refresh Material
[2015.07.19-18.14.38:632][129]LogActorComponent: ~FComponentReregisterContext: (/Game/Levels/DefaultLevel.DefaultLevel:PersistentLevel.SkySphere.DirectionalLight) Component already registered.
[2015.07.19-18.14.38:898][158]Cmd: TRANSACTION UNDO
[2015.07.19-18.14.38:898][158]LogEditorTransaction: Undo Edit Refresh Material
[2015.07.19-18.14.38:908][158]LogActorComponent: ~FComponentReregisterContext: (/Game/Levels/DefaultLevel.DefaultLevel:PersistentLevel.SkySphere.DirectionalLight) Component already registered.
[2015.07.19-18.14.39:131][183]Cmd: TRANSACTION UNDO
[2015.07.19-18.14.39:131][183]LogEditorTransaction: Undo Clicking on Component (tree view)
[2015.07.19-18.14.39:379][209]Cmd: TRANSACTION UNDO
[2015.07.19-18.14.39:379][209]LogEditorTransaction: Undo Rotate Components
[2015.07.19-18.14.39:624][235]Cmd: TRANSACTION UNDO
[2015.07.19-18.14.39:624][235]LogEditorTransaction: Undo Clicking on Component (tree view)
[2015.07.19-18.14.39:971][272]Cmd: TRANSACTION UNDO
[2015.07.19-18.14.39:971][272]LogEditorTransaction: Undo Edit Refresh Material
[2015.07.19-18.14.39:981][272]LogActorComponent: ~FComponentReregisterContext: (/Game/Levels/DefaultLevel.DefaultLevel:PersistentLevel.SkySphere.DirectionalLight) Component already registered.
[2015.07.19-18.14.40:225][299]Cmd: TRANSACTION UNDO
[2015.07.19-18.14.40:225][299]LogEditorTransaction: Undo Edit Refresh Material
[2015.07.19-18.14.40:235][299]LogActorComponent: ~FComponentReregisterContext: (/Game/Levels/DefaultLevel.DefaultLevel:PersistentLevel.SkySphere.DirectionalLight) Component already registered.
[2015.07.19-18.14.40:447][323]Cmd: TRANSACTION UNDO
[2015.07.19-18.14.40:447][323]LogEditorTransaction: Undo Edit Refresh Material
[2015.07.19-18.14.40:457][323]LogActorComponent: ~FComponentReregisterContext: (/Game/Levels/DefaultLevel.DefaultLevel:PersistentLevel.SkySphere.DirectionalLight) Component already registered.
[2015.07.19-18.14.40:677][348]Cmd: TRANSACTION UNDO
[2015.07.19-18.14.40:677][348]LogEditorTransaction: Undo Clicking on Component (tree view)
[2015.07.19-18.14.40:877][369]Cmd: TRANSACTION UNDO
[2015.07.19-18.14.40:877][369]LogEditorTransaction: Undo Clicking on Component (tree view)
[2015.07.19-18.14.41:062][389]Cmd: TRANSACTION UNDO
[2015.07.19-18.14.41:062][389]LogEditorTransaction: Undo Rotate Components
[2015.07.19-18.14.41:260][410]Cmd: TRANSACTION UNDO
[2015.07.19-18.14.41:260][410]LogEditorTransaction: Undo Add Component
[2015.07.19-18.14.41:466][432]Cmd: TRANSACTION UNDO
[2015.07.19-18.14.41:466][432]LogEditorTransaction: Undo Clicking on Actors
[2015.07.19-18.14.41:686][458]Cmd: TRANSACTION UNDO
[2015.07.19-18.14.41:686][458]LogEditorTransaction: Undo Delete selection
[2015.07.19-18.14.41:989][487]Cmd: TRANSACTION UNDO
[2015.07.19-18.14.41:989][487]LogEditorTransaction: Undo Clicking on Actors
[2015.07.19-18.14.42:289][514]Cmd: TRANSACTION UNDO
[2015.07.19-18.14.42:289][514]LogEditorTransaction: Undo Clicking on Actors
[2015.07.19-18.14.42:534][536]Cmd: TRANSACTION UNDO
[2015.07.19-18.14.42:534][536]LogEditorTransaction: Undo Move Actors
[2015.07.19-18.14.42:791][559]Cmd: TRANSACTION UNDO
[2015.07.19-18.14.42:791][559]LogEditorTransaction: Undo Move Actors
[2015.07.19-18.14.43:034][581]Cmd: TRANSACTION UNDO
[2015.07.19-18.14.43:034][581]LogEditorTransaction: Undo Clicking on Actors
[2015.07.19-18.14.43:245][599]Cmd: TRANSACTION UNDO
[2015.07.19-18.14.43:245][599]LogEditorTransaction: Undo Clicking on Component (tree view)
[2015.07.19-18.14.43:478][619]Cmd: TRANSACTION UNDO
[2015.07.19-18.14.43:478][619]LogEditorTransaction: Undo Clicking on Component (tree view)
[2015.07.19-18.14.43:703][641]Cmd: TRANSACTION UNDO
[2015.07.19-18.14.43:703][641]LogEditorTransaction: Undo Clicking on Component (tree view)
[2015.07.19-18.14.43:997][671]Cmd: TRANSACTION UNDO
[2015.07.19-18.14.43:997][671]LogEditorTransaction: Undo Clicking on Actors
[2015.07.19-18.14.44:206][692]Cmd: TRANSACTION UNDO
[2015.07.19-18.14.44:206][692]LogEditorTransaction: Undo Delete selection
[2015.07.19-18.14.44:438][713]Cmd: TRANSACTION UNDO
[2015.07.19-18.14.44:438][713]LogEditorTransaction: Undo Clicking on Actors
[2015.07.19-18.14.44:714][741]Cmd: TRANSACTION UNDO
[2015.07.19-18.14.44:714][741]LogEditorTransaction: Undo Delete selection
[2015.07.19-18.14.44:923][759]Cmd: TRANSACTION UNDO
[2015.07.19-18.14.44:923][759]LogEditorTransaction: Undo Clicking on Actors
[2015.07.19-18.14.45:425][804]Cmd: TRANSACTION UNDO
[2015.07.19-18.14.45:425][804]LogEditorTransaction: Undo Delete selection
[2015.07.19-18.14.47:821][ 17]LogEditorActor: Deleted Actor: BP_Lighting_C
[2015.07.19-18.14.47:859][ 17]LogEditorActor: Deleted 1 Actors (0.038 secs)
[2015.07.19-18.14.49:977][211]LogD3D11RHI: InitD3DDevice
[2015.07.19-18.14.51:335][211]LogD3D11RHI: InitD3DDevice
[2015.07.19-18.14.51:365][211]LogD3D11RHI: InitD3DDevice
[2015.07.19-18.14.51:389][211]LogParticles: Destroying 0 GPU particle simulations for FXSystem 0x000000002D448D60
[2015.07.19-18.15.32:809][495]LogD3D11RHI: InitD3DDevice
[2015.07.19-18.15.58:516][161]LogPlayLevel: PIE:  No blueprints needed recompiling
[2015.07.19-18.15.58:516][161]PIE: New page: PIE session: DefaultLevel (Jul 19, 2015, 10:15:58 PM)
[2015.07.19-18.15.58:516][161]LogPlayLevel: Creating play world package: /Game/Levels/UEDPIE_0_DefaultLevel
[2015.07.19-18.15.58:519][161]LogPlayLevel: PIE: StaticDuplicateObject took: (0.002447s)
[2015.07.19-18.15.58:519][161]LogAIModule: Creating AISystem for world DefaultLevel
[2015.07.19-18.15.58:519][161]LogPlayLevel: PIE: World Init took: (0.000835s)
[2015.07.19-18.15.58:519][161]LogPlayLevel: PIE: Created PIE world by copying editor world from /Game/Levels/DefaultLevel.DefaultLevel to /Game/Levels/UEDPIE_0_DefaultLevel.DefaultLevel (0.003431s)
[2015.07.19-18.15.58:546][161]LogInit: XAudio2 using '1 - M2762DP (AMD High Definition Audio Device)' : 2 channels at 48 kHz using 16 bits per sample (channel mask 0x3)
[2015.07.19-18.15.58:551][161]LogInit: FAudioDevice initialized.
[2015.07.19-18.15.58:581][161]LogWorld: Game class is 'GameMode'
[2015.07.19-18.15.58:585][161]LogWorld: Bringing World /Game/Levels/UEDPIE_0_DefaultLevel.DefaultLevel up for play (max tick rate 0) at 2015.07.19-20.15.58
[2015.07.19-18.15.58:585][161]LogActor:Warning: GameSession /Game/Levels/UEDPIE_0_DefaultLevel.DefaultLevel:PersistentLevel.GameSession_1 has natively added scene component(s), but none of them were set as the actor's RootComponent - picking one arbitrarily
[2015.07.19-18.15.58:585][161]LogActor:Warning: GameNetworkManager /Game/Levels/UEDPIE_0_DefaultLevel.DefaultLevel:PersistentLevel.GameNetworkManager_1 has natively added scene component(s), but none of them were set as the actor's RootComponent - picking one arbitrarily
[2015.07.19-18.15.58:586][161]LogWorld: Bringing up level for play took: 0.002926
[2015.07.19-18.15.58:587][161]PIE: Info Play in editor start time for /Game/Levels/UEDPIE_0_DefaultLevel -0.204
[2015.07.19-18.16.10:269][515]LogParticles: Destroying 0 GPU particle simulations for FXSystem 0x000000000FB293A0
[2015.07.19-18.17.42:344][ 54]LogD3D11RHI: InitD3DDevice
[2015.07.19-18.17.43:254][148]LogD3D11RHI: InitD3DDevice
[2015.07.19-18.17.44:114][224]LogD3D11RHI: InitD3DDevice
[2015.07.19-18.17.49:477][848]LogD3D11RHI: InitD3DDevice
[2015.07.19-18.17.49:983][897]LogD3D11RHI: InitD3DDevice
[2015.07.19-18.17.54:702][226]LogD3D11RHI: InitD3DDevice
[2015.07.19-18.17.59:614][716]LogD3D11RHI: InitD3DDevice
[2015.07.19-18.18.00:025][752]LogD3D11RHI: InitD3DDevice
[2015.07.19-18.18.17:463][560]LogD3D11RHI: InitD3DDevice
[2015.07.19-18.18.22:640][ 86]LogParticles: Destroying 0 GPU particle simulations for FXSystem 0x000000002F2B7100
[2015.07.19-18.18.22:680][ 86]LogD3D11RHI: InitD3DDevice
[2015.07.19-18.18.27:619][579]LogD3D11RHI: InitD3DDevice
[2015.07.19-18.18.56:441][796]LogD3D11RHI: InitD3DDevice
[2015.07.19-18.19.11:728][617]BlueprintLog: New page: Compile DirectionalLight_Blueprint
[2015.07.19-18.19.11:827][617]BlueprintEditorCompileResults: Info [0931.62] Compile of DirectionalLight_Blueprint successful! [in 99 ms]
[2015.07.19-18.19.26:974][196]LogD3D11RHI: InitD3DDevice
[2015.07.19-18.19.27:309][236]LogD3D11RHI: InitD3DDevice
[2015.07.19-18.19.31:615][749]LogD3D11RHI: InitD3DDevice
[2015.07.19-18.19.31:889][777]LogD3D11RHI: InitD3DDevice
[2015.07.19-18.19.45:975][459]LogD3D11RHI: InitD3DDevice
[2015.07.19-18.19.46:303][494]LogD3D11RHI: InitD3DDevice
[2015.07.19-18.19.51:137][ 69]LogD3D11RHI: InitD3DDevice
[2015.07.19-18.19.57:466][828]BlueprintLog: New page: Compile DirectionalLight_Blueprint
[2015.07.19-18.19.57:475][828]LogScript:Warning: Accessed None 'Directional light actor'
	BP_Sky_Sphere_C /Game/Levels/DefaultLevel.DefaultLevel:PersistentLevel.SkySphere
	Function /Engine/EngineSky/BP_Sky_Sphere.BP_Sky_Sphere_C:UpdateSunDirection:0016
[2015.07.19-18.19.57:475][828]LogScript:Warning: Accessed None 'Directional light actor'
	BP_Sky_Sphere_C /Game/Levels/DefaultLevel.DefaultLevel:PersistentLevel.SkySphere
	Function /Engine/EngineSky/BP_Sky_Sphere.BP_Sky_Sphere_C:UpdateSunDirection:0103
[2015.07.19-18.19.57:475][828]LogScript:Warning: Accessed None
	BP_Sky_Sphere_C /Game/Levels/DefaultLevel.DefaultLevel:PersistentLevel.SkySphere
	Function /Engine/EngineSky/BP_Sky_Sphere.BP_Sky_Sphere_C:UpdateSunDirection:0119
[2015.07.19-18.19.57:475][828]LogScript:Warning: Accessed None 'Directional light actor'
	BP_Sky_Sphere_C /Game/Levels/DefaultLevel.DefaultLevel:PersistentLevel.SkySphere
	Function /Engine/EngineSky/BP_Sky_Sphere.BP_Sky_Sphere_C:UpdateSunDirection:017D
[2015.07.19-18.19.57:532][828]LogScript:Warning: Accessed None 'Directional light actor'
	BP_Sky_Sphere_C /Game/Levels/DefaultLevel.DefaultLevel:PersistentLevel.SkySphere
	Function /Engine/EngineSky/BP_Sky_Sphere.BP_Sky_Sphere_C:UpdateSunDirection:0016
[2015.07.19-18.19.57:532][828]LogScript:Warning: Accessed None 'Directional light actor'
	BP_Sky_Sphere_C /Game/Levels/DefaultLevel.DefaultLevel:PersistentLevel.SkySphere
	Function /Engine/EngineSky/BP_Sky_Sphere.BP_Sky_Sphere_C:UpdateSunDirection:0103
[2015.07.19-18.19.57:532][828]LogScript:Warning: Accessed None
	BP_Sky_Sphere_C /Game/Levels/DefaultLevel.DefaultLevel:PersistentLevel.SkySphere
	Function /Engine/EngineSky/BP_Sky_Sphere.BP_Sky_Sphere_C:UpdateSunDirection:0119
[2015.07.19-18.19.57:532][828]LogScript:Warning: Accessed None 'Directional light actor'
	BP_Sky_Sphere_C /Game/Levels/DefaultLevel.DefaultLevel:PersistentLevel.SkySphere
	Function /Engine/EngineSky/BP_Sky_Sphere.BP_Sky_Sphere_C:UpdateSunDirection:017D
[2015.07.19-18.19.57:541][828]BlueprintEditorCompileResults: Info [0977.34] Compile of DirectionalLight_Blueprint successful! [in 75 ms]
[2015.07.19-18.20.03:815][517]LogScript:Warning: Accessed None 'Directional light actor'
	BP_Sky_Sphere_C /Game/Levels/DefaultLevel.DefaultLevel:PersistentLevel.SkySphere
	Function /Engine/EngineSky/BP_Sky_Sphere.BP_Sky_Sphere_C:UpdateSunDirection:0016
[2015.07.19-18.20.03:815][517]LogScript:Warning: Accessed None 'Directional light actor'
	BP_Sky_Sphere_C /Game/Levels/DefaultLevel.DefaultLevel:PersistentLevel.SkySphere
	Function /Engine/EngineSky/BP_Sky_Sphere.BP_Sky_Sphere_C:UpdateSunDirection:0103
[2015.07.19-18.20.03:815][517]LogScript:Warning: Accessed None
	BP_Sky_Sphere_C /Game/Levels/DefaultLevel.DefaultLevel:PersistentLevel.SkySphere
	Function /Engine/EngineSky/BP_Sky_Sphere.BP_Sky_Sphere_C:UpdateSunDirection:0119
[2015.07.19-18.20.03:815][517]LogScript:Warning: Accessed None 'Directional light actor'
	BP_Sky_Sphere_C /Game/Levels/DefaultLevel.DefaultLevel:PersistentLevel.SkySphere
	Function /Engine/EngineSky/BP_Sky_Sphere.BP_Sky_Sphere_C:UpdateSunDirection:017D
[2015.07.19-18.20.03:885][525]LogScript:Warning: Accessed None 'Directional light actor'
	BP_Sky_Sphere_C /Game/Levels/DefaultLevel.DefaultLevel:PersistentLevel.SkySphere
	Function /Engine/EngineSky/BP_Sky_Sphere.BP_Sky_Sphere_C:UpdateSunDirection:0016
[2015.07.19-18.20.03:885][525]LogScript:Warning: Accessed None 'Directional light actor'
	BP_Sky_Sphere_C /Game/Levels/DefaultLevel.DefaultLevel:PersistentLevel.SkySphere
	Function /Engine/EngineSky/BP_Sky_Sphere.BP_Sky_Sphere_C:UpdateSunDirection:0103
[2015.07.19-18.20.03:885][525]LogScript:Warning: Accessed None
	BP_Sky_Sphere_C /Game/Levels/DefaultLevel.DefaultLevel:PersistentLevel.SkySphere
	Function /Engine/EngineSky/BP_Sky_Sphere.BP_Sky_Sphere_C:UpdateSunDirection:0119
[2015.07.19-18.20.03:885][525]LogScript:Warning: Accessed None 'Directional light actor'
	BP_Sky_Sphere_C /Game/Levels/DefaultLevel.DefaultLevel:PersistentLevel.SkySphere
	Function /Engine/EngineSky/BP_Sky_Sphere.BP_Sky_Sphere_C:UpdateSunDirection:017D
[2015.07.19-18.20.03:965][534]LogScript:Warning: Accessed None 'Directional light actor'
	BP_Sky_Sphere_C /Game/Levels/DefaultLevel.DefaultLevel:PersistentLevel.SkySphere
	Function /Engine/EngineSky/BP_Sky_Sphere.BP_Sky_Sphere_C:UpdateSunDirection:0016
[2015.07.19-18.21.44:052][884]LogPlayLevel: PIE:  No blueprints needed recompiling
[2015.07.19-18.21.44:053][884]PIE: New page: PIE session: DefaultLevel (Jul 19, 2015, 10:21:44 PM)
[2015.07.19-18.21.44:053][884]LogPlayLevel: Creating play world package: /Game/Levels/UEDPIE_0_DefaultLevel
[2015.07.19-18.21.44:056][884]LogPlayLevel: PIE: StaticDuplicateObject took: (0.002801s)
[2015.07.19-18.21.44:056][884]LogAIModule: Creating AISystem for world DefaultLevel
[2015.07.19-18.21.44:057][884]LogPlayLevel: PIE: World Init took: (0.000950s)
[2015.07.19-18.21.44:057][884]LogPlayLevel: PIE: Created PIE world by copying editor world from /Game/Levels/DefaultLevel.DefaultLevel to /Game/Levels/UEDPIE_0_DefaultLevel.DefaultLevel (0.003896s)
[2015.07.19-18.21.44:084][884]LogInit: XAudio2 using '1 - M2762DP (AMD High Definition Audio Device)' : 2 channels at 48 kHz using 16 bits per sample (channel mask 0x3)
[2015.07.19-18.21.44:089][884]LogInit: FAudioDevice initialized.
[2015.07.19-18.21.44:118][884]LogWorld: Game class is 'GameMode'
[2015.07.19-18.21.44:122][884]LogWorld: Bringing World /Game/Levels/UEDPIE_0_DefaultLevel.DefaultLevel up for play (max tick rate 0) at 2015.07.19-20.21.44
[2015.07.19-18.21.44:122][884]LogActor:Warning: GameSession /Game/Levels/UEDPIE_0_DefaultLevel.DefaultLevel:PersistentLevel.GameSession_2 has natively added scene component(s), but none of them were set as the actor's RootComponent - picking one arbitrarily
[2015.07.19-18.21.44:122][884]LogActor:Warning: GameNetworkManager /Game/Levels/UEDPIE_0_DefaultLevel.DefaultLevel:PersistentLevel.GameNetworkManager_2 has natively added scene component(s), but none of them were set as the actor's RootComponent - picking one arbitrarily
[2015.07.19-18.21.44:122][884]LogWorld: Bringing up level for play took: 0.002959
[2015.07.19-18.21.44:124][884]PIE: Info Play in editor start time for /Game/Levels/UEDPIE_0_DefaultLevel -0.672
[2015.07.19-18.21.53:413][962]LogParticles: Destroying 0 GPU particle simulations for FXSystem 0x000000002B2EAD40
[2015.07.19-18.22.58:342][392]LogD3D11RHI: InitD3DDevice
[2015.07.19-18.23.02:609][890]Cmd: TRANSACTION UNDO
[2015.07.19-18.23.02:609][890]LogEditorTransaction: Undo Edit Zenith Color
[2015.07.19-18.23.02:613][890]LogD3D11RHI: InitD3DDevice
[2015.07.19-18.24.03:405][161]LogPlayLevel: PIE:  No blueprints needed recompiling
[2015.07.19-18.24.03:405][161]PIE: New page: PIE session: DefaultLevel (Jul 19, 2015, 10:24:03 PM)
[2015.07.19-18.24.03:405][161]LogPlayLevel: Creating play world package: /Game/Levels/UEDPIE_0_DefaultLevel
[2015.07.19-18.24.03:408][161]LogPlayLevel: PIE: StaticDuplicateObject took: (0.002858s)
[2015.07.19-18.24.03:408][161]LogAIModule: Creating AISystem for world DefaultLevel
[2015.07.19-18.24.03:409][161]LogPlayLevel: PIE: World Init took: (0.000895s)
[2015.07.19-18.24.03:409][161]LogPlayLevel: PIE: Created PIE world by copying editor world from /Game/Levels/DefaultLevel.DefaultLevel to /Game/Levels/UEDPIE_0_DefaultLevel.DefaultLevel (0.003886s)
[2015.07.19-18.24.03:463][161]LogInit: XAudio2 using '1 - M2762DP (AMD High Definition Audio Device)' : 2 channels at 48 kHz using 16 bits per sample (channel mask 0x3)
[2015.07.19-18.24.03:468][161]LogInit: FAudioDevice initialized.
[2015.07.19-18.24.03:497][161]LogWorld: Game class is 'GameMode'
[2015.07.19-18.24.03:501][161]LogWorld: Bringing World /Game/Levels/UEDPIE_0_DefaultLevel.DefaultLevel up for play (max tick rate 0) at 2015.07.19-20.24.03
[2015.07.19-18.24.03:501][161]LogActor:Warning: GameSession /Game/Levels/UEDPIE_0_DefaultLevel.DefaultLevel:PersistentLevel.GameSession_3 has natively added scene component(s), but none of them were set as the actor's RootComponent - picking one arbitrarily
[2015.07.19-18.24.03:501][161]LogActor:Warning: GameNetworkManager /Game/Levels/UEDPIE_0_DefaultLevel.DefaultLevel:PersistentLevel.GameNetworkManager_3 has natively added scene component(s), but none of them were set as the actor's RootComponent - picking one arbitrarily
[2015.07.19-18.24.03:501][161]LogWorld: Bringing up level for play took: 0.002963
[2015.07.19-18.24.03:503][161]PIE: Info Play in editor start time for /Game/Levels/UEDPIE_0_DefaultLevel 0.705
[2015.07.19-18.24.19:397][964]LogParticles: Destroying 0 GPU particle simulations for FXSystem 0x00000000603E8D60
[2015.07.19-18.24.20:409][ 58]LogD3D11RHI: InitD3DDevice
[2015.07.19-18.24.26:308][614]LogPlayLevel: PIE:  No blueprints needed recompiling
[2015.07.19-18.24.26:308][614]PIE: New page: SIE session: DefaultLevel (Jul 19, 2015, 10:24:26 PM)
[2015.07.19-18.24.26:309][614]LogPlayLevel: Creating play world package: /Game/Levels/UEDPIE_0_DefaultLevel
[2015.07.19-18.24.26:311][614]LogPlayLevel: PIE: StaticDuplicateObject took: (0.002778s)
[2015.07.19-18.24.26:312][614]LogAIModule: Creating AISystem for world DefaultLevel
[2015.07.19-18.24.26:312][614]LogPlayLevel: PIE: World Init took: (0.000877s)
[2015.07.19-18.24.26:312][614]LogPlayLevel: PIE: Created PIE world by copying editor world from /Game/Levels/DefaultLevel.DefaultLevel to /Game/Levels/UEDPIE_0_DefaultLevel.DefaultLevel (0.003796s)
[2015.07.19-18.24.26:339][614]LogInit: XAudio2 using '1 - M2762DP (AMD High Definition Audio Device)' : 2 channels at 48 kHz using 16 bits per sample (channel mask 0x3)
[2015.07.19-18.24.26:345][614]LogInit: FAudioDevice initialized.
[2015.07.19-18.24.26:373][614]LogWorld: Game class is 'GameMode'
[2015.07.19-18.24.26:377][614]LogWorld: Bringing World /Game/Levels/UEDPIE_0_DefaultLevel.DefaultLevel up for play (max tick rate 0) at 2015.07.19-20.24.26
[2015.07.19-18.24.26:377][614]LogActor:Warning: GameSession /Game/Levels/UEDPIE_0_DefaultLevel.DefaultLevel:PersistentLevel.GameSession_4 has natively added scene component(s), but none of them were set as the actor's RootComponent - picking one arbitrarily
[2015.07.19-18.24.26:377][614]LogActor:Warning: GameNetworkManager /Game/Levels/UEDPIE_0_DefaultLevel.DefaultLevel:PersistentLevel.GameNetworkManager_4 has natively added scene component(s), but none of them were set as the actor's RootComponent - picking one arbitrarily
[2015.07.19-18.24.26:377][614]LogWorld: Bringing up level for play took: 0.002840
[2015.07.19-18.24.26:378][614]PIE: Info Play in editor start time for /Game/Levels/UEDPIE_0_DefaultLevel -0.419
[2015.07.19-18.24.26:952][653]LogEditorViewport: Clicking on Actor (LMB): BP_Sky_Sphere_C (Sky Sphere)
[2015.07.19-18.24.26:952][653]LogSelection:Warning: PIE object was selected: "BP_Sky_Sphere_C /Game/Levels/UEDPIE_0_DefaultLevel.DefaultLevel:PersistentLevel.SkySphere"
[2015.07.19-18.24.27:630][697]LogEditorViewport: Clicking on Actor (context menu): BP_Sky_Sphere_C (Sky Sphere)
[2015.07.19-18.24.27:640][697]LogD3D11RHI: InitD3DDevice
[2015.07.19-18.24.30:072][851]LogParticles: Destroying 0 GPU particle simulations for FXSystem 0x000000002EB9BE20
[2015.07.19-18.24.30:919][938]LogD3D11RHI: InitD3DDevice
[2015.07.19-18.24.31:808][ 42]LogPlayLevel: PIE:  No blueprints needed recompiling
[2015.07.19-18.24.31:808][ 42]PIE: New page: PIE session: DefaultLevel (Jul 19, 2015, 10:24:31 PM)
[2015.07.19-18.24.31:809][ 42]LogPlayLevel: Creating play world package: /Game/Levels/UEDPIE_0_DefaultLevel
[2015.07.19-18.24.31:811][ 42]LogPlayLevel: PIE: StaticDuplicateObject took: (0.002778s)
[2015.07.19-18.24.31:812][ 42]LogAIModule: Creating AISystem for world DefaultLevel
[2015.07.19-18.24.31:812][ 42]LogPlayLevel: PIE: World Init took: (0.001032s)
[2015.07.19-18.24.31:813][ 42]LogPlayLevel: PIE: Created PIE world by copying editor world from /Game/Levels/DefaultLevel.DefaultLevel to /Game/Levels/UEDPIE_0_DefaultLevel.DefaultLevel (0.003983s)
[2015.07.19-18.24.31:840][ 42]LogInit: XAudio2 using '1 - M2762DP (AMD High Definition Audio Device)' : 2 channels at 48 kHz using 16 bits per sample (channel mask 0x3)
[2015.07.19-18.24.31:845][ 42]LogInit: FAudioDevice initialized.
[2015.07.19-18.24.31:874][ 42]LogWorld: Game class is 'GameMode'
[2015.07.19-18.24.31:878][ 42]LogWorld: Bringing World /Game/Levels/UEDPIE_0_DefaultLevel.DefaultLevel up for play (max tick rate 0) at 2015.07.19-20.24.31
[2015.07.19-18.24.31:878][ 42]LogActor:Warning: GameSession /Game/Levels/UEDPIE_0_DefaultLevel.DefaultLevel:PersistentLevel.GameSession_5 has natively added scene component(s), but none of them were set as the actor's RootComponent - picking one arbitrarily
[2015.07.19-18.24.31:878][ 42]LogActor:Warning: GameNetworkManager /Game/Levels/UEDPIE_0_DefaultLevel.DefaultLevel:PersistentLevel.GameNetworkManager_5 has natively added scene component(s), but none of them were set as the actor's RootComponent - picking one arbitrarily
[2015.07.19-18.24.31:878][ 42]LogWorld: Bringing up level for play took: 0.002995
[2015.07.19-18.24.31:880][ 42]PIE: Info Play in editor start time for /Game/Levels/UEDPIE_0_DefaultLevel -0.919
[2015.07.19-18.24.44:799][566]LogParticles: Destroying 0 GPU particle simulations for FXSystem 0x000000005FFBBBA0
[2015.07.19-18.24.47:060][776]LogPlayLevel: PIE:  No blueprints needed recompiling
[2015.07.19-18.24.47:060][776]PIE: New page: PIE session: DefaultLevel (Jul 19, 2015, 10:24:47 PM)
[2015.07.19-18.24.47:061][776]LogPlayLevel: Creating play world package: /Game/Levels/UEDPIE_0_DefaultLevel
[2015.07.19-18.24.47:063][776]LogPlayLevel: PIE: StaticDuplicateObject took: (0.002639s)
[2015.07.19-18.24.47:064][776]LogAIModule: Creating AISystem for world DefaultLevel
[2015.07.19-18.24.47:064][776]LogPlayLevel: PIE: World Init took: (0.000825s)
[2015.07.19-18.24.47:064][776]LogPlayLevel: PIE: Created PIE world by copying editor world from /Game/Levels/DefaultLevel.DefaultLevel to /Game/Levels/UEDPIE_0_DefaultLevel.DefaultLevel (0.003609s)
[2015.07.19-18.24.47:091][776]LogInit: XAudio2 using '1 - M2762DP (AMD High Definition Audio Device)' : 2 channels at 48 kHz using 16 bits per sample (channel mask 0x3)
[2015.07.19-18.24.47:096][776]LogInit: FAudioDevice initialized.
[2015.07.19-18.24.47:123][776]LogWorld: Game class is 'GameMode'
[2015.07.19-18.24.47:127][776]LogWorld: Bringing World /Game/Levels/UEDPIE_0_DefaultLevel.DefaultLevel up for play (max tick rate 0) at 2015.07.19-20.24.47
[2015.07.19-18.24.47:127][776]LogActor:Warning: GameSession /Game/Levels/UEDPIE_0_DefaultLevel.DefaultLevel:PersistentLevel.GameSession_6 has natively added scene component(s), but none of them were set as the actor's RootComponent - picking one arbitrarily
[2015.07.19-18.24.47:127][776]LogActor:Warning: GameNetworkManager /Game/Levels/UEDPIE_0_DefaultLevel.DefaultLevel:PersistentLevel.GameNetworkManager_6 has natively added scene component(s), but none of them were set as the actor's RootComponent - picking one arbitrarily
[2015.07.19-18.24.47:128][776]LogWorld: Bringing up level for play took: 0.002923
[2015.07.19-18.24.47:129][776]PIE: Info Play in editor start time for /Game/Levels/UEDPIE_0_DefaultLevel 0.33
[2015.07.19-18.24.49:628][ 54]LogParticles: Destroying 0 GPU particle simulations for FXSystem 0x00000000353254E0
[2015.07.19-18.24.53:150][390]LogD3D11RHI: InitD3DDevice
[2015.07.19-18.24.58:421][904]LogCrashTracker: 


[2015.07.19-18.25.06:896][904]LogCrashTracker: 


[2015.07.19-18.25.06:896][904]LogWindows: === Critical error: ===
Fatal error!

Unhandled Exception: EXCEPTION_ACCESS_VIOLATION reading address 0x00000170

UE4Editor-Engine.dll!SetDecedentMobility() {0x000007fed7b21e20} + 0 bytes [d:\buildfarm\buildmachine_++depot+ue4-releases+4.8\engine\sou
UE4Editor-Engine.dll!UpdateAttachedMobility() {0x000007fed7b2d5d7} + 0 bytes [d:\buildfarm\buildmachine_++depot+ue4-releases+4.8\engine\sou
UE4Editor-Engine.dll!USceneComponent::PostEditChangeChainProperty() {0x000007fed7b1418b} + 0 bytes [d:\buildfarm\buildmachine_++depot+ue4-releases+4.8\engine\sou
UE4Editor-PropertyEditor.dll!FPropertyNode::NotifyPostChange() {0x000007fed17a318e} + 0 bytes [d:\buildfarm\buildmachine_++depot+ue4-releases+4.8\engine\sou
UE4Editor-PropertyEditor.dll!FPropertyValueImpl::ImportText() {0x000007fed1787ef2} + 0 bytes [d:\buildfarm\buildmachine_++depot+ue4-releases+4.8\engine\sou
UE4Editor-PropertyEditor.dll!FPropertyValueImpl::ImportText() {0x000007fed1788474} + 24 bytes [d:\buildfarm\buildmachine_++depot+ue4-releases+4.8\engine\sou
UE4Editor-PropertyEditor.dll!FPropertyHandleByte::SetValue() {0x000007fed17d9c31} + 162 bytes [d:\buildfarm\buildmachine_++depot+ue4-releases+4.8\engine\sou
UE4Editor-DetailCustomizations.dll!FSceneComponentDetails::OnMobilityChanged() {0x000007feccd1df5d} + 0 bytes [d:\buildfarm\buildmachine_++depot+ue4-releases+4.8\engine\sou
UE4Editor-DetailCustomizations.dll!TBaseSPMethodDelegateInstance<0,FSceneComponentDetails,0,TTypeWrapper<void> __cdecl(enum ECheckBoxState),enum EComponentMobility::Type>::Execute() {0x000007fecccd8601} + 40 bytes [d:\buildfarm\buildmachine_++depot+ue4-releases+4.8\engine\sou
UE4Editor-DetailCustomizations.dll!TBaseSPMethodDelegateInstance<0,FSceneComponentDetails,0,void __cdecl(enum ECheckBoxState),enum EComponentMobility::Type>::ExecuteIfSafe() {0x000007fecccdb44d} + 12 bytes [d:\buildfarm\buildmachine_++depot+ue4-releases+4.8\engine\sou
UE4Editor-Slate.dll!SCheckBox::ToggleCheckedState() {0x000007fed66bc688} + 37 bytes [d:\buildfarm\buildmachine_++depot+ue4-releases+4.8\engine\sou
UE4Editor-Slate.dll!SCheckBox::OnMouseButtonUp() {0x000007fed669f9d9} + 0 bytes [d:\buildfarm\buildmachine_++depot+ue4-releases+4.8\engine\sou
UE4Editor-Slate.dll!<lambda_de96dc3471181973108233c6db1f9843>::operator()() {0x000007fed64a4ccc} + 24 bytes [d:\buildfarm\buildmachine_++depot+ue4-releases+4.8\engine\sou
UE4Editor-Slate.dll!FEventRouter::Route<FReply,FEventRouter::FToLeafmostPolicy,FPointerEvent,<lambda_de96dc3471181973108233c6db1f9843> >() {0x000007fed645d167} + 21 bytes [d:\buildfarm\buildmachine_++depot+ue4-releases+4.8\engine\sou
UE4Editor-Slate.dll!FSlateApplication::ProcessMouseButtonUpEvent() {0x000007fed6518617} + 78 bytes [d:\buildfarm\buildmachine_++depot+ue4-releases+4.8\engine\sou
UE4Editor-Slate.dll!FSlateApplication::OnMouseUp() {0x000007fed6505d84} + 16 bytes [d:\buildfarm\buildmachine_++depot+ue4-releases+4.8\engine\sou
UE4Editor-Core.dll!FWindowsApplication::ProcessDeferredMessage() {0x000007feda37d7ad} + 12 bytes [d:\buildfarm\buildmachine_++depot+ue4-releases+4.8\engine\sou
UE4Editor-Core.dll!FWindowsApplication::DeferMessage() {0x000007feda3649d1} + 74 bytes [d:\buildfarm\buildmachine_++depot+ue4-releases+4.8\engine\sou
UE4Editor-Core.dll!FWindowsApplication::ProcessMessage() {0x000007feda37edc3} + 44 bytes [d:\buildfarm\buildmachine_++depot+ue4-releases+4.8\engine\sou
UE4Editor-Core.dll!FWindowsApplication::AppWndProc() {0x000007feda35e5ba} + 0 bytes [d:\buildfarm\buildmachine_++depot+ue4-releases+4.8\engine\sou
USER32.dll {0x0000000076fb9bd1} + 0 bytes
USER32.dll {0x0000000076fb98da} + 0 bytes
UE4Editor-Core.dll!FWindowsPlatformMisc::PumpMessages() {0x000007feda380186} + 48 bytes [d:\buildfarm\buildmachine_++depot+ue4-releases+4.8\engine\sou
UE4Editor.exe!FEngineLoop::Tick() {0x0000000140003c7a} + 8 bytes [d:\buildfarm\buildmachine_++depot+ue4-releases+4.8\engine\sou
UE4Editor.exe!GuardedMain() {0x000000013fff49cc} + 0 bytes [d:\buildfarm\buildmachine_++depot+ue4-releases+4.8\engine\sou
UE4Editor.exe!GuardedMainWrapper() {0x000000013fff4a4a} + 5 bytes [d:\buildfarm\buildmachine_++depot+ue4-releases+4.8\engine\sou
UE4Editor.exe!WinMain() {0x00000001400065c9} + 17 bytes [d:\buildfarm\buildmachine_++depot+ue4-releases+4.8\engine\sou
UE4Editor.exe!__tmainCRTStartup() {0x00000001400075d9} + 21 bytes [f:\dd\vctools\crt\crtw32\dllstuff\crtexe.c:618]
kernel32.dll {0x0000000076e959cd} + 0 bytes
ntdll.dll {0x00000000770cb981} + 0 bytes
ntdll.dll {0x00000000770cb981} + 0 bytes

