[2015.07.01-12.16.15:536][  0]Log file open, 07/01/15 14:16:15
[2015.07.01-12.16.15:536][  0]LogInit:Display: Running engine for game: ProjectNarnia
[2015.07.01-12.16.15:536][  0]LogInit:Display: RandInit(-1353059328) SRandInit(-1353059328).
[2015.07.01-12.16.15:536][  0]LogTaskGraph: Started task graph with 4 named threads and 7 total threads.
[2015.07.01-12.16.15:536][  0]LogStats: Stats thread started
[2015.07.01-12.16.15:536][  0]LogInit: Version: 4.8.1-2591939+++depot+UE4-Releases+4.8
[2015.07.01-12.16.15:536][  0]LogInit: API Version: 2579680
[2015.07.01-12.16.15:536][  0]LogInit: Compiled (64-bit): Jun 18 2015 11:02:04
[2015.07.01-12.16.15:536][  0]LogInit: Compiled with Visual C++: 18.00.21005.01
[2015.07.01-12.16.15:536][  0]LogInit: Build Configuration: Development
[2015.07.01-12.16.15:536][  0]LogInit: Branch Name: ++depot+UE4-Releases+4.8
[2015.07.01-12.16.15:536][  0]LogInit: Command line:  
[2015.07.01-12.16.15:536][  0]LogInit: Base directory: D:/Programme/Epic Games/4.8/Engine/Binaries/Win64/
[2015.07.01-12.16.15:536][  0]LogInit: Rocket: 1
[2015.07.01-12.16.15:546][  0]LogInit: Using libcurl 7.41.0
[2015.07.01-12.16.15:546][  0]LogInit:  - built for x86_64-pc-win32
[2015.07.01-12.16.15:546][  0]LogInit:  - supports SSL with WinSSL
[2015.07.01-12.16.15:546][  0]LogInit:  - other features:
[2015.07.01-12.16.15:546][  0]LogInit:      CURL_VERSION_SSL
[2015.07.01-12.16.15:546][  0]LogInit:      CURL_VERSION_IPV6
[2015.07.01-12.16.15:546][  0]LogInit:      CURL_VERSION_ASYNCHDNS
[2015.07.01-12.16.15:546][  0]LogInit:      CURL_VERSION_LARGEFILE
[2015.07.01-12.16.15:546][  0]LogInit:      CURL_VERSION_IDN
[2015.07.01-12.16.15:546][  0]LogInit:  CurlRequestOptions (configurable via config and command line):
[2015.07.01-12.16.15:546][  0]LogInit:  - bVerifyPeer = true  - Libcurl will verify peer certificate
[2015.07.01-12.16.15:546][  0]LogInit:  - bUseHttpProxy = false  - Libcurl will NOT use HTTP proxy
[2015.07.01-12.16.15:546][  0]LogInit:  - bDontReuseConnections = false  - Libcurl will reuse connections
[2015.07.01-12.16.15:546][  0]LogInit:  - CertBundlePath = nullptr  - Libcurl will use whatever was configured at build time.
[2015.07.01-12.16.15:555][  0]LogOnline:Warning: No default platform service specified for OnlineSubsystem
[2015.07.01-12.16.15:566][  0]LogInit: Presizing for 0 objects not considered by GC, pre-allocating 0 bytes.
[2015.07.01-12.16.15:571][  0]LogInit: Object subsystem initialized
[2015.07.01-12.16.15:571][  0]LogConsoleResponse:Warning: Skipping Unknown console variable: 'TranslucentSortAxis = (X=0.000000,Y=-1.000000,Z=0.000000)'
[2015.07.01-12.16.15:572][  0]LogConsoleResponse:Warning:   Found in ini file 'D:/GitHub/GDV-Projekt/ProjectNarnia/Saved/Config/Windows/Engine.ini', in section '[/Script/Engine.RendererSettings]'
[2015.07.01-12.16.15:572][  0]LogConsoleResponse:Warning: Skipping Unknown console variable: 'UIScaleRule = ShortestSide'
[2015.07.01-12.16.15:572][  0]LogConsoleResponse:Warning:   Found in ini file 'D:/GitHub/GDV-Projekt/ProjectNarnia/Saved/Config/Windows/Engine.ini', in section '[/Script/Engine.RendererSettings]'
[2015.07.01-12.16.15:572][  0]LogConsoleResponse:Warning: Skipping Unknown console variable: 'UIScaleCurve = (EditorCurveData=(Keys=),ExternalCurve=None)'
[2015.07.01-12.16.15:572][  0]LogConsoleResponse:Warning:   Found in ini file 'D:/GitHub/GDV-Projekt/ProjectNarnia/Saved/Config/Windows/Engine.ini', in section '[/Script/Engine.RendererSettings]'
[2015.07.01-12.16.15:572][  0]LogInit: Selected Device Profile: [Windows]
[2015.07.01-12.16.15:572][  0]LogInit: Applying CVar settings loaded from the selected device profile: [Windows]
[2015.07.01-12.16.15:578][  0]LogInit: Computer: SILVAN-PC
[2015.07.01-12.16.15:578][  0]LogInit: User: Silvan
[2015.07.01-12.16.15:578][  0]LogInit: CPU Page size=4096, Cores=4
[2015.07.01-12.16.15:578][  0]LogInit: High frequency timer resolution =3.312685 MHz
[2015.07.01-12.16.15:578][  0]LogMemory: Memory total: Physical=11.9GB (12GB approx)
[2015.07.01-12.16.15:578][  0]LogMemory: Platform Memory Stats for Windows
[2015.07.01-12.16.15:578][  0]LogMemory: Process Physical Memory: 50.07 MB used, 50.07 MB peak
[2015.07.01-12.16.15:578][  0]LogMemory: Process Virtual Memory: 24.28 MB used, 24.28 MB peak
[2015.07.01-12.16.15:578][  0]LogMemory: Physical Memory: 3091.18 MB used, 12166.62 MB total
[2015.07.01-12.16.15:578][  0]LogMemory: Virtual Memory: 279.94 MB used, 8388608.00 MB total
[2015.07.01-12.16.15:607][  0]LogTextLocalizationManager: The requested culture ('de_DE') has no localization data; falling back to 'en' for localization and internationalization data.
[2015.07.01-12.16.15:783][  0]LogTextLocalizationManager:Warning: Loaded localization resources contain conflicting entries for (Namespace:ContentBrowser, Key:ImportAssetToolTip):
Localization Resource: (D:/Programme/Epic Games/4.8/Engine/Content/Localization/Editor/en/Editor.locres) Source String Hash: (-630476809) Localized String: (Import to {0}...)
Localization Resource: (D:/Programme/Epic Games/4.8/Engine/Content/Localization/Editor/en/Editor.locres) Source String Hash: (1271782899) Localized String: (Imports an asset from file to this folder.)
[2015.07.01-12.16.16:126][  0]LogD3D11RHI: Found D3D11 adapter 0: AMD Radeon HD 7800 Series (Feature Level 11_0)
[2015.07.01-12.16.16:126][  0]LogD3D11RHI: Adapter has 2027MB of dedicated video memory, 0MB of dedicated system memory, and 3840MB of shared system memory, 1 output[s]
[2015.07.01-12.16.16:133][  0]LogD3D11RHI: Found D3D11 adapter 1: Intel(R) HD Graphics 4600 (Feature Level 11_0)
[2015.07.01-12.16.16:133][  0]LogD3D11RHI: Adapter has 64MB of dedicated video memory, 0MB of dedicated system memory, and 1632MB of shared system memory, 0 output[s]
[2015.07.01-12.16.16:133][  0]LogD3D11RHI: Chosen D3D11 Adapter Id = 0
[2015.07.01-12.16.16:137][  0]LogRHI: Texture pool is 1361 MB (70% of 1945 MB)
[2015.07.01-12.16.16:140][  0]LogD3D11RHI: Async texture creation disabled: no driver support
[2015.07.01-12.16.16:150][  0]LogShaderCompilers:Display: Using Local Shader Compiler.
[2015.07.01-12.16.16:786][  0]LogTemp:Display: Loaded TP DesktopTargetPlatform
[2015.07.01-12.16.16:798][  0]LogTemp:Display: Loaded TP WindowsClientTargetPlatform
[2015.07.01-12.16.16:809][  0]LogTemp:Display: Loaded TP WindowsNoEditorTargetPlatform
[2015.07.01-12.16.16:821][  0]LogTemp:Display: Loaded TP WindowsServerTargetPlatform
[2015.07.01-12.16.16:832][  0]LogTemp:Display: Loaded TP WindowsTargetPlatform
[2015.07.01-12.16.16:842][  0]LogTemp:Display: Loaded TP AndroidTargetPlatform
[2015.07.01-12.16.16:852][  0]LogTemp:Display: Loaded TP Android_ASTCTargetPlatform
[2015.07.01-12.16.16:862][  0]LogTemp:Display: Loaded TP Android_ATCTargetPlatform
[2015.07.01-12.16.16:872][  0]LogTemp:Display: Loaded TP Android_DXTTargetPlatform
[2015.07.01-12.16.16:882][  0]LogTemp:Display: Loaded TP Android_ETC1TargetPlatform
[2015.07.01-12.16.16:892][  0]LogTemp:Display: Loaded TP Android_ETC2TargetPlatform
[2015.07.01-12.16.16:902][  0]LogTemp:Display: Loaded TP Android_PVRTCTargetPlatform
[2015.07.01-12.16.16:941][  0]LogTemp:Display: Loaded TP IOSTargetPlatform
[2015.07.01-12.16.16:950][  0]LogTemp:Display: Loaded TP LinuxNoEditorTargetPlatform
[2015.07.01-12.16.16:960][  0]LogTemp:Display: Loaded TP LinuxServerTargetPlatform
[2015.07.01-12.16.16:971][  0]LogTemp:Display: Loaded TP LinuxTargetPlatform
[2015.07.01-12.16.16:971][  0]LogTargetPlatformManager:Display: Building Assets For Windows
[2015.07.01-12.16.17:132][  0]LogDerivedDataCache:Display: Max Cache Size: 512 MB
[2015.07.01-12.16.17:173][  0]LogDerivedDataCache: Loaded boot cache 0.04s 53MB C:/Users/Silvan/AppData/Local/UnrealEngine/4.8/DerivedDataCache/Boot.ddc.
[2015.07.01-12.16.17:173][  0]LogDerivedDataCache:Display: Loaded Boot cache: C:/Users/Silvan/AppData/Local/UnrealEngine/4.8/DerivedDataCache/Boot.ddc
[2015.07.01-12.16.17:173][  0]LogDerivedDataCache: FDerivedDataBackendGraph:  Pak pak cache file ../../../../../../GitHub/GDV-Projekt/ProjectNarnia/DerivedDataCache/DDC.ddp not found, will not use a pak cache.
[2015.07.01-12.16.17:173][  0]LogDerivedDataCache: Unable to find inner node Pak for hierarchical cache Hierarchy.
[2015.07.01-12.16.17:173][  0]LogDerivedDataCache: FDerivedDataBackendGraph:  CompressedPak pak cache file ../../../../../../GitHub/GDV-Projekt/ProjectNarnia/DerivedDataCache/Compressed.ddp not found, will not use a pak cache.
[2015.07.01-12.16.17:173][  0]LogDerivedDataCache: Unable to find inner node CompressedPak for hierarchical cache Hierarchy.
[2015.07.01-12.16.17:293][  0]LogDerivedDataCache:Display: Pak cache opened for reading ../../../Engine/DerivedDataCache/Compressed.ddp.
[2015.07.01-12.16.17:304][  0]LogDerivedDataCache: Using Local data cache path C:/Users/Silvan/AppData/Local/UnrealEngine/Common/DerivedDataCache: Writable
[2015.07.01-12.16.17:451][  0]LogInit: Selected Device Profile: [Windows]
[2015.07.01-12.16.17:458][  0]ImportText (ComponentSweepMultiTests): Missing closing parenthesis: (RootShapeAsset="/Engine/BasicShapes/Cube.Cube",ShapeType="TriggerCapsule",HitResult=(Time=0.50,Location=(X=-100.000015,Y=0.0,Z=100.000015),ImpactPoint=(X=-50.0,Y=0.0,Z=50.0),Normal=(X=-1.0,Y=-0.0,Z=0.0),ImpactNormal=(X=0.0,Y=0.0,Z=1.0),TraceStart=(X=-200.0,Y=0.0,Z=200.0),TraceEnd=(X=0.0,Y=0.0,Z=0.0))
[2015.07.01-12.16.17:459][  0]ImportText (LineTraceSingleByChannelTests): Missing closing parenthesis: (RootShapeAsset="/Engine/BasicShapes/Cube.Cube",HitResult=(Time=0.50,Location=(X=-100.000015,Y=0.0,Z=100.000015),ImpactPoint=(X=-50.0,Y=0.0,Z=50.0),Normal=(X=-1.0,Y=-0.0,Z=0.0),ImpactNormal=(X=0.0,Y=0.0,Z=1.0),TraceStart=(X=-200.0,Y=0.0,Z=200.0),TraceEnd=(X=0.0,Y=0.0,Z=0.0))
[2015.07.01-12.16.17:480][  0]LogMeshUtilities: No automatic mesh reduction module available
[2015.07.01-12.16.17:480][  0]LogMeshUtilities: No automatic mesh merging module available
[2015.07.01-12.16.17:798][  0]LogInit: WinSock: version 1.1 (2.2), MaxSocks=32767, MaxUdp=65467
[2015.07.01-12.16.18:533][  0]UdpMessaging: Initializing bridge on interface 0.0.0.0:0 to multicast group 230.0.0.1:6666.
[2015.07.01-12.16.18:806][  0]SourceControl: Info Source control is disabled
[2015.07.01-12.16.18:811][  0]SourceControl: Info Source control is disabled
[2015.07.01-12.16.18:819][  0]SourceControl: Info Source control is disabled
[2015.07.01-12.16.18:827][  0]SourceControl: Info Source control is disabled
[2015.07.01-12.16.18:996][  0]LogObj: 26273 objects as part of root set at end of initial load.
[2015.07.01-12.16.18:996][  0]LogUObjectAllocator: 5409248 out of 0 bytes used by permanent object pool.
[2015.07.01-12.16.19:052][  0]LogEngine: Initializing Engine...
[2015.07.01-12.16.19:055][  0]LogHMD: Can't find Oculus library dev build: is proper Runtime installed? Version: 0.6.0.0
[2015.07.01-12.16.19:056][  0]LogHMD:Warning: SteamVR failed to initialize.  Error: 110
[2015.07.01-12.16.19:166][  0]LogAIModule: Creating AISystem for world NewWorld
[2015.07.01-12.16.19:172][  0]LogInit: XAudio2 using '1 - M2762DP (AMD High Definition Audio Device)' : 2 channels at 48 kHz using 16 bits per sample (channel mask 0x3)
[2015.07.01-12.16.19:190][  0]LogInit: FAudioDevice initialized.
[2015.07.01-12.16.19:216][  0]LogDerivedDataCache: Saved boot cache 0.03s 53MB C:/Users/Silvan/AppData/Local/UnrealEngine/4.8/DerivedDataCache/Boot.ddc.
[2015.07.01-12.16.19:221][  0]LogInit: Texture streaming: Disabled
[2015.07.01-12.16.19:240][  0]LogAnalytics: Creating configured Analytics provider AnalyticsET
[2015.07.01-12.16.19:240][  0]LogAnalytics: [UEEditor.Rocket.Release] APIServer = http://et2.epicgames.com/ET2/. AppVersion = 4.8.1-2591939+++depot+UE4-Releases+4.8
[2015.07.01-12.16.19:240][  0]LogAnalytics: [UEEditor.Rocket.Release] SetUserId 63ae0425466c6f65eeb5439200c4cbba|16ffa05e03dc4cfda8fe4198e1102ff4|ffbd022f-d859-4116-a567-25e39becdd18
[2015.07.01-12.16.19:240][  0]LogAnalytics: [UEEditor.Rocket.Release] AnalyticsET::StartSession
[2015.07.01-12.16.19:259][  0]LogInit: Transaction tracking system initialized
[2015.07.01-12.16.19:364][  0]BlueprintLog: New page: Editor Load
[2015.07.01-12.16.19:393][  0]LogAssetRegistry: FAssetRegistry took 0.0095 seconds to start up
[2015.07.01-12.16.19:393][  0]LogDirectoryWatcher:Warning: Failed to begin reading directory changes for ../../../Engine/Plugins/Experimental/CharacterAI/Content/. Error: 0
[2015.07.01-12.16.20:014][  0]LogLinker:Warning: Can't find file '/Game/ThirdPerson/ThirdPersonOverview'
[2015.07.01-12.16.20:014][  0]LogLinker:Warning: Can't find file '/Game/ThirdPerson/ThirdPersonOverview'
[2015.07.01-12.16.20:014][  0]LogLinker:Warning: Can't find file '/Game/ThirdPerson/ThirdPersonOverview'
[2015.07.01-12.16.20:014][  0]LogUObjectGlobals:Warning: Failed to find object 'Class /Game/ThirdPerson/ThirdPersonOverview.ThirdPersonOverview_C'
[2015.07.01-12.16.20:051][  0]LogConsoleManager:Warning: Console variable 'r.VSync' wasn't set ('GameSetting' has a lower priority than 'SystemSettingsIni')
[2015.07.01-12.16.20:051][  0]LogConsoleResponse:Display: 
[2015.07.01-12.16.20:138][  0]LogCook:Display: Done creating registry. It took  0.00s.
[2015.07.01-12.16.20:277][  0]SourceControl: Info Source control is disabled
[2015.07.01-12.16.20:277][  0]Cmd: MAP LOAD FILE="../../../Engine/Content/Maps/Templates/Template_Default.umap" TEMPLATE=1 SHOWPROGRESS=1 FEATURELEVEL=3
[2015.07.01-12.16.20:277][  0]LightingResults: New page: Lighting Build
[2015.07.01-12.16.20:287][  0]MapCheck: New page: Map Check
[2015.07.01-12.16.20:287][  0]LightingResults: New page: Lighting Build
[2015.07.01-12.16.20:295][  0]LogParticles: Destroying 0 GPU particle simulations for FXSystem 0x00000000197F2F20
[2015.07.01-12.16.20:625][  0]LogAIModule: Creating AISystem for world Untitled_1
[2015.07.01-12.16.20:630][  0]LogEditorServer: Finished looking for orphan Actors (0.000 secs)
[2015.07.01-12.16.20:653][  0]Cmd: MAP CHECKDEP NOCLEARLOG
[2015.07.01-12.16.20:693][  0]MapCheck: Info Map check complete: 0 Error(s), 0 Warning(s), took 39.452ms to complete.
[2015.07.01-12.16.20:693][  0]LogFileHelpers: Loading map 'Template_Default' took 0.416
[2015.07.01-12.16.20:764][  0]LogCollectionManager: Loaded 0 collections in 0.001519 seconds
[2015.07.01-12.16.20:770][  0]LogContentBrowser: Native class hierarchy populated in 0.0058 seconds. Added 1792 classes and 301 folders.
[2015.07.01-12.16.20:805][  0]LogContentBrowser: Native class hierarchy updated for 'WidgetCarousel' in 0.0003 seconds. Added 0 classes and 0 folders.
[2015.07.01-12.16.20:825][  0]LogContentBrowser: Native class hierarchy updated for 'AddContentDialog' in 0.0002 seconds. Added 0 classes and 0 folders.
[2015.07.01-12.16.20:862][  0]LogContentBrowser: Native class hierarchy updated for 'SceneOutliner' in 0.0003 seconds. Added 1 classes and 2 folders.
[2015.07.01-12.16.20:889][  0]LogCrashTracker: Crashtracker disabled due to settings.
[2015.07.01-12.16.20:892][  0]LogUObjectGlobals:Warning: Failed to find object 'Class None.'
[2015.07.01-12.16.20:913][  0]LogLoad: Full Startup: 6.43 seconds (BP compile: 0.18 seconds)
[2015.07.01-12.16.20:968][  0]LogContentStreaming: Texture pool size is 0.000000MB
[2015.07.01-12.16.20:990][  0]LogContentStreaming: Texture pool size now 1000 MB
[2015.07.01-12.16.21:099][  0]LogRenderer: Reallocating scene render targets to support 1208x928 (Frame:2).
[2015.07.01-12.16.21:442][  4]LogAssetRegistry: Asset discovery search completed in 2.0592 seconds
[2015.07.01-12.16.24:083][268]LogUObjectGlobals:Warning: Guid is in use by ArrowComponent /Temp/Untitled_1.Untitled_1:PersistentLevel.LightSource.ArrowComponent0 and ArrowComponent /Game/Levels/DefaultLevel.DefaultLevel:PersistentLevel.LightSource.ArrowComponent0, which should never happen in the editor but could happen at runtime with duplicate level loading or PIE
[2015.07.01-12.16.24:083][268]LogUObjectGlobals:Warning: Guid is in use by ArrowComponent /Temp/Untitled_1.Untitled_1:PersistentLevel.PlayerStart.Arrow and ArrowComponent /Game/Levels/DefaultLevel.DefaultLevel:PersistentLevel.PlayerStart.Arrow, which should never happen in the editor but could happen at runtime with duplicate level loading or PIE
[2015.07.01-12.16.24:083][268]LogUObjectGlobals:Warning: Guid is in use by BillboardComponent /Temp/Untitled_1.Untitled_1:PersistentLevel.PlayerStart.Sprite and BillboardComponent /Game/Levels/DefaultLevel.DefaultLevel:PersistentLevel.PlayerStart.Sprite, which should never happen in the editor but could happen at runtime with duplicate level loading or PIE
[2015.07.01-12.16.24:083][268]LogUObjectGlobals:Warning: Guid is in use by BillboardComponent /Temp/Untitled_1.Untitled_1:PersistentLevel.PlayerStart.Sprite2 and BillboardComponent /Game/Levels/DefaultLevel.DefaultLevel:PersistentLevel.PlayerStart.Sprite2, which should never happen in the editor but could happen at runtime with duplicate level loading or PIE
[2015.07.01-12.16.24:083][268]LogUObjectGlobals:Warning: Guid is in use by BillboardComponent /Temp/Untitled_1.Untitled_1:PersistentLevel.SkyLight_1.Sprite and BillboardComponent /Game/Levels/DefaultLevel.DefaultLevel:PersistentLevel.SkyLight_1.Sprite, which should never happen in the editor but could happen at runtime with duplicate level loading or PIE
[2015.07.01-12.16.24:083][268]LogUObjectGlobals:Warning: Guid is in use by CapsuleComponent /Temp/Untitled_1.Untitled_1:PersistentLevel.PlayerStart.CollisionCapsule and CapsuleComponent /Game/Levels/DefaultLevel.DefaultLevel:PersistentLevel.PlayerStart.CollisionCapsule, which should never happen in the editor but could happen at runtime with duplicate level loading or PIE
[2015.07.01-12.16.24:083][268]LogUObjectGlobals:Warning: Guid is in use by DirectionalLightComponent /Temp/Untitled_1.Untitled_1:PersistentLevel.LightSource.LightComponent0 and DirectionalLightComponent /Game/Levels/DefaultLevel.DefaultLevel:PersistentLevel.LightSource.LightComponent0, which should never happen in the editor but could happen at runtime with duplicate level loading or PIE
[2015.07.01-12.16.24:084][268]LogUObjectGlobals:Warning: Guid is in use by SkyLightComponent /Temp/Untitled_1.Untitled_1:PersistentLevel.SkyLight_1.SkyLightComponent0 and SkyLightComponent /Game/Levels/DefaultLevel.DefaultLevel:PersistentLevel.SkyLight_1.SkyLightComponent0, which should never happen in the editor but could happen at runtime with duplicate level loading or PIE
[2015.07.01-12.16.24:127][268]LogAIModule: Creating AISystem for world DefaultLevel
[2015.07.01-12.16.24:176][268]Cmd: MAP LOAD FILE="../../../../../../GitHub/GDV-Projekt/ProjectNarnia/Content/Levels/DefaultLevel.umap" TEMPLATE=0 SHOWPROGRESS=1 FEATURELEVEL=3
[2015.07.01-12.16.24:176][268]LightingResults: New page: Lighting Build
[2015.07.01-12.16.24:194][268]LoadErrors: New page: Loading map: DefaultLevel.umap
[2015.07.01-12.16.24:194][268]MapCheck: New page: Map Check
[2015.07.01-12.16.24:194][268]LightingResults: New page: Lighting Build
[2015.07.01-12.16.24:201][268]LogParticles: Destroying 0 GPU particle simulations for FXSystem 0x000000000DFF3B00
[2015.07.01-12.16.24:246][268]LogAIModule: Creating AISystem for world DefaultLevel
[2015.07.01-12.16.24:251][268]LogEditorServer: Finished looking for orphan Actors (0.000 secs)
[2015.07.01-12.16.24:272][268]Cmd: MAP CHECKDEP NOCLEARLOG
[2015.07.01-12.16.24:309][268]MapCheck: Info Map check complete: 0 Error(s), 0 Warning(s), took 37.334ms to complete.
[2015.07.01-12.16.24:309][268]LogFileHelpers: Loading map 'DefaultLevel' took 0.134
[2015.07.01-12.16.24:320][268]LoadErrors:Error: Error Failed import for PhysicsSerializer /Game/Assets/Blueprints/BP_Random_Foliage.BP_Random_Foliage_C:InstancedStaticMeshComponent_0.PhysicsSerializer
[2015.07.01-12.16.45:295][117]Cmd: QUIT_EDITOR
[2015.07.01-12.16.45:496][117]LogExit: Preparing to exit.
[2015.07.01-12.16.46:627][117]LogExit: Editor shut down
[2015.07.01-12.16.46:627][117]LogExit: Transaction tracking system shut down
[2015.07.01-12.16.46:629][117]LogParticles: Destroying 0 GPU particle simulations for FXSystem 0x000000002597F560
[2015.07.01-12.16.46:629][117]LogParticles: Destroying 0 GPU particle simulations for FXSystem 0x000000002597F6A0
[2015.07.01-12.16.46:629][117]LogParticles: Destroying 0 GPU particle simulations for FXSystem 0x000000001D9BB9C0
[2015.07.01-12.16.46:630][117]LogParticles: Destroying 0 GPU particle simulations for FXSystem 0x0000000013A7F2E0
[2015.07.01-12.16.46:631][117]LogParticles: Destroying 0 GPU particle simulations for FXSystem 0x0000000013A7D080
[2015.07.01-12.16.46:738][117]LogExit: Object subsystem successfully closed.
[2015.07.01-12.16.46:778][117]LogModuleManager: Shutting down and abandoning module CrashTracker (188)
[2015.07.01-12.16.46:778][117]LogModuleManager: Shutting down and abandoning module SceneOutliner (187)
[2015.07.01-12.16.46:778][117]LogModuleManager: Shutting down and abandoning module SuperSearch (186)
[2015.07.01-12.16.46:778][117]LogModuleManager: Shutting down and abandoning module WidgetCarousel (185)
[2015.07.01-12.16.46:778][117]LogModuleManager: Shutting down and abandoning module AddContentDialog (184)
[2015.07.01-12.16.46:778][117]LogModuleManager: Shutting down and abandoning module EditorWidgets (183)
[2015.07.01-12.16.46:778][117]LogModuleManager: Shutting down and abandoning module CollectionManager (182)
[2015.07.01-12.16.46:778][117]LogModuleManager: Shutting down and abandoning module StatsViewer (181)
[2015.07.01-12.16.46:778][117]LogModuleManager: Shutting down and abandoning module FoliageEdit (180)
[2015.07.01-12.16.46:779][117]LogModuleManager: Shutting down and abandoning module LandscapeEditor (179)
[2015.07.01-12.16.46:779][117]LogModuleManager: Shutting down and abandoning module ActorPickerMode (178)
[2015.07.01-12.16.46:779][117]LogModuleManager: Shutting down and abandoning module GeometryMode (177)
[2015.07.01-12.16.46:779][117]LogModuleManager: Shutting down and abandoning module TextureAlignMode (176)
[2015.07.01-12.16.46:779][117]LogModuleManager: Shutting down and abandoning module BspMode (175)
[2015.07.01-12.16.46:779][117]LogModuleManager: Shutting down and abandoning module PlacementMode (174)
[2015.07.01-12.16.46:779][117]LogModuleManager: Shutting down and abandoning module AutomationWorker (173)
[2015.07.01-12.16.46:779][117]LogModuleManager: Shutting down and abandoning module CharacterAI (172)
[2015.07.01-12.16.46:779][117]LogModuleManager: Shutting down and abandoning module SmartSnapping (171)
[2015.07.01-12.16.46:779][117]LogModuleManager: Shutting down and abandoning module ViewportSnapping (170)
[2015.07.01-12.16.46:779][117]LogModuleManager: Shutting down and abandoning module LogVisualizer (169)
[2015.07.01-12.16.46:779][117]LogModuleManager: Shutting down and abandoning module GameProjectGeneration (168)
[2015.07.01-12.16.46:779][117]LogModuleManager: Shutting down and abandoning module IntroTutorials (167)
[2015.07.01-12.16.46:779][117]LogModuleManager: Shutting down and abandoning module EditorLiveStreaming (166)
[2015.07.01-12.16.46:779][117]LogModuleManager: Shutting down and abandoning module IOSPlatformEditor (165)
[2015.07.01-12.16.46:779][117]LogModuleManager: Shutting down and abandoning module HTML5PlatformEditor (164)
[2015.07.01-12.16.46:779][117]LogModuleManager: Shutting down and abandoning module AndroidDeviceDetection (163)
[2015.07.01-12.16.47:769][117]LogModuleManager: Shutting down and abandoning module AndroidPlatformEditor (162)
[2015.07.01-12.16.47:769][117]LogModuleManager: Shutting down and abandoning module IOSRuntimeSettings (161)
[2015.07.01-12.16.47:769][117]LogModuleManager: Shutting down and abandoning module AndroidRuntimeSettings (160)
[2015.07.01-12.16.47:769][117]LogModuleManager: Shutting down and abandoning module MergeActors (159)
[2015.07.01-12.16.47:769][117]LogModuleManager: Shutting down and abandoning module SizeMap (158)
[2015.07.01-12.16.47:769][117]LogModuleManager: Shutting down and abandoning module TreeMap (157)
[2015.07.01-12.16.47:769][117]LogModuleManager: Shutting down and abandoning module ReferenceViewer (156)
[2015.07.01-12.16.47:769][117]LogModuleManager: Shutting down and abandoning module LocalizationDashboard (155)
[2015.07.01-12.16.47:769][117]LogModuleManager: Shutting down and abandoning module HardwareTargeting (154)
[2015.07.01-12.16.47:769][117]LogModuleManager: Shutting down and abandoning module DeviceProfileEditor (153)
[2015.07.01-12.16.47:769][117]LogModuleManager: Shutting down and abandoning module UndoHistory (152)
[2015.07.01-12.16.47:769][117]LogModuleManager: Shutting down and abandoning module GameplayTagsEditor (151)
[2015.07.01-12.16.47:769][117]LogModuleManager: Shutting down and abandoning module UserFeedback (150)
[2015.07.01-12.16.47:769][117]LogModuleManager: Shutting down and abandoning module XmlParser (149)
[2015.07.01-12.16.47:769][117]LogModuleManager: Shutting down and abandoning module Blutility (148)
[2015.07.01-12.16.47:769][117]LogModuleManager: Shutting down and abandoning module ProjectTargetPlatformEditor (147)
[2015.07.01-12.16.47:770][117]LogModuleManager: Shutting down and abandoning module ProjectSettingsViewer (146)
[2015.07.01-12.16.47:770][117]LogModuleManager: Shutting down and abandoning module InputBindingEditor (145)
[2015.07.01-12.16.47:770][117]LogModuleManager: Shutting down and abandoning module EditorSettingsViewer (144)
[2015.07.01-12.16.47:770][117]LogModuleManager: Shutting down and abandoning module SettingsEditor (143)
[2015.07.01-12.16.47:770][117]LogModuleManager: Shutting down and abandoning module ProjectLauncher (142)
[2015.07.01-12.16.47:770][117]LogModuleManager: Shutting down and abandoning module SessionFrontend (141)
[2015.07.01-12.16.47:770][117]LogModuleManager: Shutting down and abandoning module ProfilerClient (140)
[2015.07.01-12.16.47:770][117]LogModuleManager: Shutting down and abandoning module TargetDeviceServices (139)
[2015.07.01-12.16.47:770][117]LogModuleManager: Shutting down and abandoning module DeviceManager (138)
[2015.07.01-12.16.47:771][117]LogModuleManager: Shutting down and abandoning module AutomationController (137)
[2015.07.01-12.16.47:771][117]LogModuleManager: Shutting down and abandoning module AutomationWindow (136)
[2015.07.01-12.16.47:771][117]LogModuleManager: Shutting down and abandoning module Layers (135)
[2015.07.01-12.16.47:771][117]LogModuleManager: Shutting down and abandoning module ComponentVisualizers (134)
[2015.07.01-12.16.47:771][117]LogModuleManager: Shutting down and abandoning module DetailCustomizations (133)
[2015.07.01-12.16.47:771][117]LogModuleManager: Shutting down and abandoning module PackagesDialog (132)
[2015.07.01-12.16.47:771][117]LogModuleManager: Shutting down and abandoning module AssetRegistry (131)
[2015.07.01-12.16.47:889][117]LogModuleManager: Shutting down and abandoning module Persona (130)
[2015.07.01-12.16.47:889][117]LogModuleManager: Shutting down and abandoning module Kismet (129)
[2015.07.01-12.16.47:889][117]LogModuleManager: Shutting down and abandoning module GraphEditor (128)
[2015.07.01-12.16.47:889][117]LogModuleManager: Shutting down and abandoning module ClassViewer (127)
[2015.07.01-12.16.47:889][117]LogModuleManager: Shutting down and abandoning module Toolbox (126)
[2015.07.01-12.16.47:889][117]LogModuleManager: Shutting down and abandoning module ModuleUI (125)
[2015.07.01-12.16.47:889][117]LogModuleManager: Shutting down and abandoning module MovieSceneTools (124)
[2015.07.01-12.16.47:889][117]LogModuleManager: Shutting down and abandoning module OutputLog (123)
[2015.07.01-12.16.47:889][117]LogModuleManager: Shutting down and abandoning module GammaUI (122)
[2015.07.01-12.16.47:889][117]LogModuleManager: Shutting down and abandoning module Documentation (121)
[2015.07.01-12.16.47:889][117]LogModuleManager: Shutting down and abandoning module GameLiveStreaming (120)
[2015.07.01-12.16.47:889][117]LogModuleManager: Shutting down and abandoning module StreamingPauseRendering (119)
[2015.07.01-12.16.47:889][117]LogModuleManager: Shutting down and abandoning module AnalyticsET (118)
[2015.07.01-12.16.47:889][117]LogModuleManager: Shutting down and abandoning module Analytics (117)
[2015.07.01-12.16.47:889][117]LogModuleManager: Shutting down and abandoning module AITestSuite (116)
[2015.07.01-12.16.47:889][117]LogModuleManager: Shutting down and abandoning module GameplayDebugger (115)
[2015.07.01-12.16.47:889][117]LogModuleManager: Shutting down and abandoning module AIModule (114)
[2015.07.01-12.16.47:889][117]LogModuleManager: Shutting down and abandoning module ProfilerService (113)
[2015.07.01-12.16.48:018][117]LogModuleManager: Shutting down and abandoning module TaskGraph (112)
[2015.07.01-12.16.48:018][117]LogModuleManager: Shutting down and abandoning module SlateRemote (111)
[2015.07.01-12.16.48:018][117]LogModuleManager: Shutting down and abandoning module SteamVRController (110)
[2015.07.01-12.16.48:018][117]LogModuleManager: Shutting down and abandoning module SteamVR (109)
[2015.07.01-12.16.48:018][117]LogModuleManager: Shutting down and abandoning module ProceduralMeshComponent (108)
[2015.07.01-12.16.48:018][117]LogModuleManager: Shutting down and abandoning module OculusRift (107)
[2015.07.01-12.16.48:018][117]LogModuleManager: Shutting down and abandoning module LeapMotionController (106)
[2015.07.01-12.16.48:035][117]LogModuleManager: Shutting down and abandoning module CustomMeshComponent (105)
[2015.07.01-12.16.48:035][117]LogModuleManager: Shutting down and abandoning module CableComponent (104)
[2015.07.01-12.16.48:035][117]LogModuleManager: Shutting down and abandoning module MessagingDebugger (103)
[2015.07.01-12.16.48:035][117]LogModuleManager: Shutting down and abandoning module MediaPlayerEditor (102)
[2015.07.01-12.16.48:035][117]LogModuleManager: Shutting down and abandoning module SpeedTreeImporter (101)
[2015.07.01-12.16.48:035][117]LogModuleManager: Shutting down and abandoning module PluginBrowser (100)
[2015.07.01-12.16.48:035][117]LogModuleManager: Shutting down and abandoning module EpicSurvey (99)
[2015.07.01-12.16.48:035][117]LogModuleManager: Shutting down and abandoning module DesktopPlatform (98)
[2015.07.01-12.16.48:035][117]LogModuleManager: Shutting down and abandoning module VisualStudioSourceCodeAccess (97)
[2015.07.01-12.16.48:035][117]LogModuleManager: Shutting down and abandoning module UObjectPlugin (96)
[2015.07.01-12.16.48:035][117]LogModuleManager: Shutting down and abandoning module SubversionSourceControl (95)
[2015.07.01-12.16.48:035][117]LogModuleManager: Shutting down and abandoning module PerforceSourceControl (94)
[2015.07.01-12.16.48:035][117]LogModuleManager: Shutting down and abandoning module SourceControl (93)
[2015.07.01-12.16.48:035][117]LogModuleManager: Shutting down and abandoning module GitSourceControl (92)
[2015.07.01-12.16.48:035][117]LogModuleManager: Shutting down and abandoning module BlankPlugin (91)
[2015.07.01-12.16.48:035][117]LogModuleManager: Shutting down and abandoning module PaperTiledImporter (90)
[2015.07.01-12.16.48:035][117]LogModuleManager: Shutting down and abandoning module PaperSpriteSheetImporter (89)
[2015.07.01-12.16.48:035][117]LogModuleManager: Shutting down and abandoning module MeshPaint (88)
[2015.07.01-12.16.48:035][117]LogModuleManager: Shutting down and abandoning module SlateReflector (87)
[2015.07.01-12.16.48:036][117]LogModuleManager: Shutting down and abandoning module DirectoryWatcher (86)
[2015.07.01-12.16.48:036][117]LogModuleManager: Shutting down and abandoning module HotReload (85)
[2015.07.01-12.16.48:036][117]LogModuleManager: Shutting down and abandoning module MainFrame (84)
[2015.07.01-12.16.48:036][117]LogModuleManager: Shutting down and abandoning module LevelEditor (83)
[2015.07.01-12.16.48:039][117]LogModuleManager: Shutting down and abandoning module ContentBrowser (82)
[2015.07.01-12.16.48:040][117]LogModuleManager: Shutting down and abandoning module Paper2DEditor (81)
[2015.07.01-12.16.48:041][117]LogModuleManager: Shutting down and abandoning module UdpMessaging (80)
[2015.07.01-12.16.48:141][117]LogModuleManager: Shutting down and abandoning module Paper2D (79)
[2015.07.01-12.16.48:141][117]LogModuleManager: Shutting down and abandoning module WindowsMoviePlayer (78)
[2015.07.01-12.16.48:149][117]LogModuleManager: Shutting down and abandoning module Media (77)
[2015.07.01-12.16.48:149][117]LogModuleManager: Shutting down and abandoning module WmfMedia (76)
[2015.07.01-12.16.48:149][117]LogModuleManager: Shutting down and abandoning module OnlineBlueprintSupport (75)
[2015.07.01-12.16.48:149][117]LogModuleManager: Shutting down and abandoning module PropertyEditor (74)
[2015.07.01-12.16.48:149][117]LogModuleManager: Shutting down and abandoning module BehaviorTreeEditor (73)
[2015.07.01-12.16.48:149][117]LogModuleManager: Shutting down and abandoning module FunctionalTesting (72)
[2015.07.01-12.16.48:149][117]LogModuleManager: Shutting down and abandoning module CollisionAnalyzer (71)
[2015.07.01-12.16.48:149][117]LogModuleManager: Shutting down and abandoning module WorkspaceMenuStructure (70)
[2015.07.01-12.16.48:149][117]LogModuleManager: Shutting down and abandoning module MessageLog (69)
[2015.07.01-12.16.48:150][117]LogModuleManager: Shutting down and abandoning module Sequencer (68)
[2015.07.01-12.16.48:150][117]LogModuleManager: Shutting down and abandoning module AssetTools (67)
[2015.07.01-12.16.48:150][117]LogModuleManager: Shutting down and abandoning module UMGEditor (66)
[2015.07.01-12.16.48:150][117]LogModuleManager: Shutting down and abandoning module UMG (65)
[2015.07.01-12.16.48:150][117]LogModuleManager: Shutting down and abandoning module Slate (64)
[2015.07.01-12.16.48:150][117]LogModuleManager: Shutting down and abandoning module EditorStyle (63)
[2015.07.01-12.16.48:158][117]LogModuleManager: Shutting down and abandoning module SessionServices (62)
[2015.07.01-12.16.48:158][117]LogModuleManager: Shutting down and abandoning module SourceCodeAccess (61)
[2015.07.01-12.16.48:158][117]LogModuleManager: Shutting down and abandoning module HeadMountedDisplay (60)
[2015.07.01-12.16.48:158][117]LogModuleManager: Shutting down and abandoning module XAudio2 (59)
[2015.07.01-12.16.48:158][117]LogModuleManager: Shutting down and abandoning module Networking (57)
[2015.07.01-12.16.48:158][117]LogModuleManager: Shutting down and abandoning module Core (56)
[2015.07.01-12.16.48:158][117]LogModuleManager: Shutting down and abandoning module KismetCompiler (55)
[2015.07.01-12.16.48:158][117]LogModuleManager: Shutting down and abandoning module PhysXFormats (54)
[2015.07.01-12.16.48:158][117]LogModuleManager: Shutting down and abandoning module MeshUtilities (53)
[2015.07.01-12.16.48:158][117]LogModuleManager: Shutting down and abandoning module DerivedDataCache (52)
[2015.07.01-12.16.48:296][117]LogDerivedDataCache: Shutdown
[2015.07.01-12.16.48:296][117]LogModuleManager: Shutting down and abandoning module ShaderFormatOpenGL (51)
[2015.07.01-12.16.48:296][117]LogModuleManager: Shutting down and abandoning module ShaderFormatD3D (50)
[2015.07.01-12.16.48:296][117]LogModuleManager: Shutting down and abandoning module MetalShaderFormat (49)
[2015.07.01-12.16.48:296][117]LogModuleManager: Shutting down and abandoning module TextureFormatUncompressed (48)
[2015.07.01-12.16.48:296][117]LogModuleManager: Shutting down and abandoning module TextureFormatPVR (47)
[2015.07.01-12.16.48:296][117]LogModuleManager: Shutting down and abandoning module TextureFormatIntelISPCTexComp (46)
[2015.07.01-12.16.48:296][117]LogModuleManager: Shutting down and abandoning module TextureFormatDXT (45)
[2015.07.01-12.16.48:296][117]LogModuleManager: Shutting down and abandoning module ImageWrapper (44)
[2015.07.01-12.16.48:296][117]LogModuleManager: Shutting down and abandoning module TextureFormatASTC (43)
[2015.07.01-12.16.48:296][117]LogModuleManager: Shutting down and abandoning module TextureFormatAndroid (42)
[2015.07.01-12.16.48:296][117]LogModuleManager: Shutting down and abandoning module AudioFormatOpus (41)
[2015.07.01-12.16.48:296][117]LogModuleManager: Shutting down and abandoning module AudioFormatOgg (40)
[2015.07.01-12.16.48:296][117]LogModuleManager: Shutting down and abandoning module AudioFormatADPCM (39)
[2015.07.01-12.16.48:296][117]LogModuleManager: Shutting down and abandoning module LinuxTargetPlatform (38)
[2015.07.01-12.16.48:296][117]LogModuleManager: Shutting down and abandoning module LinuxServerTargetPlatform (37)
[2015.07.01-12.16.48:297][117]LogModuleManager: Shutting down and abandoning module LinuxNoEditorTargetPlatform (36)
[2015.07.01-12.16.48:297][117]LogModuleManager: Shutting down and abandoning module Messaging (35)
[2015.07.01-12.16.48:297][117]LogModuleManager: Shutting down and abandoning module IOSTargetPlatform (34)
[2015.07.01-12.16.48:297][117]LogModuleManager: Shutting down and abandoning module HTML5TargetPlatform (33)
[2015.07.01-12.16.48:297][117]LogModuleManager: Shutting down and abandoning module Android_PVRTCTargetPlatform (32)
[2015.07.01-12.16.48:297][117]LogModuleManager: Shutting down and abandoning module Android_ETC2TargetPlatform (31)
[2015.07.01-12.16.48:297][117]LogModuleManager: Shutting down and abandoning module Android_ETC1TargetPlatform (30)
[2015.07.01-12.16.48:297][117]LogModuleManager: Shutting down and abandoning module Android_DXTTargetPlatform (29)
[2015.07.01-12.16.48:297][117]LogModuleManager: Shutting down and abandoning module Android_ATCTargetPlatform (28)
[2015.07.01-12.16.48:297][117]LogModuleManager: Shutting down and abandoning module Android_ASTCTargetPlatform (27)
[2015.07.01-12.16.48:297][117]LogModuleManager: Shutting down and abandoning module AndroidTargetPlatform (26)
[2015.07.01-12.16.48:297][117]LogModuleManager: Shutting down and abandoning module WindowsTargetPlatform (25)
[2015.07.01-12.16.48:297][117]LogModuleManager: Shutting down and abandoning module WindowsServerTargetPlatform (24)
[2015.07.01-12.16.48:297][117]LogModuleManager: Shutting down and abandoning module WindowsNoEditorTargetPlatform (23)
[2015.07.01-12.16.48:297][117]LogModuleManager: Shutting down and abandoning module WindowsClientTargetPlatform (22)
[2015.07.01-12.16.48:297][117]LogModuleManager: Shutting down and abandoning module DesktopTargetPlatform (21)
[2015.07.01-12.16.48:297][117]LogModuleManager: Shutting down and abandoning module TargetPlatform (20)
[2015.07.01-12.16.48:297][117]LogModuleManager: Shutting down and abandoning module InputCore (19)
[2015.07.01-12.16.48:297][117]LogModuleManager: Shutting down and abandoning module Settings (18)
[2015.07.01-12.16.48:297][117]LogModuleManager: Shutting down and abandoning module OnlineSubsystem (16)
[2015.07.01-12.16.48:297][117]LogModuleManager: Shutting down and abandoning module HTTP (15)
[2015.07.01-12.16.48:297][117]LogModuleManager: Shutting down and abandoning module ExampleDeviceProfileSelector (14)
[2015.07.01-12.16.48:298][117]LogModuleManager: Shutting down and abandoning module TextureCompressor (13)
[2015.07.01-12.16.48:298][117]LogModuleManager: Shutting down and abandoning module ShaderCore (12)
[2015.07.01-12.16.48:298][117]LogModuleManager: Shutting down and abandoning module Landscape (11)
[2015.07.01-12.16.48:298][117]LogModuleManager: Shutting down and abandoning module SlateRHIRenderer (10)
[2015.07.01-12.16.48:300][117]LogModuleManager: Shutting down and abandoning module OpenGLDrv (9)
[2015.07.01-12.16.48:300][117]LogModuleManager: Shutting down and abandoning module D3D11RHI (8)
[2015.07.01-12.16.48:300][117]LogModuleManager: Shutting down and abandoning module Renderer (7)
[2015.07.01-12.16.48:300][117]LogModuleManager: Shutting down and abandoning module Engine (6)
[2015.07.01-12.16.48:300][117]LogModuleManager: Shutting down and abandoning module CoreUObject (5)
[2015.07.01-12.16.48:300][117]LogModuleManager: Shutting down and abandoning module NetworkFile (4)
[2015.07.01-12.16.48:300][117]LogModuleManager: Shutting down and abandoning module StreamingFile (3)
[2015.07.01-12.16.48:300][117]LogModuleManager: Shutting down and abandoning module SandboxFile (2)
[2015.07.01-12.16.48:300][117]LogModuleManager: Shutting down and abandoning module PakFile (1)
[2015.07.01-12.16.48:301][117]LogExit: Exiting.
[2015.07.01-12.16.48:303][117]Log file closed, 07/01/15 14:16:48
