[2015.07.16-19.50.24:876][  0]Log file open, 07/16/15 21:50:24
[2015.07.16-19.50.24:876][  0]LogInit:Display: Running engine for game: ProjectNarnia
[2015.07.16-19.50.24:876][  0]LogInit:Display: RandInit(-1844362550) SRandInit(-1844362549).
[2015.07.16-19.50.24:876][  0]LogTaskGraph: Started task graph with 4 named threads and 7 total threads.
[2015.07.16-19.50.24:876][  0]LogStats: Stats thread started
[2015.07.16-19.50.24:876][  0]LogInit: Version: 4.8.1-2591939+++depot+UE4-Releases+4.8
[2015.07.16-19.50.24:876][  0]LogInit: API Version: 2579680
[2015.07.16-19.50.24:876][  0]LogInit: Compiled (64-bit): Jun 18 2015 11:02:04
[2015.07.16-19.50.24:876][  0]LogInit: Compiled with Visual C++: 18.00.21005.01
[2015.07.16-19.50.24:876][  0]LogInit: Build Configuration: Development
[2015.07.16-19.50.24:876][  0]LogInit: Branch Name: ++depot+UE4-Releases+4.8
[2015.07.16-19.50.24:876][  0]LogInit: Command line:  
[2015.07.16-19.50.24:876][  0]LogInit: Base directory: D:/Programme/Epic Games/4.8/Engine/Binaries/Win64/
[2015.07.16-19.50.24:876][  0]LogInit: Rocket: 1
[2015.07.16-19.50.24:891][  0]LogInit: Using libcurl 7.41.0
[2015.07.16-19.50.24:891][  0]LogInit:  - built for x86_64-pc-win32
[2015.07.16-19.50.24:891][  0]LogInit:  - supports SSL with WinSSL
[2015.07.16-19.50.24:891][  0]LogInit:  - other features:
[2015.07.16-19.50.24:891][  0]LogInit:      CURL_VERSION_SSL
[2015.07.16-19.50.24:891][  0]LogInit:      CURL_VERSION_IPV6
[2015.07.16-19.50.24:891][  0]LogInit:      CURL_VERSION_ASYNCHDNS
[2015.07.16-19.50.24:891][  0]LogInit:      CURL_VERSION_LARGEFILE
[2015.07.16-19.50.24:891][  0]LogInit:      CURL_VERSION_IDN
[2015.07.16-19.50.24:891][  0]LogInit:  CurlRequestOptions (configurable via config and command line):
[2015.07.16-19.50.24:891][  0]LogInit:  - bVerifyPeer = true  - Libcurl will verify peer certificate
[2015.07.16-19.50.24:891][  0]LogInit:  - bUseHttpProxy = false  - Libcurl will NOT use HTTP proxy
[2015.07.16-19.50.24:891][  0]LogInit:  - bDontReuseConnections = false  - Libcurl will reuse connections
[2015.07.16-19.50.24:891][  0]LogInit:  - CertBundlePath = nullptr  - Libcurl will use whatever was configured at build time.
[2015.07.16-19.50.24:902][  0]LogOnline:Warning: No default platform service specified for OnlineSubsystem
[2015.07.16-19.50.24:915][  0]LogInit: Presizing for 0 objects not considered by GC, pre-allocating 0 bytes.
[2015.07.16-19.50.24:920][  0]LogInit: Object subsystem initialized
[2015.07.16-19.50.24:921][  0]LogConsoleResponse:Warning: Skipping Unknown console variable: 'TranslucentSortAxis = (X=0.000000,Y=-1.000000,Z=0.000000)'
[2015.07.16-19.50.24:921][  0]LogConsoleResponse:Warning:   Found in ini file 'D:/GitHub/GDV-Projekt/ProjectNarnia/Saved/Config/Windows/Engine.ini', in section '[/Script/Engine.RendererSettings]'
[2015.07.16-19.50.24:921][  0]LogConsoleResponse:Warning: Skipping Unknown console variable: 'UIScaleRule = ShortestSide'
[2015.07.16-19.50.24:921][  0]LogConsoleResponse:Warning:   Found in ini file 'D:/GitHub/GDV-Projekt/ProjectNarnia/Saved/Config/Windows/Engine.ini', in section '[/Script/Engine.RendererSettings]'
[2015.07.16-19.50.24:921][  0]LogConsoleResponse:Warning: Skipping Unknown console variable: 'UIScaleCurve = (EditorCurveData=(Keys=),ExternalCurve=None)'
[2015.07.16-19.50.24:921][  0]LogConsoleResponse:Warning:   Found in ini file 'D:/GitHub/GDV-Projekt/ProjectNarnia/Saved/Config/Windows/Engine.ini', in section '[/Script/Engine.RendererSettings]'
[2015.07.16-19.50.24:921][  0]LogInit: Selected Device Profile: [Windows]
[2015.07.16-19.50.24:921][  0]LogInit: Applying CVar settings loaded from the selected device profile: [Windows]
[2015.07.16-19.50.24:948][  0]LogInit: Computer: SILVAN-PC
[2015.07.16-19.50.24:948][  0]LogInit: User: Silvan
[2015.07.16-19.50.24:948][  0]LogInit: CPU Page size=4096, Cores=4
[2015.07.16-19.50.24:948][  0]LogInit: High frequency timer resolution =3.312695 MHz
[2015.07.16-19.50.24:948][  0]LogMemory: Memory total: Physical=11.9GB (12GB approx)
[2015.07.16-19.50.24:948][  0]LogMemory: Platform Memory Stats for Windows
[2015.07.16-19.50.24:948][  0]LogMemory: Process Physical Memory: 50.02 MB used, 50.02 MB peak
[2015.07.16-19.50.24:948][  0]LogMemory: Process Virtual Memory: 23.28 MB used, 24.12 MB peak
[2015.07.16-19.50.24:948][  0]LogMemory: Physical Memory: 4333.40 MB used, 12166.62 MB total
[2015.07.16-19.50.24:948][  0]LogMemory: Virtual Memory: 278.94 MB used, 8388608.00 MB total
[2015.07.16-19.50.24:995][  0]LogTextLocalizationManager: The requested culture ('de_DE') has no localization data; falling back to 'en' for localization and internationalization data.
[2015.07.16-19.50.25:242][  0]LogTextLocalizationManager:Warning: Loaded localization resources contain conflicting entries for (Namespace:ContentBrowser, Key:ImportAssetToolTip):
Localization Resource: (D:/Programme/Epic Games/4.8/Engine/Content/Localization/Editor/en/Editor.locres) Source String Hash: (-630476809) Localized String: (Import to {0}...)
Localization Resource: (D:/Programme/Epic Games/4.8/Engine/Content/Localization/Editor/en/Editor.locres) Source String Hash: (1271782899) Localized String: (Imports an asset from file to this folder.)
[2015.07.16-19.50.25:645][  0]LogD3D11RHI: Found D3D11 adapter 0: AMD Radeon HD 7800 Series (Feature Level 11_0)
[2015.07.16-19.50.25:645][  0]LogD3D11RHI: Adapter has 2027MB of dedicated video memory, 0MB of dedicated system memory, and 3840MB of shared system memory, 1 output[s]
[2015.07.16-19.50.25:664][  0]LogD3D11RHI: Found D3D11 adapter 1: Intel(R) HD Graphics 4600 (Feature Level 11_0)
[2015.07.16-19.50.25:664][  0]LogD3D11RHI: Adapter has 64MB of dedicated video memory, 0MB of dedicated system memory, and 1632MB of shared system memory, 0 output[s]
[2015.07.16-19.50.25:664][  0]LogD3D11RHI: Chosen D3D11 Adapter Id = 0
[2015.07.16-19.50.25:670][  0]LogRHI: Texture pool is 1361 MB (70% of 1945 MB)
[2015.07.16-19.50.25:674][  0]LogD3D11RHI: Async texture creation disabled: no driver support
[2015.07.16-19.50.25:682][  0]LogShaderCompilers:Display: Using Local Shader Compiler.
[2015.07.16-19.50.26:773][  0]LogTemp:Display: Loaded TP DesktopTargetPlatform
[2015.07.16-19.50.26:785][  0]LogTemp:Display: Loaded TP WindowsClientTargetPlatform
[2015.07.16-19.50.26:797][  0]LogTemp:Display: Loaded TP WindowsNoEditorTargetPlatform
[2015.07.16-19.50.26:810][  0]LogTemp:Display: Loaded TP WindowsServerTargetPlatform
[2015.07.16-19.50.26:823][  0]LogTemp:Display: Loaded TP WindowsTargetPlatform
[2015.07.16-19.50.26:836][  0]LogTemp:Display: Loaded TP AndroidTargetPlatform
[2015.07.16-19.50.26:846][  0]LogTemp:Display: Loaded TP Android_ASTCTargetPlatform
[2015.07.16-19.50.26:858][  0]LogTemp:Display: Loaded TP Android_ATCTargetPlatform
[2015.07.16-19.50.26:868][  0]LogTemp:Display: Loaded TP Android_DXTTargetPlatform
[2015.07.16-19.50.26:881][  0]LogTemp:Display: Loaded TP Android_ETC1TargetPlatform
[2015.07.16-19.50.26:895][  0]LogTemp:Display: Loaded TP Android_ETC2TargetPlatform
[2015.07.16-19.50.26:907][  0]LogTemp:Display: Loaded TP Android_PVRTCTargetPlatform
[2015.07.16-19.50.26:955][  0]LogTemp:Display: Loaded TP IOSTargetPlatform
[2015.07.16-19.50.26:967][  0]LogTemp:Display: Loaded TP LinuxNoEditorTargetPlatform
[2015.07.16-19.50.26:979][  0]LogTemp:Display: Loaded TP LinuxServerTargetPlatform
[2015.07.16-19.50.26:995][  0]LogTemp:Display: Loaded TP LinuxTargetPlatform
[2015.07.16-19.50.26:995][  0]LogTargetPlatformManager:Display: Building Assets For Windows
[2015.07.16-19.50.27:214][  0]LogDerivedDataCache:Display: Max Cache Size: 512 MB
[2015.07.16-19.50.27:412][  0]LogDerivedDataCache: Loaded boot cache 0.20s 53MB C:/Users/Silvan/AppData/Local/UnrealEngine/4.8/DerivedDataCache/Boot.ddc.
[2015.07.16-19.50.27:412][  0]LogDerivedDataCache:Display: Loaded Boot cache: C:/Users/Silvan/AppData/Local/UnrealEngine/4.8/DerivedDataCache/Boot.ddc
[2015.07.16-19.50.27:412][  0]LogDerivedDataCache: FDerivedDataBackendGraph:  Pak pak cache file ../../../../../../GitHub/GDV-Projekt/ProjectNarnia/DerivedDataCache/DDC.ddp not found, will not use a pak cache.
[2015.07.16-19.50.27:412][  0]LogDerivedDataCache: Unable to find inner node Pak for hierarchical cache Hierarchy.
[2015.07.16-19.50.27:412][  0]LogDerivedDataCache: FDerivedDataBackendGraph:  CompressedPak pak cache file ../../../../../../GitHub/GDV-Projekt/ProjectNarnia/DerivedDataCache/Compressed.ddp not found, will not use a pak cache.
[2015.07.16-19.50.27:412][  0]LogDerivedDataCache: Unable to find inner node CompressedPak for hierarchical cache Hierarchy.
[2015.07.16-19.50.27:552][  0]LogDerivedDataCache:Display: Pak cache opened for reading ../../../Engine/DerivedDataCache/Compressed.ddp.
[2015.07.16-19.50.27:563][  0]LogDerivedDataCache: Using Local data cache path C:/Users/Silvan/AppData/Local/UnrealEngine/Common/DerivedDataCache: Writable
[2015.07.16-19.50.28:615][  0]LogInit: Selected Device Profile: [Windows]
[2015.07.16-19.50.28:621][  0]ImportText (ComponentSweepMultiTests): Missing closing parenthesis: (RootShapeAsset="/Engine/BasicShapes/Cube.Cube",ShapeType="TriggerCapsule",HitResult=(Time=0.50,Location=(X=-100.000015,Y=0.0,Z=100.000015),ImpactPoint=(X=-50.0,Y=0.0,Z=50.0),Normal=(X=-1.0,Y=-0.0,Z=0.0),ImpactNormal=(X=0.0,Y=0.0,Z=1.0),TraceStart=(X=-200.0,Y=0.0,Z=200.0),TraceEnd=(X=0.0,Y=0.0,Z=0.0))
[2015.07.16-19.50.28:621][  0]ImportText (LineTraceSingleByChannelTests): Missing closing parenthesis: (RootShapeAsset="/Engine/BasicShapes/Cube.Cube",HitResult=(Time=0.50,Location=(X=-100.000015,Y=0.0,Z=100.000015),ImpactPoint=(X=-50.0,Y=0.0,Z=50.0),Normal=(X=-1.0,Y=-0.0,Z=0.0),ImpactNormal=(X=0.0,Y=0.0,Z=1.0),TraceStart=(X=-200.0,Y=0.0,Z=200.0),TraceEnd=(X=0.0,Y=0.0,Z=0.0))
[2015.07.16-19.50.28:645][  0]LogMeshUtilities: No automatic mesh reduction module available
[2015.07.16-19.50.28:645][  0]LogMeshUtilities: No automatic mesh merging module available
[2015.07.16-19.50.29:011][  0]LogInit: WinSock: version 1.1 (2.2), MaxSocks=32767, MaxUdp=65467
[2015.07.16-19.50.30:680][  0]UdpMessaging: Initializing bridge on interface 0.0.0.0:0 to multicast group 230.0.0.1:6666.
[2015.07.16-19.50.30:985][  0]SourceControl: Info Source control is disabled
[2015.07.16-19.50.31:270][  0]LogObj: 26273 objects as part of root set at end of initial load.
[2015.07.16-19.50.31:270][  0]LogUObjectAllocator: 5409248 out of 0 bytes used by permanent object pool.
[2015.07.16-19.50.31:333][  0]LogEngine: Initializing Engine...
[2015.07.16-19.50.31:336][  0]LogHMD: Can't find Oculus library dev build: is proper Runtime installed? Version: 0.6.0.0
[2015.07.16-19.50.31:346][  0]LogHMD:Warning: SteamVR failed to initialize.  Error: 110
[2015.07.16-19.50.31:469][  0]LogAIModule: Creating AISystem for world NewWorld
[2015.07.16-19.50.31:480][  0]LogInit: XAudio2 using '1 - M2762DP (AMD High Definition Audio Device)' : 2 channels at 48 kHz using 16 bits per sample (channel mask 0x3)
[2015.07.16-19.50.31:498][  0]LogInit: FAudioDevice initialized.
[2015.07.16-19.50.31:524][  0]LogDerivedDataCache: Saved boot cache 0.03s 53MB C:/Users/Silvan/AppData/Local/UnrealEngine/4.8/DerivedDataCache/Boot.ddc.
[2015.07.16-19.50.31:528][  0]LogInit: Texture streaming: Disabled
[2015.07.16-19.50.31:549][  0]LogAnalytics: Creating configured Analytics provider AnalyticsET
[2015.07.16-19.50.31:549][  0]LogAnalytics: [UEEditor.Rocket.Release] APIServer = http://et2.epicgames.com/ET2/. AppVersion = 4.8.1-2591939+++depot+UE4-Releases+4.8
[2015.07.16-19.50.31:549][  0]LogAnalytics: [UEEditor.Rocket.Release] SetUserId 63ae0425466c6f65eeb5439200c4cbba|16ffa05e03dc4cfda8fe4198e1102ff4|ffbd022f-d859-4116-a567-25e39becdd18
[2015.07.16-19.50.31:549][  0]LogAnalytics: [UEEditor.Rocket.Release] AnalyticsET::StartSession
[2015.07.16-19.50.31:581][  0]LogInit: Transaction tracking system initialized
[2015.07.16-19.50.31:681][  0]BlueprintLog: New page: Editor Load
[2015.07.16-19.50.31:710][  0]LogAssetRegistry: FAssetRegistry took 0.0099 seconds to start up
[2015.07.16-19.50.31:710][  0]LogDirectoryWatcher:Warning: Failed to begin reading directory changes for ../../../Engine/Plugins/Experimental/CharacterAI/Content/. Error: 0
[2015.07.16-19.50.32:364][  0]LogConsoleManager:Warning: Console variable 'r.VSync' wasn't set ('GameSetting' has a lower priority than 'SystemSettingsIni')
[2015.07.16-19.50.32:364][  0]LogConsoleResponse:Display: 
[2015.07.16-19.50.32:447][  0]LogCook:Display: Done creating registry. It took  0.00s.
[2015.07.16-19.50.32:612][  0]Cmd: MAP LOAD FILE="../../../Engine/Content/Maps/Templates/Template_Default.umap" TEMPLATE=1 SHOWPROGRESS=1 FEATURELEVEL=3
[2015.07.16-19.50.32:615][  0]LightingResults: New page: Lighting Build
[2015.07.16-19.50.32:626][  0]MapCheck: New page: Map Check
[2015.07.16-19.50.32:626][  0]LightingResults: New page: Lighting Build
[2015.07.16-19.50.32:635][  0]LogParticles: Destroying 0 GPU particle simulations for FXSystem 0x0000000019FC63E0
[2015.07.16-19.50.32:955][  0]LogAIModule: Creating AISystem for world Untitled_1
[2015.07.16-19.50.32:961][  0]LogEditorServer: Finished looking for orphan Actors (0.000 secs)
[2015.07.16-19.50.32:985][  0]Cmd: MAP CHECKDEP NOCLEARLOG
[2015.07.16-19.50.33:019][  0]MapCheck: Info Map check complete: 0 Error(s), 0 Warning(s), took 34.31ms to complete.
[2015.07.16-19.50.33:019][  0]LogFileHelpers: Loading map 'Template_Default' took 0.407
[2015.07.16-19.50.33:123][  0]LogCollectionManager: Loaded 0 collections in 0.001841 seconds
[2015.07.16-19.50.33:130][  0]LogContentBrowser: Native class hierarchy populated in 0.0065 seconds. Added 1792 classes and 301 folders.
[2015.07.16-19.50.33:171][  0]LogContentBrowser: Native class hierarchy updated for 'WidgetCarousel' in 0.0004 seconds. Added 0 classes and 0 folders.
[2015.07.16-19.50.33:271][  0]LogContentBrowser: Native class hierarchy updated for 'AddContentDialog' in 0.0004 seconds. Added 0 classes and 0 folders.
[2015.07.16-19.50.33:290][  0]LogContentBrowser: Native class hierarchy updated for 'SceneOutliner' in 0.0003 seconds. Added 1 classes and 2 folders.
[2015.07.16-19.50.33:317][  0]LogCrashTracker: Crashtracker disabled due to settings.
[2015.07.16-19.50.33:320][  0]LogUObjectGlobals:Warning: Failed to find object 'Class None.'
[2015.07.16-19.50.33:340][  0]LogLoad: Full Startup: 9.83 seconds (BP compile: 0.17 seconds)
[2015.07.16-19.50.33:418][  0]SourceControl: Info On branch master
[2015.07.16-19.50.33:418][  0]SourceControl: Info Your branch is up-to-date with 'origin/master'.
[2015.07.16-19.50.33:418][  0]SourceControl: Info Changes not staged for commit:
[2015.07.16-19.50.33:418][  0]SourceControl: Info   (use "git add/rm <file>..." to update what will be committed)
[2015.07.16-19.50.33:418][  0]SourceControl: Info   (use "git checkout -- <file>..." to discard changes in working directory)
[2015.07.16-19.50.33:418][  0]SourceControl: Info 	modified:   ProjectNarnia/Saved/Config/Windows/Engine.ini
[2015.07.16-19.50.33:418][  0]SourceControl: Info 	deleted:    ProjectNarnia/Saved/Logs/ProjectNarnia-backup-2015.06.30-20.24.38.log
[2015.07.16-19.50.33:418][  0]SourceControl: Info 	deleted:    ProjectNarnia/Saved/Logs/ProjectNarnia-backup-2015.06.30-20.59.52.log
[2015.07.16-19.50.33:418][  0]SourceControl: Info 	deleted:    ProjectNarnia/Saved/Logs/ProjectNarnia-backup-2015.06.30-21.02.02.log
[2015.07.16-19.50.33:418][  0]SourceControl: Info 	deleted:    ProjectNarnia/Saved/Logs/ProjectNarnia-backup-2015.07.07-10.02.52.log
[2015.07.16-19.50.33:418][  0]SourceControl: Info 	deleted:    ProjectNarnia/Saved/Logs/ProjectNarnia-backup-2015.07.07-10.44.28.log
[2015.07.16-19.50.33:418][  0]SourceControl: Info 	deleted:    ProjectNarnia/Saved/Logs/ProjectNarnia-backup-2015.07.08-15.25.45.log
[2015.07.16-19.50.33:418][  0]SourceControl: Info 	deleted:    ProjectNarnia/Saved/Logs/ProjectNarnia-backup-2015.07.08-17.11.18.log
[2015.07.16-19.50.33:418][  0]SourceControl: Info 	deleted:    ProjectNarnia/Saved/Logs/ProjectNarnia-backup-2015.07.08-17.21.08.log
[2015.07.16-19.50.33:418][  0]SourceControl: Info 	modified:   ProjectNarnia/Saved/Logs/ProjectNarnia.log
[2015.07.16-19.50.33:418][  0]SourceControl: Info Untracked files:
[2015.07.16-19.50.33:418][  0]SourceControl: Info   (use "git add <file>..." to include in what will be committed)
[2015.07.16-19.50.33:418][  0]SourceControl: Info 	ProjectNarnia/Content/Effects/
[2015.07.16-19.50.33:418][  0]SourceControl: Info 	ProjectNarnia/Content/Environment/
[2015.07.16-19.50.33:418][  0]SourceControl: Info 	ProjectNarnia/Saved/Logs/ProjectNarnia-backup-2015.07.16-21.50.24.log
[2015.07.16-19.50.33:418][  0]SourceControl: Info no changes added to commit (use "git add" and/or "git commit -a")
[2015.07.16-19.50.33:418][  0]LogContentStreaming: Texture pool size is 0.000000MB
[2015.07.16-19.50.33:443][  0]LogContentStreaming: Texture pool size now 1000 MB
[2015.07.16-19.50.33:540][  0]LogRenderer: Reallocating scene render targets to support 1128x600 (Frame:2).
[2015.07.16-19.50.36:279][285]LogAssetRegistry: Asset discovery search completed in 4.5782 seconds
[2015.07.16-19.50.49:803][883]LogMaterial: Missing cached shader map for material M_AncientDoor, compiling. 
[2015.07.16-19.50.49:880][883]LogMaterial: Missing cached shader map for material M_AncientDoor, compiling. 
[2015.07.16-19.50.49:885][883]LogMaterial: 0.000062 seconds spent updating 1 materials, 1 interfaces, 0 instances, 0 with static permutations.
[2015.07.16-19.50.49:911][883]LogMaterial: Missing cached shader map for material FMatExpressionPreview MaterialExpressionTextureSampleParameter2D_0, compiling. 
[2015.07.16-19.50.49:913][883]LogMaterial: Missing cached shader map for material FMatExpressionPreview MaterialExpressionVectorParameter_2, compiling. 
[2015.07.16-19.50.49:915][883]LogMaterial: Missing cached shader map for material FMatExpressionPreview MaterialExpressionVectorParameter_5, compiling. 
[2015.07.16-19.50.49:917][883]LogMaterial: Missing cached shader map for material FMatExpressionPreview MaterialExpressionTextureSample_2, compiling. 
[2015.07.16-19.50.49:918][883]LogMaterial: Missing cached shader map for material FMatExpressionPreview MaterialExpressionTextureSample_3, compiling. 
[2015.07.16-19.50.49:920][883]LogMaterial: Missing cached shader map for material FMatExpressionPreview MaterialExpressionVectorParameter_3, compiling. 
[2015.07.16-19.50.49:921][883]LogMaterial: Missing cached shader map for material FMatExpressionPreview MaterialExpressionVectorParameter_6, compiling. 
[2015.07.16-19.50.49:923][883]LogMaterial: Missing cached shader map for material FMatExpressionPreview MaterialExpressionTextureSampleParameter2D_1, compiling. 
[2015.07.16-19.50.51:088][963]MaterialEditorStats: Info Base pass shader with static lighting: 125 instructions
[2015.07.16-19.50.51:088][963]MaterialEditorStats: Info Base pass shader with only dynamic lighting: 93 instructions
[2015.07.16-19.50.51:088][963]MaterialEditorStats: Info Vertex shader: 33 instructions
[2015.07.16-19.50.51:088][963]MaterialEditorStats: Info Texture samplers: 6/16
[2015.07.16-19.50.55:434][391]LogActorFactory: Actor Factory created SM_CityWall_Round
[2015.07.16-19.50.57:236][602]LogActorFactory: Actor Factory created SM_CityWall_Round
[2015.07.16-19.50.57:256][602]SourceControl:Error: Error fatal: Could not switch to '/Temp/': No such file or directory
[2015.07.16-19.50.58:977][803]Cmd: DELETE
[2015.07.16-19.50.58:977][803]Cmd: ACTOR DELETE
[2015.07.16-19.50.58:981][803]LogEditorActor: Deleted Actor: StaticMeshActor
[2015.07.16-19.50.58:993][803]LogParticles: Destroying 0 GPU particle simulations for FXSystem 0x000000000DB72E80
[2015.07.16-19.50.59:009][803]LogEditorActor: Deleted 1 Actors (0.028 secs)
[2015.07.16-19.51.04:753][174]LogLinker:Warning: Can't find file '/Game/Elemental/Environment/TilingClouds/Textures/T_TilingNoise06'
[2015.07.16-19.51.04:754][174]LogLinker:Warning: Can't find file for asset '/Game/Elemental/Environment/TilingClouds/Textures/T_TilingNoise06' while loading ../../../../../../GitHub/GDV-Projekt/ProjectNarnia/Content/Elemental/Environment/ThroneRoom_Surfaces/Material/M_ThroneRoom_Stone_Wall.uasset.
[2015.07.16-19.51.04:754][174]LoadErrors:Error: Error /Game/Elemental/Environment/ThroneRoom_Surfaces/Material/M_ThroneRoom_Stone_Wall : Can't find file for asset. /Game/Elemental/Environment/TilingClouds/Textures/T_TilingNoise06
[2015.07.16-19.51.04:757][174]LogLinker:Warning: Can't find file '/Game/Elemental/Environment/TilingClouds/Textures/T_TilingNoise06'
[2015.07.16-19.51.04:757][174]LogLinker:Warning: Can't find file for asset '/Game/Elemental/Environment/TilingClouds/Textures/T_TilingNoise06' while loading ../../../../../../GitHub/GDV-Projekt/ProjectNarnia/Content/Elemental/Environment/ThroneRoom_Surfaces/Material/M_ThroneRoom_Stone_Wall.uasset.
[2015.07.16-19.51.06:360][174]LogLinker:Warning: Can't find file '/Game/Elemental/Environment/TilingClouds/Textures/T_TilingNoise06'
[2015.07.16-19.51.06:361][174]LoadErrors: Info Failed to load /Game/Elemental/Environment/TilingClouds/Textures/T_TilingNoise06.T_TilingNoise06 Referenced by M_ThroneRoom_Stone_Wall
[2015.07.16-19.51.06:361][174]LogLinker:Warning: Can't find file for asset '/Game/Elemental/Environment/TilingClouds/Textures/T_TilingNoise06' while loading NULL.
[2015.07.16-19.51.06:381][174]LogUObjectGlobals:Warning: Guid is in use by ArrowComponent /Temp/Untitled_1.Untitled_1:PersistentLevel.LightSource.ArrowComponent0 and ArrowComponent /Game/Levels/DefaultLevel.DefaultLevel:PersistentLevel.LightSource.ArrowComponent0, which should never happen in the editor but could happen at runtime with duplicate level loading or PIE
[2015.07.16-19.51.06:381][174]LogUObjectGlobals:Warning: Guid is in use by ArrowComponent /Temp/Untitled_1.Untitled_1:PersistentLevel.PlayerStart.Arrow and ArrowComponent /Game/Levels/DefaultLevel.DefaultLevel:PersistentLevel.PlayerStart.Arrow, which should never happen in the editor but could happen at runtime with duplicate level loading or PIE
[2015.07.16-19.51.06:382][174]LogUObjectGlobals:Warning: Guid is in use by BillboardComponent /Temp/Untitled_1.Untitled_1:PersistentLevel.PlayerStart.Sprite and BillboardComponent /Game/Levels/DefaultLevel.DefaultLevel:PersistentLevel.PlayerStart.Sprite, which should never happen in the editor but could happen at runtime with duplicate level loading or PIE
[2015.07.16-19.51.06:382][174]LogUObjectGlobals:Warning: Guid is in use by BillboardComponent /Temp/Untitled_1.Untitled_1:PersistentLevel.PlayerStart.Sprite2 and BillboardComponent /Game/Levels/DefaultLevel.DefaultLevel:PersistentLevel.PlayerStart.Sprite2, which should never happen in the editor but could happen at runtime with duplicate level loading or PIE
[2015.07.16-19.51.06:382][174]LogUObjectGlobals:Warning: Guid is in use by BillboardComponent /Temp/Untitled_1.Untitled_1:PersistentLevel.SkyLight_1.Sprite and BillboardComponent /Game/Levels/DefaultLevel.DefaultLevel:PersistentLevel.SkyLight_1.Sprite, which should never happen in the editor but could happen at runtime with duplicate level loading or PIE
[2015.07.16-19.51.06:382][174]LogUObjectGlobals:Warning: Guid is in use by CapsuleComponent /Temp/Untitled_1.Untitled_1:PersistentLevel.PlayerStart.CollisionCapsule and CapsuleComponent /Game/Levels/DefaultLevel.DefaultLevel:PersistentLevel.PlayerStart.CollisionCapsule, which should never happen in the editor but could happen at runtime with duplicate level loading or PIE
[2015.07.16-19.51.06:388][174]LogUObjectGlobals:Warning: Guid is in use by DirectionalLightComponent /Temp/Untitled_1.Untitled_1:PersistentLevel.LightSource.LightComponent0 and DirectionalLightComponent /Game/Levels/DefaultLevel.DefaultLevel:PersistentLevel.LightSource.LightComponent0, which should never happen in the editor but could happen at runtime with duplicate level loading or PIE
[2015.07.16-19.51.06:408][174]LogUObjectGlobals:Warning: Guid is in use by SkyLightComponent /Temp/Untitled_1.Untitled_1:PersistentLevel.SkyLight_1.SkyLightComponent0 and SkyLightComponent /Game/Levels/DefaultLevel.DefaultLevel:PersistentLevel.SkyLight_1.SkyLightComponent0, which should never happen in the editor but could happen at runtime with duplicate level loading or PIE
[2015.07.16-19.51.07:517][174]LogAIModule: Creating AISystem for world DefaultLevel
[2015.07.16-19.51.09:340][174]Cmd: MAP LOAD FILE="../../../../../../GitHub/GDV-Projekt/ProjectNarnia/Content/Levels/DefaultLevel.umap" TEMPLATE=0 SHOWPROGRESS=1 FEATURELEVEL=3
[2015.07.16-19.51.09:340][174]LightingResults: New page: Lighting Build
[2015.07.16-19.51.09:355][174]LoadErrors: New page: Loading map: DefaultLevel.umap
[2015.07.16-19.51.09:355][174]MapCheck: New page: Map Check
[2015.07.16-19.51.09:355][174]LightingResults: New page: Lighting Build
[2015.07.16-19.51.09:363][174]LogParticles: Destroying 0 GPU particle simulations for FXSystem 0x000000000E203B00
[2015.07.16-19.51.09:423][174]LogAIModule: Creating AISystem for world DefaultLevel
[2015.07.16-19.51.09:436][174]LogEditorServer: Finished looking for orphan Actors (0.000 secs)
[2015.07.16-19.51.09:457][174]Cmd: MAP CHECKDEP NOCLEARLOG
[2015.07.16-19.51.09:511][174]MapCheck: Info Map check complete: 0 Error(s), 0 Warning(s), took 53.395ms to complete.
[2015.07.16-19.51.09:511][174]LogFileHelpers: Loading map 'DefaultLevel' took 0.172
[2015.07.16-19.51.15:154][743]LogActorFactory: Actor Factory created SM_CityWall_Round
[2015.07.16-19.51.16:007][841]LogActorFactory: Actor Factory created SM_CityWall_Round
[2015.07.16-19.51.32:873][773]Cmd: DELETE
[2015.07.16-19.51.32:873][773]Cmd: ACTOR DELETE
[2015.07.16-19.51.32:874][773]LogEditorActor: Deleted Actor: StaticMeshActor
[2015.07.16-19.51.32:888][773]LogEditorActor: Deleted 1 Actors (0.015 secs)
[2015.07.16-19.51.34:123][881]LogActorFactory: Actor Factory created SM_Lake
[2015.07.16-19.51.34:797][956]LogActorFactory: Actor Factory created SM_Lake
[2015.07.16-19.51.45:141][ 72]Cmd: DELETE
[2015.07.16-19.51.45:141][ 72]Cmd: ACTOR DELETE
[2015.07.16-19.51.45:142][ 72]LogEditorActor: Deleted Actor: StaticMeshActor
[2015.07.16-19.51.45:156][ 72]LogEditorActor: Deleted 1 Actors (0.015 secs)
[2015.07.16-19.51.46:469][173]LogActorFactory: Actor Factory created SM_PineTree
[2015.07.16-19.51.46:967][229]LogActorFactory: Actor Factory created SM_PineTree
[2015.07.16-19.51.48:093][345]LogEditorViewport: Clicking on Actor (LMB): BP_Sky_Sphere_C (Sky Sphere)
[2015.07.16-19.51.50:314][598]LogEditorViewport: Clicking on Actor (LMB): StaticMeshActor (SM_PineTree)
[2015.07.16-19.51.51:601][741]Cmd: DELETE
[2015.07.16-19.51.51:601][741]Cmd: ACTOR DELETE
[2015.07.16-19.51.51:601][741]LogEditorActor: Deleted Actor: StaticMeshActor
[2015.07.16-19.51.51:616][741]LogEditorActor: Deleted 1 Actors (0.015 secs)
[2015.07.16-19.51.52:940][826]LogActorFactory: Actor Factory created SM_RockGravel
[2015.07.16-19.51.53:575][899]LogActorFactory: Actor Factory created SM_RockGravel
[2015.07.16-19.51.54:581][  3]LogEditorViewport: Clicking on Actor (LMB): StaticMeshActor (Floor)
[2015.07.16-19.51.57:320][315]LogEditorViewport: Clicking on Actor (LMB): StaticMeshActor (SM_RockGravel)
[2015.07.16-19.51.57:519][334]Cmd: DELETE
[2015.07.16-19.51.57:519][334]Cmd: ACTOR DELETE
[2015.07.16-19.51.57:519][334]LogEditorActor: Deleted Actor: StaticMeshActor
[2015.07.16-19.51.57:534][334]LogEditorActor: Deleted 1 Actors (0.015 secs)
[2015.07.16-19.52.00:632][571]LogActorFactory: Actor Factory created SM_Throne_Interior_Wall_BrokenPiece_01
[2015.07.16-19.52.01:065][617]LogActorFactory: Actor Factory created SM_Throne_Interior_Wall_BrokenPiece_01
[2015.07.16-19.52.03:402][880]Cmd: DELETE
[2015.07.16-19.52.03:402][880]Cmd: ACTOR DELETE
[2015.07.16-19.52.03:402][880]LogEditorActor: Deleted Actor: StaticMeshActor
[2015.07.16-19.52.03:416][880]LogEditorActor: Deleted 1 Actors (0.015 secs)
[2015.07.16-19.52.21:988][ 20]LogEditorViewport: Clicking on Actor (LMB): BP_Sky_Sphere_C (Sky Sphere)
[2015.07.16-19.52.29:563][925]LogEditorViewport: Clicking on Actor (LMB): BP_Sky_Sphere_C (Sky Sphere)
[2015.07.16-19.52.29:872][959]Cmd: TRANSACTION UNDO
[2015.07.16-19.52.29:874][959]LogEditorTransaction: Undo Clicking on Actors
[2015.07.16-19.52.31:356][115]Cmd: TRANSACTION UNDO
[2015.07.16-19.52.31:356][115]LogEditorTransaction: Undo Clicking on Actors
[2015.07.16-19.52.31:897][178]Cmd: TRANSACTION UNDO
[2015.07.16-19.52.31:897][178]LogEditorTransaction: Undo Move Actors
[2015.07.16-19.52.32:759][280]Cmd: TRANSACTION UNDO
[2015.07.16-19.52.32:759][280]LogEditorTransaction: Undo Create Actors
[2015.07.16-19.52.38:400][932]Cmd: DELETE
[2015.07.16-19.52.38:400][932]Cmd: ACTOR DELETE
[2015.07.16-19.52.38:400][932]LogEditorActor: Deleted Actor: Emitter
[2015.07.16-19.52.38:415][932]LogEditorActor: Deleted 1 Actors (0.015 secs)
[2015.07.16-19.53.11:712][864]SourceControl: Info On branch master
[2015.07.16-19.53.11:712][864]SourceControl: Info Your branch is up-to-date with 'origin/master'.
[2015.07.16-19.53.11:712][864]SourceControl: Info Changes not staged for commit:
[2015.07.16-19.53.11:712][864]SourceControl: Info   (use "git add/rm <file>..." to update what will be committed)
[2015.07.16-19.53.11:712][864]SourceControl: Info   (use "git checkout -- <file>..." to discard changes in working directory)
[2015.07.16-19.53.11:712][864]SourceControl: Info 	modified:   ProjectNarnia/Intermediate/CachedAssetRegistry.bin
[2015.07.16-19.53.11:712][864]SourceControl: Info 	modified:   ProjectNarnia/Saved/Config/Windows/EditorPerProjectUserSettings.ini
[2015.07.16-19.53.11:712][864]SourceControl: Info 	modified:   ProjectNarnia/Saved/Config/Windows/Engine.ini
[2015.07.16-19.53.11:712][864]SourceControl: Info 	deleted:    ProjectNarnia/Saved/Logs/ProjectNarnia-backup-2015.06.30-20.24.38.log
[2015.07.16-19.53.11:712][864]SourceControl: Info 	deleted:    ProjectNarnia/Saved/Logs/ProjectNarnia-backup-2015.06.30-20.59.52.log
[2015.07.16-19.53.11:712][864]SourceControl: Info 	deleted:    ProjectNarnia/Saved/Logs/ProjectNarnia-backup-2015.06.30-21.02.02.log
[2015.07.16-19.53.11:712][864]SourceControl: Info 	deleted:    ProjectNarnia/Saved/Logs/ProjectNarnia-backup-2015.07.07-10.02.52.log
[2015.07.16-19.53.11:712][864]SourceControl: Info 	deleted:    ProjectNarnia/Saved/Logs/ProjectNarnia-backup-2015.07.07-10.44.28.log
[2015.07.16-19.53.11:712][864]SourceControl: Info 	deleted:    ProjectNarnia/Saved/Logs/ProjectNarnia-backup-2015.07.08-15.25.45.log
[2015.07.16-19.53.11:712][864]SourceControl: Info 	deleted:    ProjectNarnia/Saved/Logs/ProjectNarnia-backup-2015.07.08-17.11.18.log
[2015.07.16-19.53.11:712][864]SourceControl: Info 	deleted:    ProjectNarnia/Saved/Logs/ProjectNarnia-backup-2015.07.08-17.21.08.log
[2015.07.16-19.53.11:712][864]SourceControl: Info 	modified:   ProjectNarnia/Saved/Logs/ProjectNarnia.log
[2015.07.16-19.53.11:712][864]SourceControl: Info Untracked files:
[2015.07.16-19.53.11:712][864]SourceControl: Info   (use "git add <file>..." to include in what will be committed)
[2015.07.16-19.53.11:712][864]SourceControl: Info 	ProjectNarnia/Content/Effects/
[2015.07.16-19.53.11:712][864]SourceControl: Info 	ProjectNarnia/Content/Environment/
[2015.07.16-19.53.11:712][864]SourceControl: Info 	ProjectNarnia/Saved/Logs/ProjectNarnia-backup-2015.07.16-21.50.24.log
[2015.07.16-19.53.11:712][864]SourceControl: Info no changes added to commit (use "git add" and/or "git commit -a")
[2015.07.16-19.53.12:726][864]Cmd: OBJ SAVEPACKAGE PACKAGE="/Game/Assets/Effects/P_Explosion_Large" FILE="../../../../../../GitHub/GDV-Projekt/ProjectNarnia/Content/Assets/Effects/P_Explosion_Large.uasset" SILENT=true
[2015.07.16-19.53.12:770][864]LogSavePackage: Save=42.521271ms
[2015.07.16-19.53.12:770][864]LogSavePackage: Moving '../../../../../../GitHub/GDV-Projekt/ProjectNarnia/Saved/P_Explosion_Large22FCF3C2468C69BCF37211B3039B484E.tmp' to '../../../../../../GitHub/GDV-Projekt/ProjectNarnia/Content/Assets/Effects/P_Explosion_Large.uasset'
[2015.07.16-19.53.12:853][864]LogSavePackage: Save=10.585641ms
[2015.07.16-19.53.12:853][864]LogSavePackage: Moving '../../../../../../GitHub/GDV-Projekt/ProjectNarnia/Saved/M_explosion_SubUV5B92366844835BA1F4A16ABDE7AAE1CC.tmp' to '../../../../../../GitHub/GDV-Projekt/ProjectNarnia/Content/Assets/Effects/Materials/M_explosion_SubUV.uasset'
[2015.07.16-19.53.12:928][864]Cmd: OBJ SAVEPACKAGE PACKAGE="/Game/Assets/Effects/Textures/T_explo_SubUV" FILE="../../../../../../GitHub/GDV-Projekt/ProjectNarnia/Content/Assets/Effects/Textures/T_explo_SubUV.uasset" SILENT=true
[2015.07.16-19.53.12:968][864]LogSavePackage: Save=38.878014ms
[2015.07.16-19.53.12:968][864]LogSavePackage: Moving '../../../../../../GitHub/GDV-Projekt/ProjectNarnia/Saved/T_explo_SubUVE61E97424E407EFAAE334B8F5F65D4AC.tmp' to '../../../../../../GitHub/GDV-Projekt/ProjectNarnia/Content/Assets/Effects/Textures/T_explo_SubUV.uasset'
[2015.07.16-19.53.13:146][864]Cmd: OBJ SAVEPACKAGE PACKAGE="/Game/Assets/Effects/P_BirdsDistant_Flying" FILE="../../../../../../GitHub/GDV-Projekt/ProjectNarnia/Content/Assets/Effects/P_BirdsDistant_Flying.uasset" SILENT=true
[2015.07.16-19.53.13:155][864]LogSavePackage: Save=8.155897ms
[2015.07.16-19.53.13:155][864]LogSavePackage: Moving '../../../../../../GitHub/GDV-Projekt/ProjectNarnia/Saved/P_BirdsDistant_Flying74836ABA4955DF406D3A1793D55360AC.tmp' to '../../../../../../GitHub/GDV-Projekt/ProjectNarnia/Content/Assets/Effects/P_BirdsDistant_Flying.uasset'
[2015.07.16-19.53.13:225][864]Cmd: OBJ SAVEPACKAGE PACKAGE="/Game/Assets/Effects/Materials/M_BirdsDistant" FILE="../../../../../../GitHub/GDV-Projekt/ProjectNarnia/Content/Assets/Effects/Materials/M_BirdsDistant.uasset" SILENT=true
[2015.07.16-19.53.13:238][864]LogSavePackage: Save=11.251263ms
[2015.07.16-19.53.13:238][864]LogSavePackage: Moving '../../../../../../GitHub/GDV-Projekt/ProjectNarnia/Saved/M_BirdsDistantB78F296B4A98856CF7E9F683D83286A5.tmp' to '../../../../../../GitHub/GDV-Projekt/ProjectNarnia/Content/Assets/Effects/Materials/M_BirdsDistant.uasset'
[2015.07.16-19.53.13:342][864]LogSavePackage: Save=39.119812ms
[2015.07.16-19.53.13:342][864]LogSavePackage: Moving '../../../../../../GitHub/GDV-Projekt/ProjectNarnia/Saved/T_FlipbookBird_01_Lit_D4DEF918440EDCFCB4DD9BCA36582A841.tmp' to '../../../../../../GitHub/GDV-Projekt/ProjectNarnia/Content/Assets/Effects/Textures/T_FlipbookBird_01_Lit_D.uasset'
[2015.07.16-19.53.13:470][864]LogCrashTracker: 


[2015.07.16-19.53.21:692][864]LogCrashTracker: 


[2015.07.16-19.53.21:692][864]LogWindows: === Critical error: ===
Fatal error!

Unhandled Exception: EXCEPTION_ACCESS_VIOLATION reading address 0xffffffff

UE4Editor-GitSourceControl.dll!FGitSourceControlProvider::Tick() {0x000007fec9f87524} + 0 bytes
UE4Editor-GitSourceControl.dll!FGitSourceControlProvider::ExecuteSynchronousCommand() {0x000007fec9f75d8c} + 0 bytes
UE4Editor-GitSourceControl.dll!FGitSourceControlProvider::Execute() {0x000007fec9f751ab} + 0 bytes
UE4Editor-GitSourceControl.dll!ISourceControlProvider::Execute() {0x000007fec9f75a06} + 0 bytes
UE4Editor-UnrealEd.dll!UEditorEngine::SavePackage() {0x000007fed3cd0d18} + 230 bytes [d:\buildfarm\buildmachine_++depot+ue4-releases+4.8\engine\sou
UE4Editor-UnrealEd.dll!UEditorEngine::Exec_Obj() {0x000007fed3d236ce} + 72 bytes [d:\buildfarm\buildmachine_++depot+ue4-releases+4.8\engine\sou
UE4Editor-UnrealEd.dll!UEditorEngine::Exec() {0x000007fed3d2013b} + 18 bytes [d:\buildfarm\buildmachine_++depot+ue4-releases+4.8\engine\sou
UE4Editor-UnrealEd.dll!UUnrealEdEngine::Exec() {0x000007fed4135aa1} + 17 bytes [d:\buildfarm\buildmachine_++depot+ue4-releases+4.8\engine\sou
UE4Editor-UnrealEd.dll!InternalSavePackage() {0x000007fed3dc2934} + 94 bytes [d:\buildfarm\buildmachine_++depot+ue4-releases+4.8\engine\sou
UE4Editor-UnrealEd.dll!FEditorFileUtils::PromptForCheckoutAndSave() {0x000007fed3dd2b5b} + 18 bytes [d:\buildfarm\buildmachine_++depot+ue4-releases+4.8\engine\sou
UE4Editor-AssetTools.dll!FAssetRenameManager::PerformAssetRename() {0x000007feccb98a42} + 0 bytes [d:\buildfarm\buildmachine_++depot+ue4-releases+4.8\engine\sou
UE4Editor-AssetTools.dll!FAssetRenameManager::FixReferencesAndRename() {0x000007feccb5ec14} + 0 bytes [d:\buildfarm\buildmachine_++depot+ue4-releases+4.8\engine\sou
UE4Editor-AssetTools.dll!FAssetRenameManager::RenameAssets() {0x000007feccba91ae} + 0 bytes [d:\buildfarm\buildmachine_++depot+ue4-releases+4.8\engine\sou
UE4Editor-ContentBrowser.dll!ContentBrowserUtils::MoveAssets() {0x000007fecb45ce14} + 27 bytes [d:\buildfarm\buildmachine_++depot+ue4-releases+4.8\engine\sou
UE4Editor-ContentBrowser.dll!ContentBrowserUtils::MoveFolders() {0x000007fecb45d61e} + 0 bytes [d:\buildfarm\buildmachine_++depot+ue4-releases+4.8\engine\sou
UE4Editor-ContentBrowser.dll!SPathView::ExecuteTreeDropMoveFolder() {0x000007fecb3e5341} + 0 bytes [d:\buildfarm\buildmachine_++depot+ue4-releases+4.8\engine\sou
UE4Editor-ContentBrowser.dll!TBaseSPMethodDelegateInstance<0,SPathView,0,TTypeWrapper<void> __cdecl(TArray<FString,FDefaultAllocator>,FString)>::Execute() {0x000007fecb3d2a0c} + 121 bytes [d:\buildfarm\buildmachine_++depot+ue4-releases+4.8\engine\sou
UE4Editor-ContentBrowser.dll!TBaseSPMethodDelegateInstance<0,SPathView,0,void __cdecl(TArray<FString,FDefaultAllocator>,FString)>::ExecuteIfSafe() {0x000007fecb3de09e} + 112 bytes [d:\buildfarm\buildmachine_++depot+ue4-releases+4.8\engine\sou
UE4Editor-ContentBrowser.dll!TBaseDelegate<void,TArray<FString,FDefaultAllocator>,FString>::ExecuteIfBound() {0x000007fecb3d951e} + 113 bytes [d:\buildfarm\buildmachine_++depot+ue4-releases+4.8\engine\sou
UE4Editor-ContentBrowser.dll!<lambda_e3eb4e873abfd3702d23cddfe43c8634>::operator()() {0x000007fecb3357b8} + 120 bytes [d:\buildfarm\buildmachine_++depot+ue4-releases+4.8\engine\sou
UE4Editor-ContentBrowser.dll!TBaseFunctorDelegateInstance<void __cdecl(void),<lambda_e3eb4e873abfd3702d23cddfe43c8634> >::ExecuteIfSafe() {0x000007fecb3d9cfd} + 0 bytes [d:\buildfarm\buildmachine_++depot+ue4-releases+4.8\engine\sou
UE4Editor-Slate.dll!SMenuEntryBlock::OnClicked() {0x000007fed6469827} + 0 bytes [d:\buildfarm\buildmachine_++depot+ue4-releases+4.8\engine\sou
UE4Editor-Slate.dll!SMenuEntryBlock::OnMenuItemButtonClicked() {0x000007fed646f1e8} + 0 bytes [d:\buildfarm\buildmachine_++depot+ue4-releases+4.8\engine\sou
UE4Editor-Slate.dll!TMemberFunctionCaller<SMenuEntryBlock,FReply (__cdecl SMenuEntryBlock::*)(void) __ptr64>::operator()<>() {0x000007fed63e1437} + 16 bytes [d:\buildfarm\buildmachine_++depot+ue4-releases+4.8\engine\sou
UE4Editor-Slate.dll!TTupleImpl<TIntegerSequence<> >::ApplyAfter_ExplicitReturnType<FReply,TMemberFunctionCaller<SMenuEntryBlock,FReply (__cdecl SMenuEntryBlock::*)(void) __ptr64> >() {0x000007fed63e2b69} + 19 bytes [d:\buildfarm\buildmachine_++depot+ue4-releases+4.8\engine\sou
UE4Editor-Slate.dll!TBaseSPMethodDelegateInstance<0,SMenuEntryBlock,0,FReply __cdecl(void)>::Execute() {0x000007fed644d019} + 36 bytes [d:\buildfarm\buildmachine_++depot+ue4-releases+4.8\engine\sou
UE4Editor-Slate.dll!TBaseDelegate<FReply>::Execute() {0x000007fed6500c7a} + 6 bytes [d:\buildfarm\buildmachine_++depot+ue4-releases+4.8\engine\sou
UE4Editor-Slate.dll!SButton::OnMouseButtonUp() {0x000007fed652f88f} + 17 bytes [d:\buildfarm\buildmachine_++depot+ue4-releases+4.8\engine\sou
UE4Editor-Slate.dll!<lambda_de96dc3471181973108233c6db1f9843>::operator()() {0x000007fed6334ccc} + 24 bytes [d:\buildfarm\buildmachine_++depot+ue4-releases+4.8\engine\sou
UE4Editor-Slate.dll!FEventRouter::Route<FReply,FEventRouter::FToLeafmostPolicy,FPointerEvent,<lambda_de96dc3471181973108233c6db1f9843> >() {0x000007fed62ed167} + 21 bytes [d:\buildfarm\buildmachine_++depot+ue4-releases+4.8\engine\sou
UE4Editor-Slate.dll!FSlateApplication::ProcessMouseButtonUpEvent() {0x000007fed63a8617} + 78 bytes [d:\buildfarm\buildmachine_++depot+ue4-releases+4.8\engine\sou
UE4Editor-Slate.dll!FSlateApplication::OnMouseUp() {0x000007fed6395d84} + 16 bytes [d:\buildfarm\buildmachine_++depot+ue4-releases+4.8\engine\sou
UE4Editor-Core.dll!FWindowsApplication::ProcessDeferredMessage() {0x000007feda23d38d} + 12 bytes [d:\buildfarm\buildmachine_++depot+ue4-releases+4.8\engine\sou
UE4Editor-Core.dll!FWindowsApplication::DeferMessage() {0x000007feda2245c1} + 74 bytes [d:\buildfarm\buildmachine_++depot+ue4-releases+4.8\engine\sou
UE4Editor-Core.dll!FWindowsApplication::ProcessMessage() {0x000007feda23e99f} + 44 bytes [d:\buildfarm\buildmachine_++depot+ue4-releases+4.8\engine\sou
UE4Editor-Core.dll!FWindowsApplication::AppWndProc() {0x000007feda21e1aa} + 0 bytes [d:\buildfarm\buildmachine_++depot+ue4-releases+4.8\engine\sou
USER32.dll {0x0000000076f99bd1} + 0 bytes
USER32.dll {0x0000000076f998da} + 0 bytes
UE4Editor-Core.dll!FWindowsPlatformMisc::PumpMessages() {0x000007feda23fd56} + 48 bytes [d:\buildfarm\buildmachine_++depot+ue4-releases+4.8\engine\sou
UE4Editor.exe!FEngineLoop::Tick() {0x000000013fbd3c7a} + 8 bytes [d:\buildfarm\buildmachine_++depot+ue4-releases+4.8\engine\sou
UE4Editor.exe!GuardedMain() {0x000000013fbc49cc} + 0 bytes [d:\buildfarm\buildmachine_++depot+ue4-releases+4.8\engine\sou
UE4Editor.exe!GuardedMainWrapper() {0x000000013fbc4a4a} + 5 bytes [d:\buildfarm\buildmachine_++depot+ue4-releases+4.8\engine\sou
UE4Editor.exe!WinMain() {0x000000013fbd65c9} + 17 bytes [d:\buildfarm\buildmachine_++depot+ue4-releases+4.8\engine\sou
UE4Editor.exe!__tmainCRTStartup() {0x000000013fbd75d9} + 21 bytes [f:\dd\vctools\crt\crtw32\dllstuff\crtexe.c:618]
kernel32.dll {0x0000000076e759cd} + 0 bytes
ntdll.dll {0x00000000770ab981} + 0 bytes
ntdll.dll {0x00000000770ab981} + 0 bytes

