[2015.08.19-10.55.35:151][  0]Log file open, 08/19/15 12:55:35
[2015.08.19-10.55.35:151][  0]LogInit:Display: Running engine for game: ProjectNarnia
[2015.08.19-10.55.35:151][  0]LogInit:Display: RandInit(-1811080362) SRandInit(-1811080362).
[2015.08.19-10.55.35:151][  0]LogTaskGraph: Started task graph with 4 named threads and 7 total threads.
[2015.08.19-10.55.35:151][  0]LogStats: Stats thread started
[2015.08.19-10.55.35:151][  0]LogInit: Version: 4.8.3-2634408+++depot+UE4-Releases+4.8
[2015.08.19-10.55.35:151][  0]LogInit: API Version: 2579680
[2015.08.19-10.55.35:151][  0]LogInit: Compiled (64-bit): Jul 27 2015 16:24:33
[2015.08.19-10.55.35:151][  0]LogInit: Compiled with Visual C++: 18.00.21005.01
[2015.08.19-10.55.35:151][  0]LogInit: Build Configuration: Development
[2015.08.19-10.55.35:151][  0]LogInit: Branch Name: ++depot+UE4-Releases+4.8
[2015.08.19-10.55.35:151][  0]LogInit: Command line:  
[2015.08.19-10.55.35:151][  0]LogInit: Base directory: D:/Programme/Epic Games/4.8/Engine/Binaries/Win64/
[2015.08.19-10.55.35:151][  0]LogInit: Rocket: 1
[2015.08.19-10.55.35:187][  0]LogInit: Using libcurl 7.41.0
[2015.08.19-10.55.35:187][  0]LogInit:  - built for x86_64-pc-win32
[2015.08.19-10.55.35:187][  0]LogInit:  - supports SSL with WinSSL
[2015.08.19-10.55.35:187][  0]LogInit:  - other features:
[2015.08.19-10.55.35:187][  0]LogInit:      CURL_VERSION_SSL
[2015.08.19-10.55.35:187][  0]LogInit:      CURL_VERSION_IPV6
[2015.08.19-10.55.35:187][  0]LogInit:      CURL_VERSION_ASYNCHDNS
[2015.08.19-10.55.35:187][  0]LogInit:      CURL_VERSION_LARGEFILE
[2015.08.19-10.55.35:187][  0]LogInit:      CURL_VERSION_IDN
[2015.08.19-10.55.35:187][  0]LogInit:  CurlRequestOptions (configurable via config and command line):
[2015.08.19-10.55.35:187][  0]LogInit:  - bVerifyPeer = true  - Libcurl will verify peer certificate
[2015.08.19-10.55.35:187][  0]LogInit:  - bUseHttpProxy = false  - Libcurl will NOT use HTTP proxy
[2015.08.19-10.55.35:187][  0]LogInit:  - bDontReuseConnections = false  - Libcurl will reuse connections
[2015.08.19-10.55.35:187][  0]LogInit:  - CertBundlePath = nullptr  - Libcurl will use whatever was configured at build time.
[2015.08.19-10.55.35:200][  0]LogOnline:Warning: No default platform service specified for OnlineSubsystem
[2015.08.19-10.55.35:214][  0]LogInit: Presizing for 0 objects not considered by GC, pre-allocating 0 bytes.
[2015.08.19-10.55.35:221][  0]LogInit: Object subsystem initialized
[2015.08.19-10.55.35:222][  0]LogConsoleResponse:Warning: Skipping Unknown console variable: 'TranslucentSortAxis = (X=0.000000,Y=-1.000000,Z=0.000000)'
[2015.08.19-10.55.35:222][  0]LogConsoleResponse:Warning:   Found in ini file 'D:/GitHub/GDV-Projekt/ProjectNarnia/Saved/Config/Windows/Engine.ini', in section '[/Script/Engine.RendererSettings]'
[2015.08.19-10.55.35:222][  0]LogConsoleResponse:Warning: Skipping Unknown console variable: 'UIScaleRule = ShortestSide'
[2015.08.19-10.55.35:222][  0]LogConsoleResponse:Warning:   Found in ini file 'D:/GitHub/GDV-Projekt/ProjectNarnia/Saved/Config/Windows/Engine.ini', in section '[/Script/Engine.RendererSettings]'
[2015.08.19-10.55.35:222][  0]LogConsoleResponse:Warning: Skipping Unknown console variable: 'UIScaleCurve = (EditorCurveData=(Keys=),ExternalCurve=None)'
[2015.08.19-10.55.35:222][  0]LogConsoleResponse:Warning:   Found in ini file 'D:/GitHub/GDV-Projekt/ProjectNarnia/Saved/Config/Windows/Engine.ini', in section '[/Script/Engine.RendererSettings]'
[2015.08.19-10.55.35:222][  0]LogInit: Selected Device Profile: [Windows]
[2015.08.19-10.55.35:222][  0]LogInit: Applying CVar settings loaded from the selected device profile: [Windows]
[2015.08.19-10.55.35:250][  0]LogInit: Computer: SILVAN-PC
[2015.08.19-10.55.35:250][  0]LogInit: User: Silvan
[2015.08.19-10.55.35:250][  0]LogInit: CPU Page size=4096, Cores=4
[2015.08.19-10.55.35:250][  0]LogInit: High frequency timer resolution =3.312646 MHz
[2015.08.19-10.55.35:250][  0]LogMemory: Memory total: Physical=11.9GB (12GB approx)
[2015.08.19-10.55.35:250][  0]LogMemory: Platform Memory Stats for Windows
[2015.08.19-10.55.35:250][  0]LogMemory: Process Physical Memory: 53.33 MB used, 53.33 MB peak
[2015.08.19-10.55.35:250][  0]LogMemory: Process Virtual Memory: 24.77 MB used, 24.77 MB peak
[2015.08.19-10.55.35:250][  0]LogMemory: Physical Memory: 3889.45 MB used, 12166.62 MB total
[2015.08.19-10.55.35:250][  0]LogMemory: Virtual Memory: 313.34 MB used, 134217728.00 MB total
[2015.08.19-10.55.35:285][  0]LogTextLocalizationManager: The requested culture ('de_DE') has no localization data; falling back to 'en' for localization and internationalization data.
[2015.08.19-10.55.35:473][  0]LogTextLocalizationManager:Warning: Loaded localization resources contain conflicting entries for (Namespace:ContentBrowser, Key:ImportAssetToolTip):
Localization Resource: (D:/Programme/Epic Games/4.8/Engine/Content/Localization/Editor/en/Editor.locres) Source String Hash: (-630476809) Localized String: (Import to {0}...)
Localization Resource: (D:/Programme/Epic Games/4.8/Engine/Content/Localization/Editor/en/Editor.locres) Source String Hash: (1271782899) Localized String: (Imports an asset from file to this folder.)
[2015.08.19-10.55.35:836][  0]LogD3D11RHI: Found D3D11 adapter 0: AMD Radeon HD 7800 Series (Feature Level 11_0)
[2015.08.19-10.55.35:836][  0]LogD3D11RHI: Adapter has 2026MB of dedicated video memory, 0MB of dedicated system memory, and 6083MB of shared system memory, 2 output[s]
[2015.08.19-10.55.35:841][  0]LogD3D11RHI: Found D3D11 adapter 1: Intel(R) HD Graphics 4600 (Feature Level 11_0)
[2015.08.19-10.55.35:841][  0]LogD3D11RHI: Adapter has 112MB of dedicated video memory, 0MB of dedicated system memory, and 6083MB of shared system memory, 0 output[s]
[2015.08.19-10.55.35:842][  0]LogD3D11RHI: Found D3D11 adapter 2: Microsoft Basic Render Driver (Feature Level 11_0)
[2015.08.19-10.55.35:842][  0]LogD3D11RHI: Adapter has 0MB of dedicated video memory, 0MB of dedicated system memory, and 6083MB of shared system memory, 0 output[s]
[2015.08.19-10.55.35:842][  0]LogD3D11RHI: Chosen D3D11 Adapter Id = 0
[2015.08.19-10.55.35:845][  0]LogD3D11RHI: InitD3DDevice
[2015.08.19-10.55.35:845][  0]LogD3D11RHI: !Direct3DDevice
[2015.08.19-10.55.35:845][  0]LogRHI: Texture pool is 1361 MB (70% of 1945 MB)
[2015.08.19-10.55.35:850][  0]LogD3D11RHI: Async texture creation disabled: no driver support
[2015.08.19-10.55.35:861][  0]LogShaderCompilers:Display: Using Local Shader Compiler.
[2015.08.19-10.55.36:448][  0]LogTemp:Display: Loaded TP DesktopTargetPlatform
[2015.08.19-10.55.36:461][  0]LogTemp:Display: Loaded TP WindowsClientTargetPlatform
[2015.08.19-10.55.36:473][  0]LogTemp:Display: Loaded TP WindowsNoEditorTargetPlatform
[2015.08.19-10.55.36:487][  0]LogTemp:Display: Loaded TP WindowsServerTargetPlatform
[2015.08.19-10.55.36:500][  0]LogTemp:Display: Loaded TP WindowsTargetPlatform
[2015.08.19-10.55.36:512][  0]LogTemp:Display: Loaded TP AndroidTargetPlatform
[2015.08.19-10.55.36:523][  0]LogTemp:Display: Loaded TP Android_ASTCTargetPlatform
[2015.08.19-10.55.36:535][  0]LogTemp:Display: Loaded TP Android_ATCTargetPlatform
[2015.08.19-10.55.36:547][  0]LogTemp:Display: Loaded TP Android_DXTTargetPlatform
[2015.08.19-10.55.36:558][  0]LogTemp:Display: Loaded TP Android_ETC1TargetPlatform
[2015.08.19-10.55.36:569][  0]LogTemp:Display: Loaded TP Android_ETC2TargetPlatform
[2015.08.19-10.55.36:581][  0]LogTemp:Display: Loaded TP Android_PVRTCTargetPlatform
[2015.08.19-10.55.36:626][  0]LogTemp:Display: Loaded TP IOSTargetPlatform
[2015.08.19-10.55.36:637][  0]LogTemp:Display: Loaded TP LinuxNoEditorTargetPlatform
[2015.08.19-10.55.36:648][  0]LogTemp:Display: Loaded TP LinuxServerTargetPlatform
[2015.08.19-10.55.36:661][  0]LogTemp:Display: Loaded TP LinuxTargetPlatform
[2015.08.19-10.55.36:661][  0]LogTargetPlatformManager:Display: Building Assets For Windows
[2015.08.19-10.55.36:847][  0]LogDerivedDataCache:Display: Max Cache Size: 512 MB
[2015.08.19-10.55.36:892][  0]LogDerivedDataCache: Loaded boot cache 0.04s 53MB C:/Users/Silvan/AppData/Local/UnrealEngine/4.8/DerivedDataCache/Boot.ddc.
[2015.08.19-10.55.36:892][  0]LogDerivedDataCache:Display: Loaded Boot cache: C:/Users/Silvan/AppData/Local/UnrealEngine/4.8/DerivedDataCache/Boot.ddc
[2015.08.19-10.55.36:892][  0]LogDerivedDataCache: FDerivedDataBackendGraph:  Pak pak cache file ../../../../../../GitHub/GDV-Projekt/ProjectNarnia/DerivedDataCache/DDC.ddp not found, will not use a pak cache.
[2015.08.19-10.55.36:892][  0]LogDerivedDataCache: Unable to find inner node Pak for hierarchical cache Hierarchy.
[2015.08.19-10.55.36:892][  0]LogDerivedDataCache: FDerivedDataBackendGraph:  CompressedPak pak cache file ../../../../../../GitHub/GDV-Projekt/ProjectNarnia/DerivedDataCache/Compressed.ddp not found, will not use a pak cache.
[2015.08.19-10.55.36:892][  0]LogDerivedDataCache: Unable to find inner node CompressedPak for hierarchical cache Hierarchy.
[2015.08.19-10.55.37:012][  0]LogDerivedDataCache:Display: Pak cache opened for reading ../../../Engine/DerivedDataCache/Compressed.ddp.
[2015.08.19-10.55.37:024][  0]LogDerivedDataCache: Using Local data cache path C:/Users/Silvan/AppData/Local/UnrealEngine/Common/DerivedDataCache: Writable
[2015.08.19-10.55.37:187][  0]LogInit: Selected Device Profile: [Windows]
[2015.08.19-10.55.37:252][  0]ImportText (ComponentSweepMultiTests): Missing closing parenthesis: (RootShapeAsset="/Engine/BasicShapes/Cube.Cube",ShapeType="TriggerCapsule",HitResult=(Time=0.50,Location=(X=-100.000015,Y=0.0,Z=100.000015),ImpactPoint=(X=-50.0,Y=0.0,Z=50.0),Normal=(X=-1.0,Y=-0.0,Z=0.0),ImpactNormal=(X=0.0,Y=0.0,Z=1.0),TraceStart=(X=-200.0,Y=0.0,Z=200.0),TraceEnd=(X=0.0,Y=0.0,Z=0.0))
[2015.08.19-10.55.37:252][  0]ImportText (LineTraceSingleByChannelTests): Missing closing parenthesis: (RootShapeAsset="/Engine/BasicShapes/Cube.Cube",HitResult=(Time=0.50,Location=(X=-100.000015,Y=0.0,Z=100.000015),ImpactPoint=(X=-50.0,Y=0.0,Z=50.0),Normal=(X=-1.0,Y=-0.0,Z=0.0),ImpactNormal=(X=0.0,Y=0.0,Z=1.0),TraceStart=(X=-200.0,Y=0.0,Z=200.0),TraceEnd=(X=0.0,Y=0.0,Z=0.0))
[2015.08.19-10.55.37:275][  0]LogMeshUtilities: No automatic mesh reduction module available
[2015.08.19-10.55.37:275][  0]LogMeshUtilities: No automatic mesh merging module available
[2015.08.19-10.55.37:528][  0]LogInit: WinSock: version 1.1 (2.2), MaxSocks=32767, MaxUdp=65467
[2015.08.19-10.55.38:293][  0]UdpMessaging: Initializing bridge on interface 0.0.0.0:0 to multicast group 230.0.0.1:6666.
[2015.08.19-10.55.38:604][  0]SourceControl: Info Source control is disabled
[2015.08.19-10.55.38:610][  0]SourceControl: Info Source control is disabled
[2015.08.19-10.55.38:619][  0]SourceControl: Info Source control is disabled
[2015.08.19-10.55.38:628][  0]SourceControl: Info Source control is disabled
[2015.08.19-10.55.38:808][  0]LogObj: 26273 objects as part of root set at end of initial load.
[2015.08.19-10.55.38:808][  0]LogUObjectAllocator: 5409248 out of 0 bytes used by permanent object pool.
[2015.08.19-10.55.38:867][  0]LogEngine: Initializing Engine...
[2015.08.19-10.55.38:870][  0]LogHMD: Can't find Oculus library dev build: is proper Runtime installed? Version: 0.6.0.0
[2015.08.19-10.55.38:871][  0]LogHMD:Warning: SteamVR failed to initialize.  Error: 110
[2015.08.19-10.55.38:987][  0]LogAIModule: Creating AISystem for world NewWorld
[2015.08.19-10.55.38:995][  0]LogInit: XAudio2 using '1 - M2762DP (AMD High Definition Audio Device)' : 2 channels at 48 kHz using 16 bits per sample (channel mask 0x3)
[2015.08.19-10.55.39:005][  0]LogInit: FAudioDevice initialized.
[2015.08.19-10.55.39:029][  0]LogDerivedDataCache: Saved boot cache 0.02s 53MB C:/Users/Silvan/AppData/Local/UnrealEngine/4.8/DerivedDataCache/Boot.ddc.
[2015.08.19-10.55.39:034][  0]LogInit: Texture streaming: Disabled
[2015.08.19-10.55.39:055][  0]LogAnalytics: Creating configured Analytics provider AnalyticsET
[2015.08.19-10.55.39:055][  0]LogAnalytics: [UEEditor.Rocket.Release] APIServer = http://et2.epicgames.com/ET2/. AppVersion = 4.8.3-2634408+++depot+UE4-Releases+4.8
[2015.08.19-10.55.39:055][  0]LogAnalytics: [UEEditor.Rocket.Release] SetUserId 63ae0425466c6f65eeb5439200c4cbba|16ffa05e03dc4cfda8fe4198e1102ff4|ffbd022f-d859-4116-a567-25e39becdd18
[2015.08.19-10.55.39:055][  0]LogAnalytics: [UEEditor.Rocket.Release] AnalyticsET::StartSession
[2015.08.19-10.55.39:080][  0]LogInit: Transaction tracking system initialized
[2015.08.19-10.55.39:193][  0]BlueprintLog: New page: Editor Load
[2015.08.19-10.55.39:225][  0]LogAssetRegistry: FAssetRegistry took 0.0113 seconds to start up
[2015.08.19-10.55.39:225][  0]LogDirectoryWatcher:Warning: Failed to begin reading directory changes for ../../../Engine/Plugins/Experimental/CharacterAI/Content/. Error: 0
[2015.08.19-10.55.39:919][  0]LogConsoleManager:Warning: Console variable 'r.VSync' wasn't set ('GameSetting' has a lower priority than 'SystemSettingsIni')
[2015.08.19-10.55.39:919][  0]LogConsoleResponse:Display: 
[2015.08.19-10.55.40:144][  0]LogCook:Display: Done creating registry. It took  0.00s.
[2015.08.19-10.55.40:282][  0]SourceControl: Info Source control is disabled
[2015.08.19-10.55.40:282][  0]Cmd: MAP LOAD FILE="../../../Engine/Content/Maps/Templates/Template_Default.umap" TEMPLATE=1 SHOWPROGRESS=1 FEATURELEVEL=3
[2015.08.19-10.55.40:285][  0]LightingResults: New page: Lighting Build
[2015.08.19-10.55.40:296][  0]MapCheck: New page: Map Check
[2015.08.19-10.55.40:296][  0]LightingResults: New page: Lighting Build
[2015.08.19-10.55.40:303][  0]LogParticles: Destroying 0 GPU particle simulations for FXSystem 0x000000FC42B20B80
[2015.08.19-10.55.40:595][  0]LogAIModule: Creating AISystem for world Untitled_1
[2015.08.19-10.55.40:601][  0]LogEditorServer: Finished looking for orphan Actors (0.000 secs)
[2015.08.19-10.55.40:628][  0]Cmd: MAP CHECKDEP NOCLEARLOG
[2015.08.19-10.55.40:666][  0]MapCheck: Info Map check complete: 0 Error(s), 0 Warning(s), took 37.336ms to complete.
[2015.08.19-10.55.40:666][  0]LogFileHelpers: Loading map 'Template_Default' took 0.384
[2015.08.19-10.55.40:756][  0]LogCollectionManager: Loaded 0 collections in 0.001604 seconds
[2015.08.19-10.55.40:762][  0]LogContentBrowser: Native class hierarchy populated in 0.0055 seconds. Added 1792 classes and 301 folders.
[2015.08.19-10.55.40:805][  0]LogContentBrowser: Native class hierarchy updated for 'WidgetCarousel' in 0.0002 seconds. Added 0 classes and 0 folders.
[2015.08.19-10.55.40:827][  0]LogContentBrowser: Native class hierarchy updated for 'AddContentDialog' in 0.0002 seconds. Added 0 classes and 0 folders.
[2015.08.19-10.55.40:867][  0]LogContentBrowser: Native class hierarchy updated for 'SceneOutliner' in 0.0003 seconds. Added 1 classes and 2 folders.
[2015.08.19-10.55.40:896][  0]LogCrashTracker: Crashtracker disabled due to settings.
[2015.08.19-10.55.40:896][  0]LogD3D11RHI: InitD3DDevice
[2015.08.19-10.55.40:899][  0]LogUObjectGlobals:Warning: Failed to find object 'Class None.'
[2015.08.19-10.55.40:921][  0]LogLoad: Full Startup: 7.21 seconds (BP compile: 0.16 seconds)
[2015.08.19-10.55.40:929][  0]LogWindowsTextInputMethodSystem:Display: IME system now deactivated.
[2015.08.19-10.55.40:951][  0]LogContentStreaming: Texture pool size is 0.000000MB
[2015.08.19-10.55.40:968][  0]LogContentStreaming: Texture pool size now 1000 MB
[2015.08.19-10.55.41:072][  0]LogRenderer: Reallocating scene render targets to support 1192x928 (Frame:2).
[2015.08.19-10.55.43:233][180]LogD3D11RHI: InitD3DDevice
[2015.08.19-10.55.45:445][409]LogAssetRegistry: Asset discovery search completed in 6.2319 seconds
[2015.08.19-10.55.53:393][178]LogD3D11RHI: InitD3DDevice
[2015.08.19-10.55.53:412][178]LogActorFactory: Actor Factory created SM_Cave_Statue_01
[2015.08.19-10.55.54:248][255]LogActorFactory: Actor Factory created SM_Cave_Statue_01
[2015.08.19-10.55.56:059][427]Cmd: DELETE
[2015.08.19-10.55.56:059][427]Cmd: ACTOR DELETE
[2015.08.19-10.55.56:060][427]LogEditorActor: Deleted Actor: StaticMeshActor
[2015.08.19-10.55.56:089][427]LogEditorActor: Deleted 1 Actors (0.030 secs)
[2015.08.19-10.55.56:797][470]LogStaticMesh: Building static mesh SM_Cave_SnowDrift_01b...
[2015.08.19-10.55.56:805][470]LogD3D11RHI: InitD3DDevice
[2015.08.19-10.55.56:836][470]LogStaticMesh: Built static mesh [0.039425.2s] /Game/Environment/Meshes/SM_Cave_SnowDrift_01b.SM_Cave_SnowDrift_01b
[2015.08.19-10.55.56:854][470]LogD3D11RHI: InitD3DDevice
[2015.08.19-10.55.56:869][470]LogActorFactory: Actor Factory created SM_Cave_SnowDrift_01b
[2015.08.19-10.55.57:824][563]LogActorFactory: Actor Factory created SM_Cave_SnowDrift_01b
[2015.08.19-10.55.58:456][622]Cmd: DELETE
[2015.08.19-10.55.58:456][622]Cmd: ACTOR DELETE
[2015.08.19-10.55.58:457][622]LogEditorActor: Deleted Actor: StaticMeshActor
[2015.08.19-10.55.58:474][622]LogEditorActor: Deleted 1 Actors (0.017 secs)
[2015.08.19-10.56.00:986][802]LogStaticMesh: Building static mesh SM_Cave_Brick_01a...
[2015.08.19-10.56.00:996][802]LogD3D11RHI: InitD3DDevice
[2015.08.19-10.56.01:008][802]LogStaticMesh: Built static mesh [0.021598.2s] /Game/Environment/Meshes/Bricks/SM_Cave_Brick_01a.SM_Cave_Brick_01a
[2015.08.19-10.56.01:033][802]LogD3D11RHI: InitD3DDevice
[2015.08.19-10.56.01:045][802]LogActorFactory: Actor Factory created SM_Cave_Brick_01a
[2015.08.19-10.56.01:491][846]LogActorFactory: Actor Factory created SM_Cave_Brick_01a
[2015.08.19-10.56.02:608][940]LogStaticMesh: Building static mesh SM_Cave_Brick_01b...
[2015.08.19-10.56.02:615][940]LogD3D11RHI: InitD3DDevice
[2015.08.19-10.56.02:624][940]LogStaticMesh: Built static mesh [0.016927.2s] /Game/Environment/Meshes/Bricks/SM_Cave_Brick_01b.SM_Cave_Brick_01b
[2015.08.19-10.56.02:649][940]LogD3D11RHI: InitD3DDevice
[2015.08.19-10.56.02:659][940]LogActorFactory: Actor Factory created SM_Cave_Brick_01b
[2015.08.19-10.56.03:094][982]LogActorFactory: Actor Factory created SM_Cave_Brick_01b
[2015.08.19-10.56.04:044][ 73]Cmd: DELETE
[2015.08.19-10.56.04:044][ 73]Cmd: ACTOR DELETE
[2015.08.19-10.56.04:044][ 73]LogEditorActor: Deleted Actor: StaticMeshActor
[2015.08.19-10.56.04:060][ 73]LogEditorActor: Deleted 1 Actors (0.016 secs)
[2015.08.19-10.56.04:432][112]LogEditorViewport: Clicking on Actor (LMB): StaticMeshActor (SM_Cave_Brick_01a)
[2015.08.19-10.56.04:761][142]Cmd: DELETE
[2015.08.19-10.56.04:761][142]Cmd: ACTOR DELETE
[2015.08.19-10.56.04:761][142]LogEditorActor: Deleted Actor: StaticMeshActor
[2015.08.19-10.56.04:777][142]LogEditorActor: Deleted 1 Actors (0.016 secs)
[2015.08.19-10.56.05:342][174]LogStaticMesh: Building static mesh SM_Cave_Brick_01e...
[2015.08.19-10.56.05:349][174]LogD3D11RHI: InitD3DDevice
[2015.08.19-10.56.05:358][174]LogStaticMesh: Built static mesh [0.016615.2s] /Game/Environment/Meshes/Bricks/SM_Cave_Brick_01e.SM_Cave_Brick_01e
[2015.08.19-10.56.05:385][174]LogD3D11RHI: InitD3DDevice
[2015.08.19-10.56.05:411][176]LogActorFactory: Actor Factory created SM_Cave_Brick_01e
[2015.08.19-10.56.05:808][215]LogActorFactory: Actor Factory created SM_Cave_Brick_01e
[2015.08.19-10.56.07:762][406]Cmd: DELETE
[2015.08.19-10.56.07:762][406]Cmd: ACTOR DELETE
[2015.08.19-10.56.07:762][406]LogEditorActor: Deleted Actor: StaticMeshActor
[2015.08.19-10.56.07:780][406]LogEditorActor: Deleted 1 Actors (0.017 secs)
[2015.08.19-10.56.08:144][425]LogStaticMesh: Building static mesh SM_Cave_Brick_01c...
[2015.08.19-10.56.08:153][425]LogD3D11RHI: InitD3DDevice
[2015.08.19-10.56.08:160][425]LogStaticMesh: Built static mesh [0.016111.2s] /Game/Environment/Meshes/Bricks/SM_Cave_Brick_01c.SM_Cave_Brick_01c
[2015.08.19-10.56.08:184][425]LogD3D11RHI: InitD3DDevice
[2015.08.19-10.56.08:196][425]LogActorFactory: Actor Factory created SM_Cave_Brick_01c
[2015.08.19-10.56.08:421][446]LogActorFactory: Actor Factory created SM_Cave_Brick_01c
[2015.08.19-10.56.09:774][571]Cmd: DELETE
[2015.08.19-10.56.09:774][571]Cmd: ACTOR DELETE
[2015.08.19-10.56.09:774][571]LogEditorActor: Deleted Actor: StaticMeshActor
[2015.08.19-10.56.09:806][571]LogEditorActor: Deleted 1 Actors (0.032 secs)
[2015.08.19-10.56.11:450][701]LogStaticMesh: Building static mesh SM_Cave_Castle_Tower_01...
[2015.08.19-10.56.11:458][701]LogD3D11RHI: InitD3DDevice
[2015.08.19-10.56.11:496][701]LogStaticMesh: Built static mesh [0.047665.2s] /Game/Environment/Meshes/Castle/SM_Cave_Castle_Tower_01.SM_Cave_Castle_Tower_01
[2015.08.19-10.56.11:533][701]LogD3D11RHI: InitD3DDevice
[2015.08.19-10.56.11:551][701]LogActorFactory: Actor Factory created SM_Cave_Castle_Tower_01
[2015.08.19-10.56.12:648][804]LogActorFactory: Actor Factory created SM_Cave_Castle_Tower_01
[2015.08.19-10.56.16:885][202]LogStaticMesh: Building static mesh SM_Cave_Castle_Tower_01b...
[2015.08.19-10.56.16:892][202]LogD3D11RHI: InitD3DDevice
[2015.08.19-10.56.16:932][202]LogStaticMesh: Built static mesh [0.046946.2s] /Game/Environment/Meshes/Castle/SM_Cave_Castle_Tower_01b.SM_Cave_Castle_Tower_01b
[2015.08.19-10.56.16:951][202]LogD3D11RHI: InitD3DDevice
[2015.08.19-10.56.16:959][202]LogActorFactory: Actor Factory created SM_Cave_Castle_Tower_01b
[2015.08.19-10.56.17:546][256]LogActorFactory: Actor Factory created SM_Cave_Castle_Tower_01b
[2015.08.19-10.56.19:515][445]Cmd: DELETE
[2015.08.19-10.56.19:515][445]Cmd: ACTOR DELETE
[2015.08.19-10.56.19:516][445]LogEditorActor: Deleted Actor: StaticMeshActor
[2015.08.19-10.56.19:532][445]LogEditorActor: Deleted 1 Actors (0.017 secs)
[2015.08.19-10.56.19:865][482]LogEditorViewport: Clicking on Actor (LMB): StaticMeshActor (SM_Cave_Castle_Tower_01)
[2015.08.19-10.56.20:843][578]Cmd: DELETE
[2015.08.19-10.56.20:843][578]Cmd: ACTOR DELETE
[2015.08.19-10.56.20:844][578]LogEditorActor: Deleted Actor: StaticMeshActor
[2015.08.19-10.56.20:858][578]LogEditorActor: Deleted 1 Actors (0.015 secs)
[2015.08.19-10.56.23:384][785]LogStaticMesh: Building static mesh SM_Cave_Blockout_Cylinder...
[2015.08.19-10.56.23:396][785]LogD3D11RHI: InitD3DDevice
[2015.08.19-10.56.23:522][785]LogStaticMesh: Built static mesh [0.138689.2s] /Game/Environment/Meshes/Blockout/SM_Cave_Blockout_Cylinder.SM_Cave_Blockout_Cylinder
[2015.08.19-10.56.23:557][785]LogD3D11RHI: InitD3DDevice
[2015.08.19-10.56.23:573][785]LogActorFactory: Actor Factory created SM_Cave_Blockout_Cylinder
[2015.08.19-10.56.24:430][865]LogActorFactory: Actor Factory created SM_Cave_Blockout_Cylinder
[2015.08.19-10.56.27:279][128]Cmd: DELETE
[2015.08.19-10.56.27:279][128]Cmd: ACTOR DELETE
[2015.08.19-10.56.27:280][128]LogEditorActor: Deleted Actor: StaticMeshActor
[2015.08.19-10.56.27:297][128]LogEditorActor: Deleted 1 Actors (0.018 secs)
[2015.08.19-10.56.36:341][ 45]LogStaticMesh: Building static mesh S_GDC_Landscape_Peakmesh_01...
[2015.08.19-10.56.36:350][ 45]LogD3D11RHI: InitD3DDevice
[2015.08.19-10.56.36:621][ 45]LogStaticMesh: Built static mesh [0.279324.2s] /Game/Environment/Meshes/Landscape/S_GDC_Landscape_Peakmesh_01.S_GDC_Landscape_Peakmesh_01
[2015.08.19-10.56.36:645][ 45]LogD3D11RHI: InitD3DDevice
[2015.08.19-10.56.36:655][ 45]LogActorFactory: Actor Factory created S_GDC_Landscape_Peakmesh_01
[2015.08.19-10.56.37:476][131]LogActorFactory: Actor Factory created S_GDC_Landscape_Peakmesh_01
[2015.08.19-10.56.40:735][466]Cmd: DELETE
[2015.08.19-10.56.40:735][466]Cmd: ACTOR DELETE
[2015.08.19-10.56.40:736][466]LogEditorActor: Deleted Actor: StaticMeshActor
[2015.08.19-10.56.40:753][466]LogEditorActor: Deleted 1 Actors (0.018 secs)
[2015.08.19-10.56.43:877][725]LogStaticMesh: Building static mesh SM_Cave_Rock_Large_01a_FlatTop...
[2015.08.19-10.56.43:884][725]LogD3D11RHI: InitD3DDevice
[2015.08.19-10.56.43:962][725]LogStaticMesh: Built static mesh [0.086452.2s] /Game/Environment/Meshes/Rocks/SM_Cave_Rock_Large_01a_FlatTop.SM_Cave_Rock_Large_01a_FlatTop
[2015.08.19-10.56.43:988][725]LogD3D11RHI: InitD3DDevice
[2015.08.19-10.56.43:997][725]LogActorFactory: Actor Factory created SM_Cave_Rock_Large_01a_FlatTop
[2015.08.19-10.56.45:061][830]LogActorFactory: Actor Factory created SM_Cave_Rock_Large_01a_FlatTop
[2015.08.19-10.56.46:073][910]Cmd: DELETE
[2015.08.19-10.56.46:073][910]Cmd: ACTOR DELETE
[2015.08.19-10.56.46:073][910]LogEditorActor: Deleted Actor: StaticMeshActor
[2015.08.19-10.56.46:096][910]LogEditorActor: Deleted 1 Actors (0.023 secs)
[2015.08.19-10.56.46:464][938]LogStaticMesh: Building static mesh SM_Cave_Rock_Med_01a...
[2015.08.19-10.56.46:471][938]LogD3D11RHI: InitD3DDevice
[2015.08.19-10.56.46:487][938]LogStaticMesh: Built static mesh [0.023347.2s] /Game/Environment/Meshes/Rocks/SM_Cave_Rock_Med_01a.SM_Cave_Rock_Med_01a
[2015.08.19-10.56.46:505][938]LogD3D11RHI: InitD3DDevice
[2015.08.19-10.56.46:566][944]LogActorFactory: Actor Factory created SM_Cave_Rock_Med_01a
[2015.08.19-10.56.47:041][992]LogActorFactory: Actor Factory created SM_Cave_Rock_Med_01a
[2015.08.19-10.56.48:470][126]Cmd: DELETE
[2015.08.19-10.56.48:470][126]Cmd: ACTOR DELETE
[2015.08.19-10.56.48:471][126]LogEditorActor: Deleted Actor: StaticMeshActor
[2015.08.19-10.56.48:497][126]LogEditorActor: Deleted 1 Actors (0.027 secs)
[2015.08.19-10.56.50:383][272]LogStaticMesh: Building static mesh SM_Cave_RopeBridge_01...
[2015.08.19-10.56.50:392][272]LogD3D11RHI: InitD3DDevice
[2015.08.19-10.56.50:429][272]LogStaticMesh: Built static mesh [0.046079.2s] /Game/Environment/Meshes/RopeBridge/SM_Cave_RopeBridge_01.SM_Cave_RopeBridge_01
[2015.08.19-10.56.50:452][272]LogD3D11RHI: InitD3DDevice
[2015.08.19-10.56.50:469][272]LogActorFactory: Actor Factory created SM_Cave_RopeBridge_01
[2015.08.19-10.56.50:679][291]LogActorFactory: Actor Factory created SM_Cave_RopeBridge_01
[2015.08.19-10.56.53:948][584]Cmd: DELETE
[2015.08.19-10.56.53:948][584]Cmd: ACTOR DELETE
[2015.08.19-10.56.53:948][584]LogEditorActor: Deleted Actor: StaticMeshActor
[2015.08.19-10.56.53:970][584]LogEditorActor: Deleted 1 Actors (0.022 secs)
[2015.08.19-10.56.54:355][609]LogStaticMesh: Building static mesh SM_Cave_RopeBridge_01b...
[2015.08.19-10.56.54:362][609]LogD3D11RHI: InitD3DDevice
[2015.08.19-10.56.54:456][609]LogStaticMesh: Built static mesh [0.101129.2s] /Game/Environment/Meshes/RopeBridge/SM_Cave_RopeBridge_01b.SM_Cave_RopeBridge_01b
[2015.08.19-10.56.54:483][609]LogD3D11RHI: InitD3DDevice
[2015.08.19-10.56.54:497][609]LogActorFactory: Actor Factory created SM_Cave_RopeBridge_01b
[2015.08.19-10.56.54:931][652]LogActorFactory: Actor Factory created SM_Cave_RopeBridge_01b
[2015.08.19-10.56.55:776][721]Cmd: DELETE
[2015.08.19-10.56.55:776][721]Cmd: ACTOR DELETE
[2015.08.19-10.56.55:776][721]LogEditorActor: Deleted Actor: StaticMeshActor
[2015.08.19-10.56.55:803][721]LogEditorActor: Deleted 1 Actors (0.027 secs)
[2015.08.19-10.56.56:174][743]LogStaticMesh: Building static mesh SM_Cave_RopeBridge_01c...
[2015.08.19-10.56.56:180][743]LogD3D11RHI: InitD3DDevice
[2015.08.19-10.56.56:237][743]LogStaticMesh: Built static mesh [0.063269.2s] /Game/Environment/Meshes/RopeBridge/SM_Cave_RopeBridge_01c.SM_Cave_RopeBridge_01c
[2015.08.19-10.56.56:257][743]LogD3D11RHI: InitD3DDevice
[2015.08.19-10.56.56:272][743]LogActorFactory: Actor Factory created SM_Cave_RopeBridge_01c
[2015.08.19-10.56.56:558][771]LogActorFactory: Actor Factory created SM_Cave_RopeBridge_01c
[2015.08.19-10.56.59:370][ 49]Cmd: DELETE
[2015.08.19-10.56.59:370][ 49]Cmd: ACTOR DELETE
[2015.08.19-10.56.59:370][ 49]LogEditorActor: Deleted Actor: StaticMeshActor
[2015.08.19-10.56.59:385][ 49]LogEditorActor: Deleted 1 Actors (0.015 secs)
[2015.08.19-10.57.01:290][207]LogStaticMesh: Building static mesh SM_Cave_WoodStruts_01a...
[2015.08.19-10.57.01:296][207]LogD3D11RHI: InitD3DDevice
[2015.08.19-10.57.01:303][207]LogStaticMesh: Built static mesh [0.012637.2s] /Game/Environment/Meshes/WoodStruts/SM_Cave_WoodStruts_01a.SM_Cave_WoodStruts_01a
[2015.08.19-10.57.01:322][207]LogD3D11RHI: InitD3DDevice
[2015.08.19-10.57.01:371][212]LogActorFactory: Actor Factory created SM_Cave_WoodStruts_01a
[2015.08.19-10.57.01:987][276]LogActorFactory: Actor Factory created SM_Cave_WoodStruts_01a
[2015.08.19-10.57.03:351][404]Cmd: DELETE
[2015.08.19-10.57.03:351][404]Cmd: ACTOR DELETE
[2015.08.19-10.57.03:351][404]LogEditorActor: Deleted Actor: StaticMeshActor
[2015.08.19-10.57.03:368][404]LogEditorActor: Deleted 1 Actors (0.017 secs)
[2015.08.19-10.57.24:703][632]LogLinker:Warning: Asset '../../../Engine/Content/Functions/Engine_MaterialFunctions01/SpeedTree/SpeedTreeColorVariation.uasset' has been saved with empty engine version. The asset will be loaded but may be incompatible.
[2015.08.19-10.57.24:728][632]LogD3D11RHI: InitD3DDevice
[2015.08.19-10.57.24:798][638]LogActorFactory: Actor Factory created BogMyrtleBush_02
[2015.08.19-10.57.25:210][673]LogActorFactory: Actor Factory created BogMyrtleBush_02
[2015.08.19-10.57.27:294][869]LogEditorViewport: Clicking on Actor (LMB): StaticMeshActor (Floor)
[2015.08.19-10.57.28:249][958]LogEditorViewport: Clicking on Actor (LMB): StaticMeshActor (BogMyrtleBush_02)
[2015.08.19-10.57.28:919][ 19]Cmd: DELETE
[2015.08.19-10.57.28:919][ 19]Cmd: ACTOR DELETE
[2015.08.19-10.57.28:919][ 19]LogEditorActor: Deleted Actor: StaticMeshActor
[2015.08.19-10.57.28:935][ 19]LogEditorActor: Deleted 1 Actors (0.016 secs)
[2015.08.19-10.57.31:350][239]LogD3D11RHI: InitD3DDevice
[2015.08.19-10.57.31:384][240]LogActorFactory: Actor Factory created SM_Fern_03
[2015.08.19-10.57.31:695][268]LogActorFactory: Actor Factory created SM_Fern_03
[2015.08.19-10.57.32:752][361]LogEditorViewport: Clicking on Actor (LMB): StaticMeshActor (Floor)
[2015.08.19-10.57.34:330][510]LogEditorViewport: Clicking on Actor (LMB): StaticMeshActor (SM_Fern_03)
[2015.08.19-10.57.34:786][551]Cmd: DELETE
[2015.08.19-10.57.34:786][551]Cmd: ACTOR DELETE
[2015.08.19-10.57.34:786][551]LogEditorActor: Deleted Actor: StaticMeshActor
[2015.08.19-10.57.34:802][551]LogEditorActor: Deleted 1 Actors (0.016 secs)
[2015.08.19-10.57.35:187][579]LogD3D11RHI: InitD3DDevice
[2015.08.19-10.57.35:217][581]LogActorFactory: Actor Factory created SM_Fern_01
[2015.08.19-10.57.35:401][598]LogActorFactory: Actor Factory created SM_Fern_01
[2015.08.19-10.57.36:237][669]LogEditorViewport: Clicking on Actor (LMB): StaticMeshActor (Floor)
[2015.08.19-10.57.37:499][788]LogEditorViewport: Clicking on Actor (LMB): StaticMeshActor (SM_Fern_01)
[2015.08.19-10.57.37:707][805]Cmd: DELETE
[2015.08.19-10.57.37:707][805]Cmd: ACTOR DELETE
[2015.08.19-10.57.37:708][805]LogEditorActor: Deleted Actor: StaticMeshActor
[2015.08.19-10.57.37:724][805]LogEditorActor: Deleted 1 Actors (0.017 secs)
[2015.08.19-10.57.40:951][115]LogD3D11RHI: InitD3DDevice
[2015.08.19-10.57.41:004][116]LogActorFactory: Actor Factory created SM_FieldGrass_01
[2015.08.19-10.57.41:244][138]LogActorFactory: Actor Factory created SM_FieldGrass_01
[2015.08.19-10.57.42:363][237]LogEditorViewport: Clicking on Actor (LMB): StaticMeshActor (Floor)
[2015.08.19-10.57.45:863][577]Cmd: DELETE
[2015.08.19-10.57.45:863][577]Cmd: ACTOR DELETE
[2015.08.19-10.57.45:863][577]LogEditorActor: Deleted Actor: StaticMeshActor
[2015.08.19-10.57.45:887][577]LogEditorActor: Deleted 1 Actors (0.025 secs)
[2015.08.19-10.57.46:735][668]LogEditorViewport: Clicking on Actor (LMB): StaticMeshActor (SM_FieldGrass_01)
[2015.08.19-10.57.47:699][765]Cmd: TRANSACTION UNDO
[2015.08.19-10.57.47:699][765]LogEditorTransaction: Undo Clicking on Actors
[2015.08.19-10.57.47:708][765]LogD3D11RHI: InitD3DDevice
[2015.08.19-10.57.48:145][800]Cmd: TRANSACTION UNDO
[2015.08.19-10.57.48:145][800]LogEditorTransaction: Undo Delete Actors
[2015.08.19-10.57.48:764][859]LogEditorViewport: Clicking on Actor (LMB): StaticMeshActor (Floor)
[2015.08.19-10.57.49:283][909]LogEditorViewport: Clicking on Actor (LMB): StaticMeshActor (Floor)
[2015.08.19-10.57.49:683][947]LogEditorViewport: Clicking on Actor (LMB): StaticMeshActor (Floor)
[2015.08.19-10.57.50:123][989]LogEditorViewport: Clicking on Actor (LMB): StaticMeshActor (Floor)
[2015.08.19-10.57.50:483][ 23]LogEditorViewport: Clicking on Actor (LMB): StaticMeshActor (SM_FieldGrass_01)
[2015.08.19-10.57.50:962][ 67]Cmd: DELETE
[2015.08.19-10.57.50:962][ 67]Cmd: ACTOR DELETE
[2015.08.19-10.57.50:963][ 67]LogEditorActor: Deleted Actor: StaticMeshActor
[2015.08.19-10.57.50:978][ 67]LogEditorActor: Deleted 1 Actors (0.016 secs)
[2015.08.19-10.57.53:462][281]LogD3D11RHI: InitD3DDevice
[2015.08.19-10.57.53:488][283]LogActorFactory: Actor Factory created SM_DeadLeaves_Flat
[2015.08.19-10.57.53:747][305]LogActorFactory: Actor Factory created SM_DeadLeaves_Flat
[2015.08.19-10.57.55:268][444]LogEditorViewport: Clicking on Actor (LMB): StaticMeshActor (Floor)
[2015.08.19-10.57.58:795][786]LogEditorViewport: Clicking on Actor (LMB): StaticMeshActor (SM_DeadLeaves_Flat)
[2015.08.19-10.57.59:281][832]Cmd: DELETE
[2015.08.19-10.57.59:281][832]Cmd: ACTOR DELETE
[2015.08.19-10.57.59:281][832]LogEditorActor: Deleted Actor: StaticMeshActor
[2015.08.19-10.57.59:297][832]LogEditorActor: Deleted 1 Actors (0.016 secs)
[2015.08.19-10.58.02:621][145]LogD3D11RHI: InitD3DDevice
[2015.08.19-10.58.02:633][145]LogActorFactory: Actor Factory created Medium_Boulder_LowPoly
[2015.08.19-10.58.02:856][165]LogActorFactory: Actor Factory created Medium_Boulder_LowPoly
[2015.08.19-10.58.03:536][218]LogEditorViewport: Clicking on Actor (LMB): StaticMeshActor (Floor)
[2015.08.19-10.58.09:622][770]LogD3D11RHI: InitD3DDevice
[2015.08.19-10.58.09:974][809]LogD3D11RHI: InitD3DDevice
[2015.08.19-10.58.10:465][865]LogD3D11RHI: InitD3DDevice
[2015.08.19-10.58.11:345][967]LogD3D11RHI: InitD3DDevice
[2015.08.19-10.58.14:587][356]LogDialogs:Warning: Supressed: The editor will restart to switch to the MyProject project.  You will be prompted to save any changes before the editor restarts.  Continue switching projects?
[2015.08.19-10.58.14:594][357]Cmd: CLOSE_SLATE_MAINFRAME
[2015.08.19-10.58.14:618][357]LogD3D11RHI: InitD3DDevice
[2015.08.19-10.58.16:684][357]LogWindowsTextInputMethodSystem:Display: IME system now deactivated.
[2015.08.19-10.58.16:916][358]Cmd: QUIT_EDITOR
[2015.08.19-10.58.17:153][358]LogExit: Preparing to exit.
[2015.08.19-10.58.17:382][358]LogExit: Editor shut down
[2015.08.19-10.58.17:382][358]LogExit: Transaction tracking system shut down
[2015.08.19-10.58.17:383][358]LogParticles: Destroying 0 GPU particle simulations for FXSystem 0x000000FC352DA200
[2015.08.19-10.58.17:384][358]LogParticles: Destroying 0 GPU particle simulations for FXSystem 0x000000FC330FB6A0
[2015.08.19-10.58.17:384][358]LogParticles: Destroying 0 GPU particle simulations for FXSystem 0x000000FC3596F100
[2015.08.19-10.58.17:384][358]LogParticles: Destroying 0 GPU particle simulations for FXSystem 0x000000FC42EEEC00
[2015.08.19-10.58.17:478][358]LogExit: Object subsystem successfully closed.
[2015.08.19-10.58.17:495][358]LogD3D11RHI: Shutdown
[2015.08.19-10.58.17:495][358]LogD3D11RHI: CleanupD3DDevice
[2015.08.19-10.58.17:551][358]LogD3D11RHI: ~FD3D11DynamicRHI
[2015.08.19-10.58.17:567][358]LogModuleManager: Shutting down and abandoning module CrashTracker (188)
[2015.08.19-10.58.17:567][358]LogModuleManager: Shutting down and abandoning module SceneOutliner (187)
[2015.08.19-10.58.17:567][358]LogModuleManager: Shutting down and abandoning module SuperSearch (186)
[2015.08.19-10.58.17:567][358]LogModuleManager: Shutting down and abandoning module WidgetCarousel (185)
[2015.08.19-10.58.17:567][358]LogModuleManager: Shutting down and abandoning module AddContentDialog (184)
[2015.08.19-10.58.17:568][358]LogModuleManager: Shutting down and abandoning module EditorWidgets (183)
[2015.08.19-10.58.17:568][358]LogModuleManager: Shutting down and abandoning module CollectionManager (182)
[2015.08.19-10.58.17:568][358]LogModuleManager: Shutting down and abandoning module StatsViewer (181)
[2015.08.19-10.58.17:568][358]LogModuleManager: Shutting down and abandoning module FoliageEdit (180)
[2015.08.19-10.58.17:568][358]LogModuleManager: Shutting down and abandoning module LandscapeEditor (179)
[2015.08.19-10.58.17:568][358]LogModuleManager: Shutting down and abandoning module ActorPickerMode (178)
[2015.08.19-10.58.17:568][358]LogModuleManager: Shutting down and abandoning module GeometryMode (177)
[2015.08.19-10.58.17:568][358]LogModuleManager: Shutting down and abandoning module TextureAlignMode (176)
[2015.08.19-10.58.17:568][358]LogModuleManager: Shutting down and abandoning module BspMode (175)
[2015.08.19-10.58.17:568][358]LogModuleManager: Shutting down and abandoning module PlacementMode (174)
[2015.08.19-10.58.17:568][358]LogModuleManager: Shutting down and abandoning module AutomationWorker (173)
[2015.08.19-10.58.17:568][358]LogModuleManager: Shutting down and abandoning module CharacterAI (172)
[2015.08.19-10.58.17:568][358]LogModuleManager: Shutting down and abandoning module SmartSnapping (171)
[2015.08.19-10.58.17:568][358]LogModuleManager: Shutting down and abandoning module ViewportSnapping (170)
[2015.08.19-10.58.17:568][358]LogModuleManager: Shutting down and abandoning module LogVisualizer (169)
[2015.08.19-10.58.17:568][358]LogModuleManager: Shutting down and abandoning module GameProjectGeneration (168)
[2015.08.19-10.58.17:568][358]LogModuleManager: Shutting down and abandoning module IntroTutorials (167)
[2015.08.19-10.58.17:568][358]LogModuleManager: Shutting down and abandoning module EditorLiveStreaming (166)
[2015.08.19-10.58.17:568][358]LogModuleManager: Shutting down and abandoning module IOSPlatformEditor (165)
[2015.08.19-10.58.17:568][358]LogModuleManager: Shutting down and abandoning module HTML5PlatformEditor (164)
[2015.08.19-10.58.17:568][358]LogModuleManager: Shutting down and abandoning module AndroidDeviceDetection (163)
[2015.08.19-10.58.17:675][358]LogModuleManager: Shutting down and abandoning module AndroidPlatformEditor (162)
[2015.08.19-10.58.17:675][358]LogModuleManager: Shutting down and abandoning module IOSRuntimeSettings (161)
[2015.08.19-10.58.17:675][358]LogModuleManager: Shutting down and abandoning module AndroidRuntimeSettings (160)
[2015.08.19-10.58.17:675][358]LogModuleManager: Shutting down and abandoning module MergeActors (159)
[2015.08.19-10.58.17:675][358]LogModuleManager: Shutting down and abandoning module SizeMap (158)
[2015.08.19-10.58.17:675][358]LogModuleManager: Shutting down and abandoning module TreeMap (157)
[2015.08.19-10.58.17:675][358]LogModuleManager: Shutting down and abandoning module ReferenceViewer (156)
[2015.08.19-10.58.17:675][358]LogModuleManager: Shutting down and abandoning module LocalizationDashboard (155)
[2015.08.19-10.58.17:675][358]LogModuleManager: Shutting down and abandoning module HardwareTargeting (154)
[2015.08.19-10.58.17:675][358]LogModuleManager: Shutting down and abandoning module DeviceProfileEditor (153)
[2015.08.19-10.58.17:675][358]LogModuleManager: Shutting down and abandoning module UndoHistory (152)
[2015.08.19-10.58.17:675][358]LogModuleManager: Shutting down and abandoning module GameplayTagsEditor (151)
[2015.08.19-10.58.17:675][358]LogModuleManager: Shutting down and abandoning module UserFeedback (150)
[2015.08.19-10.58.17:675][358]LogModuleManager: Shutting down and abandoning module XmlParser (149)
[2015.08.19-10.58.17:675][358]LogModuleManager: Shutting down and abandoning module Blutility (148)
[2015.08.19-10.58.17:675][358]LogModuleManager: Shutting down and abandoning module ProjectTargetPlatformEditor (147)
[2015.08.19-10.58.17:675][358]LogModuleManager: Shutting down and abandoning module ProjectSettingsViewer (146)
[2015.08.19-10.58.17:675][358]LogModuleManager: Shutting down and abandoning module InputBindingEditor (145)
[2015.08.19-10.58.17:675][358]LogModuleManager: Shutting down and abandoning module EditorSettingsViewer (144)
[2015.08.19-10.58.17:675][358]LogModuleManager: Shutting down and abandoning module SettingsEditor (143)
[2015.08.19-10.58.17:675][358]LogModuleManager: Shutting down and abandoning module ProjectLauncher (142)
[2015.08.19-10.58.17:675][358]LogModuleManager: Shutting down and abandoning module SessionFrontend (141)
[2015.08.19-10.58.17:675][358]LogModuleManager: Shutting down and abandoning module ProfilerClient (140)
[2015.08.19-10.58.17:675][358]LogModuleManager: Shutting down and abandoning module TargetDeviceServices (139)
[2015.08.19-10.58.17:675][358]LogModuleManager: Shutting down and abandoning module DeviceManager (138)
[2015.08.19-10.58.17:675][358]LogModuleManager: Shutting down and abandoning module AutomationController (137)
[2015.08.19-10.58.17:675][358]LogModuleManager: Shutting down and abandoning module AutomationWindow (136)
[2015.08.19-10.58.17:675][358]LogModuleManager: Shutting down and abandoning module Layers (135)
[2015.08.19-10.58.17:675][358]LogModuleManager: Shutting down and abandoning module ComponentVisualizers (134)
[2015.08.19-10.58.17:675][358]LogModuleManager: Shutting down and abandoning module DetailCustomizations (133)
[2015.08.19-10.58.17:675][358]LogModuleManager: Shutting down and abandoning module PackagesDialog (132)
[2015.08.19-10.58.17:675][358]LogModuleManager: Shutting down and abandoning module AssetRegistry (131)
[2015.08.19-10.58.17:823][358]LogModuleManager: Shutting down and abandoning module Persona (130)
[2015.08.19-10.58.17:823][358]LogModuleManager: Shutting down and abandoning module Kismet (129)
[2015.08.19-10.58.17:823][358]LogModuleManager: Shutting down and abandoning module GraphEditor (128)
[2015.08.19-10.58.17:823][358]LogModuleManager: Shutting down and abandoning module ClassViewer (127)
[2015.08.19-10.58.17:823][358]LogModuleManager: Shutting down and abandoning module Toolbox (126)
[2015.08.19-10.58.17:823][358]LogModuleManager: Shutting down and abandoning module ModuleUI (125)
[2015.08.19-10.58.17:823][358]LogModuleManager: Shutting down and abandoning module MovieSceneTools (124)
[2015.08.19-10.58.17:823][358]LogModuleManager: Shutting down and abandoning module OutputLog (123)
[2015.08.19-10.58.17:823][358]LogModuleManager: Shutting down and abandoning module GammaUI (122)
[2015.08.19-10.58.17:823][358]LogModuleManager: Shutting down and abandoning module Documentation (121)
[2015.08.19-10.58.17:823][358]LogModuleManager: Shutting down and abandoning module GameLiveStreaming (120)
[2015.08.19-10.58.17:823][358]LogModuleManager: Shutting down and abandoning module StreamingPauseRendering (119)
[2015.08.19-10.58.17:823][358]LogModuleManager: Shutting down and abandoning module AnalyticsET (118)
[2015.08.19-10.58.17:823][358]LogModuleManager: Shutting down and abandoning module Analytics (117)
[2015.08.19-10.58.17:823][358]LogModuleManager: Shutting down and abandoning module AITestSuite (116)
[2015.08.19-10.58.17:823][358]LogModuleManager: Shutting down and abandoning module GameplayDebugger (115)
[2015.08.19-10.58.17:823][358]LogModuleManager: Shutting down and abandoning module AIModule (114)
[2015.08.19-10.58.17:823][358]LogModuleManager: Shutting down and abandoning module ProfilerService (113)
[2015.08.19-10.58.18:013][358]LogModuleManager: Shutting down and abandoning module TaskGraph (112)
[2015.08.19-10.58.18:013][358]LogModuleManager: Shutting down and abandoning module SlateRemote (111)
[2015.08.19-10.58.18:013][358]LogModuleManager: Shutting down and abandoning module SteamVRController (110)
[2015.08.19-10.58.18:013][358]LogModuleManager: Shutting down and abandoning module SteamVR (109)
[2015.08.19-10.58.18:013][358]LogModuleManager: Shutting down and abandoning module ProceduralMeshComponent (108)
[2015.08.19-10.58.18:013][358]LogModuleManager: Shutting down and abandoning module OculusRift (107)
[2015.08.19-10.58.18:013][358]LogModuleManager: Shutting down and abandoning module LeapMotionController (106)
[2015.08.19-10.58.18:022][358]LogModuleManager: Shutting down and abandoning module CustomMeshComponent (105)
[2015.08.19-10.58.18:022][358]LogModuleManager: Shutting down and abandoning module CableComponent (104)
[2015.08.19-10.58.18:022][358]LogModuleManager: Shutting down and abandoning module MessagingDebugger (103)
[2015.08.19-10.58.18:022][358]LogModuleManager: Shutting down and abandoning module MediaPlayerEditor (102)
[2015.08.19-10.58.18:023][358]LogModuleManager: Shutting down and abandoning module SpeedTreeImporter (101)
[2015.08.19-10.58.18:023][358]LogModuleManager: Shutting down and abandoning module PluginBrowser (100)
[2015.08.19-10.58.18:023][358]LogModuleManager: Shutting down and abandoning module EpicSurvey (99)
[2015.08.19-10.58.18:023][358]LogModuleManager: Shutting down and abandoning module DesktopPlatform (98)
[2015.08.19-10.58.18:023][358]LogModuleManager: Shutting down and abandoning module VisualStudioSourceCodeAccess (97)
[2015.08.19-10.58.18:023][358]LogModuleManager: Shutting down and abandoning module UObjectPlugin (96)
[2015.08.19-10.58.18:023][358]LogModuleManager: Shutting down and abandoning module SubversionSourceControl (95)
[2015.08.19-10.58.18:023][358]LogModuleManager: Shutting down and abandoning module PerforceSourceControl (94)
[2015.08.19-10.58.18:023][358]LogModuleManager: Shutting down and abandoning module SourceControl (93)
[2015.08.19-10.58.18:023][358]LogModuleManager: Shutting down and abandoning module GitSourceControl (92)
[2015.08.19-10.58.18:023][358]LogModuleManager: Shutting down and abandoning module BlankPlugin (91)
[2015.08.19-10.58.18:023][358]LogModuleManager: Shutting down and abandoning module PaperTiledImporter (90)
[2015.08.19-10.58.18:023][358]LogModuleManager: Shutting down and abandoning module PaperSpriteSheetImporter (89)
[2015.08.19-10.58.18:023][358]LogModuleManager: Shutting down and abandoning module MeshPaint (88)
[2015.08.19-10.58.18:023][358]LogModuleManager: Shutting down and abandoning module SlateReflector (87)
[2015.08.19-10.58.18:023][358]LogModuleManager: Shutting down and abandoning module DirectoryWatcher (86)
[2015.08.19-10.58.18:023][358]LogModuleManager: Shutting down and abandoning module HotReload (85)
[2015.08.19-10.58.18:023][358]LogModuleManager: Shutting down and abandoning module MainFrame (84)
[2015.08.19-10.58.18:023][358]LogModuleManager: Shutting down and abandoning module LevelEditor (83)
[2015.08.19-10.58.18:024][358]LogModuleManager: Shutting down and abandoning module ContentBrowser (82)
[2015.08.19-10.58.18:024][358]LogModuleManager: Shutting down and abandoning module Paper2DEditor (81)
[2015.08.19-10.58.18:024][358]LogModuleManager: Shutting down and abandoning module UdpMessaging (80)
[2015.08.19-10.58.18:125][358]LogModuleManager: Shutting down and abandoning module Paper2D (79)
[2015.08.19-10.58.18:125][358]LogModuleManager: Shutting down and abandoning module WindowsMoviePlayer (78)
[2015.08.19-10.58.18:128][358]LogModuleManager: Shutting down and abandoning module Media (77)
[2015.08.19-10.58.18:128][358]LogModuleManager: Shutting down and abandoning module WmfMedia (76)
[2015.08.19-10.58.18:128][358]LogModuleManager: Shutting down and abandoning module OnlineBlueprintSupport (75)
[2015.08.19-10.58.18:128][358]LogModuleManager: Shutting down and abandoning module PropertyEditor (74)
[2015.08.19-10.58.18:128][358]LogModuleManager: Shutting down and abandoning module BehaviorTreeEditor (73)
[2015.08.19-10.58.18:128][358]LogModuleManager: Shutting down and abandoning module FunctionalTesting (72)
[2015.08.19-10.58.18:128][358]LogModuleManager: Shutting down and abandoning module CollisionAnalyzer (71)
[2015.08.19-10.58.18:128][358]LogModuleManager: Shutting down and abandoning module WorkspaceMenuStructure (70)
[2015.08.19-10.58.18:128][358]LogModuleManager: Shutting down and abandoning module MessageLog (69)
[2015.08.19-10.58.18:128][358]LogModuleManager: Shutting down and abandoning module Sequencer (68)
[2015.08.19-10.58.18:128][358]LogModuleManager: Shutting down and abandoning module AssetTools (67)
[2015.08.19-10.58.18:128][358]LogModuleManager: Shutting down and abandoning module UMGEditor (66)
[2015.08.19-10.58.18:128][358]LogModuleManager: Shutting down and abandoning module UMG (65)
[2015.08.19-10.58.18:128][358]LogModuleManager: Shutting down and abandoning module Slate (64)
[2015.08.19-10.58.18:128][358]LogModuleManager: Shutting down and abandoning module EditorStyle (63)
[2015.08.19-10.58.18:131][358]LogModuleManager: Shutting down and abandoning module SessionServices (62)
[2015.08.19-10.58.18:131][358]LogModuleManager: Shutting down and abandoning module SourceCodeAccess (61)
[2015.08.19-10.58.18:131][358]LogModuleManager: Shutting down and abandoning module HeadMountedDisplay (60)
[2015.08.19-10.58.18:131][358]LogModuleManager: Shutting down and abandoning module XAudio2 (59)
[2015.08.19-10.58.18:131][358]LogModuleManager: Shutting down and abandoning module Networking (57)
[2015.08.19-10.58.18:131][358]LogModuleManager: Shutting down and abandoning module Core (56)
[2015.08.19-10.58.18:131][358]LogModuleManager: Shutting down and abandoning module KismetCompiler (55)
[2015.08.19-10.58.18:131][358]LogModuleManager: Shutting down and abandoning module PhysXFormats (54)
[2015.08.19-10.58.18:131][358]LogModuleManager: Shutting down and abandoning module MeshUtilities (53)
[2015.08.19-10.58.18:131][358]LogModuleManager: Shutting down and abandoning module DerivedDataCache (52)
[2015.08.19-10.58.18:158][358]LogDerivedDataCache: Shutdown
[2015.08.19-10.58.18:158][358]LogModuleManager: Shutting down and abandoning module ShaderFormatOpenGL (51)
[2015.08.19-10.58.18:158][358]LogModuleManager: Shutting down and abandoning module ShaderFormatD3D (50)
[2015.08.19-10.58.18:158][358]LogModuleManager: Shutting down and abandoning module MetalShaderFormat (49)
[2015.08.19-10.58.18:158][358]LogModuleManager: Shutting down and abandoning module TextureFormatUncompressed (48)
[2015.08.19-10.58.18:158][358]LogModuleManager: Shutting down and abandoning module TextureFormatPVR (47)
[2015.08.19-10.58.18:158][358]LogModuleManager: Shutting down and abandoning module TextureFormatIntelISPCTexComp (46)
[2015.08.19-10.58.18:158][358]LogModuleManager: Shutting down and abandoning module TextureFormatDXT (45)
[2015.08.19-10.58.18:158][358]LogModuleManager: Shutting down and abandoning module ImageWrapper (44)
[2015.08.19-10.58.18:158][358]LogModuleManager: Shutting down and abandoning module TextureFormatASTC (43)
[2015.08.19-10.58.18:158][358]LogModuleManager: Shutting down and abandoning module TextureFormatAndroid (42)
[2015.08.19-10.58.18:158][358]LogModuleManager: Shutting down and abandoning module AudioFormatOpus (41)
[2015.08.19-10.58.18:158][358]LogModuleManager: Shutting down and abandoning module AudioFormatOgg (40)
[2015.08.19-10.58.18:158][358]LogModuleManager: Shutting down and abandoning module AudioFormatADPCM (39)
[2015.08.19-10.58.18:158][358]LogModuleManager: Shutting down and abandoning module LinuxTargetPlatform (38)
[2015.08.19-10.58.18:158][358]LogModuleManager: Shutting down and abandoning module LinuxServerTargetPlatform (37)
[2015.08.19-10.58.18:158][358]LogModuleManager: Shutting down and abandoning module LinuxNoEditorTargetPlatform (36)
[2015.08.19-10.58.18:158][358]LogModuleManager: Shutting down and abandoning module Messaging (35)
[2015.08.19-10.58.18:158][358]LogModuleManager: Shutting down and abandoning module IOSTargetPlatform (34)
[2015.08.19-10.58.18:158][358]LogModuleManager: Shutting down and abandoning module HTML5TargetPlatform (33)
[2015.08.19-10.58.18:158][358]LogModuleManager: Shutting down and abandoning module Android_PVRTCTargetPlatform (32)
[2015.08.19-10.58.18:158][358]LogModuleManager: Shutting down and abandoning module Android_ETC2TargetPlatform (31)
[2015.08.19-10.58.18:158][358]LogModuleManager: Shutting down and abandoning module Android_ETC1TargetPlatform (30)
[2015.08.19-10.58.18:158][358]LogModuleManager: Shutting down and abandoning module Android_DXTTargetPlatform (29)
[2015.08.19-10.58.18:158][358]LogModuleManager: Shutting down and abandoning module Android_ATCTargetPlatform (28)
[2015.08.19-10.58.18:158][358]LogModuleManager: Shutting down and abandoning module Android_ASTCTargetPlatform (27)
[2015.08.19-10.58.18:158][358]LogModuleManager: Shutting down and abandoning module AndroidTargetPlatform (26)
[2015.08.19-10.58.18:158][358]LogModuleManager: Shutting down and abandoning module WindowsTargetPlatform (25)
[2015.08.19-10.58.18:158][358]LogModuleManager: Shutting down and abandoning module WindowsServerTargetPlatform (24)
[2015.08.19-10.58.18:158][358]LogModuleManager: Shutting down and abandoning module WindowsNoEditorTargetPlatform (23)
[2015.08.19-10.58.18:158][358]LogModuleManager: Shutting down and abandoning module WindowsClientTargetPlatform (22)
[2015.08.19-10.58.18:158][358]LogModuleManager: Shutting down and abandoning module DesktopTargetPlatform (21)
[2015.08.19-10.58.18:158][358]LogModuleManager: Shutting down and abandoning module TargetPlatform (20)
[2015.08.19-10.58.18:158][358]LogModuleManager: Shutting down and abandoning module InputCore (19)
[2015.08.19-10.58.18:158][358]LogModuleManager: Shutting down and abandoning module Settings (18)
[2015.08.19-10.58.18:158][358]LogModuleManager: Shutting down and abandoning module OnlineSubsystem (16)
[2015.08.19-10.58.18:158][358]LogModuleManager: Shutting down and abandoning module HTTP (15)
[2015.08.19-10.58.18:158][358]LogModuleManager: Shutting down and abandoning module ExampleDeviceProfileSelector (14)
[2015.08.19-10.58.18:158][358]LogModuleManager: Shutting down and abandoning module TextureCompressor (13)
[2015.08.19-10.58.18:158][358]LogModuleManager: Shutting down and abandoning module ShaderCore (12)
[2015.08.19-10.58.18:158][358]LogModuleManager: Shutting down and abandoning module Landscape (11)
[2015.08.19-10.58.18:158][358]LogModuleManager: Shutting down and abandoning module SlateRHIRenderer (10)
[2015.08.19-10.58.18:159][358]LogModuleManager: Shutting down and abandoning module OpenGLDrv (9)
[2015.08.19-10.58.18:159][358]LogModuleManager: Shutting down and abandoning module D3D11RHI (8)
[2015.08.19-10.58.18:159][358]LogModuleManager: Shutting down and abandoning module Renderer (7)
[2015.08.19-10.58.18:159][358]LogModuleManager: Shutting down and abandoning module Engine (6)
[2015.08.19-10.58.18:159][358]LogModuleManager: Shutting down and abandoning module CoreUObject (5)
[2015.08.19-10.58.18:159][358]LogModuleManager: Shutting down and abandoning module NetworkFile (4)
[2015.08.19-10.58.18:159][358]LogModuleManager: Shutting down and abandoning module StreamingFile (3)
[2015.08.19-10.58.18:159][358]LogModuleManager: Shutting down and abandoning module SandboxFile (2)
[2015.08.19-10.58.18:159][358]LogModuleManager: Shutting down and abandoning module PakFile (1)
[2015.08.19-10.58.18:160][358]LogExit: Exiting.
[2015.08.19-10.58.18:161][358]Log file closed, 08/19/15 12:58:18
