[2015.06.30-18.24.38:541][  0]Log file open, 06/30/15 20:24:38
[2015.06.30-18.24.38:541][  0]LogInit:Display: Running engine for game: ProjectNarnia
[2015.06.30-18.24.38:541][  0]LogInit:Display: RandInit(514838066) SRandInit(514838066).
[2015.06.30-18.24.38:541][  0]LogTaskGraph: Started task graph with 4 named threads and 7 total threads.
[2015.06.30-18.24.38:541][  0]LogStats: Stats thread started
[2015.06.30-18.24.38:541][  0]LogInit: Version: 4.8.1-2591939+++depot+UE4-Releases+4.8
[2015.06.30-18.24.38:541][  0]LogInit: API Version: 2579680
[2015.06.30-18.24.38:541][  0]LogInit: Compiled (64-bit): Jun 18 2015 11:02:04
[2015.06.30-18.24.38:541][  0]LogInit: Compiled with Visual C++: 18.00.21005.01
[2015.06.30-18.24.38:541][  0]LogInit: Build Configuration: Development
[2015.06.30-18.24.38:541][  0]LogInit: Branch Name: ++depot+UE4-Releases+4.8
[2015.06.30-18.24.38:541][  0]LogInit: Command line:  
[2015.06.30-18.24.38:541][  0]LogInit: Base directory: D:/Programme/Epic Games/4.8/Engine/Binaries/Win64/
[2015.06.30-18.24.38:541][  0]LogInit: Rocket: 1
[2015.06.30-18.24.38:551][  0]LogInit: Using libcurl 7.41.0
[2015.06.30-18.24.38:551][  0]LogInit:  - built for x86_64-pc-win32
[2015.06.30-18.24.38:551][  0]LogInit:  - supports SSL with WinSSL
[2015.06.30-18.24.38:551][  0]LogInit:  - other features:
[2015.06.30-18.24.38:551][  0]LogInit:      CURL_VERSION_SSL
[2015.06.30-18.24.38:551][  0]LogInit:      CURL_VERSION_IPV6
[2015.06.30-18.24.38:551][  0]LogInit:      CURL_VERSION_ASYNCHDNS
[2015.06.30-18.24.38:551][  0]LogInit:      CURL_VERSION_LARGEFILE
[2015.06.30-18.24.38:551][  0]LogInit:      CURL_VERSION_IDN
[2015.06.30-18.24.38:551][  0]LogInit:  CurlRequestOptions (configurable via config and command line):
[2015.06.30-18.24.38:551][  0]LogInit:  - bVerifyPeer = true  - Libcurl will verify peer certificate
[2015.06.30-18.24.38:551][  0]LogInit:  - bUseHttpProxy = false  - Libcurl will NOT use HTTP proxy
[2015.06.30-18.24.38:551][  0]LogInit:  - bDontReuseConnections = false  - Libcurl will reuse connections
[2015.06.30-18.24.38:551][  0]LogInit:  - CertBundlePath = nullptr  - Libcurl will use whatever was configured at build time.
[2015.06.30-18.24.38:561][  0]LogOnline:Warning: No default platform service specified for OnlineSubsystem
[2015.06.30-18.24.38:572][  0]LogInit: Presizing for 0 objects not considered by GC, pre-allocating 0 bytes.
[2015.06.30-18.24.38:577][  0]LogInit: Object subsystem initialized
[2015.06.30-18.24.38:578][  0]LogConsoleResponse:Warning: Skipping Unknown console variable: 'TranslucentSortAxis = (X=0.000000,Y=-1.000000,Z=0.000000)'
[2015.06.30-18.24.38:578][  0]LogConsoleResponse:Warning:   Found in ini file 'D:/GitHub/GDV-Projekt/ProjectNarnia/Saved/Config/Windows/Engine.ini', in section '[/Script/Engine.RendererSettings]'
[2015.06.30-18.24.38:578][  0]LogConsoleResponse:Warning: Skipping Unknown console variable: 'UIScaleRule = ShortestSide'
[2015.06.30-18.24.38:578][  0]LogConsoleResponse:Warning:   Found in ini file 'D:/GitHub/GDV-Projekt/ProjectNarnia/Saved/Config/Windows/Engine.ini', in section '[/Script/Engine.RendererSettings]'
[2015.06.30-18.24.38:578][  0]LogConsoleResponse:Warning: Skipping Unknown console variable: 'UIScaleCurve = (EditorCurveData=(Keys=),ExternalCurve=None)'
[2015.06.30-18.24.38:578][  0]LogConsoleResponse:Warning:   Found in ini file 'D:/GitHub/GDV-Projekt/ProjectNarnia/Saved/Config/Windows/Engine.ini', in section '[/Script/Engine.RendererSettings]'
[2015.06.30-18.24.38:578][  0]LogInit: Selected Device Profile: [Windows]
[2015.06.30-18.24.38:578][  0]LogInit: Applying CVar settings loaded from the selected device profile: [Windows]
[2015.06.30-18.24.38:585][  0]LogInit: Computer: SILVAN-PC
[2015.06.30-18.24.38:585][  0]LogInit: User: Silvan
[2015.06.30-18.24.38:585][  0]LogInit: CPU Page size=4096, Cores=4
[2015.06.30-18.24.38:585][  0]LogInit: High frequency timer resolution =3.312666 MHz
[2015.06.30-18.24.38:585][  0]LogMemory: Memory total: Physical=11.9GB (12GB approx)
[2015.06.30-18.24.38:585][  0]LogMemory: Platform Memory Stats for Windows
[2015.06.30-18.24.38:585][  0]LogMemory: Process Physical Memory: 49.86 MB used, 49.86 MB peak
[2015.06.30-18.24.38:585][  0]LogMemory: Process Virtual Memory: 24.30 MB used, 24.30 MB peak
[2015.06.30-18.24.38:585][  0]LogMemory: Physical Memory: 3773.94 MB used, 12166.62 MB total
[2015.06.30-18.24.38:585][  0]LogMemory: Virtual Memory: 279.94 MB used, 8388608.00 MB total
[2015.06.30-18.24.38:615][  0]LogTextLocalizationManager: The requested culture ('de_DE') has no localization data; falling back to 'en' for localization and internationalization data.
[2015.06.30-18.24.38:799][  0]LogTextLocalizationManager:Warning: Loaded localization resources contain conflicting entries for (Namespace:ContentBrowser, Key:ImportAssetToolTip):
Localization Resource: (D:/Programme/Epic Games/4.8/Engine/Content/Localization/Editor/en/Editor.locres) Source String Hash: (-630476809) Localized String: (Import to {0}...)
Localization Resource: (D:/Programme/Epic Games/4.8/Engine/Content/Localization/Editor/en/Editor.locres) Source String Hash: (1271782899) Localized String: (Imports an asset from file to this folder.)
[2015.06.30-18.24.39:163][  0]LogD3D11RHI: Found D3D11 adapter 0: AMD Radeon HD 7800 Series (Feature Level 11_0)
[2015.06.30-18.24.39:163][  0]LogD3D11RHI: Adapter has 2027MB of dedicated video memory, 0MB of dedicated system memory, and 3840MB of shared system memory, 1 output[s]
[2015.06.30-18.24.39:170][  0]LogD3D11RHI: Found D3D11 adapter 1: Intel(R) HD Graphics 4600 (Feature Level 11_0)
[2015.06.30-18.24.39:170][  0]LogD3D11RHI: Adapter has 64MB of dedicated video memory, 0MB of dedicated system memory, and 1632MB of shared system memory, 0 output[s]
[2015.06.30-18.24.39:170][  0]LogD3D11RHI: Chosen D3D11 Adapter Id = 0
[2015.06.30-18.24.39:174][  0]LogRHI: Texture pool is 1361 MB (70% of 1945 MB)
[2015.06.30-18.24.39:178][  0]LogD3D11RHI: Async texture creation disabled: no driver support
[2015.06.30-18.24.39:186][  0]LogShaderCompilers:Display: Using Local Shader Compiler.
[2015.06.30-18.24.39:850][  0]LogTemp:Display: Loaded TP DesktopTargetPlatform
[2015.06.30-18.24.39:862][  0]LogTemp:Display: Loaded TP WindowsClientTargetPlatform
[2015.06.30-18.24.39:875][  0]LogTemp:Display: Loaded TP WindowsNoEditorTargetPlatform
[2015.06.30-18.24.39:886][  0]LogTemp:Display: Loaded TP WindowsServerTargetPlatform
[2015.06.30-18.24.39:899][  0]LogTemp:Display: Loaded TP WindowsTargetPlatform
[2015.06.30-18.24.39:909][  0]LogTemp:Display: Loaded TP AndroidTargetPlatform
[2015.06.30-18.24.39:919][  0]LogTemp:Display: Loaded TP Android_ASTCTargetPlatform
[2015.06.30-18.24.39:929][  0]LogTemp:Display: Loaded TP Android_ATCTargetPlatform
[2015.06.30-18.24.39:939][  0]LogTemp:Display: Loaded TP Android_DXTTargetPlatform
[2015.06.30-18.24.39:949][  0]LogTemp:Display: Loaded TP Android_ETC1TargetPlatform
[2015.06.30-18.24.39:959][  0]LogTemp:Display: Loaded TP Android_ETC2TargetPlatform
[2015.06.30-18.24.39:969][  0]LogTemp:Display: Loaded TP Android_PVRTCTargetPlatform
[2015.06.30-18.24.40:009][  0]LogTemp:Display: Loaded TP IOSTargetPlatform
[2015.06.30-18.24.40:018][  0]LogTemp:Display: Loaded TP LinuxNoEditorTargetPlatform
[2015.06.30-18.24.40:029][  0]LogTemp:Display: Loaded TP LinuxServerTargetPlatform
[2015.06.30-18.24.40:039][  0]LogTemp:Display: Loaded TP LinuxTargetPlatform
[2015.06.30-18.24.40:040][  0]LogTargetPlatformManager:Display: Building Assets For Windows
[2015.06.30-18.24.40:207][  0]LogDerivedDataCache:Display: Max Cache Size: 512 MB
[2015.06.30-18.24.40:251][  0]LogDerivedDataCache: Loaded boot cache 0.04s 53MB C:/Users/Silvan/AppData/Local/UnrealEngine/4.8/DerivedDataCache/Boot.ddc.
[2015.06.30-18.24.40:251][  0]LogDerivedDataCache:Display: Loaded Boot cache: C:/Users/Silvan/AppData/Local/UnrealEngine/4.8/DerivedDataCache/Boot.ddc
[2015.06.30-18.24.40:251][  0]LogDerivedDataCache: FDerivedDataBackendGraph:  Pak pak cache file ../../../../../../GitHub/GDV-Projekt/ProjectNarnia/DerivedDataCache/DDC.ddp not found, will not use a pak cache.
[2015.06.30-18.24.40:251][  0]LogDerivedDataCache: Unable to find inner node Pak for hierarchical cache Hierarchy.
[2015.06.30-18.24.40:251][  0]LogDerivedDataCache: FDerivedDataBackendGraph:  CompressedPak pak cache file ../../../../../../GitHub/GDV-Projekt/ProjectNarnia/DerivedDataCache/Compressed.ddp not found, will not use a pak cache.
[2015.06.30-18.24.40:251][  0]LogDerivedDataCache: Unable to find inner node CompressedPak for hierarchical cache Hierarchy.
[2015.06.30-18.24.40:375][  0]LogDerivedDataCache:Display: Pak cache opened for reading ../../../Engine/DerivedDataCache/Compressed.ddp.
[2015.06.30-18.24.40:386][  0]LogDerivedDataCache: Using Local data cache path C:/Users/Silvan/AppData/Local/UnrealEngine/Common/DerivedDataCache: Writable
[2015.06.30-18.24.40:541][  0]LogInit: Selected Device Profile: [Windows]
[2015.06.30-18.24.40:549][  0]ImportText (ComponentSweepMultiTests): Missing closing parenthesis: (RootShapeAsset="/Engine/BasicShapes/Cube.Cube",ShapeType="TriggerCapsule",HitResult=(Time=0.50,Location=(X=-100.000015,Y=0.0,Z=100.000015),ImpactPoint=(X=-50.0,Y=0.0,Z=50.0),Normal=(X=-1.0,Y=-0.0,Z=0.0),ImpactNormal=(X=0.0,Y=0.0,Z=1.0),TraceStart=(X=-200.0,Y=0.0,Z=200.0),TraceEnd=(X=0.0,Y=0.0,Z=0.0))
[2015.06.30-18.24.40:549][  0]ImportText (LineTraceSingleByChannelTests): Missing closing parenthesis: (RootShapeAsset="/Engine/BasicShapes/Cube.Cube",HitResult=(Time=0.50,Location=(X=-100.000015,Y=0.0,Z=100.000015),ImpactPoint=(X=-50.0,Y=0.0,Z=50.0),Normal=(X=-1.0,Y=-0.0,Z=0.0),ImpactNormal=(X=0.0,Y=0.0,Z=1.0),TraceStart=(X=-200.0,Y=0.0,Z=200.0),TraceEnd=(X=0.0,Y=0.0,Z=0.0))
[2015.06.30-18.24.40:571][  0]LogMeshUtilities: No automatic mesh reduction module available
[2015.06.30-18.24.40:571][  0]LogMeshUtilities: No automatic mesh merging module available
[2015.06.30-18.24.40:902][  0]LogInit: WinSock: version 1.1 (2.2), MaxSocks=32767, MaxUdp=65467
[2015.06.30-18.24.41:678][  0]UdpMessaging: Initializing bridge on interface 0.0.0.0:0 to multicast group 230.0.0.1:6666.
[2015.06.30-18.24.41:979][  0]SourceControl: Info Source control is disabled
[2015.06.30-18.24.41:985][  0]SourceControl: Info Source control is disabled
[2015.06.30-18.24.41:993][  0]SourceControl: Info Source control is disabled
[2015.06.30-18.24.42:002][  0]SourceControl: Info Source control is disabled
[2015.06.30-18.24.42:185][  0]LogObj: 26273 objects as part of root set at end of initial load.
[2015.06.30-18.24.42:185][  0]LogUObjectAllocator: 5409248 out of 0 bytes used by permanent object pool.
[2015.06.30-18.24.42:246][  0]LogEngine: Initializing Engine...
[2015.06.30-18.24.42:248][  0]LogHMD: Can't find Oculus library dev build: is proper Runtime installed? Version: 0.6.0.0
[2015.06.30-18.24.42:249][  0]LogHMD:Warning: SteamVR failed to initialize.  Error: 110
[2015.06.30-18.24.42:368][  0]LogAIModule: Creating AISystem for world NewWorld
[2015.06.30-18.24.42:375][  0]LogInit: XAudio2 using '1 - M2762DP (AMD High Definition Audio Device)' : 2 channels at 48 kHz using 16 bits per sample (channel mask 0x3)
[2015.06.30-18.24.42:380][  0]LogInit: FAudioDevice initialized.
[2015.06.30-18.24.42:408][  0]LogDerivedDataCache: Saved boot cache 0.03s 53MB C:/Users/Silvan/AppData/Local/UnrealEngine/4.8/DerivedDataCache/Boot.ddc.
[2015.06.30-18.24.42:414][  0]LogInit: Texture streaming: Disabled
[2015.06.30-18.24.42:435][  0]LogAnalytics: Creating configured Analytics provider AnalyticsET
[2015.06.30-18.24.42:435][  0]LogAnalytics: [UEEditor.Rocket.Release] APIServer = http://et2.epicgames.com/ET2/. AppVersion = 4.8.1-2591939+++depot+UE4-Releases+4.8
[2015.06.30-18.24.42:435][  0]LogAnalytics: [UEEditor.Rocket.Release] SetUserId 63ae0425466c6f65eeb5439200c4cbba|16ffa05e03dc4cfda8fe4198e1102ff4|ffbd022f-d859-4116-a567-25e39becdd18
[2015.06.30-18.24.42:435][  0]LogAnalytics: [UEEditor.Rocket.Release] AnalyticsET::StartSession
[2015.06.30-18.24.42:456][  0]LogInit: Transaction tracking system initialized
[2015.06.30-18.24.42:566][  0]BlueprintLog: New page: Editor Load
[2015.06.30-18.24.42:596][  0]LogAssetRegistry: FAssetRegistry took 0.0096 seconds to start up
[2015.06.30-18.24.42:596][  0]LogDirectoryWatcher:Warning: Failed to begin reading directory changes for ../../../Engine/Plugins/Experimental/CharacterAI/Content/. Error: 0
[2015.06.30-18.24.46:072][  0]LogLinker:Warning: Can't find file '/Game/ThirdPerson/ThirdPersonOverview'
[2015.06.30-18.24.46:072][  0]LogLinker:Warning: Can't find file '/Game/ThirdPerson/ThirdPersonOverview'
[2015.06.30-18.24.46:072][  0]LogLinker:Warning: Can't find file '/Game/ThirdPerson/ThirdPersonOverview'
[2015.06.30-18.24.46:072][  0]LogUObjectGlobals:Warning: Failed to find object 'Class /Game/ThirdPerson/ThirdPersonOverview.ThirdPersonOverview_C'
[2015.06.30-18.24.46:110][  0]LogConsoleManager:Warning: Console variable 'r.VSync' wasn't set ('GameSetting' has a lower priority than 'SystemSettingsIni')
[2015.06.30-18.24.46:111][  0]LogConsoleResponse:Display: 
[2015.06.30-18.24.46:189][  0]LogCook:Display: Done creating registry. It took  0.00s.
[2015.06.30-18.24.46:322][  0]SourceControl: Info Source control is disabled
[2015.06.30-18.24.46:322][  0]Cmd: MAP LOAD FILE="../../../Engine/Content/Maps/Templates/Template_Default.umap" TEMPLATE=1 SHOWPROGRESS=1 FEATURELEVEL=3
[2015.06.30-18.24.46:323][  0]LightingResults: New page: Lighting Build
[2015.06.30-18.24.46:333][  0]MapCheck: New page: Map Check
[2015.06.30-18.24.46:333][  0]LightingResults: New page: Lighting Build
[2015.06.30-18.24.46:340][  0]LogParticles: Destroying 0 GPU particle simulations for FXSystem 0x0000000014F66F20
[2015.06.30-18.24.46:644][  0]LogAIModule: Creating AISystem for world Untitled_1
[2015.06.30-18.24.46:649][  0]LogEditorServer: Finished looking for orphan Actors (0.000 secs)
[2015.06.30-18.24.46:674][  0]Cmd: MAP CHECKDEP NOCLEARLOG
[2015.06.30-18.24.46:707][  0]MapCheck: Info Map check complete: 0 Error(s), 0 Warning(s), took 33.479ms to complete.
[2015.06.30-18.24.46:707][  0]LogFileHelpers: Loading map 'Template_Default' took 0.385
[2015.06.30-18.24.46:800][  0]LogCollectionManager: Loaded 0 collections in 0.001718 seconds
[2015.06.30-18.24.46:805][  0]LogContentBrowser: Native class hierarchy populated in 0.0053 seconds. Added 1792 classes and 301 folders.
[2015.06.30-18.24.46:840][  0]LogContentBrowser: Native class hierarchy updated for 'WidgetCarousel' in 0.0002 seconds. Added 0 classes and 0 folders.
[2015.06.30-18.24.46:862][  0]LogContentBrowser: Native class hierarchy updated for 'AddContentDialog' in 0.0002 seconds. Added 0 classes and 0 folders.
[2015.06.30-18.24.46:875][  0]LogContentBrowser: Native class hierarchy updated for 'SceneOutliner' in 0.0005 seconds. Added 1 classes and 2 folders.
[2015.06.30-18.24.46:905][  0]LogCrashTracker: Crashtracker disabled due to settings.
[2015.06.30-18.24.46:909][  0]LogUObjectGlobals:Warning: Failed to find object 'Class None.'
[2015.06.30-18.24.46:930][  0]LogLoad: Full Startup: 9.45 seconds (BP compile: 0.16 seconds)
[2015.06.30-18.24.46:990][  0]LogContentStreaming: Texture pool size is 0.000000MB
[2015.06.30-18.24.47:012][  0]LogContentStreaming: Texture pool size now 1000 MB
[2015.06.30-18.24.47:119][  1]LogRenderer: Reallocating scene render targets to support 808x368 (Frame:2).
[2015.06.30-18.24.47:437][  4]LogAssetRegistry: Asset discovery search completed in 4.8504 seconds
[2015.06.30-18.24.51:593][496]LogRenderer: Reallocating scene render targets to support 1208x576 (Frame:484).
[2015.06.30-18.24.55:463][946]LogRenderer: Reallocating scene render targets to support 1208x928 (Frame:830).
[2015.06.30-18.25.52:797][224]LogLinker:Warning: Asset '../../../Engine/Content/ArtTools/RenderToTexture/Macros/RenderToTextureMacros.uasset' has been saved with empty engine version. The asset will be loaded but may be incompatible.
[2015.06.30-18.25.52:854][224]LogLinker:Warning: Asset '../../../Engine/Content/ArtTools/RenderToTexture/Enums/RenderToTexture_Enum.uasset' has been saved with empty engine version. The asset will be loaded but may be incompatible.
[2015.06.30-18.26.01:180][ 29]LogEditorViewport: Clicking on Actor (context menu): StaticMeshActor (Floor)
[2015.06.30-18.26.02:379][161]LogEditorViewport: Clicking on Actor (LMB): BP_Sky_Sphere_C (Sky Sphere)
[2015.06.30-18.26.38:354][ 76]BlueprintLog: New page: Compile Untitled
[2015.06.30-18.26.38:410][ 76]LogParticles: Destroying 0 GPU particle simulations for FXSystem 0x000000001DCB74C0
[2015.06.30-18.26.38:442][ 76]BlueprintEditorCompileResults: Info [0120.96] Compile of Untitled successful! [in 87 ms]
[2015.06.30-18.26.39:658][200]LogEditorViewport: Clicking on Actor (LMB): StaticMeshActor (Floor)
[2015.06.30-18.26.42:000][438]BlueprintLog: New page: Pre-PIE auto-recompile
[2015.06.30-18.26.42:009][438]LogPlayLevel: [PIE] Compiling Untitled before PIE...
[2015.06.30-18.26.42:076][438]LogPlayLevel: PIE:  Blueprint regeneration took 75 ms (1 blueprints)
[2015.06.30-18.26.42:080][438]PIE: New page: PIE session: Untitled_1 (Jun 30, 2015, 10:26:42 PM)
[2015.06.30-18.26.42:080][438]LogPlayLevel: Creating play world package: /Temp/UEDPIE_0_Untitled_1
[2015.06.30-18.26.42:083][438]LogPlayLevel: PIE: StaticDuplicateObject took: (0.003414s)
[2015.06.30-18.26.42:084][438]LogAIModule: Creating AISystem for world Untitled_1
[2015.06.30-18.26.42:084][438]LogPlayLevel: PIE: World Init took: (0.000752s)
[2015.06.30-18.26.42:084][438]LogPlayLevel: PIE: Created PIE world by copying editor world from /Temp/Untitled_1.Untitled_1 to /Temp/UEDPIE_0_Untitled_1.Untitled_1 (0.004308s)
[2015.06.30-18.26.42:110][438]LogInit: XAudio2 using '1 - M2762DP (AMD High Definition Audio Device)' : 2 channels at 48 kHz using 16 bits per sample (channel mask 0x3)
[2015.06.30-18.26.42:116][438]LogInit: FAudioDevice initialized.
[2015.06.30-18.26.42:187][438]LogWorld: Game class is 'GameMode'
[2015.06.30-18.26.42:192][438]LogWorld: Bringing World /Temp/UEDPIE_0_Untitled_1.Untitled_1 up for play (max tick rate 0) at 2015.06.30-20.26.42
[2015.06.30-18.26.42:192][438]LogActor:Warning: GameSession /Temp/UEDPIE_0_Untitled_1.Untitled_1:PersistentLevel.GameSession_0 has natively added scene component(s), but none of them were set as the actor's RootComponent - picking one arbitrarily
[2015.06.30-18.26.42:192][438]LogActor:Warning: GameNetworkManager /Temp/UEDPIE_0_Untitled_1.Untitled_1:PersistentLevel.GameNetworkManager_0 has natively added scene component(s), but none of them were set as the actor's RootComponent - picking one arbitrarily
[2015.06.30-18.26.42:192][438]LogWorld: Bringing up level for play took: 0.001523
[2015.06.30-18.26.42:195][438]LogBlueprintUserMessages: Willkommen in der Welt von Narnia!
[2015.06.30-18.26.42:196][438]PIE: Info Play in editor start time for /Temp/UEDPIE_0_Untitled_1 0.323
[2015.06.30-18.26.48:097][131]LogParticles: Destroying 0 GPU particle simulations for FXSystem 0x000000000D72DD00
[2015.06.30-18.30.43:543][833]LogParticles: Destroying 0 GPU particle simulations for FXSystem 0x0000000012AB91C0
[2015.06.30-18.31.14:212][833]Cmd: OBJ SAVEPACKAGE PACKAGE="/Game/Levels/DefaultLevel" FILE="../../../../../../GitHub/GDV-Projekt/ProjectNarnia/Content/Levels/DefaultLevel.umap" SILENT=true AUTOSAVING=false KEEPDIRTY=false
[2015.06.30-18.31.14:376][833]LogSavePackage: Save=104.167458ms
[2015.06.30-18.31.14:376][833]LogSavePackage: Moving '../../../../../../GitHub/GDV-Projekt/ProjectNarnia/Saved/DefaultLevel183B5FA946E5BB6B321A5AB9CAA13956.tmp' to '../../../../../../GitHub/GDV-Projekt/ProjectNarnia/Content/Levels/DefaultLevel.umap'
[2015.06.30-18.31.14:424][833]LogFileHelpers: Saving map 'DefaultLevel' took 0.573
[2015.06.30-18.31.14:869][834]Cmd: QUIT_EDITOR
[2015.06.30-18.31.15:856][834]LogExit: Preparing to exit.
[2015.06.30-18.31.17:114][834]LogExit: Editor shut down
[2015.06.30-18.31.17:120][834]LogExit: Transaction tracking system shut down
[2015.06.30-18.31.17:125][834]LogParticles: Destroying 0 GPU particle simulations for FXSystem 0x000000000F4ABD80
[2015.06.30-18.31.17:127][834]LogParticles: Destroying 0 GPU particle simulations for FXSystem 0x000000001DCB5940
[2015.06.30-18.31.17:147][834]LogParticles: Destroying 0 GPU particle simulations for FXSystem 0x0000000021A22160
[2015.06.30-18.31.17:148][834]LogParticles: Destroying 0 GPU particle simulations for FXSystem 0x0000000021A22660
[2015.06.30-18.31.17:148][834]LogParticles: Destroying 0 GPU particle simulations for FXSystem 0x000000000D72CAE0
[2015.06.30-18.31.17:343][834]LogExit: Object subsystem successfully closed.
[2015.06.30-18.31.17:906][834]LogModuleManager: Shutting down and abandoning module CrashTracker (188)
[2015.06.30-18.31.17:906][834]LogModuleManager: Shutting down and abandoning module SceneOutliner (187)
[2015.06.30-18.31.17:906][834]LogModuleManager: Shutting down and abandoning module SuperSearch (186)
[2015.06.30-18.31.17:906][834]LogModuleManager: Shutting down and abandoning module WidgetCarousel (185)
[2015.06.30-18.31.17:906][834]LogModuleManager: Shutting down and abandoning module AddContentDialog (184)
[2015.06.30-18.31.17:907][834]LogModuleManager: Shutting down and abandoning module EditorWidgets (183)
[2015.06.30-18.31.17:907][834]LogModuleManager: Shutting down and abandoning module CollectionManager (182)
[2015.06.30-18.31.17:907][834]LogModuleManager: Shutting down and abandoning module StatsViewer (181)
[2015.06.30-18.31.17:907][834]LogModuleManager: Shutting down and abandoning module FoliageEdit (180)
[2015.06.30-18.31.17:907][834]LogModuleManager: Shutting down and abandoning module LandscapeEditor (179)
[2015.06.30-18.31.17:907][834]LogModuleManager: Shutting down and abandoning module ActorPickerMode (178)
[2015.06.30-18.31.17:907][834]LogModuleManager: Shutting down and abandoning module GeometryMode (177)
[2015.06.30-18.31.17:907][834]LogModuleManager: Shutting down and abandoning module TextureAlignMode (176)
[2015.06.30-18.31.17:907][834]LogModuleManager: Shutting down and abandoning module BspMode (175)
[2015.06.30-18.31.17:907][834]LogModuleManager: Shutting down and abandoning module PlacementMode (174)
[2015.06.30-18.31.17:907][834]LogModuleManager: Shutting down and abandoning module AutomationWorker (173)
[2015.06.30-18.31.17:907][834]LogModuleManager: Shutting down and abandoning module CharacterAI (172)
[2015.06.30-18.31.17:907][834]LogModuleManager: Shutting down and abandoning module SmartSnapping (171)
[2015.06.30-18.31.17:907][834]LogModuleManager: Shutting down and abandoning module ViewportSnapping (170)
[2015.06.30-18.31.17:907][834]LogModuleManager: Shutting down and abandoning module LogVisualizer (169)
[2015.06.30-18.31.17:907][834]LogModuleManager: Shutting down and abandoning module GameProjectGeneration (168)
[2015.06.30-18.31.17:907][834]LogModuleManager: Shutting down and abandoning module IntroTutorials (167)
[2015.06.30-18.31.17:907][834]LogModuleManager: Shutting down and abandoning module EditorLiveStreaming (166)
[2015.06.30-18.31.17:907][834]LogModuleManager: Shutting down and abandoning module IOSPlatformEditor (165)
[2015.06.30-18.31.17:907][834]LogModuleManager: Shutting down and abandoning module HTML5PlatformEditor (164)
[2015.06.30-18.31.17:907][834]LogModuleManager: Shutting down and abandoning module AndroidDeviceDetection (163)
[2015.06.30-18.31.18:881][834]LogModuleManager: Shutting down and abandoning module AndroidPlatformEditor (162)
[2015.06.30-18.31.18:881][834]LogModuleManager: Shutting down and abandoning module IOSRuntimeSettings (161)
[2015.06.30-18.31.18:881][834]LogModuleManager: Shutting down and abandoning module AndroidRuntimeSettings (160)
[2015.06.30-18.31.18:881][834]LogModuleManager: Shutting down and abandoning module MergeActors (159)
[2015.06.30-18.31.18:881][834]LogModuleManager: Shutting down and abandoning module SizeMap (158)
[2015.06.30-18.31.18:881][834]LogModuleManager: Shutting down and abandoning module TreeMap (157)
[2015.06.30-18.31.18:881][834]LogModuleManager: Shutting down and abandoning module ReferenceViewer (156)
[2015.06.30-18.31.18:881][834]LogModuleManager: Shutting down and abandoning module LocalizationDashboard (155)
[2015.06.30-18.31.18:881][834]LogModuleManager: Shutting down and abandoning module HardwareTargeting (154)
[2015.06.30-18.31.18:881][834]LogModuleManager: Shutting down and abandoning module DeviceProfileEditor (153)
[2015.06.30-18.31.18:881][834]LogModuleManager: Shutting down and abandoning module UndoHistory (152)
[2015.06.30-18.31.18:881][834]LogModuleManager: Shutting down and abandoning module GameplayTagsEditor (151)
[2015.06.30-18.31.18:881][834]LogModuleManager: Shutting down and abandoning module UserFeedback (150)
[2015.06.30-18.31.18:881][834]LogModuleManager: Shutting down and abandoning module XmlParser (149)
[2015.06.30-18.31.18:881][834]LogModuleManager: Shutting down and abandoning module Blutility (148)
[2015.06.30-18.31.18:881][834]LogModuleManager: Shutting down and abandoning module ProjectTargetPlatformEditor (147)
[2015.06.30-18.31.18:881][834]LogModuleManager: Shutting down and abandoning module ProjectSettingsViewer (146)
[2015.06.30-18.31.18:881][834]LogModuleManager: Shutting down and abandoning module InputBindingEditor (145)
[2015.06.30-18.31.18:881][834]LogModuleManager: Shutting down and abandoning module EditorSettingsViewer (144)
[2015.06.30-18.31.18:881][834]LogModuleManager: Shutting down and abandoning module SettingsEditor (143)
[2015.06.30-18.31.18:881][834]LogModuleManager: Shutting down and abandoning module ProjectLauncher (142)
[2015.06.30-18.31.18:881][834]LogModuleManager: Shutting down and abandoning module SessionFrontend (141)
[2015.06.30-18.31.18:881][834]LogModuleManager: Shutting down and abandoning module ProfilerClient (140)
[2015.06.30-18.31.18:881][834]LogModuleManager: Shutting down and abandoning module TargetDeviceServices (139)
[2015.06.30-18.31.18:881][834]LogModuleManager: Shutting down and abandoning module DeviceManager (138)
[2015.06.30-18.31.18:881][834]LogModuleManager: Shutting down and abandoning module AutomationController (137)
[2015.06.30-18.31.18:881][834]LogModuleManager: Shutting down and abandoning module AutomationWindow (136)
[2015.06.30-18.31.18:881][834]LogModuleManager: Shutting down and abandoning module Layers (135)
[2015.06.30-18.31.18:881][834]LogModuleManager: Shutting down and abandoning module ComponentVisualizers (134)
[2015.06.30-18.31.18:881][834]LogModuleManager: Shutting down and abandoning module DetailCustomizations (133)
[2015.06.30-18.31.18:882][834]LogModuleManager: Shutting down and abandoning module PackagesDialog (132)
[2015.06.30-18.31.18:882][834]LogModuleManager: Shutting down and abandoning module AssetRegistry (131)
[2015.06.30-18.31.18:982][834]LogModuleManager: Shutting down and abandoning module Persona (130)
[2015.06.30-18.31.18:982][834]LogModuleManager: Shutting down and abandoning module Kismet (129)
[2015.06.30-18.31.18:982][834]LogModuleManager: Shutting down and abandoning module GraphEditor (128)
[2015.06.30-18.31.18:982][834]LogModuleManager: Shutting down and abandoning module ClassViewer (127)
[2015.06.30-18.31.18:982][834]LogModuleManager: Shutting down and abandoning module Toolbox (126)
[2015.06.30-18.31.18:982][834]LogModuleManager: Shutting down and abandoning module ModuleUI (125)
[2015.06.30-18.31.18:982][834]LogModuleManager: Shutting down and abandoning module MovieSceneTools (124)
[2015.06.30-18.31.18:982][834]LogModuleManager: Shutting down and abandoning module OutputLog (123)
[2015.06.30-18.31.18:982][834]LogModuleManager: Shutting down and abandoning module GammaUI (122)
[2015.06.30-18.31.18:982][834]LogModuleManager: Shutting down and abandoning module Documentation (121)
[2015.06.30-18.31.18:983][834]LogModuleManager: Shutting down and abandoning module GameLiveStreaming (120)
[2015.06.30-18.31.18:983][834]LogModuleManager: Shutting down and abandoning module StreamingPauseRendering (119)
[2015.06.30-18.31.18:983][834]LogModuleManager: Shutting down and abandoning module AnalyticsET (118)
[2015.06.30-18.31.18:983][834]LogModuleManager: Shutting down and abandoning module Analytics (117)
[2015.06.30-18.31.18:983][834]LogModuleManager: Shutting down and abandoning module AITestSuite (116)
[2015.06.30-18.31.18:983][834]LogModuleManager: Shutting down and abandoning module GameplayDebugger (115)
[2015.06.30-18.31.18:983][834]LogModuleManager: Shutting down and abandoning module AIModule (114)
[2015.06.30-18.31.18:983][834]LogModuleManager: Shutting down and abandoning module ProfilerService (113)
[2015.06.30-18.31.19:027][834]LogModuleManager: Shutting down and abandoning module TaskGraph (112)
[2015.06.30-18.31.19:027][834]LogModuleManager: Shutting down and abandoning module SlateRemote (111)
[2015.06.30-18.31.19:027][834]LogModuleManager: Shutting down and abandoning module SteamVRController (110)
[2015.06.30-18.31.19:027][834]LogModuleManager: Shutting down and abandoning module SteamVR (109)
[2015.06.30-18.31.19:027][834]LogModuleManager: Shutting down and abandoning module ProceduralMeshComponent (108)
[2015.06.30-18.31.19:027][834]LogModuleManager: Shutting down and abandoning module OculusRift (107)
[2015.06.30-18.31.19:027][834]LogModuleManager: Shutting down and abandoning module LeapMotionController (106)
[2015.06.30-18.31.19:033][834]LogModuleManager: Shutting down and abandoning module CustomMeshComponent (105)
[2015.06.30-18.31.19:033][834]LogModuleManager: Shutting down and abandoning module CableComponent (104)
[2015.06.30-18.31.19:033][834]LogModuleManager: Shutting down and abandoning module MessagingDebugger (103)
[2015.06.30-18.31.19:033][834]LogModuleManager: Shutting down and abandoning module MediaPlayerEditor (102)
[2015.06.30-18.31.19:033][834]LogModuleManager: Shutting down and abandoning module SpeedTreeImporter (101)
[2015.06.30-18.31.19:033][834]LogModuleManager: Shutting down and abandoning module PluginBrowser (100)
[2015.06.30-18.31.19:033][834]LogModuleManager: Shutting down and abandoning module EpicSurvey (99)
[2015.06.30-18.31.19:033][834]LogModuleManager: Shutting down and abandoning module DesktopPlatform (98)
[2015.06.30-18.31.19:033][834]LogModuleManager: Shutting down and abandoning module VisualStudioSourceCodeAccess (97)
[2015.06.30-18.31.19:033][834]LogModuleManager: Shutting down and abandoning module UObjectPlugin (96)
[2015.06.30-18.31.19:033][834]LogModuleManager: Shutting down and abandoning module SubversionSourceControl (95)
[2015.06.30-18.31.19:033][834]LogModuleManager: Shutting down and abandoning module PerforceSourceControl (94)
[2015.06.30-18.31.19:033][834]LogModuleManager: Shutting down and abandoning module SourceControl (93)
[2015.06.30-18.31.19:033][834]LogModuleManager: Shutting down and abandoning module GitSourceControl (92)
[2015.06.30-18.31.19:033][834]LogModuleManager: Shutting down and abandoning module BlankPlugin (91)
[2015.06.30-18.31.19:033][834]LogModuleManager: Shutting down and abandoning module PaperTiledImporter (90)
[2015.06.30-18.31.19:033][834]LogModuleManager: Shutting down and abandoning module PaperSpriteSheetImporter (89)
[2015.06.30-18.31.19:033][834]LogModuleManager: Shutting down and abandoning module MeshPaint (88)
[2015.06.30-18.31.19:033][834]LogModuleManager: Shutting down and abandoning module SlateReflector (87)
[2015.06.30-18.31.19:033][834]LogModuleManager: Shutting down and abandoning module DirectoryWatcher (86)
[2015.06.30-18.31.19:033][834]LogModuleManager: Shutting down and abandoning module HotReload (85)
[2015.06.30-18.31.19:033][834]LogModuleManager: Shutting down and abandoning module MainFrame (84)
[2015.06.30-18.31.19:033][834]LogModuleManager: Shutting down and abandoning module LevelEditor (83)
[2015.06.30-18.31.19:034][834]LogModuleManager: Shutting down and abandoning module ContentBrowser (82)
[2015.06.30-18.31.19:035][834]LogModuleManager: Shutting down and abandoning module Paper2DEditor (81)
[2015.06.30-18.31.19:035][834]LogModuleManager: Shutting down and abandoning module UdpMessaging (80)
[2015.06.30-18.31.19:135][834]LogModuleManager: Shutting down and abandoning module Paper2D (79)
[2015.06.30-18.31.19:135][834]LogModuleManager: Shutting down and abandoning module WindowsMoviePlayer (78)
[2015.06.30-18.31.19:139][834]LogModuleManager: Shutting down and abandoning module Media (77)
[2015.06.30-18.31.19:139][834]LogModuleManager: Shutting down and abandoning module WmfMedia (76)
[2015.06.30-18.31.19:139][834]LogModuleManager: Shutting down and abandoning module OnlineBlueprintSupport (75)
[2015.06.30-18.31.19:139][834]LogModuleManager: Shutting down and abandoning module PropertyEditor (74)
[2015.06.30-18.31.19:139][834]LogModuleManager: Shutting down and abandoning module BehaviorTreeEditor (73)
[2015.06.30-18.31.19:139][834]LogModuleManager: Shutting down and abandoning module FunctionalTesting (72)
[2015.06.30-18.31.19:139][834]LogModuleManager: Shutting down and abandoning module CollisionAnalyzer (71)
[2015.06.30-18.31.19:139][834]LogModuleManager: Shutting down and abandoning module WorkspaceMenuStructure (70)
[2015.06.30-18.31.19:139][834]LogModuleManager: Shutting down and abandoning module MessageLog (69)
[2015.06.30-18.31.19:139][834]LogModuleManager: Shutting down and abandoning module Sequencer (68)
[2015.06.30-18.31.19:139][834]LogModuleManager: Shutting down and abandoning module AssetTools (67)
[2015.06.30-18.31.19:139][834]LogModuleManager: Shutting down and abandoning module UMGEditor (66)
[2015.06.30-18.31.19:139][834]LogModuleManager: Shutting down and abandoning module UMG (65)
[2015.06.30-18.31.19:139][834]LogModuleManager: Shutting down and abandoning module Slate (64)
[2015.06.30-18.31.19:139][834]LogModuleManager: Shutting down and abandoning module EditorStyle (63)
[2015.06.30-18.31.19:142][834]LogModuleManager: Shutting down and abandoning module SessionServices (62)
[2015.06.30-18.31.19:142][834]LogModuleManager: Shutting down and abandoning module SourceCodeAccess (61)
[2015.06.30-18.31.19:142][834]LogModuleManager: Shutting down and abandoning module HeadMountedDisplay (60)
[2015.06.30-18.31.19:142][834]LogModuleManager: Shutting down and abandoning module XAudio2 (59)
[2015.06.30-18.31.19:142][834]LogModuleManager: Shutting down and abandoning module Networking (57)
[2015.06.30-18.31.19:142][834]LogModuleManager: Shutting down and abandoning module Core (56)
[2015.06.30-18.31.19:142][834]LogModuleManager: Shutting down and abandoning module KismetCompiler (55)
[2015.06.30-18.31.19:142][834]LogModuleManager: Shutting down and abandoning module PhysXFormats (54)
[2015.06.30-18.31.19:142][834]LogModuleManager: Shutting down and abandoning module MeshUtilities (53)
[2015.06.30-18.31.19:142][834]LogModuleManager: Shutting down and abandoning module DerivedDataCache (52)
[2015.06.30-18.31.19:200][834]LogDerivedDataCache: Shutdown
[2015.06.30-18.31.19:200][834]LogModuleManager: Shutting down and abandoning module ShaderFormatOpenGL (51)
[2015.06.30-18.31.19:200][834]LogModuleManager: Shutting down and abandoning module ShaderFormatD3D (50)
[2015.06.30-18.31.19:200][834]LogModuleManager: Shutting down and abandoning module MetalShaderFormat (49)
[2015.06.30-18.31.19:200][834]LogModuleManager: Shutting down and abandoning module TextureFormatUncompressed (48)
[2015.06.30-18.31.19:200][834]LogModuleManager: Shutting down and abandoning module TextureFormatPVR (47)
[2015.06.30-18.31.19:200][834]LogModuleManager: Shutting down and abandoning module TextureFormatIntelISPCTexComp (46)
[2015.06.30-18.31.19:200][834]LogModuleManager: Shutting down and abandoning module TextureFormatDXT (45)
[2015.06.30-18.31.19:200][834]LogModuleManager: Shutting down and abandoning module ImageWrapper (44)
[2015.06.30-18.31.19:200][834]LogModuleManager: Shutting down and abandoning module TextureFormatASTC (43)
[2015.06.30-18.31.19:200][834]LogModuleManager: Shutting down and abandoning module TextureFormatAndroid (42)
[2015.06.30-18.31.19:200][834]LogModuleManager: Shutting down and abandoning module AudioFormatOpus (41)
[2015.06.30-18.31.19:200][834]LogModuleManager: Shutting down and abandoning module AudioFormatOgg (40)
[2015.06.30-18.31.19:200][834]LogModuleManager: Shutting down and abandoning module AudioFormatADPCM (39)
[2015.06.30-18.31.19:200][834]LogModuleManager: Shutting down and abandoning module LinuxTargetPlatform (38)
[2015.06.30-18.31.19:200][834]LogModuleManager: Shutting down and abandoning module LinuxServerTargetPlatform (37)
[2015.06.30-18.31.19:200][834]LogModuleManager: Shutting down and abandoning module LinuxNoEditorTargetPlatform (36)
[2015.06.30-18.31.19:200][834]LogModuleManager: Shutting down and abandoning module Messaging (35)
[2015.06.30-18.31.19:200][834]LogModuleManager: Shutting down and abandoning module IOSTargetPlatform (34)
[2015.06.30-18.31.19:200][834]LogModuleManager: Shutting down and abandoning module HTML5TargetPlatform (33)
[2015.06.30-18.31.19:200][834]LogModuleManager: Shutting down and abandoning module Android_PVRTCTargetPlatform (32)
[2015.06.30-18.31.19:200][834]LogModuleManager: Shutting down and abandoning module Android_ETC2TargetPlatform (31)
[2015.06.30-18.31.19:200][834]LogModuleManager: Shutting down and abandoning module Android_ETC1TargetPlatform (30)
[2015.06.30-18.31.19:200][834]LogModuleManager: Shutting down and abandoning module Android_DXTTargetPlatform (29)
[2015.06.30-18.31.19:200][834]LogModuleManager: Shutting down and abandoning module Android_ATCTargetPlatform (28)
[2015.06.30-18.31.19:200][834]LogModuleManager: Shutting down and abandoning module Android_ASTCTargetPlatform (27)
[2015.06.30-18.31.19:200][834]LogModuleManager: Shutting down and abandoning module AndroidTargetPlatform (26)
[2015.06.30-18.31.19:200][834]LogModuleManager: Shutting down and abandoning module WindowsTargetPlatform (25)
[2015.06.30-18.31.19:200][834]LogModuleManager: Shutting down and abandoning module WindowsServerTargetPlatform (24)
[2015.06.30-18.31.19:200][834]LogModuleManager: Shutting down and abandoning module WindowsNoEditorTargetPlatform (23)
[2015.06.30-18.31.19:200][834]LogModuleManager: Shutting down and abandoning module WindowsClientTargetPlatform (22)
[2015.06.30-18.31.19:200][834]LogModuleManager: Shutting down and abandoning module DesktopTargetPlatform (21)
[2015.06.30-18.31.19:200][834]LogModuleManager: Shutting down and abandoning module TargetPlatform (20)
[2015.06.30-18.31.19:200][834]LogModuleManager: Shutting down and abandoning module InputCore (19)
[2015.06.30-18.31.19:200][834]LogModuleManager: Shutting down and abandoning module Settings (18)
[2015.06.30-18.31.19:200][834]LogModuleManager: Shutting down and abandoning module OnlineSubsystem (16)
[2015.06.30-18.31.19:200][834]LogModuleManager: Shutting down and abandoning module HTTP (15)
[2015.06.30-18.31.19:200][834]LogModuleManager: Shutting down and abandoning module ExampleDeviceProfileSelector (14)
[2015.06.30-18.31.19:200][834]LogModuleManager: Shutting down and abandoning module TextureCompressor (13)
[2015.06.30-18.31.19:201][834]LogModuleManager: Shutting down and abandoning module ShaderCore (12)
[2015.06.30-18.31.19:201][834]LogModuleManager: Shutting down and abandoning module Landscape (11)
[2015.06.30-18.31.19:201][834]LogModuleManager: Shutting down and abandoning module SlateRHIRenderer (10)
[2015.06.30-18.31.19:202][834]LogModuleManager: Shutting down and abandoning module OpenGLDrv (9)
[2015.06.30-18.31.19:202][834]LogModuleManager: Shutting down and abandoning module D3D11RHI (8)
[2015.06.30-18.31.19:202][834]LogModuleManager: Shutting down and abandoning module Renderer (7)
[2015.06.30-18.31.19:202][834]LogModuleManager: Shutting down and abandoning module Engine (6)
[2015.06.30-18.31.19:202][834]LogModuleManager: Shutting down and abandoning module CoreUObject (5)
[2015.06.30-18.31.19:202][834]LogModuleManager: Shutting down and abandoning module NetworkFile (4)
[2015.06.30-18.31.19:202][834]LogModuleManager: Shutting down and abandoning module StreamingFile (3)
[2015.06.30-18.31.19:202][834]LogModuleManager: Shutting down and abandoning module SandboxFile (2)
[2015.06.30-18.31.19:202][834]LogModuleManager: Shutting down and abandoning module PakFile (1)
[2015.06.30-18.31.19:202][834]LogExit: Exiting.
[2015.06.30-18.31.19:241][834]Log file closed, 06/30/15 20:31:19
