[2015.07.31-09.20.45:521][  0]Log file open, 07/31/15 11:20:45
[2015.07.31-09.20.45:521][  0]LogInit:Display: Running engine for game: ProjectNarnia
[2015.07.31-09.20.45:521][  0]LogInit:Display: RandInit(1647040522) SRandInit(1647040523).
[2015.07.31-09.20.45:521][  0]LogTaskGraph: Started task graph with 4 named threads and 7 total threads.
[2015.07.31-09.20.45:521][  0]LogStats: Stats thread started
[2015.07.31-09.20.45:521][  0]LogInit: Version: 4.8.3-2634408+++depot+UE4-Releases+4.8
[2015.07.31-09.20.45:521][  0]LogInit: API Version: 2579680
[2015.07.31-09.20.45:521][  0]LogInit: Compiled (64-bit): Jul 27 2015 16:24:33
[2015.07.31-09.20.45:521][  0]LogInit: Compiled with Visual C++: 18.00.21005.01
[2015.07.31-09.20.45:521][  0]LogInit: Build Configuration: Development
[2015.07.31-09.20.45:521][  0]LogInit: Branch Name: ++depot+UE4-Releases+4.8
[2015.07.31-09.20.45:521][  0]LogInit: Command line:  
[2015.07.31-09.20.45:521][  0]LogInit: Base directory: D:/Programme/Epic Games/4.8/Engine/Binaries/Win64/
[2015.07.31-09.20.45:521][  0]LogInit: Rocket: 1
[2015.07.31-09.20.45:548][  0]LogInit: Using libcurl 7.41.0
[2015.07.31-09.20.45:548][  0]LogInit:  - built for x86_64-pc-win32
[2015.07.31-09.20.45:548][  0]LogInit:  - supports SSL with WinSSL
[2015.07.31-09.20.45:548][  0]LogInit:  - other features:
[2015.07.31-09.20.45:548][  0]LogInit:      CURL_VERSION_SSL
[2015.07.31-09.20.45:548][  0]LogInit:      CURL_VERSION_IPV6
[2015.07.31-09.20.45:548][  0]LogInit:      CURL_VERSION_ASYNCHDNS
[2015.07.31-09.20.45:548][  0]LogInit:      CURL_VERSION_LARGEFILE
[2015.07.31-09.20.45:548][  0]LogInit:      CURL_VERSION_IDN
[2015.07.31-09.20.45:549][  0]LogInit:  CurlRequestOptions (configurable via config and command line):
[2015.07.31-09.20.45:549][  0]LogInit:  - bVerifyPeer = true  - Libcurl will verify peer certificate
[2015.07.31-09.20.45:549][  0]LogInit:  - bUseHttpProxy = false  - Libcurl will NOT use HTTP proxy
[2015.07.31-09.20.45:549][  0]LogInit:  - bDontReuseConnections = false  - Libcurl will reuse connections
[2015.07.31-09.20.45:549][  0]LogInit:  - CertBundlePath = nullptr  - Libcurl will use whatever was configured at build time.
[2015.07.31-09.20.45:560][  0]LogOnline:Warning: No default platform service specified for OnlineSubsystem
[2015.07.31-09.20.45:574][  0]LogInit: Presizing for 0 objects not considered by GC, pre-allocating 0 bytes.
[2015.07.31-09.20.45:582][  0]LogInit: Object subsystem initialized
[2015.07.31-09.20.45:583][  0]LogConsoleResponse:Warning: Skipping Unknown console variable: 'TranslucentSortAxis = (X=0.000000,Y=-1.000000,Z=0.000000)'
[2015.07.31-09.20.45:583][  0]LogConsoleResponse:Warning:   Found in ini file 'D:/GitHub/GDV-Projekt/ProjectNarnia/Saved/Config/Windows/Engine.ini', in section '[/Script/Engine.RendererSettings]'
[2015.07.31-09.20.45:583][  0]LogConsoleResponse:Warning: Skipping Unknown console variable: 'UIScaleRule = ShortestSide'
[2015.07.31-09.20.45:583][  0]LogConsoleResponse:Warning:   Found in ini file 'D:/GitHub/GDV-Projekt/ProjectNarnia/Saved/Config/Windows/Engine.ini', in section '[/Script/Engine.RendererSettings]'
[2015.07.31-09.20.45:583][  0]LogConsoleResponse:Warning: Skipping Unknown console variable: 'UIScaleCurve = (EditorCurveData=(Keys=),ExternalCurve=None)'
[2015.07.31-09.20.45:583][  0]LogConsoleResponse:Warning:   Found in ini file 'D:/GitHub/GDV-Projekt/ProjectNarnia/Saved/Config/Windows/Engine.ini', in section '[/Script/Engine.RendererSettings]'
[2015.07.31-09.20.45:585][  0]LogInit: Selected Device Profile: [Windows]
[2015.07.31-09.20.45:585][  0]LogInit: Applying CVar settings loaded from the selected device profile: [Windows]
[2015.07.31-09.20.45:594][  0]LogInit: Computer: SILVAN-PC
[2015.07.31-09.20.45:594][  0]LogInit: User: Silvan
[2015.07.31-09.20.45:594][  0]LogInit: CPU Page size=4096, Cores=4
[2015.07.31-09.20.45:594][  0]LogInit: High frequency timer resolution =3.312695 MHz
[2015.07.31-09.20.45:594][  0]LogMemory: Memory total: Physical=11.9GB (12GB approx)
[2015.07.31-09.20.45:594][  0]LogMemory: Platform Memory Stats for Windows
[2015.07.31-09.20.45:594][  0]LogMemory: Process Physical Memory: 51.21 MB used, 51.21 MB peak
[2015.07.31-09.20.45:594][  0]LogMemory: Process Virtual Memory: 25.32 MB used, 25.32 MB peak
[2015.07.31-09.20.45:594][  0]LogMemory: Physical Memory: 3481.68 MB used, 12166.62 MB total
[2015.07.31-09.20.45:594][  0]LogMemory: Virtual Memory: 284.97 MB used, 8388608.00 MB total
[2015.07.31-09.20.45:785][  0]LogTextLocalizationManager: The requested culture ('de_DE') has no localization data; falling back to 'en' for localization and internationalization data.
[2015.07.31-09.20.45:966][  0]LogTextLocalizationManager:Warning: Loaded localization resources contain conflicting entries for (Namespace:ContentBrowser, Key:ImportAssetToolTip):
Localization Resource: (D:/Programme/Epic Games/4.8/Engine/Content/Localization/Editor/en/Editor.locres) Source String Hash: (-630476809) Localized String: (Import to {0}...)
Localization Resource: (D:/Programme/Epic Games/4.8/Engine/Content/Localization/Editor/en/Editor.locres) Source String Hash: (1271782899) Localized String: (Imports an asset from file to this folder.)
[2015.07.31-09.20.46:347][  0]LogD3D11RHI: Found D3D11 adapter 0: AMD Radeon HD 7800 Series (Feature Level 11_0)
[2015.07.31-09.20.46:347][  0]LogD3D11RHI: Adapter has 2027MB of dedicated video memory, 0MB of dedicated system memory, and 3840MB of shared system memory, 1 output[s]
[2015.07.31-09.20.46:368][  0]LogD3D11RHI: Found D3D11 adapter 1: Intel(R) HD Graphics 4600 (Feature Level 11_0)
[2015.07.31-09.20.46:368][  0]LogD3D11RHI: Adapter has 64MB of dedicated video memory, 0MB of dedicated system memory, and 1632MB of shared system memory, 0 output[s]
[2015.07.31-09.20.46:369][  0]LogD3D11RHI: Chosen D3D11 Adapter Id = 0
[2015.07.31-09.20.46:373][  0]LogD3D11RHI: InitD3DDevice
[2015.07.31-09.20.46:373][  0]LogD3D11RHI: !Direct3DDevice
[2015.07.31-09.20.46:373][  0]LogRHI: Texture pool is 1361 MB (70% of 1945 MB)
[2015.07.31-09.20.46:379][  0]LogD3D11RHI: Async texture creation disabled: no driver support
[2015.07.31-09.20.46:392][  0]LogShaderCompilers:Display: Using Local Shader Compiler.
[2015.07.31-09.20.47:343][  0]LogTemp:Display: Loaded TP DesktopTargetPlatform
[2015.07.31-09.20.47:355][  0]LogTemp:Display: Loaded TP WindowsClientTargetPlatform
[2015.07.31-09.20.47:366][  0]LogTemp:Display: Loaded TP WindowsNoEditorTargetPlatform
[2015.07.31-09.20.47:378][  0]LogTemp:Display: Loaded TP WindowsServerTargetPlatform
[2015.07.31-09.20.47:390][  0]LogTemp:Display: Loaded TP WindowsTargetPlatform
[2015.07.31-09.20.47:401][  0]LogTemp:Display: Loaded TP AndroidTargetPlatform
[2015.07.31-09.20.47:411][  0]LogTemp:Display: Loaded TP Android_ASTCTargetPlatform
[2015.07.31-09.20.47:421][  0]LogTemp:Display: Loaded TP Android_ATCTargetPlatform
[2015.07.31-09.20.47:432][  0]LogTemp:Display: Loaded TP Android_DXTTargetPlatform
[2015.07.31-09.20.47:442][  0]LogTemp:Display: Loaded TP Android_ETC1TargetPlatform
[2015.07.31-09.20.47:453][  0]LogTemp:Display: Loaded TP Android_ETC2TargetPlatform
[2015.07.31-09.20.47:463][  0]LogTemp:Display: Loaded TP Android_PVRTCTargetPlatform
[2015.07.31-09.20.47:522][  0]LogTemp:Display: Loaded TP IOSTargetPlatform
[2015.07.31-09.20.47:533][  0]LogTemp:Display: Loaded TP LinuxNoEditorTargetPlatform
[2015.07.31-09.20.47:546][  0]LogTemp:Display: Loaded TP LinuxServerTargetPlatform
[2015.07.31-09.20.47:559][  0]LogTemp:Display: Loaded TP LinuxTargetPlatform
[2015.07.31-09.20.47:559][  0]LogTargetPlatformManager:Display: Building Assets For Windows
[2015.07.31-09.20.47:813][  0]LogDerivedDataCache:Display: Max Cache Size: 512 MB
[2015.07.31-09.20.47:966][  0]LogDerivedDataCache: Loaded boot cache 0.15s 53MB C:/Users/Silvan/AppData/Local/UnrealEngine/4.8/DerivedDataCache/Boot.ddc.
[2015.07.31-09.20.47:966][  0]LogDerivedDataCache:Display: Loaded Boot cache: C:/Users/Silvan/AppData/Local/UnrealEngine/4.8/DerivedDataCache/Boot.ddc
[2015.07.31-09.20.47:966][  0]LogDerivedDataCache: FDerivedDataBackendGraph:  Pak pak cache file ../../../../../../GitHub/GDV-Projekt/ProjectNarnia/DerivedDataCache/DDC.ddp not found, will not use a pak cache.
[2015.07.31-09.20.47:966][  0]LogDerivedDataCache: Unable to find inner node Pak for hierarchical cache Hierarchy.
[2015.07.31-09.20.47:966][  0]LogDerivedDataCache: FDerivedDataBackendGraph:  CompressedPak pak cache file ../../../../../../GitHub/GDV-Projekt/ProjectNarnia/DerivedDataCache/Compressed.ddp not found, will not use a pak cache.
[2015.07.31-09.20.47:966][  0]LogDerivedDataCache: Unable to find inner node CompressedPak for hierarchical cache Hierarchy.
[2015.07.31-09.20.48:095][  0]LogDerivedDataCache:Display: Pak cache opened for reading ../../../Engine/DerivedDataCache/Compressed.ddp.
[2015.07.31-09.20.48:106][  0]LogDerivedDataCache: Using Local data cache path C:/Users/Silvan/AppData/Local/UnrealEngine/Common/DerivedDataCache: Writable
[2015.07.31-09.20.49:017][  0]LogInit: Selected Device Profile: [Windows]
[2015.07.31-09.20.49:024][  0]ImportText (ComponentSweepMultiTests): Missing closing parenthesis: (RootShapeAsset="/Engine/BasicShapes/Cube.Cube",ShapeType="TriggerCapsule",HitResult=(Time=0.50,Location=(X=-100.000015,Y=0.0,Z=100.000015),ImpactPoint=(X=-50.0,Y=0.0,Z=50.0),Normal=(X=-1.0,Y=-0.0,Z=0.0),ImpactNormal=(X=0.0,Y=0.0,Z=1.0),TraceStart=(X=-200.0,Y=0.0,Z=200.0),TraceEnd=(X=0.0,Y=0.0,Z=0.0))
[2015.07.31-09.20.49:025][  0]ImportText (LineTraceSingleByChannelTests): Missing closing parenthesis: (RootShapeAsset="/Engine/BasicShapes/Cube.Cube",HitResult=(Time=0.50,Location=(X=-100.000015,Y=0.0,Z=100.000015),ImpactPoint=(X=-50.0,Y=0.0,Z=50.0),Normal=(X=-1.0,Y=-0.0,Z=0.0),ImpactNormal=(X=0.0,Y=0.0,Z=1.0),TraceStart=(X=-200.0,Y=0.0,Z=200.0),TraceEnd=(X=0.0,Y=0.0,Z=0.0))
[2015.07.31-09.20.49:048][  0]LogMeshUtilities: No automatic mesh reduction module available
[2015.07.31-09.20.49:048][  0]LogMeshUtilities: No automatic mesh merging module available
[2015.07.31-09.20.49:432][  0]LogInit: WinSock: version 1.1 (2.2), MaxSocks=32767, MaxUdp=65467
[2015.07.31-09.20.50:234][  0]UdpMessaging: Initializing bridge on interface 0.0.0.0:0 to multicast group 230.0.0.1:6666.
[2015.07.31-09.20.50:536][  0]SourceControl: Info Source control is disabled
[2015.07.31-09.20.50:541][  0]SourceControl: Info Source control is disabled
[2015.07.31-09.20.50:550][  0]SourceControl: Info Source control is disabled
[2015.07.31-09.20.50:558][  0]SourceControl: Info Source control is disabled
[2015.07.31-09.20.50:750][  0]LogObj: 26273 objects as part of root set at end of initial load.
[2015.07.31-09.20.50:750][  0]LogUObjectAllocator: 5409248 out of 0 bytes used by permanent object pool.
[2015.07.31-09.20.50:814][  0]LogEngine: Initializing Engine...
[2015.07.31-09.20.50:817][  0]LogHMD: Can't find Oculus library dev build: is proper Runtime installed? Version: 0.6.0.0
[2015.07.31-09.20.50:827][  0]LogHMD:Warning: SteamVR failed to initialize.  Error: 110
[2015.07.31-09.20.50:956][  0]LogAIModule: Creating AISystem for world NewWorld
[2015.07.31-09.20.50:967][  0]LogInit: XAudio2 using '1 - M2762DP (AMD High Definition Audio Device)' : 2 channels at 48 kHz using 16 bits per sample (channel mask 0x3)
[2015.07.31-09.20.50:988][  0]LogInit: FAudioDevice initialized.
[2015.07.31-09.20.51:013][  0]LogDerivedDataCache: Saved boot cache 0.02s 53MB C:/Users/Silvan/AppData/Local/UnrealEngine/4.8/DerivedDataCache/Boot.ddc.
[2015.07.31-09.20.51:018][  0]LogInit: Texture streaming: Disabled
[2015.07.31-09.20.51:038][  0]LogAnalytics: Creating configured Analytics provider AnalyticsET
[2015.07.31-09.20.51:038][  0]LogAnalytics: [UEEditor.Rocket.Release] APIServer = http://et2.epicgames.com/ET2/. AppVersion = 4.8.3-2634408+++depot+UE4-Releases+4.8
[2015.07.31-09.20.51:038][  0]LogAnalytics: [UEEditor.Rocket.Release] SetUserId 63ae0425466c6f65eeb5439200c4cbba|16ffa05e03dc4cfda8fe4198e1102ff4|ffbd022f-d859-4116-a567-25e39becdd18
[2015.07.31-09.20.51:038][  0]LogAnalytics: [UEEditor.Rocket.Release] AnalyticsET::StartSession
[2015.07.31-09.20.51:071][  0]LogInit: Transaction tracking system initialized
[2015.07.31-09.20.51:185][  0]BlueprintLog: New page: Editor Load
[2015.07.31-09.20.51:219][  0]LogAssetRegistry: FAssetRegistry took 0.0121 seconds to start up
[2015.07.31-09.20.51:235][  0]LogDirectoryWatcher:Warning: Failed to begin reading directory changes for ../../../Engine/Plugins/Experimental/CharacterAI/Content/. Error: 0
[2015.07.31-09.20.51:973][  0]LogConsoleManager:Warning: Console variable 'r.VSync' wasn't set ('GameSetting' has a lower priority than 'SystemSettingsIni')
[2015.07.31-09.20.51:973][  0]LogConsoleResponse:Display: 
[2015.07.31-09.20.52:058][  0]LogCook:Display: Done creating registry. It took  0.00s.
[2015.07.31-09.20.52:200][  0]SourceControl: Info Source control is disabled
[2015.07.31-09.20.52:200][  0]Cmd: MAP LOAD FILE="../../../Engine/Content/Maps/Templates/Template_Default.umap" TEMPLATE=1 SHOWPROGRESS=1 FEATURELEVEL=3
[2015.07.31-09.20.52:200][  0]LightingResults: New page: Lighting Build
[2015.07.31-09.20.52:211][  0]MapCheck: New page: Map Check
[2015.07.31-09.20.52:211][  0]LightingResults: New page: Lighting Build
[2015.07.31-09.20.52:219][  0]LogParticles: Destroying 0 GPU particle simulations for FXSystem 0x000000001AE1A3E0
[2015.07.31-09.20.52:518][  0]LogAIModule: Creating AISystem for world Untitled_1
[2015.07.31-09.20.52:527][  0]LogEditorServer: Finished looking for orphan Actors (0.000 secs)
[2015.07.31-09.20.52:553][  0]Cmd: MAP CHECKDEP NOCLEARLOG
[2015.07.31-09.20.52:587][  0]MapCheck: Info Map check complete: 0 Error(s), 0 Warning(s), took 34.371ms to complete.
[2015.07.31-09.20.52:587][  0]LogFileHelpers: Loading map 'Template_Default' took 0.387
[2015.07.31-09.20.52:695][  0]LogCollectionManager: Loaded 0 collections in 0.001491 seconds
[2015.07.31-09.20.52:702][  0]LogContentBrowser: Native class hierarchy populated in 0.0063 seconds. Added 1792 classes and 301 folders.
[2015.07.31-09.20.52:743][  0]LogContentBrowser: Native class hierarchy updated for 'WidgetCarousel' in 0.0002 seconds. Added 0 classes and 0 folders.
[2015.07.31-09.20.52:767][  0]LogContentBrowser: Native class hierarchy updated for 'AddContentDialog' in 0.0002 seconds. Added 0 classes and 0 folders.
[2015.07.31-09.20.52:779][  0]LogContentBrowser: Native class hierarchy updated for 'SceneOutliner' in 0.0002 seconds. Added 1 classes and 2 folders.
[2015.07.31-09.20.52:809][  0]LogCrashTracker: Crashtracker disabled due to settings.
[2015.07.31-09.20.52:810][  0]LogD3D11RHI: InitD3DDevice
[2015.07.31-09.20.52:812][  0]LogUObjectGlobals:Warning: Failed to find object 'Class None.'
[2015.07.31-09.20.52:833][  0]LogLoad: Full Startup: 9.50 seconds (BP compile: 0.18 seconds)
[2015.07.31-09.20.53:227][  0]LogContentStreaming: Texture pool size is 0.000000MB
[2015.07.31-09.20.53:244][  0]LogContentStreaming: Texture pool size now 1000 MB
[2015.07.31-09.20.53:401][  0]LogRenderer: Reallocating scene render targets to support 1240x600 (Frame:2).
[2015.07.31-09.20.53:959][  3]LogD3D11RHI: InitD3DDevice
[2015.07.31-09.20.55:582][  7]LogAssetRegistry: Asset discovery search completed in 4.3748 seconds
[2015.07.31-09.20.57:253][ 12]LogLinker:Warning: Can't resolve asset name
[2015.07.31-09.20.58:369][143]LogD3D11RHI: InitD3DDevice
[2015.07.31-09.20.59:545][283]LogD3D11RHI: InitD3DDevice
[2015.07.31-09.21.01:488][283]LogLinker:Warning: Can't find file '/Game/Elemental/Environment/TilingClouds/Textures/T_TilingNoise06'
[2015.07.31-09.21.01:489][283]LogLinker:Warning: Can't find file for asset '/Game/Elemental/Environment/TilingClouds/Textures/T_TilingNoise06' while loading ../../../../../../GitHub/GDV-Projekt/ProjectNarnia/Content/Elemental/Environment/ThroneRoom_Surfaces/Material/M_ThroneRoom_Stone_Wall.uasset.
[2015.07.31-09.21.01:489][283]LoadErrors:Error: Error /Game/Elemental/Environment/ThroneRoom_Surfaces/Material/M_ThroneRoom_Stone_Wall : Can't find file for asset. /Game/Elemental/Environment/TilingClouds/Textures/T_TilingNoise06
[2015.07.31-09.21.01:489][283]LogLinker:Warning: Can't find file '/Game/Elemental/Environment/TilingClouds/Textures/T_TilingNoise06'
[2015.07.31-09.21.01:489][283]LogLinker:Warning: Can't find file for asset '/Game/Elemental/Environment/TilingClouds/Textures/T_TilingNoise06' while loading ../../../../../../GitHub/GDV-Projekt/ProjectNarnia/Content/Elemental/Environment/ThroneRoom_Surfaces/Material/M_ThroneRoom_Stone_Wall.uasset.
[2015.07.31-09.21.03:325][283]LogLinker:Warning: Can't find file '/Game/Elemental/Environment/TilingClouds/Textures/T_TilingNoise06'
[2015.07.31-09.21.03:325][283]LoadErrors: Info Failed to load /Game/Elemental/Environment/TilingClouds/Textures/T_TilingNoise06.T_TilingNoise06 Referenced by M_ThroneRoom_Stone_Wall
[2015.07.31-09.21.03:326][283]LogLinker:Warning: Can't find file for asset '/Game/Elemental/Environment/TilingClouds/Textures/T_TilingNoise06' while loading NULL.
[2015.07.31-09.21.03:497][283]LogUObjectGlobals:Warning: Guid is in use by ArrowComponent /Temp/Untitled_1.Untitled_1:PersistentLevel.PlayerStart.Arrow and ArrowComponent /Game/Levels/DefaultLevel.DefaultLevel:PersistentLevel.PlayerStart.Arrow, which should never happen in the editor but could happen at runtime with duplicate level loading or PIE
[2015.07.31-09.21.03:511][283]LogUObjectGlobals:Warning: Guid is in use by BillboardComponent /Temp/Untitled_1.Untitled_1:PersistentLevel.PlayerStart.Sprite and BillboardComponent /Game/Levels/DefaultLevel.DefaultLevel:PersistentLevel.PlayerStart.Sprite, which should never happen in the editor but could happen at runtime with duplicate level loading or PIE
[2015.07.31-09.21.03:511][283]LogUObjectGlobals:Warning: Guid is in use by BillboardComponent /Temp/Untitled_1.Untitled_1:PersistentLevel.PlayerStart.Sprite2 and BillboardComponent /Game/Levels/DefaultLevel.DefaultLevel:PersistentLevel.PlayerStart.Sprite2, which should never happen in the editor but could happen at runtime with duplicate level loading or PIE
[2015.07.31-09.21.03:511][283]LogUObjectGlobals:Warning: Guid is in use by BillboardComponent /Temp/Untitled_1.Untitled_1:PersistentLevel.SkyLight_1.Sprite and BillboardComponent /Game/Levels/DefaultLevel.DefaultLevel:PersistentLevel.SkyLight_1.Sprite, which should never happen in the editor but could happen at runtime with duplicate level loading or PIE
[2015.07.31-09.21.03:511][283]LogUObjectGlobals:Warning: Guid is in use by CapsuleComponent /Temp/Untitled_1.Untitled_1:PersistentLevel.PlayerStart.CollisionCapsule and CapsuleComponent /Game/Levels/DefaultLevel.DefaultLevel:PersistentLevel.PlayerStart.CollisionCapsule, which should never happen in the editor but could happen at runtime with duplicate level loading or PIE
[2015.07.31-09.21.03:522][283]LogUObjectGlobals:Warning: Guid is in use by SkyLightComponent /Temp/Untitled_1.Untitled_1:PersistentLevel.SkyLight_1.SkyLightComponent0 and SkyLightComponent /Game/Levels/DefaultLevel.DefaultLevel:PersistentLevel.SkyLight_1.SkyLightComponent0, which should never happen in the editor but could happen at runtime with duplicate level loading or PIE
[2015.07.31-09.21.04:043][283]LogAIModule: Creating AISystem for world DefaultLevel
[2015.07.31-09.21.04:104][283]Cmd: MAP LOAD FILE="../../../../../../GitHub/GDV-Projekt/ProjectNarnia/Content/Levels/DefaultLevel.umap" TEMPLATE=0 SHOWPROGRESS=1 FEATURELEVEL=3
[2015.07.31-09.21.04:104][283]LightingResults: New page: Lighting Build
[2015.07.31-09.21.04:119][283]LoadErrors: New page: Loading map: DefaultLevel.umap
[2015.07.31-09.21.04:119][283]MapCheck: New page: Map Check
[2015.07.31-09.21.04:119][283]LightingResults: New page: Lighting Build
[2015.07.31-09.21.04:128][283]LogParticles: Destroying 0 GPU particle simulations for FXSystem 0x000000000EBD3600
[2015.07.31-09.21.04:371][283]LogAIModule: Creating AISystem for world DefaultLevel
[2015.07.31-09.21.04:378][283]LogEditorServer: Finished looking for orphan Actors (0.000 secs)
[2015.07.31-09.21.04:473][283]Cmd: MAP CHECKDEP NOCLEARLOG
[2015.07.31-09.21.04:527][283]MapCheck: Info Map check complete: 0 Error(s), 0 Warning(s), took 53.921ms to complete.
[2015.07.31-09.21.04:527][283]LogFileHelpers: Loading map 'DefaultLevel' took 0.424
[2015.07.31-09.21.04:610][284]LogSynthBenchmark:Display: FSynthBenchmark (V0.95):  requested WorkScale=1.00
[2015.07.31-09.21.04:610][284]LogSynthBenchmark:Display: ===============
[2015.07.31-09.21.04:610][284]LogSynthBenchmark:Display: Main Processor:
[2015.07.31-09.21.04:647][284]LogSynthBenchmark:Display:          ... 0.017296 s/Run 'RayIntersect'
[2015.07.31-09.21.04:647][284]LogSynthBenchmark:Display:          ... 0.020012 s/Run 'Fractal'
[2015.07.31-09.21.04:647][284]LogSynthBenchmark:Display: 
[2015.07.31-09.21.04:647][284]LogSynthBenchmark:Display:   CompiledTarget_x_Bits: 64
[2015.07.31-09.21.04:647][284]LogSynthBenchmark:Display:   UE_BUILD_SHIPPING: 0
[2015.07.31-09.21.04:647][284]LogSynthBenchmark:Display:   UE_BUILD_TEST: 0
[2015.07.31-09.21.04:647][284]LogSynthBenchmark:Display:   UE_BUILD_DEBUG: 0
[2015.07.31-09.21.04:647][284]LogSynthBenchmark:Display:   TotalPhysicalGBRam: 12
[2015.07.31-09.21.04:647][284]LogSynthBenchmark:Display:   NumberOfCores (physical): 4
[2015.07.31-09.21.04:647][284]LogSynthBenchmark:Display:   NumberOfCores (logical): 8
[2015.07.31-09.21.04:647][284]LogSynthBenchmark:Display:   CPU Perf Index 0: 148.1
[2015.07.31-09.21.04:647][284]LogSynthBenchmark:Display:   CPU Perf Index 1: 142.9
[2015.07.31-09.21.04:647][284]LogSynthBenchmark:Display:  
[2015.07.31-09.21.04:647][284]LogSynthBenchmark:Display: Graphics:
[2015.07.31-09.21.04:647][284]LogSynthBenchmark:Display:   Adapter Name: 'AMD Radeon HD 7800 Series'
[2015.07.31-09.21.04:647][284]LogSynthBenchmark:Display:   (On Optimus the name might be wrong, memory should be ok)
[2015.07.31-09.21.04:647][284]LogSynthBenchmark:Display:   Vendor Id: 0x1002
[2015.07.31-09.21.04:647][284]LogSynthBenchmark:Display:   GPU Memory: 2028/0/3840 MB
[2015.07.31-09.21.04:648][284]LogSynthBenchmark:Display:   CPUIndex: 148.1
[2015.07.31-09.21.04:648][284]LogSynthBenchmark:Display:   GPUIndex: -1.$
[2015.07.31-09.21.04:648][284]LogSynthBenchmark:Display: 
[2015.07.31-09.21.04:648][284]LogSynthBenchmark:Display:          ... Total Time: 0.037542 sec
[2015.07.31-09.21.04:964][284]LogWindows:Warning: FWindowsPlatformSurvey::TickSurveyHardware() WinSAT assessment state is out-of-date. Unable to examine some hardware metrics. Run the Windows Experience Index Assessment.
[2015.07.31-09.21.20:629][914]LogD3D11RHI: InitD3DDevice
[2015.07.31-09.21.20:644][914]LogD3D11RHI: InitD3DDevice
[2015.07.31-09.21.20:665][914]LogLinker:Warning: Asset '../../../Engine/Content/ArtTools/RenderToTexture/Macros/RenderToTextureMacros.uasset' has been saved with empty engine version. The asset will be loaded but may be incompatible.
[2015.07.31-09.21.20:721][914]LogLinker:Warning: Asset '../../../Engine/Content/ArtTools/RenderToTexture/Enums/RenderToTexture_Enum.uasset' has been saved with empty engine version. The asset will be loaded but may be incompatible.
[2015.07.31-09.22.46:729][906]LogD3D11RHI: InitD3DDevice
[2015.07.31-09.23.05:936][ 40]BlueprintLog: New page: Pre-PIE auto-recompile
[2015.07.31-09.23.05:943][ 40]LogPlayLevel: [PIE] Compiling DefaultLevel before PIE...
[2015.07.31-09.23.06:004][ 40]LogParticles: Destroying 0 GPU particle simulations for FXSystem 0x0000000015FA1800
[2015.07.31-09.23.06:022][ 40]LogPlayLevel: PIE:  Blueprint regeneration took 86 ms (1 blueprints)
[2015.07.31-09.23.06:026][ 40]PIE: New page: PIE session: DefaultLevel (Jul 31, 2015, 1:23:06 PM)
[2015.07.31-09.23.06:027][ 40]LogPlayLevel: Creating play world package: /Game/Levels/UEDPIE_0_DefaultLevel
[2015.07.31-09.23.06:032][ 40]LogPlayLevel: PIE: StaticDuplicateObject took: (0.004783s)
[2015.07.31-09.23.06:032][ 40]LogAIModule: Creating AISystem for world DefaultLevel
[2015.07.31-09.23.06:033][ 40]LogPlayLevel: PIE: World Init took: (0.000939s)
[2015.07.31-09.23.06:033][ 40]LogPlayLevel: PIE: Created PIE world by copying editor world from /Game/Levels/DefaultLevel.DefaultLevel to /Game/Levels/UEDPIE_0_DefaultLevel.DefaultLevel (0.005882s)
[2015.07.31-09.23.06:059][ 40]LogInit: XAudio2 using '1 - M2762DP (AMD High Definition Audio Device)' : 2 channels at 48 kHz using 16 bits per sample (channel mask 0x3)
[2015.07.31-09.23.06:063][ 40]LogInit: FAudioDevice initialized.
[2015.07.31-09.23.06:122][ 40]LogWorld: Game class is 'GameMode'
[2015.07.31-09.23.06:130][ 40]LogWorld: Bringing World /Game/Levels/UEDPIE_0_DefaultLevel.DefaultLevel up for play (max tick rate 0) at 2015.07.31-11.23.06
[2015.07.31-09.23.06:130][ 40]LogActor:Warning: GameSession /Game/Levels/UEDPIE_0_DefaultLevel.DefaultLevel:PersistentLevel.GameSession_0 has natively added scene component(s), but none of them were set as the actor's RootComponent - picking one arbitrarily
[2015.07.31-09.23.06:130][ 40]LogActor:Warning: GameNetworkManager /Game/Levels/UEDPIE_0_DefaultLevel.DefaultLevel:PersistentLevel.GameNetworkManager_0 has natively added scene component(s), but none of them were set as the actor's RootComponent - picking one arbitrarily
[2015.07.31-09.23.06:131][ 40]LogWorld: Bringing up level for play took: 0.003714
[2015.07.31-09.23.06:139][ 40]PIE: Info Play in editor start time for /Game/Levels/UEDPIE_0_DefaultLevel 0.311
[2015.07.31-09.23.21:165][825]LogParticles: Destroying 0 GPU particle simulations for FXSystem 0x000000000ED20900
[2015.07.31-09.26.22:094][359]LogD3D11RHI: InitD3DDevice
[2015.07.31-09.26.30:000][304]LogD3D11RHI: InitD3DDevice
[2015.07.31-09.26.57:242][401]LogD3D11RHI: InitD3DDevice
[2015.07.31-09.30.30:310][161]BlueprintLog: New page: Pre-PIE auto-recompile
[2015.07.31-09.30.30:317][161]LogPlayLevel: [PIE] Compiling DefaultLevel before PIE...
[2015.07.31-09.30.30:425][161]LogPlayLevel: PIE:  Blueprint regeneration took 114 ms (1 blueprints)
[2015.07.31-09.30.30:425][161]PIE: New page: PIE session: DefaultLevel (Jul 31, 2015, 1:30:30 PM)
[2015.07.31-09.30.30:425][161]LogPlayLevel: Creating play world package: /Game/Levels/UEDPIE_0_DefaultLevel
[2015.07.31-09.30.30:430][161]LogPlayLevel: PIE: StaticDuplicateObject took: (0.004696s)
[2015.07.31-09.30.30:431][161]LogAIModule: Creating AISystem for world DefaultLevel
[2015.07.31-09.30.30:431][161]LogPlayLevel: PIE: World Init took: (0.001330s)
[2015.07.31-09.30.30:432][161]LogPlayLevel: PIE: Created PIE world by copying editor world from /Game/Levels/DefaultLevel.DefaultLevel to /Game/Levels/UEDPIE_0_DefaultLevel.DefaultLevel (0.006216s)
[2015.07.31-09.30.30:466][161]LogInit: XAudio2 using '1 - M2762DP (AMD High Definition Audio Device)' : 2 channels at 48 kHz using 16 bits per sample (channel mask 0x3)
[2015.07.31-09.30.30:471][161]LogInit: FAudioDevice initialized.
[2015.07.31-09.30.30:503][161]LogWorld: Game class is 'GameMode'
[2015.07.31-09.30.30:508][161]LogWorld: Bringing World /Game/Levels/UEDPIE_0_DefaultLevel.DefaultLevel up for play (max tick rate 0) at 2015.07.31-11.30.30
[2015.07.31-09.30.30:508][161]LogActor:Warning: GameSession /Game/Levels/UEDPIE_0_DefaultLevel.DefaultLevel:PersistentLevel.GameSession_1 has natively added scene component(s), but none of them were set as the actor's RootComponent - picking one arbitrarily
[2015.07.31-09.30.30:508][161]LogActor:Warning: GameNetworkManager /Game/Levels/UEDPIE_0_DefaultLevel.DefaultLevel:PersistentLevel.GameNetworkManager_1 has natively added scene component(s), but none of them were set as the actor's RootComponent - picking one arbitrarily
[2015.07.31-09.30.30:509][161]LogWorld: Bringing up level for play took: 0.004607
[2015.07.31-09.30.30:511][161]PIE: Info Play in editor start time for /Game/Levels/UEDPIE_0_DefaultLevel 0.676
[2015.07.31-09.30.37:119][937]LogParticles: Destroying 0 GPU particle simulations for FXSystem 0x000000002B1122A0
[2015.07.31-09.30.41:731][446]BlueprintLog: New page: Pre-PIE auto-recompile
[2015.07.31-09.30.41:742][446]LogPlayLevel: [PIE] Compiling DefaultLevel before PIE...
[2015.07.31-09.30.41:814][446]LogPlayLevel: PIE:  Blueprint regeneration took 83 ms (1 blueprints)
[2015.07.31-09.30.41:814][446]PIE: New page: PIE session: DefaultLevel (Jul 31, 2015, 1:30:41 PM)
[2015.07.31-09.30.41:815][446]LogPlayLevel: Creating play world package: /Game/Levels/UEDPIE_0_DefaultLevel
[2015.07.31-09.30.41:819][446]LogPlayLevel: PIE: StaticDuplicateObject took: (0.004278s)
[2015.07.31-09.30.41:819][446]LogAIModule: Creating AISystem for world DefaultLevel
[2015.07.31-09.30.41:820][446]LogPlayLevel: PIE: World Init took: (0.001147s)
[2015.07.31-09.30.41:820][446]LogPlayLevel: PIE: Created PIE world by copying editor world from /Game/Levels/DefaultLevel.DefaultLevel to /Game/Levels/UEDPIE_0_DefaultLevel.DefaultLevel (0.005611s)
[2015.07.31-09.30.41:858][446]LogInit: XAudio2 using '1 - M2762DP (AMD High Definition Audio Device)' : 2 channels at 48 kHz using 16 bits per sample (channel mask 0x3)
[2015.07.31-09.30.41:862][446]LogInit: FAudioDevice initialized.
[2015.07.31-09.30.41:895][446]LogWorld: Game class is 'GameMode'
[2015.07.31-09.30.41:899][446]LogWorld: Bringing World /Game/Levels/UEDPIE_0_DefaultLevel.DefaultLevel up for play (max tick rate 0) at 2015.07.31-11.30.41
[2015.07.31-09.30.41:899][446]LogActor:Warning: GameSession /Game/Levels/UEDPIE_0_DefaultLevel.DefaultLevel:PersistentLevel.GameSession_2 has natively added scene component(s), but none of them were set as the actor's RootComponent - picking one arbitrarily
[2015.07.31-09.30.41:900][446]LogActor:Warning: GameNetworkManager /Game/Levels/UEDPIE_0_DefaultLevel.DefaultLevel:PersistentLevel.GameNetworkManager_2 has natively added scene component(s), but none of them were set as the actor's RootComponent - picking one arbitrarily
[2015.07.31-09.30.41:900][446]LogWorld: Bringing up level for play took: 0.003535
[2015.07.31-09.30.41:902][446]PIE: Info Play in editor start time for /Game/Levels/UEDPIE_0_DefaultLevel 0.067
[2015.07.31-09.30.47:829][145]LogParticles: Destroying 0 GPU particle simulations for FXSystem 0x000000002B309D00
[2015.07.31-09.31.19:154][388]LogD3D11RHI: InitD3DDevice
[2015.07.31-09.31.28:155][415]LogD3D11RHI: InitD3DDevice
[2015.07.31-09.31.28:658][415]LogSavePackage: Save=254.951324ms
[2015.07.31-09.31.28:658][415]LogSavePackage: Moving '../../../../../../GitHub/GDV-Projekt/ProjectNarnia/Saved/DefaultLevel_Auto14A654B6249A88B686F932A9CBCB0D11E.tmp' to '../../../../../../GitHub/GDV-Projekt/ProjectNarnia/Saved/Autosaves/Game/Levels/DefaultLevel_Auto1.umap'
[2015.07.31-09.31.28:687][415]LogFileHelpers: Editor autosave (incl. sublevels) for '/Game/Levels/DefaultLevel' took 0.375
[2015.07.31-09.31.28:687][415]LogFileHelpers: Editor autosave (incl. sublevels) for all levels took 0.375
[2015.07.31-09.32.42:142][703]BlueprintLog: New page: Pre-PIE auto-recompile
[2015.07.31-09.32.42:149][703]LogPlayLevel: [PIE] Compiling DefaultLevel before PIE...
[2015.07.31-09.32.42:216][703]LogPlayLevel: PIE:  Blueprint regeneration took 74 ms (1 blueprints)
[2015.07.31-09.32.42:216][703]PIE: New page: PIE session: DefaultLevel (Jul 31, 2015, 1:32:42 PM)
[2015.07.31-09.32.42:217][703]LogPlayLevel: Creating play world package: /Game/Levels/UEDPIE_0_DefaultLevel
[2015.07.31-09.32.42:221][703]LogPlayLevel: PIE: StaticDuplicateObject took: (0.004054s)
[2015.07.31-09.32.42:222][703]LogAIModule: Creating AISystem for world DefaultLevel
[2015.07.31-09.32.42:222][703]LogPlayLevel: PIE: World Init took: (0.001047s)
[2015.07.31-09.32.42:222][703]LogPlayLevel: PIE: Created PIE world by copying editor world from /Game/Levels/DefaultLevel.DefaultLevel to /Game/Levels/UEDPIE_0_DefaultLevel.DefaultLevel (0.005253s)
[2015.07.31-09.32.42:248][703]LogInit: XAudio2 using '1 - M2762DP (AMD High Definition Audio Device)' : 2 channels at 48 kHz using 16 bits per sample (channel mask 0x3)
[2015.07.31-09.32.42:253][703]LogInit: FAudioDevice initialized.
[2015.07.31-09.32.42:283][703]LogWorld: Game class is 'GameMode'
[2015.07.31-09.32.42:288][703]LogWorld: Bringing World /Game/Levels/UEDPIE_0_DefaultLevel.DefaultLevel up for play (max tick rate 0) at 2015.07.31-11.32.42
[2015.07.31-09.32.42:288][703]LogActor:Warning: GameSession /Game/Levels/UEDPIE_0_DefaultLevel.DefaultLevel:PersistentLevel.GameSession_3 has natively added scene component(s), but none of them were set as the actor's RootComponent - picking one arbitrarily
[2015.07.31-09.32.42:288][703]LogActor:Warning: GameNetworkManager /Game/Levels/UEDPIE_0_DefaultLevel.DefaultLevel:PersistentLevel.GameNetworkManager_3 has natively added scene component(s), but none of them were set as the actor's RootComponent - picking one arbitrarily
[2015.07.31-09.32.42:288][703]LogWorld: Bringing up level for play took: 0.003369
[2015.07.31-09.32.42:290][703]PIE: Info Play in editor start time for /Game/Levels/UEDPIE_0_DefaultLevel 0.452
[2015.07.31-09.32.56:165][357]LogParticles: Destroying 0 GPU particle simulations for FXSystem 0x000000002D4A4540
[2015.07.31-09.32.57:402][490]LogD3D11RHI: InitD3DDevice
[2015.07.31-09.32.57:473][490]Cmd: OBJ SAVEPACKAGE PACKAGE="/Game/Levels/DefaultLevel" FILE="../../../../../../GitHub/GDV-Projekt/ProjectNarnia/Content/Levels/DefaultLevel.umap" SILENT=true AUTOSAVING=false KEEPDIRTY=false
[2015.07.31-09.32.57:730][490]LogSavePackage: Save=233.156693ms
[2015.07.31-09.32.57:730][490]LogSavePackage: Moving '../../../../../../GitHub/GDV-Projekt/ProjectNarnia/Saved/DefaultLevelC2B300B94CB5A87AF72A048D22CCC472.tmp' to '../../../../../../GitHub/GDV-Projekt/ProjectNarnia/Content/Levels/DefaultLevel.umap'
[2015.07.31-09.32.57:845][490]LogFileHelpers: Saving map 'DefaultLevel' took 0.433
[2015.07.31-09.32.59:866][699]LogD3D11RHI: InitD3DDevice
[2015.07.31-09.33.03:082][ 25]Cmd: QUIT_EDITOR
[2015.07.31-09.33.03:272][ 25]LogExit: Preparing to exit.
[2015.07.31-09.33.04:421][ 25]LogExit: Editor shut down
[2015.07.31-09.33.04:421][ 25]LogExit: Transaction tracking system shut down
[2015.07.31-09.33.04:422][ 25]LogParticles: Destroying 0 GPU particle simulations for FXSystem 0x000000001EDD68E0
[2015.07.31-09.33.04:422][ 25]LogParticles: Destroying 0 GPU particle simulations for FXSystem 0x000000001F0EC7C0
[2015.07.31-09.33.04:423][ 25]LogParticles: Destroying 0 GPU particle simulations for FXSystem 0x000000000EDE0F40
[2015.07.31-09.33.04:424][ 25]LogParticles: Destroying 0 GPU particle simulations for FXSystem 0x0000000018203100
[2015.07.31-09.33.04:558][ 25]LogExit: Object subsystem successfully closed.
[2015.07.31-09.33.04:571][ 25]LogD3D11RHI: Shutdown
[2015.07.31-09.33.04:571][ 25]LogD3D11RHI: CleanupD3DDevice
[2015.07.31-09.33.04:602][ 25]LogD3D11RHI: ~FD3D11DynamicRHI
[2015.07.31-09.33.04:622][ 25]LogModuleManager: Shutting down and abandoning module SynthBenchmark (189)
[2015.07.31-09.33.04:622][ 25]LogModuleManager: Shutting down and abandoning module CrashTracker (188)
[2015.07.31-09.33.04:622][ 25]LogModuleManager: Shutting down and abandoning module SceneOutliner (187)
[2015.07.31-09.33.04:622][ 25]LogModuleManager: Shutting down and abandoning module SuperSearch (186)
[2015.07.31-09.33.04:622][ 25]LogModuleManager: Shutting down and abandoning module WidgetCarousel (185)
[2015.07.31-09.33.04:622][ 25]LogModuleManager: Shutting down and abandoning module AddContentDialog (184)
[2015.07.31-09.33.04:623][ 25]LogModuleManager: Shutting down and abandoning module EditorWidgets (183)
[2015.07.31-09.33.04:623][ 25]LogModuleManager: Shutting down and abandoning module CollectionManager (182)
[2015.07.31-09.33.04:623][ 25]LogModuleManager: Shutting down and abandoning module StatsViewer (181)
[2015.07.31-09.33.04:623][ 25]LogModuleManager: Shutting down and abandoning module FoliageEdit (180)
[2015.07.31-09.33.04:623][ 25]LogModuleManager: Shutting down and abandoning module LandscapeEditor (179)
[2015.07.31-09.33.04:624][ 25]LogModuleManager: Shutting down and abandoning module ActorPickerMode (178)
[2015.07.31-09.33.04:624][ 25]LogModuleManager: Shutting down and abandoning module GeometryMode (177)
[2015.07.31-09.33.04:624][ 25]LogModuleManager: Shutting down and abandoning module TextureAlignMode (176)
[2015.07.31-09.33.04:624][ 25]LogModuleManager: Shutting down and abandoning module BspMode (175)
[2015.07.31-09.33.04:624][ 25]LogModuleManager: Shutting down and abandoning module PlacementMode (174)
[2015.07.31-09.33.04:624][ 25]LogModuleManager: Shutting down and abandoning module AutomationWorker (173)
[2015.07.31-09.33.04:624][ 25]LogModuleManager: Shutting down and abandoning module CharacterAI (172)
[2015.07.31-09.33.04:624][ 25]LogModuleManager: Shutting down and abandoning module SmartSnapping (171)
[2015.07.31-09.33.04:624][ 25]LogModuleManager: Shutting down and abandoning module ViewportSnapping (170)
[2015.07.31-09.33.04:624][ 25]LogModuleManager: Shutting down and abandoning module LogVisualizer (169)
[2015.07.31-09.33.04:624][ 25]LogModuleManager: Shutting down and abandoning module GameProjectGeneration (168)
[2015.07.31-09.33.04:625][ 25]LogModuleManager: Shutting down and abandoning module IntroTutorials (167)
[2015.07.31-09.33.04:625][ 25]LogModuleManager: Shutting down and abandoning module EditorLiveStreaming (166)
[2015.07.31-09.33.04:625][ 25]LogModuleManager: Shutting down and abandoning module IOSPlatformEditor (165)
[2015.07.31-09.33.04:625][ 25]LogModuleManager: Shutting down and abandoning module HTML5PlatformEditor (164)
[2015.07.31-09.33.04:625][ 25]LogModuleManager: Shutting down and abandoning module AndroidDeviceDetection (163)
[2015.07.31-09.33.04:709][ 25]LogModuleManager: Shutting down and abandoning module AndroidPlatformEditor (162)
[2015.07.31-09.33.04:709][ 25]LogModuleManager: Shutting down and abandoning module IOSRuntimeSettings (161)
[2015.07.31-09.33.04:709][ 25]LogModuleManager: Shutting down and abandoning module AndroidRuntimeSettings (160)
[2015.07.31-09.33.04:709][ 25]LogModuleManager: Shutting down and abandoning module MergeActors (159)
[2015.07.31-09.33.04:709][ 25]LogModuleManager: Shutting down and abandoning module SizeMap (158)
[2015.07.31-09.33.04:709][ 25]LogModuleManager: Shutting down and abandoning module TreeMap (157)
[2015.07.31-09.33.04:709][ 25]LogModuleManager: Shutting down and abandoning module ReferenceViewer (156)
[2015.07.31-09.33.04:709][ 25]LogModuleManager: Shutting down and abandoning module LocalizationDashboard (155)
[2015.07.31-09.33.04:709][ 25]LogModuleManager: Shutting down and abandoning module HardwareTargeting (154)
[2015.07.31-09.33.04:709][ 25]LogModuleManager: Shutting down and abandoning module DeviceProfileEditor (153)
[2015.07.31-09.33.04:709][ 25]LogModuleManager: Shutting down and abandoning module UndoHistory (152)
[2015.07.31-09.33.04:709][ 25]LogModuleManager: Shutting down and abandoning module GameplayTagsEditor (151)
[2015.07.31-09.33.04:709][ 25]LogModuleManager: Shutting down and abandoning module UserFeedback (150)
[2015.07.31-09.33.04:709][ 25]LogModuleManager: Shutting down and abandoning module XmlParser (149)
[2015.07.31-09.33.04:709][ 25]LogModuleManager: Shutting down and abandoning module Blutility (148)
[2015.07.31-09.33.04:709][ 25]LogModuleManager: Shutting down and abandoning module ProjectTargetPlatformEditor (147)
[2015.07.31-09.33.04:710][ 25]LogModuleManager: Shutting down and abandoning module ProjectSettingsViewer (146)
[2015.07.31-09.33.04:710][ 25]LogModuleManager: Shutting down and abandoning module InputBindingEditor (145)
[2015.07.31-09.33.04:710][ 25]LogModuleManager: Shutting down and abandoning module EditorSettingsViewer (144)
[2015.07.31-09.33.04:710][ 25]LogModuleManager: Shutting down and abandoning module SettingsEditor (143)
[2015.07.31-09.33.04:710][ 25]LogModuleManager: Shutting down and abandoning module ProjectLauncher (142)
[2015.07.31-09.33.04:711][ 25]LogModuleManager: Shutting down and abandoning module SessionFrontend (141)
[2015.07.31-09.33.04:711][ 25]LogModuleManager: Shutting down and abandoning module ProfilerClient (140)
[2015.07.31-09.33.04:711][ 25]LogModuleManager: Shutting down and abandoning module TargetDeviceServices (139)
[2015.07.31-09.33.04:711][ 25]LogModuleManager: Shutting down and abandoning module DeviceManager (138)
[2015.07.31-09.33.04:711][ 25]LogModuleManager: Shutting down and abandoning module AutomationController (137)
[2015.07.31-09.33.04:711][ 25]LogModuleManager: Shutting down and abandoning module AutomationWindow (136)
[2015.07.31-09.33.04:711][ 25]LogModuleManager: Shutting down and abandoning module Layers (135)
[2015.07.31-09.33.04:712][ 25]LogModuleManager: Shutting down and abandoning module ComponentVisualizers (134)
[2015.07.31-09.33.04:712][ 25]LogModuleManager: Shutting down and abandoning module DetailCustomizations (133)
[2015.07.31-09.33.04:712][ 25]LogModuleManager: Shutting down and abandoning module PackagesDialog (132)
[2015.07.31-09.33.04:712][ 25]LogModuleManager: Shutting down and abandoning module AssetRegistry (131)
[2015.07.31-09.33.04:830][ 25]LogModuleManager: Shutting down and abandoning module Persona (130)
[2015.07.31-09.33.04:831][ 25]LogModuleManager: Shutting down and abandoning module Kismet (129)
[2015.07.31-09.33.04:832][ 25]LogModuleManager: Shutting down and abandoning module GraphEditor (128)
[2015.07.31-09.33.04:832][ 25]LogModuleManager: Shutting down and abandoning module ClassViewer (127)
[2015.07.31-09.33.04:832][ 25]LogModuleManager: Shutting down and abandoning module Toolbox (126)
[2015.07.31-09.33.04:832][ 25]LogModuleManager: Shutting down and abandoning module ModuleUI (125)
[2015.07.31-09.33.04:832][ 25]LogModuleManager: Shutting down and abandoning module MovieSceneTools (124)
[2015.07.31-09.33.04:832][ 25]LogModuleManager: Shutting down and abandoning module OutputLog (123)
[2015.07.31-09.33.04:832][ 25]LogModuleManager: Shutting down and abandoning module GammaUI (122)
[2015.07.31-09.33.04:832][ 25]LogModuleManager: Shutting down and abandoning module Documentation (121)
[2015.07.31-09.33.04:832][ 25]LogModuleManager: Shutting down and abandoning module GameLiveStreaming (120)
[2015.07.31-09.33.04:832][ 25]LogModuleManager: Shutting down and abandoning module StreamingPauseRendering (119)
[2015.07.31-09.33.04:832][ 25]LogModuleManager: Shutting down and abandoning module AnalyticsET (118)
[2015.07.31-09.33.04:832][ 25]LogModuleManager: Shutting down and abandoning module Analytics (117)
[2015.07.31-09.33.04:832][ 25]LogModuleManager: Shutting down and abandoning module AITestSuite (116)
[2015.07.31-09.33.04:832][ 25]LogModuleManager: Shutting down and abandoning module GameplayDebugger (115)
[2015.07.31-09.33.04:832][ 25]LogModuleManager: Shutting down and abandoning module AIModule (114)
[2015.07.31-09.33.04:832][ 25]LogModuleManager: Shutting down and abandoning module ProfilerService (113)
[2015.07.31-09.33.05:064][ 25]LogModuleManager: Shutting down and abandoning module TaskGraph (112)
[2015.07.31-09.33.05:064][ 25]LogModuleManager: Shutting down and abandoning module SlateRemote (111)
[2015.07.31-09.33.05:064][ 25]LogModuleManager: Shutting down and abandoning module SteamVRController (110)
[2015.07.31-09.33.05:064][ 25]LogModuleManager: Shutting down and abandoning module SteamVR (109)
[2015.07.31-09.33.05:064][ 25]LogModuleManager: Shutting down and abandoning module ProceduralMeshComponent (108)
[2015.07.31-09.33.05:064][ 25]LogModuleManager: Shutting down and abandoning module OculusRift (107)
[2015.07.31-09.33.05:064][ 25]LogModuleManager: Shutting down and abandoning module LeapMotionController (106)
[2015.07.31-09.33.05:081][ 25]LogModuleManager: Shutting down and abandoning module CustomMeshComponent (105)
[2015.07.31-09.33.05:081][ 25]LogModuleManager: Shutting down and abandoning module CableComponent (104)
[2015.07.31-09.33.05:081][ 25]LogModuleManager: Shutting down and abandoning module MessagingDebugger (103)
[2015.07.31-09.33.05:082][ 25]LogModuleManager: Shutting down and abandoning module MediaPlayerEditor (102)
[2015.07.31-09.33.05:082][ 25]LogModuleManager: Shutting down and abandoning module SpeedTreeImporter (101)
[2015.07.31-09.33.05:082][ 25]LogModuleManager: Shutting down and abandoning module PluginBrowser (100)
[2015.07.31-09.33.05:082][ 25]LogModuleManager: Shutting down and abandoning module EpicSurvey (99)
[2015.07.31-09.33.05:082][ 25]LogModuleManager: Shutting down and abandoning module DesktopPlatform (98)
[2015.07.31-09.33.05:082][ 25]LogModuleManager: Shutting down and abandoning module VisualStudioSourceCodeAccess (97)
[2015.07.31-09.33.05:082][ 25]LogModuleManager: Shutting down and abandoning module UObjectPlugin (96)
[2015.07.31-09.33.05:082][ 25]LogModuleManager: Shutting down and abandoning module SubversionSourceControl (95)
[2015.07.31-09.33.05:082][ 25]LogModuleManager: Shutting down and abandoning module PerforceSourceControl (94)
[2015.07.31-09.33.05:082][ 25]LogModuleManager: Shutting down and abandoning module SourceControl (93)
[2015.07.31-09.33.05:082][ 25]LogModuleManager: Shutting down and abandoning module GitSourceControl (92)
[2015.07.31-09.33.05:082][ 25]LogModuleManager: Shutting down and abandoning module BlankPlugin (91)
[2015.07.31-09.33.05:082][ 25]LogModuleManager: Shutting down and abandoning module PaperTiledImporter (90)
[2015.07.31-09.33.05:082][ 25]LogModuleManager: Shutting down and abandoning module PaperSpriteSheetImporter (89)
[2015.07.31-09.33.05:082][ 25]LogModuleManager: Shutting down and abandoning module MeshPaint (88)
[2015.07.31-09.33.05:082][ 25]LogModuleManager: Shutting down and abandoning module SlateReflector (87)
[2015.07.31-09.33.05:083][ 25]LogModuleManager: Shutting down and abandoning module DirectoryWatcher (86)
[2015.07.31-09.33.05:083][ 25]LogModuleManager: Shutting down and abandoning module HotReload (85)
[2015.07.31-09.33.05:083][ 25]LogModuleManager: Shutting down and abandoning module MainFrame (84)
[2015.07.31-09.33.05:083][ 25]LogModuleManager: Shutting down and abandoning module LevelEditor (83)
[2015.07.31-09.33.05:086][ 25]LogModuleManager: Shutting down and abandoning module ContentBrowser (82)
[2015.07.31-09.33.05:088][ 25]LogModuleManager: Shutting down and abandoning module Paper2DEditor (81)
[2015.07.31-09.33.05:088][ 25]LogModuleManager: Shutting down and abandoning module UdpMessaging (80)
[2015.07.31-09.33.05:188][ 25]LogModuleManager: Shutting down and abandoning module Paper2D (79)
[2015.07.31-09.33.05:188][ 25]LogModuleManager: Shutting down and abandoning module WindowsMoviePlayer (78)
[2015.07.31-09.33.05:198][ 25]LogModuleManager: Shutting down and abandoning module Media (77)
[2015.07.31-09.33.05:198][ 25]LogModuleManager: Shutting down and abandoning module WmfMedia (76)
[2015.07.31-09.33.05:199][ 25]LogModuleManager: Shutting down and abandoning module OnlineBlueprintSupport (75)
[2015.07.31-09.33.05:199][ 25]LogModuleManager: Shutting down and abandoning module PropertyEditor (74)
[2015.07.31-09.33.05:199][ 25]LogModuleManager: Shutting down and abandoning module BehaviorTreeEditor (73)
[2015.07.31-09.33.05:199][ 25]LogModuleManager: Shutting down and abandoning module FunctionalTesting (72)
[2015.07.31-09.33.05:199][ 25]LogModuleManager: Shutting down and abandoning module CollisionAnalyzer (71)
[2015.07.31-09.33.05:200][ 25]LogModuleManager: Shutting down and abandoning module WorkspaceMenuStructure (70)
[2015.07.31-09.33.05:200][ 25]LogModuleManager: Shutting down and abandoning module MessageLog (69)
[2015.07.31-09.33.05:200][ 25]LogModuleManager: Shutting down and abandoning module Sequencer (68)
[2015.07.31-09.33.05:200][ 25]LogModuleManager: Shutting down and abandoning module AssetTools (67)
[2015.07.31-09.33.05:201][ 25]LogModuleManager: Shutting down and abandoning module UMGEditor (66)
[2015.07.31-09.33.05:201][ 25]LogModuleManager: Shutting down and abandoning module UMG (65)
[2015.07.31-09.33.05:201][ 25]LogModuleManager: Shutting down and abandoning module Slate (64)
[2015.07.31-09.33.05:201][ 25]LogModuleManager: Shutting down and abandoning module EditorStyle (63)
[2015.07.31-09.33.05:209][ 25]LogModuleManager: Shutting down and abandoning module SessionServices (62)
[2015.07.31-09.33.05:209][ 25]LogModuleManager: Shutting down and abandoning module SourceCodeAccess (61)
[2015.07.31-09.33.05:209][ 25]LogModuleManager: Shutting down and abandoning module HeadMountedDisplay (60)
[2015.07.31-09.33.05:209][ 25]LogModuleManager: Shutting down and abandoning module XAudio2 (59)
[2015.07.31-09.33.05:209][ 25]LogModuleManager: Shutting down and abandoning module Networking (57)
[2015.07.31-09.33.05:209][ 25]LogModuleManager: Shutting down and abandoning module Core (56)
[2015.07.31-09.33.05:209][ 25]LogModuleManager: Shutting down and abandoning module KismetCompiler (55)
[2015.07.31-09.33.05:209][ 25]LogModuleManager: Shutting down and abandoning module PhysXFormats (54)
[2015.07.31-09.33.05:209][ 25]LogModuleManager: Shutting down and abandoning module MeshUtilities (53)
[2015.07.31-09.33.05:209][ 25]LogModuleManager: Shutting down and abandoning module DerivedDataCache (52)
[2015.07.31-09.33.05:306][ 25]LogDerivedDataCache: Shutdown
[2015.07.31-09.33.05:306][ 25]LogModuleManager: Shutting down and abandoning module ShaderFormatOpenGL (51)
[2015.07.31-09.33.05:306][ 25]LogModuleManager: Shutting down and abandoning module ShaderFormatD3D (50)
[2015.07.31-09.33.05:306][ 25]LogModuleManager: Shutting down and abandoning module MetalShaderFormat (49)
[2015.07.31-09.33.05:307][ 25]LogModuleManager: Shutting down and abandoning module TextureFormatUncompressed (48)
[2015.07.31-09.33.05:307][ 25]LogModuleManager: Shutting down and abandoning module TextureFormatPVR (47)
[2015.07.31-09.33.05:307][ 25]LogModuleManager: Shutting down and abandoning module TextureFormatIntelISPCTexComp (46)
[2015.07.31-09.33.05:307][ 25]LogModuleManager: Shutting down and abandoning module TextureFormatDXT (45)
[2015.07.31-09.33.05:307][ 25]LogModuleManager: Shutting down and abandoning module ImageWrapper (44)
[2015.07.31-09.33.05:307][ 25]LogModuleManager: Shutting down and abandoning module TextureFormatASTC (43)
[2015.07.31-09.33.05:307][ 25]LogModuleManager: Shutting down and abandoning module TextureFormatAndroid (42)
[2015.07.31-09.33.05:307][ 25]LogModuleManager: Shutting down and abandoning module AudioFormatOpus (41)
[2015.07.31-09.33.05:307][ 25]LogModuleManager: Shutting down and abandoning module AudioFormatOgg (40)
[2015.07.31-09.33.05:307][ 25]LogModuleManager: Shutting down and abandoning module AudioFormatADPCM (39)
[2015.07.31-09.33.05:307][ 25]LogModuleManager: Shutting down and abandoning module LinuxTargetPlatform (38)
[2015.07.31-09.33.05:307][ 25]LogModuleManager: Shutting down and abandoning module LinuxServerTargetPlatform (37)
[2015.07.31-09.33.05:307][ 25]LogModuleManager: Shutting down and abandoning module LinuxNoEditorTargetPlatform (36)
[2015.07.31-09.33.05:307][ 25]LogModuleManager: Shutting down and abandoning module Messaging (35)
[2015.07.31-09.33.05:307][ 25]LogModuleManager: Shutting down and abandoning module IOSTargetPlatform (34)
[2015.07.31-09.33.05:307][ 25]LogModuleManager: Shutting down and abandoning module HTML5TargetPlatform (33)
[2015.07.31-09.33.05:307][ 25]LogModuleManager: Shutting down and abandoning module Android_PVRTCTargetPlatform (32)
[2015.07.31-09.33.05:307][ 25]LogModuleManager: Shutting down and abandoning module Android_ETC2TargetPlatform (31)
[2015.07.31-09.33.05:307][ 25]LogModuleManager: Shutting down and abandoning module Android_ETC1TargetPlatform (30)
[2015.07.31-09.33.05:307][ 25]LogModuleManager: Shutting down and abandoning module Android_DXTTargetPlatform (29)
[2015.07.31-09.33.05:307][ 25]LogModuleManager: Shutting down and abandoning module Android_ATCTargetPlatform (28)
[2015.07.31-09.33.05:307][ 25]LogModuleManager: Shutting down and abandoning module Android_ASTCTargetPlatform (27)
[2015.07.31-09.33.05:307][ 25]LogModuleManager: Shutting down and abandoning module AndroidTargetPlatform (26)
[2015.07.31-09.33.05:307][ 25]LogModuleManager: Shutting down and abandoning module WindowsTargetPlatform (25)
[2015.07.31-09.33.05:307][ 25]LogModuleManager: Shutting down and abandoning module WindowsServerTargetPlatform (24)
[2015.07.31-09.33.05:307][ 25]LogModuleManager: Shutting down and abandoning module WindowsNoEditorTargetPlatform (23)
[2015.07.31-09.33.05:308][ 25]LogModuleManager: Shutting down and abandoning module WindowsClientTargetPlatform (22)
[2015.07.31-09.33.05:308][ 25]LogModuleManager: Shutting down and abandoning module DesktopTargetPlatform (21)
[2015.07.31-09.33.05:308][ 25]LogModuleManager: Shutting down and abandoning module TargetPlatform (20)
[2015.07.31-09.33.05:308][ 25]LogModuleManager: Shutting down and abandoning module InputCore (19)
[2015.07.31-09.33.05:308][ 25]LogModuleManager: Shutting down and abandoning module Settings (18)
[2015.07.31-09.33.05:308][ 25]LogModuleManager: Shutting down and abandoning module OnlineSubsystem (16)
[2015.07.31-09.33.05:308][ 25]LogModuleManager: Shutting down and abandoning module HTTP (15)
[2015.07.31-09.33.05:308][ 25]LogModuleManager: Shutting down and abandoning module ExampleDeviceProfileSelector (14)
[2015.07.31-09.33.05:308][ 25]LogModuleManager: Shutting down and abandoning module TextureCompressor (13)
[2015.07.31-09.33.05:308][ 25]LogModuleManager: Shutting down and abandoning module ShaderCore (12)
[2015.07.31-09.33.05:308][ 25]LogModuleManager: Shutting down and abandoning module Landscape (11)
[2015.07.31-09.33.05:308][ 25]LogModuleManager: Shutting down and abandoning module SlateRHIRenderer (10)
[2015.07.31-09.33.05:313][ 25]LogModuleManager: Shutting down and abandoning module OpenGLDrv (9)
[2015.07.31-09.33.05:313][ 25]LogModuleManager: Shutting down and abandoning module D3D11RHI (8)
[2015.07.31-09.33.05:313][ 25]LogModuleManager: Shutting down and abandoning module Renderer (7)
[2015.07.31-09.33.05:314][ 25]LogModuleManager: Shutting down and abandoning module Engine (6)
[2015.07.31-09.33.05:314][ 25]LogModuleManager: Shutting down and abandoning module CoreUObject (5)
[2015.07.31-09.33.05:314][ 25]LogModuleManager: Shutting down and abandoning module NetworkFile (4)
[2015.07.31-09.33.05:314][ 25]LogModuleManager: Shutting down and abandoning module StreamingFile (3)
[2015.07.31-09.33.05:314][ 25]LogModuleManager: Shutting down and abandoning module SandboxFile (2)
[2015.07.31-09.33.05:314][ 25]LogModuleManager: Shutting down and abandoning module PakFile (1)
[2015.07.31-09.33.05:315][ 25]LogExit: Exiting.
[2015.07.31-09.33.05:349][ 25]Log file closed, 07/31/15 11:33:05
