[2015.08.02-13.28.24:741][  0]Log file open, 08/02/15 15:28:24
[2015.08.02-13.28.24:741][  0]LogInit:Display: Running engine for game: ProjectNarnia
[2015.08.02-13.28.24:741][  0]LogInit:Display: RandInit(1513997853) SRandInit(1513997853).
[2015.08.02-13.28.24:741][  0]LogTaskGraph: Started task graph with 4 named threads and 7 total threads.
[2015.08.02-13.28.24:741][  0]LogStats: Stats thread started
[2015.08.02-13.28.24:741][  0]LogInit: Version: 4.8.3-2634408+++depot+UE4-Releases+4.8
[2015.08.02-13.28.24:741][  0]LogInit: API Version: 2579680
[2015.08.02-13.28.24:741][  0]LogInit: Compiled (64-bit): Jul 27 2015 16:24:33
[2015.08.02-13.28.24:741][  0]LogInit: Compiled with Visual C++: 18.00.21005.01
[2015.08.02-13.28.24:741][  0]LogInit: Build Configuration: Development
[2015.08.02-13.28.24:741][  0]LogInit: Branch Name: ++depot+UE4-Releases+4.8
[2015.08.02-13.28.24:741][  0]LogInit: Command line:  
[2015.08.02-13.28.24:741][  0]LogInit: Base directory: D:/Programme/Epic Games/4.8/Engine/Binaries/Win64/
[2015.08.02-13.28.24:741][  0]LogInit: Rocket: 1
[2015.08.02-13.28.24:761][  0]LogInit: Using libcurl 7.41.0
[2015.08.02-13.28.24:761][  0]LogInit:  - built for x86_64-pc-win32
[2015.08.02-13.28.24:761][  0]LogInit:  - supports SSL with WinSSL
[2015.08.02-13.28.24:761][  0]LogInit:  - other features:
[2015.08.02-13.28.24:761][  0]LogInit:      CURL_VERSION_SSL
[2015.08.02-13.28.24:761][  0]LogInit:      CURL_VERSION_IPV6
[2015.08.02-13.28.24:761][  0]LogInit:      CURL_VERSION_ASYNCHDNS
[2015.08.02-13.28.24:761][  0]LogInit:      CURL_VERSION_LARGEFILE
[2015.08.02-13.28.24:761][  0]LogInit:      CURL_VERSION_IDN
[2015.08.02-13.28.24:761][  0]LogInit:  CurlRequestOptions (configurable via config and command line):
[2015.08.02-13.28.24:761][  0]LogInit:  - bVerifyPeer = true  - Libcurl will verify peer certificate
[2015.08.02-13.28.24:761][  0]LogInit:  - bUseHttpProxy = false  - Libcurl will NOT use HTTP proxy
[2015.08.02-13.28.24:761][  0]LogInit:  - bDontReuseConnections = false  - Libcurl will reuse connections
[2015.08.02-13.28.24:761][  0]LogInit:  - CertBundlePath = nullptr  - Libcurl will use whatever was configured at build time.
[2015.08.02-13.28.24:775][  0]LogOnline:Warning: No default platform service specified for OnlineSubsystem
[2015.08.02-13.28.24:792][  0]LogInit: Presizing for 0 objects not considered by GC, pre-allocating 0 bytes.
[2015.08.02-13.28.24:797][  0]LogInit: Object subsystem initialized
[2015.08.02-13.28.24:798][  0]LogConsoleResponse:Warning: Skipping Unknown console variable: 'TranslucentSortAxis = (X=0.000000,Y=-1.000000,Z=0.000000)'
[2015.08.02-13.28.24:798][  0]LogConsoleResponse:Warning:   Found in ini file 'D:/GitHub/GDV-Projekt/ProjectNarnia/Saved/Config/Windows/Engine.ini', in section '[/Script/Engine.RendererSettings]'
[2015.08.02-13.28.24:798][  0]LogConsoleResponse:Warning: Skipping Unknown console variable: 'UIScaleRule = ShortestSide'
[2015.08.02-13.28.24:798][  0]LogConsoleResponse:Warning:   Found in ini file 'D:/GitHub/GDV-Projekt/ProjectNarnia/Saved/Config/Windows/Engine.ini', in section '[/Script/Engine.RendererSettings]'
[2015.08.02-13.28.24:798][  0]LogConsoleResponse:Warning: Skipping Unknown console variable: 'UIScaleCurve = (EditorCurveData=(Keys=),ExternalCurve=None)'
[2015.08.02-13.28.24:798][  0]LogConsoleResponse:Warning:   Found in ini file 'D:/GitHub/GDV-Projekt/ProjectNarnia/Saved/Config/Windows/Engine.ini', in section '[/Script/Engine.RendererSettings]'
[2015.08.02-13.28.24:799][  0]LogInit: Selected Device Profile: [Windows]
[2015.08.02-13.28.24:799][  0]LogInit: Applying CVar settings loaded from the selected device profile: [Windows]
[2015.08.02-13.28.24:815][  0]LogInit: Computer: SILVAN-PC
[2015.08.02-13.28.24:815][  0]LogInit: User: Silvan
[2015.08.02-13.28.24:815][  0]LogInit: CPU Page size=4096, Cores=4
[2015.08.02-13.28.24:815][  0]LogInit: High frequency timer resolution =3.312675 MHz
[2015.08.02-13.28.24:816][  0]LogMemory: Memory total: Physical=11.9GB (12GB approx)
[2015.08.02-13.28.24:816][  0]LogMemory: Platform Memory Stats for Windows
[2015.08.02-13.28.24:816][  0]LogMemory: Process Physical Memory: 52.26 MB used, 52.26 MB peak
[2015.08.02-13.28.24:816][  0]LogMemory: Process Virtual Memory: 25.31 MB used, 25.31 MB peak
[2015.08.02-13.28.24:816][  0]LogMemory: Physical Memory: 3595.07 MB used, 12166.62 MB total
[2015.08.02-13.28.24:816][  0]LogMemory: Virtual Memory: 284.97 MB used, 8388608.00 MB total
[2015.08.02-13.28.24:846][  0]LogTextLocalizationManager: The requested culture ('de_DE') has no localization data; falling back to 'en' for localization and internationalization data.
[2015.08.02-13.28.25:027][  0]LogTextLocalizationManager:Warning: Loaded localization resources contain conflicting entries for (Namespace:ContentBrowser, Key:ImportAssetToolTip):
Localization Resource: (D:/Programme/Epic Games/4.8/Engine/Content/Localization/Editor/en/Editor.locres) Source String Hash: (-630476809) Localized String: (Import to {0}...)
Localization Resource: (D:/Programme/Epic Games/4.8/Engine/Content/Localization/Editor/en/Editor.locres) Source String Hash: (1271782899) Localized String: (Imports an asset from file to this folder.)
[2015.08.02-13.28.25:385][  0]LogD3D11RHI: Found D3D11 adapter 0: AMD Radeon HD 7800 Series (Feature Level 11_0)
[2015.08.02-13.28.25:385][  0]LogD3D11RHI: Adapter has 2027MB of dedicated video memory, 0MB of dedicated system memory, and 3840MB of shared system memory, 1 output[s]
[2015.08.02-13.28.25:391][  0]LogD3D11RHI: Found D3D11 adapter 1: Intel(R) HD Graphics 4600 (Feature Level 11_0)
[2015.08.02-13.28.25:391][  0]LogD3D11RHI: Adapter has 64MB of dedicated video memory, 0MB of dedicated system memory, and 1632MB of shared system memory, 0 output[s]
[2015.08.02-13.28.25:391][  0]LogD3D11RHI: Chosen D3D11 Adapter Id = 0
[2015.08.02-13.28.25:395][  0]LogD3D11RHI: InitD3DDevice
[2015.08.02-13.28.25:395][  0]LogD3D11RHI: !Direct3DDevice
[2015.08.02-13.28.25:395][  0]LogRHI: Texture pool is 1361 MB (70% of 1945 MB)
[2015.08.02-13.28.25:400][  0]LogD3D11RHI: Async texture creation disabled: no driver support
[2015.08.02-13.28.25:409][  0]LogShaderCompilers:Display: Using Local Shader Compiler.
[2015.08.02-13.28.26:076][  0]LogTemp:Display: Loaded TP DesktopTargetPlatform
[2015.08.02-13.28.26:087][  0]LogTemp:Display: Loaded TP WindowsClientTargetPlatform
[2015.08.02-13.28.26:099][  0]LogTemp:Display: Loaded TP WindowsNoEditorTargetPlatform
[2015.08.02-13.28.26:110][  0]LogTemp:Display: Loaded TP WindowsServerTargetPlatform
[2015.08.02-13.28.26:122][  0]LogTemp:Display: Loaded TP WindowsTargetPlatform
[2015.08.02-13.28.26:132][  0]LogTemp:Display: Loaded TP AndroidTargetPlatform
[2015.08.02-13.28.26:142][  0]LogTemp:Display: Loaded TP Android_ASTCTargetPlatform
[2015.08.02-13.28.26:152][  0]LogTemp:Display: Loaded TP Android_ATCTargetPlatform
[2015.08.02-13.28.26:162][  0]LogTemp:Display: Loaded TP Android_DXTTargetPlatform
[2015.08.02-13.28.26:172][  0]LogTemp:Display: Loaded TP Android_ETC1TargetPlatform
[2015.08.02-13.28.26:182][  0]LogTemp:Display: Loaded TP Android_ETC2TargetPlatform
[2015.08.02-13.28.26:192][  0]LogTemp:Display: Loaded TP Android_PVRTCTargetPlatform
[2015.08.02-13.28.26:231][  0]LogTemp:Display: Loaded TP IOSTargetPlatform
[2015.08.02-13.28.26:240][  0]LogTemp:Display: Loaded TP LinuxNoEditorTargetPlatform
[2015.08.02-13.28.26:250][  0]LogTemp:Display: Loaded TP LinuxServerTargetPlatform
[2015.08.02-13.28.26:261][  0]LogTemp:Display: Loaded TP LinuxTargetPlatform
[2015.08.02-13.28.26:261][  0]LogTargetPlatformManager:Display: Building Assets For Windows
[2015.08.02-13.28.26:423][  0]LogDerivedDataCache:Display: Max Cache Size: 512 MB
[2015.08.02-13.28.26:465][  0]LogDerivedDataCache: Loaded boot cache 0.04s 53MB C:/Users/Silvan/AppData/Local/UnrealEngine/4.8/DerivedDataCache/Boot.ddc.
[2015.08.02-13.28.26:465][  0]LogDerivedDataCache:Display: Loaded Boot cache: C:/Users/Silvan/AppData/Local/UnrealEngine/4.8/DerivedDataCache/Boot.ddc
[2015.08.02-13.28.26:465][  0]LogDerivedDataCache: FDerivedDataBackendGraph:  Pak pak cache file ../../../../../../GitHub/GDV-Projekt/ProjectNarnia/DerivedDataCache/DDC.ddp not found, will not use a pak cache.
[2015.08.02-13.28.26:465][  0]LogDerivedDataCache: Unable to find inner node Pak for hierarchical cache Hierarchy.
[2015.08.02-13.28.26:465][  0]LogDerivedDataCache: FDerivedDataBackendGraph:  CompressedPak pak cache file ../../../../../../GitHub/GDV-Projekt/ProjectNarnia/DerivedDataCache/Compressed.ddp not found, will not use a pak cache.
[2015.08.02-13.28.26:465][  0]LogDerivedDataCache: Unable to find inner node CompressedPak for hierarchical cache Hierarchy.
[2015.08.02-13.28.26:587][  0]LogDerivedDataCache:Display: Pak cache opened for reading ../../../Engine/DerivedDataCache/Compressed.ddp.
[2015.08.02-13.28.26:598][  0]LogDerivedDataCache: Using Local data cache path C:/Users/Silvan/AppData/Local/UnrealEngine/Common/DerivedDataCache: Writable
[2015.08.02-13.28.26:745][  0]LogInit: Selected Device Profile: [Windows]
[2015.08.02-13.28.26:752][  0]ImportText (ComponentSweepMultiTests): Missing closing parenthesis: (RootShapeAsset="/Engine/BasicShapes/Cube.Cube",ShapeType="TriggerCapsule",HitResult=(Time=0.50,Location=(X=-100.000015,Y=0.0,Z=100.000015),ImpactPoint=(X=-50.0,Y=0.0,Z=50.0),Normal=(X=-1.0,Y=-0.0,Z=0.0),ImpactNormal=(X=0.0,Y=0.0,Z=1.0),TraceStart=(X=-200.0,Y=0.0,Z=200.0),TraceEnd=(X=0.0,Y=0.0,Z=0.0))
[2015.08.02-13.28.26:752][  0]ImportText (LineTraceSingleByChannelTests): Missing closing parenthesis: (RootShapeAsset="/Engine/BasicShapes/Cube.Cube",HitResult=(Time=0.50,Location=(X=-100.000015,Y=0.0,Z=100.000015),ImpactPoint=(X=-50.0,Y=0.0,Z=50.0),Normal=(X=-1.0,Y=-0.0,Z=0.0),ImpactNormal=(X=0.0,Y=0.0,Z=1.0),TraceStart=(X=-200.0,Y=0.0,Z=200.0),TraceEnd=(X=0.0,Y=0.0,Z=0.0))
[2015.08.02-13.28.26:774][  0]LogMeshUtilities: No automatic mesh reduction module available
[2015.08.02-13.28.26:774][  0]LogMeshUtilities: No automatic mesh merging module available
[2015.08.02-13.28.27:101][  0]LogInit: WinSock: version 1.1 (2.2), MaxSocks=32767, MaxUdp=65467
[2015.08.02-13.28.27:840][  0]UdpMessaging: Initializing bridge on interface 0.0.0.0:0 to multicast group 230.0.0.1:6666.
[2015.08.02-13.28.28:132][  0]SourceControl: Info Source control is disabled
[2015.08.02-13.28.28:138][  0]SourceControl: Info Source control is disabled
[2015.08.02-13.28.28:146][  0]SourceControl: Info Source control is disabled
[2015.08.02-13.28.28:154][  0]SourceControl: Info Source control is disabled
[2015.08.02-13.28.28:324][  0]LogObj: 26273 objects as part of root set at end of initial load.
[2015.08.02-13.28.28:324][  0]LogUObjectAllocator: 5409248 out of 0 bytes used by permanent object pool.
[2015.08.02-13.28.28:382][  0]LogEngine: Initializing Engine...
[2015.08.02-13.28.28:384][  0]LogHMD: Can't find Oculus library dev build: is proper Runtime installed? Version: 0.6.0.0
[2015.08.02-13.28.28:385][  0]LogHMD:Warning: SteamVR failed to initialize.  Error: 110
[2015.08.02-13.28.28:500][  0]LogAIModule: Creating AISystem for world NewWorld
[2015.08.02-13.28.28:507][  0]LogInit: XAudio2 using '1 - M2762DP (AMD High Definition Audio Device)' : 2 channels at 48 kHz using 16 bits per sample (channel mask 0x3)
[2015.08.02-13.28.28:526][  0]LogInit: FAudioDevice initialized.
[2015.08.02-13.28.28:552][  0]LogDerivedDataCache: Saved boot cache 0.03s 53MB C:/Users/Silvan/AppData/Local/UnrealEngine/4.8/DerivedDataCache/Boot.ddc.
[2015.08.02-13.28.28:557][  0]LogInit: Texture streaming: Disabled
[2015.08.02-13.28.28:577][  0]LogAnalytics: Creating configured Analytics provider AnalyticsET
[2015.08.02-13.28.28:577][  0]LogAnalytics: [UEEditor.Rocket.Release] APIServer = http://et2.epicgames.com/ET2/. AppVersion = 4.8.3-2634408+++depot+UE4-Releases+4.8
[2015.08.02-13.28.28:577][  0]LogAnalytics: [UEEditor.Rocket.Release] SetUserId 63ae0425466c6f65eeb5439200c4cbba|16ffa05e03dc4cfda8fe4198e1102ff4|ffbd022f-d859-4116-a567-25e39becdd18
[2015.08.02-13.28.28:577][  0]LogAnalytics: [UEEditor.Rocket.Release] AnalyticsET::StartSession
[2015.08.02-13.28.28:598][  0]LogInit: Transaction tracking system initialized
[2015.08.02-13.28.28:699][  0]BlueprintLog: New page: Editor Load
[2015.08.02-13.28.28:728][  0]LogAssetRegistry: FAssetRegistry took 0.0096 seconds to start up
[2015.08.02-13.28.28:728][  0]LogDirectoryWatcher:Warning: Failed to begin reading directory changes for ../../../Engine/Plugins/Experimental/CharacterAI/Content/. Error: 0
[2015.08.02-13.28.29:397][  0]LogConsoleManager:Warning: Console variable 'r.VSync' wasn't set ('GameSetting' has a lower priority than 'SystemSettingsIni')
[2015.08.02-13.28.29:397][  0]LogConsoleResponse:Display: 
[2015.08.02-13.28.29:525][  0]LogCook:Display: Done creating registry. It took  0.00s.
[2015.08.02-13.28.29:655][  0]SourceControl: Info Source control is disabled
[2015.08.02-13.28.29:655][  0]Cmd: MAP LOAD FILE="../../../Engine/Content/Maps/Templates/Template_Default.umap" TEMPLATE=1 SHOWPROGRESS=1 FEATURELEVEL=3
[2015.08.02-13.28.29:655][  0]LightingResults: New page: Lighting Build
[2015.08.02-13.28.29:664][  0]MapCheck: New page: Map Check
[2015.08.02-13.28.29:664][  0]LightingResults: New page: Lighting Build
[2015.08.02-13.28.29:671][  0]LogParticles: Destroying 0 GPU particle simulations for FXSystem 0x000000001A7D63E0
[2015.08.02-13.28.29:970][  0]LogAIModule: Creating AISystem for world Untitled_1
[2015.08.02-13.28.29:974][  0]LogEditorServer: Finished looking for orphan Actors (0.000 secs)
[2015.08.02-13.28.30:004][  0]Cmd: MAP CHECKDEP NOCLEARLOG
[2015.08.02-13.28.30:041][  0]MapCheck: Info Map check complete: 0 Error(s), 0 Warning(s), took 36.517ms to complete.
[2015.08.02-13.28.30:041][  0]LogFileHelpers: Loading map 'Template_Default' took 0.386
[2015.08.02-13.28.30:140][  0]LogCollectionManager: Loaded 0 collections in 0.001570 seconds
[2015.08.02-13.28.30:146][  0]LogContentBrowser: Native class hierarchy populated in 0.0056 seconds. Added 1792 classes and 301 folders.
[2015.08.02-13.28.30:179][  0]LogContentBrowser: Native class hierarchy updated for 'WidgetCarousel' in 0.0002 seconds. Added 0 classes and 0 folders.
[2015.08.02-13.28.30:200][  0]LogContentBrowser: Native class hierarchy updated for 'AddContentDialog' in 0.0003 seconds. Added 0 classes and 0 folders.
[2015.08.02-13.28.30:213][  0]LogContentBrowser: Native class hierarchy updated for 'SceneOutliner' in 0.0002 seconds. Added 1 classes and 2 folders.
[2015.08.02-13.28.30:241][  0]LogCrashTracker: Crashtracker disabled due to settings.
[2015.08.02-13.28.30:242][  0]LogD3D11RHI: InitD3DDevice
[2015.08.02-13.28.30:244][  0]LogUObjectGlobals:Warning: Failed to find object 'Class None.'
[2015.08.02-13.28.30:264][  0]LogLoad: Full Startup: 7.01 seconds (BP compile: 0.16 seconds)
[2015.08.02-13.28.30:319][  0]LogContentStreaming: Texture pool size is 0.000000MB
[2015.08.02-13.28.30:336][  0]LogContentStreaming: Texture pool size now 1000 MB
[2015.08.02-13.28.30:433][  0]LogRenderer: Reallocating scene render targets to support 1240x600 (Frame:2).
[2015.08.02-13.28.30:850][  7]LogAssetRegistry: Asset discovery search completed in 2.1321 seconds
[2015.08.02-13.28.34:126][398]LogD3D11RHI: InitD3DDevice
[2015.08.02-13.29.00:009][462]LogD3D11RHI: InitD3DDevice
[2015.08.02-13.29.01:807][676]LogD3D11RHI: InitD3DDevice
[2015.08.02-13.29.03:812][913]LogD3D11RHI: InitD3DDevice
[2015.08.02-13.29.04:407][982]LogD3D11RHI: InitD3DDevice
[2015.08.02-13.29.15:657][165]LogD3D11RHI: InitD3DDevice
[2015.08.02-13.29.36:762][685]LogD3D11RHI: InitD3DDevice
[2015.08.02-13.29.38:629][909]LogD3D11RHI: InitD3DDevice
[2015.08.02-13.29.40:987][191]LogD3D11RHI: InitD3DDevice
[2015.08.02-13.29.41:009][191]LogD3D11RHI: InitD3DDevice
[2015.08.02-13.29.44:995][191]LogD3D11RHI: InitD3DDevice
[2015.08.02-13.29.45:015][191]LogD3D11RHI: InitD3DDevice
[2015.08.02-13.29.45:031][191]LogD3D11RHI: InitD3DDevice
[2015.08.02-13.29.45:048][191]Cmd: OBJ SAVEPACKAGE PACKAGE="/Game/Effects/Vectors/VF_Tunnel_Movement_2_100" FILE="../../../../../../GitHub/GDV-Projekt/ProjectNarnia/Content/Effects/Vectors/VF_Tunnel_Movement_2_100.uasset" SILENT=true
[2015.08.02-13.29.45:052][191]LogSavePackage: Save=2.799248ms
[2015.08.02-13.29.45:052][191]LogSavePackage: Moving '../../../../../../GitHub/GDV-Projekt/ProjectNarnia/Saved/VF_Tunnel_Movement_2_1003F2B8C824B3BB273C6873CB57E8EB2CD.tmp' to '../../../../../../GitHub/GDV-Projekt/ProjectNarnia/Content/Effects/Vectors/VF_Tunnel_Movement_2_100.uasset'
[2015.08.02-13.29.45:060][191]LogD3D11RHI: InitD3DDevice
[2015.08.02-13.29.45:089][191]LogD3D11RHI: InitD3DDevice
[2015.08.02-13.29.45:161][191]LogD3D11RHI: InitD3DDevice
[2015.08.02-13.29.45:186][191]Cmd: OBJ SAVEPACKAGE PACKAGE="/Game/FX/Particles/Fire/P_TrashFire" FILE="../../../../../../GitHub/GDV-Projekt/ProjectNarnia/Content/FX/Particles/Fire/P_TrashFire.uasset" SILENT=true
[2015.08.02-13.29.45:297][191]LogSavePackage: Save=54.305660ms
[2015.08.02-13.29.45:297][191]LogSavePackage: Moving '../../../../../../GitHub/GDV-Projekt/ProjectNarnia/Saved/P_TrashFire2CB388C442C36C995D8F2785E3D45CAE.tmp' to '../../../../../../GitHub/GDV-Projekt/ProjectNarnia/Content/FX/Particles/Fire/P_TrashFire.uasset'
[2015.08.02-13.29.45:313][191]LogD3D11RHI: InitD3DDevice
[2015.08.02-13.29.45:339][191]LogD3D11RHI: InitD3DDevice
[2015.08.02-13.29.45:625][191]LogD3D11RHI: InitD3DDevice
[2015.08.02-13.29.45:702][191]LogSavePackage: Save=12.967465ms
[2015.08.02-13.29.45:702][191]LogSavePackage: Moving '../../../../../../GitHub/GDV-Projekt/ProjectNarnia/Saved/M_ParticleWater_GPU_MASTER308858F24D0E4EE6AFD91C99A28D8713.tmp' to '../../../../../../GitHub/GDV-Projekt/ProjectNarnia/Content/Effects/Materials/Water/M_ParticleWater_GPU_MASTER.uasset'
[2015.08.02-13.29.45:733][191]LogSavePackage: Save=10.133804ms
[2015.08.02-13.29.45:733][191]LogSavePackage: Moving '../../../../../../GitHub/GDV-Projekt/ProjectNarnia/Saved/M_ParticleWater_GPU_MASTER_Inst09C6CA4B4638BE1E1F9C6A8D72A9B56F.tmp' to '../../../../../../GitHub/GDV-Projekt/ProjectNarnia/Content/Effects/Materials/Water/M_ParticleWater_GPU_MASTER_Inst.uasset'
[2015.08.02-13.29.45:740][191]LogD3D11RHI: InitD3DDevice
[2015.08.02-13.29.45:777][191]LogD3D11RHI: InitD3DDevice
[2015.08.02-13.29.45:837][191]LogD3D11RHI: InitD3DDevice
[2015.08.02-13.29.45:844][191]Cmd: OBJ SAVEPACKAGE PACKAGE="/Game/FX/Particles/Fire/P_TrashFire" FILE="../../../../../../GitHub/GDV-Projekt/ProjectNarnia/Content/FX/Particles/Fire/P_TrashFire.uasset" SILENT=true
[2015.08.02-13.29.45:871][191]LogSavePackage: Save=23.680862ms
[2015.08.02-13.29.45:871][191]LogSavePackage: Moving '../../../../../../GitHub/GDV-Projekt/ProjectNarnia/Saved/P_TrashFire61E32E624EEE2875E341A6BEDB120D43.tmp' to '../../../../../../GitHub/GDV-Projekt/ProjectNarnia/Content/FX/Particles/Fire/P_TrashFire.uasset'
[2015.08.02-13.29.45:877][191]Cmd: OBJ SAVEPACKAGE PACKAGE="/Game/FX/Particles/Fire/P_TrashFire" FILE="../../../../../../GitHub/GDV-Projekt/ProjectNarnia/Content/FX/Particles/Fire/P_TrashFire.uasset" SILENT=true
[2015.08.02-13.29.45:904][191]LogSavePackage: Save=23.617167ms
[2015.08.02-13.29.45:904][191]LogSavePackage: Moving '../../../../../../GitHub/GDV-Projekt/ProjectNarnia/Saved/P_TrashFireFBA17F5C4949CF0E2296059DAFA94511.tmp' to '../../../../../../GitHub/GDV-Projekt/ProjectNarnia/Content/FX/Particles/Fire/P_TrashFire.uasset'
[2015.08.02-13.29.45:910][191]Cmd: OBJ SAVEPACKAGE PACKAGE="/Game/FX/Particles/Fire/P_TrashFire" FILE="../../../../../../GitHub/GDV-Projekt/ProjectNarnia/Content/FX/Particles/Fire/P_TrashFire.uasset" SILENT=true
[2015.08.02-13.29.45:936][191]LogSavePackage: Save=22.876074ms
[2015.08.02-13.29.45:936][191]LogSavePackage: Moving '../../../../../../GitHub/GDV-Projekt/ProjectNarnia/Saved/P_TrashFire2600C94145FEAF2DF13E778B565FD841.tmp' to '../../../../../../GitHub/GDV-Projekt/ProjectNarnia/Content/FX/Particles/Fire/P_TrashFire.uasset'
[2015.08.02-13.29.45:941][191]Cmd: OBJ SAVEPACKAGE PACKAGE="/Game/FX/Particles/Fire/P_TrashFire" FILE="../../../../../../GitHub/GDV-Projekt/ProjectNarnia/Content/FX/Particles/Fire/P_TrashFire.uasset" SILENT=true
[2015.08.02-13.29.45:967][191]LogSavePackage: Save=22.843472ms
[2015.08.02-13.29.45:967][191]LogSavePackage: Moving '../../../../../../GitHub/GDV-Projekt/ProjectNarnia/Saved/P_TrashFireD8523AED400C5C85C63239969EA862F2.tmp' to '../../../../../../GitHub/GDV-Projekt/ProjectNarnia/Content/FX/Particles/Fire/P_TrashFire.uasset'
[2015.08.02-13.29.45:978][191]Cmd: OBJ SAVEPACKAGE PACKAGE="/Game/FX/Particles/Volumetric/P_Mist_Lit_Still" FILE="../../../../../../GitHub/GDV-Projekt/ProjectNarnia/Content/FX/Particles/Volumetric/P_Mist_Lit_Still.uasset" SILENT=true
[2015.08.02-13.29.45:994][191]LogSavePackage: Save=10.106636ms
[2015.08.02-13.29.45:994][191]LogSavePackage: Moving '../../../../../../GitHub/GDV-Projekt/ProjectNarnia/Saved/P_Mist_Lit_StillF1696D6242804E7CF8D4E696B872B930.tmp' to '../../../../../../GitHub/GDV-Projekt/ProjectNarnia/Content/FX/Particles/Volumetric/P_Mist_Lit_Still.uasset'
[2015.08.02-13.29.45:998][191]Cmd: OBJ SAVEPACKAGE PACKAGE="/Game/FX/Particles/Fire/P_TrashFire" FILE="../../../../../../GitHub/GDV-Projekt/ProjectNarnia/Content/FX/Particles/Fire/P_TrashFire.uasset" SILENT=true
[2015.08.02-13.29.46:024][191]LogSavePackage: Save=22.543413ms
[2015.08.02-13.29.46:024][191]LogSavePackage: Moving '../../../../../../GitHub/GDV-Projekt/ProjectNarnia/Saved/P_TrashFireD3A27CA14858172BF5A7DFB6DCFE1634.tmp' to '../../../../../../GitHub/GDV-Projekt/ProjectNarnia/Content/FX/Particles/Fire/P_TrashFire.uasset'
[2015.08.02-13.29.46:046][191]Cmd: OBJ SAVEPACKAGE PACKAGE="/Game/FX/Meshes/Water/SM_SplashMesh_02" FILE="../../../../../../GitHub/GDV-Projekt/ProjectNarnia/Content/FX/Meshes/Water/SM_SplashMesh_02.uasset" SILENT=true
[2015.08.02-13.29.46:062][191]LogSavePackage: Save=9.119820ms
[2015.08.02-13.29.46:062][191]LogSavePackage: Moving '../../../../../../GitHub/GDV-Projekt/ProjectNarnia/Saved/SM_SplashMesh_02E0010ED94D19710F2828F1A186178EE9.tmp' to '../../../../../../GitHub/GDV-Projekt/ProjectNarnia/Content/FX/Meshes/Water/SM_SplashMesh_02.uasset'
[2015.08.02-13.29.46:071][191]Cmd: OBJ SAVEPACKAGE PACKAGE="/Game/FX/Particles/Water/P_LeakSplash" FILE="../../../../../../GitHub/GDV-Projekt/ProjectNarnia/Content/FX/Particles/Water/P_LeakSplash.uasset" SILENT=true
[2015.08.02-13.29.46:093][191]LogSavePackage: Save=16.561541ms
[2015.08.02-13.29.46:093][191]LogSavePackage: Moving '../../../../../../GitHub/GDV-Projekt/ProjectNarnia/Saved/P_LeakSplashFEBFFA4A415EC355D79AA2992DAA5A12.tmp' to '../../../../../../GitHub/GDV-Projekt/ProjectNarnia/Content/FX/Particles/Water/P_LeakSplash.uasset'
[2015.08.02-13.29.46:097][191]Cmd: OBJ SAVEPACKAGE PACKAGE="/Game/FX/Particles/Water/P_LeakSplash" FILE="../../../../../../GitHub/GDV-Projekt/ProjectNarnia/Content/FX/Particles/Water/P_LeakSplash.uasset" SILENT=true
[2015.08.02-13.29.46:115][191]LogSavePackage: Save=14.365430ms
[2015.08.02-13.29.46:115][191]LogSavePackage: Moving '../../../../../../GitHub/GDV-Projekt/ProjectNarnia/Saved/P_LeakSplash356A2BE14CD06B5D5715E9B69151DB5D.tmp' to '../../../../../../GitHub/GDV-Projekt/ProjectNarnia/Content/FX/Particles/Water/P_LeakSplash.uasset'
[2015.08.02-13.29.46:137][191]Cmd: OBJ SAVEPACKAGE PACKAGE="/Game/FX/Meshes/Water/SM_SplashDisc" FILE="../../../../../../GitHub/GDV-Projekt/ProjectNarnia/Content/FX/Meshes/Water/SM_SplashDisc.uasset" SILENT=true
[2015.08.02-13.29.46:152][191]LogSavePackage: Save=8.190058ms
[2015.08.02-13.29.46:152][191]LogSavePackage: Moving '../../../../../../GitHub/GDV-Projekt/ProjectNarnia/Saved/SM_SplashDisc06694BBD4CDDD00CBE5FC1A29507130D.tmp' to '../../../../../../GitHub/GDV-Projekt/ProjectNarnia/Content/FX/Meshes/Water/SM_SplashDisc.uasset'
[2015.08.02-13.29.46:156][191]Cmd: OBJ SAVEPACKAGE PACKAGE="/Game/FX/Particles/Water/P_LeakSplash" FILE="../../../../../../GitHub/GDV-Projekt/ProjectNarnia/Content/FX/Particles/Water/P_LeakSplash.uasset" SILENT=true
[2015.08.02-13.29.46:173][191]LogSavePackage: Save=14.443614ms
[2015.08.02-13.29.46:173][191]LogSavePackage: Moving '../../../../../../GitHub/GDV-Projekt/ProjectNarnia/Saved/P_LeakSplashAE535978444CD9F60D9122AC50FE87E3.tmp' to '../../../../../../GitHub/GDV-Projekt/ProjectNarnia/Content/FX/Particles/Water/P_LeakSplash.uasset'
[2015.08.02-13.29.46:182][191]Cmd: OBJ SAVEPACKAGE PACKAGE="/Game/FX/Particles/Water/P_Ripples" FILE="../../../../../../GitHub/GDV-Projekt/ProjectNarnia/Content/FX/Particles/Water/P_Ripples.uasset" SILENT=true
[2015.08.02-13.29.46:195][191]LogSavePackage: Save=7.399458ms
[2015.08.02-13.29.46:195][191]LogSavePackage: Moving '../../../../../../GitHub/GDV-Projekt/ProjectNarnia/Saved/P_Ripples66E55787414B557FFBAD34B21C24C082.tmp' to '../../../../../../GitHub/GDV-Projekt/ProjectNarnia/Content/FX/Particles/Water/P_Ripples.uasset'
[2015.08.02-13.29.46:208][191]LogD3D11RHI: InitD3DDevice
[2015.08.02-13.29.46:215][191]LogD3D11RHI: InitD3DDevice
[2015.08.02-13.29.46:234][191]LogD3D11RHI: InitD3DDevice
[2015.08.02-13.29.46:248][191]LogMaterial: Missing cached shader map for material M_Water_Test_01, compiling. 
[2015.08.02-13.29.46:248][191]LogMaterial:Warning: Failed to compile Material /Game/Effects/Materials/M_Water_Test_01.M_Water_Test_01 for platform PCD3D_SM5, Default Material will be used in game.
[2015.08.02-13.29.46:248][191]LogMaterial:Warning: 	(Node TextureSampleParameterCube) ParamCube> Requires TextureCube
[2015.08.02-13.29.46:257][191]LogD3D11RHI: InitD3DDevice
[2015.08.02-13.29.46:278][191]Cmd: OBJ SAVEPACKAGE PACKAGE="/Game/FX/Particles/Water/P_LeakSplash" FILE="../../../../../../GitHub/GDV-Projekt/ProjectNarnia/Content/FX/Particles/Water/P_LeakSplash.uasset" SILENT=true
[2015.08.02-13.29.46:296][191]LogSavePackage: Save=14.908194ms
[2015.08.02-13.29.46:296][191]LogSavePackage: Moving '../../../../../../GitHub/GDV-Projekt/ProjectNarnia/Saved/P_LeakSplashBD6FEEEA49E7D99AA58797B50E06397A.tmp' to '../../../../../../GitHub/GDV-Projekt/ProjectNarnia/Content/FX/Particles/Water/P_LeakSplash.uasset'
[2015.08.02-13.29.46:301][191]Cmd: OBJ SAVEPACKAGE PACKAGE="/Game/FX/Particles/Water/P_Ripples" FILE="../../../../../../GitHub/GDV-Projekt/ProjectNarnia/Content/FX/Particles/Water/P_Ripples.uasset" SILENT=true
[2015.08.02-13.29.46:309][191]LogSavePackage: Save=5.216026ms
[2015.08.02-13.29.46:309][191]LogSavePackage: Moving '../../../../../../GitHub/GDV-Projekt/ProjectNarnia/Saved/P_RipplesE6085FB64B1C713617F9ECA38503EBA6.tmp' to '../../../../../../GitHub/GDV-Projekt/ProjectNarnia/Content/FX/Particles/Water/P_Ripples.uasset'
[2015.08.02-13.29.46:313][191]Cmd: OBJ SAVEPACKAGE PACKAGE="/Game/FX/Particles/Water/P_LeakSplash" FILE="../../../../../../GitHub/GDV-Projekt/ProjectNarnia/Content/FX/Particles/Water/P_LeakSplash.uasset" SILENT=true
[2015.08.02-13.29.46:331][191]LogSavePackage: Save=14.678470ms
[2015.08.02-13.29.46:331][191]LogSavePackage: Moving '../../../../../../GitHub/GDV-Projekt/ProjectNarnia/Saved/P_LeakSplashAE31626A4E682C53DE8415B406018504.tmp' to '../../../../../../GitHub/GDV-Projekt/ProjectNarnia/Content/FX/Particles/Water/P_LeakSplash.uasset'
[2015.08.02-13.29.46:344][191]LogD3D11RHI: InitD3DDevice
[2015.08.02-13.29.46:352][191]LogD3D11RHI: InitD3DDevice
[2015.08.02-13.29.46:363][191]LogD3D11RHI: InitD3DDevice
[2015.08.02-13.29.46:388][191]LogD3D11RHI: InitD3DDevice
[2015.08.02-13.29.46:399][191]Cmd: OBJ SAVEPACKAGE PACKAGE="/Game/Effects/Particles/Fire/P_TrashFire" FILE="../../../../../../GitHub/GDV-Projekt/ProjectNarnia/Content/Effects/Particles/Fire/P_TrashFire.uasset" SILENT=true
[2015.08.02-13.29.46:435][191]LogSavePackage: Save=35.820900ms
[2015.08.02-13.29.46:435][191]LogSavePackage: Moving '../../../../../../GitHub/GDV-Projekt/ProjectNarnia/Saved/P_TrashFire6C073B1B420965537C8D6793A2546F2C.tmp' to '../../../../../../GitHub/GDV-Projekt/ProjectNarnia/Content/Effects/Particles/Fire/P_TrashFire.uasset'
[2015.08.02-13.29.46:459][191]LogSavePackage: Save=13.162776ms
[2015.08.02-13.29.46:459][191]LogSavePackage: Moving '../../../../../../GitHub/GDV-Projekt/ProjectNarnia/Saved/P_Mist_Lit_Still931E60F34AA43358923C98A643637113.tmp' to '../../../../../../GitHub/GDV-Projekt/ProjectNarnia/Content/Effects/Particles/Volumetric/P_Mist_Lit_Still.uasset'
[2015.08.02-13.29.46:469][191]Cmd: OBJ SAVEPACKAGE PACKAGE="/Game/Effects/Particles/Water/P_LeakSplash" FILE="../../../../../../GitHub/GDV-Projekt/ProjectNarnia/Content/Effects/Particles/Water/P_LeakSplash.uasset" SILENT=true
[2015.08.02-13.29.46:494][191]LogSavePackage: Save=23.953451ms
[2015.08.02-13.29.46:494][191]LogSavePackage: Moving '../../../../../../GitHub/GDV-Projekt/ProjectNarnia/Saved/P_LeakSplash5484A8A5431D96E748626CB084E9E6A6.tmp' to '../../../../../../GitHub/GDV-Projekt/ProjectNarnia/Content/Effects/Particles/Water/P_LeakSplash.uasset'
[2015.08.02-13.29.46:504][191]Cmd: OBJ SAVEPACKAGE PACKAGE="/Game/Effects/Particles/Water/P_Ripples" FILE="../../../../../../GitHub/GDV-Projekt/ProjectNarnia/Content/Effects/Particles/Water/P_Ripples.uasset" SILENT=true
[2015.08.02-13.29.46:514][191]LogSavePackage: Save=8.764518ms
[2015.08.02-13.29.46:514][191]LogSavePackage: Moving '../../../../../../GitHub/GDV-Projekt/ProjectNarnia/Saved/P_Ripples0D626AE8436B23F7D747D3B80070F05D.tmp' to '../../../../../../GitHub/GDV-Projekt/ProjectNarnia/Content/Effects/Particles/Water/P_Ripples.uasset'
[2015.08.02-13.29.46:521][191]LogD3D11RHI: InitD3DDevice
[2015.08.02-13.29.46:591][191]LogD3D11RHI: InitD3DDevice
[2015.08.02-13.29.46:684][191]LogD3D11RHI: InitD3DDevice
[2015.08.02-13.29.46:695][191]LogLinker:Warning: Can't find file '/Game/FX/Materials/Water/M_ParticleWater_GPU_MASTER'
[2015.08.02-13.29.46:697][191]LogLinker:Warning: Can't find file '/Game/FX/Materials/Water/M_ParticleWater_GPU_MASTER'
[2015.08.02-13.29.46:698][191]LogLinker:Warning: Can't find file '/Game/FX/Materials/Water/M_ParticleWater_GPU_MASTER'
[2015.08.02-13.29.46:704][191]LogD3D11RHI: InitD3DDevice
[2015.08.02-13.29.46:948][191]LogD3D11RHI: InitD3DDevice
[2015.08.02-13.29.46:970][191]Cmd: OBJ SAVEPACKAGE PACKAGE="/Game/Effects/Textures/Cube/T_HallwayCube" FILE="../../../../../../GitHub/GDV-Projekt/ProjectNarnia/Content/Effects/Textures/Cube/T_HallwayCube.uasset" SILENT=true
[2015.08.02-13.29.47:068][191]LogSavePackage: Save=96.923180ms
[2015.08.02-13.29.47:068][191]LogSavePackage: Moving '../../../../../../GitHub/GDV-Projekt/ProjectNarnia/Saved/T_HallwayCube79769D3E4BCCC21AD36901B14449FB3B.tmp' to '../../../../../../GitHub/GDV-Projekt/ProjectNarnia/Content/Effects/Textures/Cube/T_HallwayCube.uasset'
[2015.08.02-13.29.47:072][191]Cmd: OBJ SAVEPACKAGE PACKAGE="/Game/FX/Textures/Cube/T_HallwayCube" FILE="../../../../../../GitHub/GDV-Projekt/ProjectNarnia/Content/FX/Textures/Cube/T_HallwayCube.uasset" SILENT=true
[2015.08.02-13.29.47:080][191]LogSavePackage: Save=2.075060ms
[2015.08.02-13.29.47:080][191]LogSavePackage: Moving '../../../../../../GitHub/GDV-Projekt/ProjectNarnia/Saved/T_HallwayCubeF51F40524DFD5EA624EA779DBFDC1E93.tmp' to '../../../../../../GitHub/GDV-Projekt/ProjectNarnia/Content/FX/Textures/Cube/T_HallwayCube.uasset'
[2015.08.02-13.29.47:092][191]Cmd: OBJ SAVEPACKAGE PACKAGE="/Game/Effects/Textures/T_Clouds_01" FILE="../../../../../../GitHub/GDV-Projekt/ProjectNarnia/Content/Effects/Textures/T_Clouds_01.uasset" SILENT=true
[2015.08.02-13.29.47:107][191]LogSavePackage: Save=13.797913ms
[2015.08.02-13.29.47:107][191]LogSavePackage: Moving '../../../../../../GitHub/GDV-Projekt/ProjectNarnia/Saved/T_Clouds_012AD6FE7341CCE17A12A90BB0AB8599B5.tmp' to '../../../../../../GitHub/GDV-Projekt/ProjectNarnia/Content/Effects/Textures/T_Clouds_01.uasset'
[2015.08.02-13.29.47:118][191]Cmd: OBJ SAVEPACKAGE PACKAGE="/Game/Effects/Textures/Cube/T_HallwayCube_Hack" FILE="../../../../../../GitHub/GDV-Projekt/ProjectNarnia/Content/Effects/Textures/Cube/T_HallwayCube_Hack.uasset" SILENT=true
[2015.08.02-13.29.47:351][191]LogSavePackage: Save=232.065323ms
[2015.08.02-13.29.47:351][191]LogSavePackage: Moving '../../../../../../GitHub/GDV-Projekt/ProjectNarnia/Saved/T_HallwayCube_HackA34EE03A41F965CC6CE4448067AD8A68.tmp' to '../../../../../../GitHub/GDV-Projekt/ProjectNarnia/Content/Effects/Textures/Cube/T_HallwayCube_Hack.uasset'
[2015.08.02-13.29.47:357][191]LogD3D11RHI: InitD3DDevice
[2015.08.02-13.29.47:395][191]LogD3D11RHI: InitD3DDevice
[2015.08.02-13.29.47:471][191]LogD3D11RHI: InitD3DDevice
[2015.08.02-13.29.47:519][191]LogSavePackage: Save=12.178979ms
[2015.08.02-13.29.47:519][191]LogSavePackage: Moving '../../../../../../GitHub/GDV-Projekt/ProjectNarnia/Saved/M_Fire_SubUV_11X11_Noise30D097BB497A3478F585319730BF34F4.tmp' to '../../../../../../GitHub/GDV-Projekt/ProjectNarnia/Content/FX/Materials/Fire/M_Fire_SubUV_11X11_Noise.uasset'
[2015.08.02-13.29.47:532][191]LogSavePackage: Save=5.051205ms
[2015.08.02-13.29.47:532][191]LogSavePackage: Moving '../../../../../../GitHub/GDV-Projekt/ProjectNarnia/Saved/M_Fire_SubUV_11X11_Noise00CD839A4C6B33432D74BC8905C07025.tmp' to '../../../../../../GitHub/GDV-Projekt/ProjectNarnia/Content/FX/Materials/Fire/M_Fire_SubUV_11X11_Noise.uasset'
[2015.08.02-13.29.47:550][191]Cmd: OBJ SAVEPACKAGE PACKAGE="/Game/FX/Materials/Fire/M_HeatDistort" FILE="../../../../../../GitHub/GDV-Projekt/ProjectNarnia/Content/FX/Materials/Fire/M_HeatDistort.uasset" SILENT=true
[2015.08.02-13.29.47:579][191]LogSavePackage: Save=10.982967ms
[2015.08.02-13.29.47:579][191]LogSavePackage: Moving '../../../../../../GitHub/GDV-Projekt/ProjectNarnia/Saved/M_HeatDistort6B6AF50947523497A86F31846FAAD762.tmp' to '../../../../../../GitHub/GDV-Projekt/ProjectNarnia/Content/FX/Materials/Fire/M_HeatDistort.uasset'
[2015.08.02-13.29.47:598][191]Cmd: OBJ SAVEPACKAGE PACKAGE="/Game/FX/Materials/Flares/M_FlareRound" FILE="../../../../../../GitHub/GDV-Projekt/ProjectNarnia/Content/FX/Materials/Flares/M_FlareRound.uasset" SILENT=true
[2015.08.02-13.29.47:631][191]LogSavePackage: Save=11.369966ms
[2015.08.02-13.29.47:631][191]LogSavePackage: Moving '../../../../../../GitHub/GDV-Projekt/ProjectNarnia/Saved/M_FlareRound3520B45242CED465B647D08D2C6E3FE2.tmp' to '../../../../../../GitHub/GDV-Projekt/ProjectNarnia/Content/FX/Materials/Flares/M_FlareRound.uasset'
[2015.08.02-13.29.47:652][191]Cmd: OBJ SAVEPACKAGE PACKAGE="/Game/FX/Materials/Snow/M_Snow_Blowing_Lit" FILE="../../../../../../GitHub/GDV-Projekt/ProjectNarnia/Content/FX/Materials/Snow/M_Snow_Blowing_Lit.uasset" SILENT=true
[2015.08.02-13.29.47:669][191]LogSavePackage: Save=10.972402ms
[2015.08.02-13.29.47:669][191]LogSavePackage: Moving '../../../../../../GitHub/GDV-Projekt/ProjectNarnia/Saved/M_Snow_Blowing_LitA3F123524CBB7F20809AD18A8DF8E06B.tmp' to '../../../../../../GitHub/GDV-Projekt/ProjectNarnia/Content/FX/Materials/Snow/M_Snow_Blowing_Lit.uasset'
[2015.08.02-13.29.47:699][191]Cmd: OBJ SAVEPACKAGE PACKAGE="/Game/FX/Materials/Sparks/M_Spark_VelocityLerp" FILE="../../../../../../GitHub/GDV-Projekt/ProjectNarnia/Content/FX/Materials/Sparks/M_Spark_VelocityLerp.uasset" SILENT=true
[2015.08.02-13.29.47:717][191]LogSavePackage: Save=12.641747ms
[2015.08.02-13.29.47:717][191]LogSavePackage: Moving '../../../../../../GitHub/GDV-Projekt/ProjectNarnia/Saved/M_Spark_VelocityLerpEDB1FA21416F1CF9E4016BA0560016A3.tmp' to '../../../../../../GitHub/GDV-Projekt/ProjectNarnia/Content/FX/Materials/Sparks/M_Spark_VelocityLerp.uasset'
[2015.08.02-13.29.47:721][191]Cmd: OBJ SAVEPACKAGE PACKAGE="/Game/FX/Materials/Snow/M_Snow_Blowing_Lit" FILE="../../../../../../GitHub/GDV-Projekt/ProjectNarnia/Content/FX/Materials/Snow/M_Snow_Blowing_Lit.uasset" SILENT=true
[2015.08.02-13.29.47:732][191]LogSavePackage: Save=6.532787ms
[2015.08.02-13.29.47:732][191]LogSavePackage: Moving '../../../../../../GitHub/GDV-Projekt/ProjectNarnia/Saved/M_Snow_Blowing_Lit9193959943BFAA2C6BDA56A725C03689.tmp' to '../../../../../../GitHub/GDV-Projekt/ProjectNarnia/Content/FX/Materials/Snow/M_Snow_Blowing_Lit.uasset'
[2015.08.02-13.29.47:736][191]Cmd: OBJ SAVEPACKAGE PACKAGE="/Game/FX/Materials/Snow/M_Snow_Blowing_Lit" FILE="../../../../../../GitHub/GDV-Projekt/ProjectNarnia/Content/FX/Materials/Snow/M_Snow_Blowing_Lit.uasset" SILENT=true
[2015.08.02-13.29.47:744][191]LogSavePackage: Save=4.845631ms
[2015.08.02-13.29.47:744][191]LogSavePackage: Moving '../../../../../../GitHub/GDV-Projekt/ProjectNarnia/Saved/M_Snow_Blowing_LitE108D0474D5BF454966E3D8A02BF228B.tmp' to '../../../../../../GitHub/GDV-Projekt/ProjectNarnia/Content/FX/Materials/Snow/M_Snow_Blowing_Lit.uasset'
[2015.08.02-13.29.47:748][191]Cmd: OBJ SAVEPACKAGE PACKAGE="/Game/FX/Materials/Sparks/M_Spark_VelocityLerp" FILE="../../../../../../GitHub/GDV-Projekt/ProjectNarnia/Content/FX/Materials/Sparks/M_Spark_VelocityLerp.uasset" SILENT=true
[2015.08.02-13.29.47:758][191]LogSavePackage: Save=6.162995ms
[2015.08.02-13.29.47:758][191]LogSavePackage: Moving '../../../../../../GitHub/GDV-Projekt/ProjectNarnia/Saved/M_Spark_VelocityLerp9DDC569146F23E868C0529A6F8A27C87.tmp' to '../../../../../../GitHub/GDV-Projekt/ProjectNarnia/Content/FX/Materials/Sparks/M_Spark_VelocityLerp.uasset'
[2015.08.02-13.29.47:803][191]LogSavePackage: Save=15.876595ms
[2015.08.02-13.29.47:803][191]LogSavePackage: Moving '../../../../../../GitHub/GDV-Projekt/ProjectNarnia/Saved/M_MeshEmitWater_MASTERCA2ACC0B4FB9D19774F47E9860FC5AFF.tmp' to '../../../../../../GitHub/GDV-Projekt/ProjectNarnia/Content/FX/Materials/Water/M_MeshEmitWater_MASTER.uasset'
[2015.08.02-13.29.47:817][191]LogSavePackage: Save=7.123246ms
[2015.08.02-13.29.47:817][191]LogSavePackage: Moving '../../../../../../GitHub/GDV-Projekt/ProjectNarnia/Saved/M_MeshEmitWater_MASTER8FCFDF094A0F26270E1D6286F548CA58.tmp' to '../../../../../../GitHub/GDV-Projekt/ProjectNarnia/Content/FX/Materials/Water/M_MeshEmitWater_MASTER.uasset'
[2015.08.02-13.29.47:832][191]LogSavePackage: Save=7.011554ms
[2015.08.02-13.29.47:832][191]LogSavePackage: Moving '../../../../../../GitHub/GDV-Projekt/ProjectNarnia/Saved/M_MeshEmitWater_MASTER0C27E5A84710F15F7DB4FA9F2667EC96.tmp' to '../../../../../../GitHub/GDV-Projekt/ProjectNarnia/Content/FX/Materials/Water/M_MeshEmitWater_MASTER.uasset'
[2015.08.02-13.29.47:849][191]Cmd: OBJ SAVEPACKAGE PACKAGE="/Game/FX/Materials/Water/M_OuterSplash_Inst" FILE="../../../../../../GitHub/GDV-Projekt/ProjectNarnia/Content/FX/Materials/Water/M_OuterSplash_Inst.uasset" SILENT=true
[2015.08.02-13.29.47:865][191]LogSavePackage: Save=9.774879ms
[2015.08.02-13.29.47:865][191]LogSavePackage: Moving '../../../../../../GitHub/GDV-Projekt/ProjectNarnia/Saved/M_OuterSplash_InstA11BB50C49E413F96ECF2C991C6D170A.tmp' to '../../../../../../GitHub/GDV-Projekt/ProjectNarnia/Content/FX/Materials/Water/M_OuterSplash_Inst.uasset'
[2015.08.02-13.29.47:883][191]Cmd: OBJ SAVEPACKAGE PACKAGE="/Game/FX/Materials/Water/M_SplashDisc_Inst" FILE="../../../../../../GitHub/GDV-Projekt/ProjectNarnia/Content/FX/Materials/Water/M_SplashDisc_Inst.uasset" SILENT=true
[2015.08.02-13.29.47:914][191]LogSavePackage: Save=11.084395ms
[2015.08.02-13.29.47:914][191]LogSavePackage: Moving '../../../../../../GitHub/GDV-Projekt/ProjectNarnia/Saved/M_SplashDisc_InstFB6B131A4E662146C3F4A3ABD5655E45.tmp' to '../../../../../../GitHub/GDV-Projekt/ProjectNarnia/Content/FX/Materials/Water/M_SplashDisc_Inst.uasset'
[2015.08.02-13.29.47:928][191]LogD3D11RHI: InitD3DDevice
[2015.08.02-13.30.12:630][583]LogD3D11RHI: InitD3DDevice
[2015.08.02-13.30.14:880][850]LogD3D11RHI: InitD3DDevice
[2015.08.02-13.30.15:404][912]LogD3D11RHI: InitD3DDevice
[2015.08.02-13.30.18:839][324]LogD3D11RHI: InitD3DDevice
[2015.08.02-13.30.20:115][474]LogD3D11RHI: InitD3DDevice
[2015.08.02-13.30.34:788][132]LogD3D11RHI: InitD3DDevice
[2015.08.02-13.30.35:997][275]LogD3D11RHI: InitD3DDevice
[2015.08.02-13.30.41:339][528]LogD3D11RHI: InitD3DDevice
[2015.08.02-13.30.45:106][528]LogD3D11RHI: InitD3DDevice
[2015.08.02-13.30.52:091][528]LogD3D11RHI: InitD3DDevice
[2015.08.02-13.30.59:125][528]LogD3D11RHI: InitD3DDevice
[2015.08.02-13.30.59:922][528]LogD3D11RHI: InitD3DDevice
[2015.08.02-13.31.12:873][331]LogD3D11RHI: InitD3DDevice
[2015.08.02-13.31.16:031][653]Cmd: DELETE
[2015.08.02-13.31.16:031][653]Cmd: ACTOR DELETE
[2015.08.02-13.31.16:031][653]LogEditorActor: Deleted Actor: Emitter
[2015.08.02-13.31.16:049][653]LogEditorActor: Deleted 1 Actors (0.019 secs)
[2015.08.02-13.31.16:439][695]LogStaticMesh: Building static mesh SM_SplashBase_01...
[2015.08.02-13.31.16:442][695]LogD3D11RHI: InitD3DDevice
[2015.08.02-13.31.16:494][695]LogStaticMesh: Built static mesh [0.055222.2s] /Game/Effects/Meshes/Water/SM_SplashBase_01.SM_SplashBase_01
[2015.08.02-13.31.16:503][695]LogD3D11RHI: InitD3DDevice
[2015.08.02-13.31.19:744][ 47]Cmd: DELETE
[2015.08.02-13.31.19:744][ 47]Cmd: ACTOR DELETE
[2015.08.02-13.31.19:745][ 47]LogEditorActor: Deleted Actor: Emitter
[2015.08.02-13.31.19:761][ 47]LogEditorActor: Deleted 1 Actors (0.017 secs)
[2015.08.02-13.31.20:010][ 76]LogD3D11RHI: InitD3DDevice
[2015.08.02-13.31.22:212][335]Cmd: DELETE
[2015.08.02-13.31.22:212][335]Cmd: ACTOR DELETE
[2015.08.02-13.31.22:212][335]LogEditorActor: Deleted Actor: Emitter
[2015.08.02-13.31.22:226][335]LogEditorActor: Deleted 1 Actors (0.014 secs)
[2015.08.02-13.31.22:690][390]LogD3D11RHI: InitD3DDevice
[2015.08.02-13.31.23:977][541]Cmd: DELETE
[2015.08.02-13.31.23:977][541]Cmd: ACTOR DELETE
[2015.08.02-13.31.23:977][541]LogEditorActor: Deleted Actor: Emitter
[2015.08.02-13.31.23:991][541]LogEditorActor: Deleted 1 Actors (0.014 secs)
[2015.08.02-13.31.24:538][606]LogD3D11RHI: InitD3DDevice
[2015.08.02-13.31.27:606][969]Cmd: DELETE
[2015.08.02-13.31.27:606][969]Cmd: ACTOR DELETE
[2015.08.02-13.31.27:606][969]LogEditorActor: Deleted Actor: Emitter
[2015.08.02-13.31.27:621][969]LogEditorActor: Deleted 1 Actors (0.015 secs)
[2015.08.02-13.31.27:947][  8]LogD3D11RHI: InitD3DDevice
[2015.08.02-13.31.30:850][334]Cmd: DELETE
[2015.08.02-13.31.30:850][334]Cmd: ACTOR DELETE
[2015.08.02-13.31.30:850][334]LogEditorActor: Deleted Actor: Emitter
[2015.08.02-13.31.30:867][334]LogEditorActor: Deleted 1 Actors (0.017 secs)
[2015.08.02-13.31.34:528][771]LogD3D11RHI: InitD3DDevice
[2015.08.02-13.31.43:492][835]Cmd: DELETE
[2015.08.02-13.31.43:492][835]Cmd: ACTOR DELETE
[2015.08.02-13.31.43:492][835]LogEditorActor: Deleted Actor: Emitter
[2015.08.02-13.31.43:507][835]LogEditorActor: Deleted 1 Actors (0.015 secs)
[2015.08.02-13.31.49:798][550]LogD3D11RHI: InitD3DDevice
[2015.08.02-13.31.51:133][550]LogD3D11RHI: InitD3DDevice
[2015.08.02-13.32.13:690][421]LogD3D11RHI: InitD3DDevice
[2015.08.02-13.32.14:981][576]LogD3D11RHI: InitD3DDevice
[2015.08.02-13.32.16:864][801]LogD3D11RHI: InitD3DDevice
[2015.08.02-13.32.16:902][801]LogD3D11RHI: InitD3DDevice
[2015.08.02-13.32.16:923][801]LogD3D11RHI: InitD3DDevice
[2015.08.02-13.32.16:941][801]Cmd: OBJ SAVEPACKAGE PACKAGE="/Game/Effects/Particles/Water/P_LeakSplash" FILE="../../../../../../GitHub/GDV-Projekt/ProjectNarnia/Content/Effects/Particles/Water/P_LeakSplash.uasset" SILENT=true
[2015.08.02-13.32.16:962][801]LogSavePackage: Save=17.518471ms
[2015.08.02-13.32.16:963][801]LogSavePackage: Moving '../../../../../../GitHub/GDV-Projekt/ProjectNarnia/Saved/P_LeakSplash0DA87D3945C25AD82391EDAE3E78E210.tmp' to '../../../../../../GitHub/GDV-Projekt/ProjectNarnia/Content/Effects/Particles/Water/P_LeakSplash.uasset'
[2015.08.02-13.32.16:977][801]LogD3D11RHI: InitD3DDevice
[2015.08.02-13.32.37:528][936]LogD3D11RHI: InitD3DDevice
[2015.08.02-13.32.38:452][936]LogD3D11RHI: InitD3DDevice
[2015.08.02-13.32.48:063][936]LogD3D11RHI: InitD3DDevice
[2015.08.02-13.32.49:526][936]LogD3D11RHI: InitD3DDevice
[2015.08.02-13.32.49:636][936]LogD3D11RHI: InitD3DDevice
[2015.08.02-13.32.51:091][936]LogD3D11RHI: InitD3DDevice
[2015.08.02-13.32.51:110][936]Cmd: OBJ SAVEPACKAGE PACKAGE="/Game/Effects/Particles/Water/P_LeakSplash" FILE="../../../../../../GitHub/GDV-Projekt/ProjectNarnia/Content/Effects/Particles/Water/P_LeakSplash.uasset" SILENT=true
[2015.08.02-13.32.51:131][936]LogSavePackage: Save=16.786434ms
[2015.08.02-13.32.51:131][936]LogSavePackage: Moving '../../../../../../GitHub/GDV-Projekt/ProjectNarnia/Saved/P_LeakSplashF59B8607456A28310B3EFC9CC75125C0.tmp' to '../../../../../../GitHub/GDV-Projekt/ProjectNarnia/Content/Effects/Particles/Water/P_LeakSplash.uasset'
[2015.08.02-13.32.51:136][936]Cmd: OBJ SAVEPACKAGE PACKAGE="/Game/FX/Meshes/Water/SM_SplashMesh_02" FILE="../../../../../../GitHub/GDV-Projekt/ProjectNarnia/Content/FX/Meshes/Water/SM_SplashMesh_02.uasset" SILENT=true
[2015.08.02-13.32.51:142][936]LogSavePackage: Save=2.216034ms
[2015.08.02-13.32.51:142][936]LogSavePackage: Moving '../../../../../../GitHub/GDV-Projekt/ProjectNarnia/Saved/SM_SplashMesh_026DA87D39457273EF60601D89DDFDD644.tmp' to '../../../../../../GitHub/GDV-Projekt/ProjectNarnia/Content/FX/Meshes/Water/SM_SplashMesh_02.uasset'
[2015.08.02-13.32.53:359][199]LogD3D11RHI: InitD3DDevice
[2015.08.02-13.32.54:693][357]LogD3D11RHI: InitD3DDevice
[2015.08.02-13.33.00:005][788]LogD3D11RHI: InitD3DDevice
[2015.08.02-13.33.01:157][924]LogD3D11RHI: InitD3DDevice
[2015.08.02-13.33.06:867][924]LogD3D11RHI: InitD3DDevice
[2015.08.02-13.33.09:459][212]LogD3D11RHI: InitD3DDevice
[2015.08.02-13.33.25:035][720]LogD3D11RHI: InitD3DDevice
[2015.08.02-13.33.27:096][720]LogD3D11RHI: InitD3DDevice
[2015.08.02-13.33.32:665][720]LogD3D11RHI: InitD3DDevice
[2015.08.02-13.33.34:547][720]LogD3D11RHI: InitD3DDevice
[2015.08.02-13.33.39:869][720]LogD3D11RHI: InitD3DDevice
[2015.08.02-13.33.40:872][720]LogD3D11RHI: InitD3DDevice
[2015.08.02-13.33.40:918][720]LogMaterial: Missing cached shader map for material M_Fire_SubUV_11X11_Noise, compiling. 
[2015.08.02-13.33.40:933][720]LogMaterial: Missing cached shader map for material M_Fire_SubUV_11X11_Noise, compiling. 
[2015.08.02-13.33.40:940][720]LogMaterial: Missing cached shader map for material M_Fire_SubUV_11X11_Noise, compiling. 
[2015.08.02-13.33.40:946][720]LogMaterial: Missing cached shader map for material M_Fire_SubUV_11X11_Noise, compiling. 
[2015.08.02-13.33.40:952][720]LogMaterial: Missing cached shader map for material M_Fire_SubUV_11X11_Noise, compiling. 
[2015.08.02-13.33.40:958][720]LogMaterial: Missing cached shader map for material M_Fire_SubUV_11X11_Noise, compiling. 
[2015.08.02-13.33.40:964][720]LogMaterial: Missing cached shader map for material M_Fire_SubUV_11X11_Noise, compiling. 
[2015.08.02-13.33.40:970][720]LogMaterial: Missing cached shader map for material M_Fire_SubUV_11X11_Noise, compiling. 
[2015.08.02-13.33.40:976][720]LogMaterial: Missing cached shader map for material M_Fire_SubUV_11X11_Noise, compiling. 
[2015.08.02-13.33.40:982][720]LogMaterial: Missing cached shader map for material M_Fire_SubUV_11X11_Noise, compiling. 
[2015.08.02-13.33.40:988][720]LogMaterial: Missing cached shader map for material M_Fire_SubUV_11X11_Noise, compiling. 
[2015.08.02-13.33.40:994][720]LogMaterial: Missing cached shader map for material M_Fire_SubUV_11X11_Noise, compiling. 
[2015.08.02-13.33.41:000][720]LogMaterial: Missing cached shader map for material M_Fire_SubUV_11X11_Noise, compiling. 
[2015.08.02-13.33.41:006][720]LogMaterial: Missing cached shader map for material M_Fire_SubUV_11X11_Noise, compiling. 
[2015.08.02-13.33.41:012][720]LogMaterial: Missing cached shader map for material M_Fire_SubUV_11X11_Noise, compiling. 
[2015.08.02-13.33.41:018][720]LogMaterial: Missing cached shader map for material M_Fire_SubUV_11X11_Noise, compiling. 
[2015.08.02-13.33.41:025][720]LogMaterial: Missing cached shader map for material M_Fire_SubUV_11X11_Noise, compiling. 
[2015.08.02-13.33.41:031][720]LogMaterial: Missing cached shader map for material M_Fire_SubUV_11X11_Noise, compiling. 
[2015.08.02-13.33.41:037][720]LogMaterial: Missing cached shader map for material M_Fire_SubUV_11X11_Noise, compiling. 
[2015.08.02-13.33.41:044][720]LogMaterial: Missing cached shader map for material M_Fire_SubUV_11X11_Noise, compiling. 
[2015.08.02-13.33.41:050][720]LogMaterial: Missing cached shader map for material M_Fire_SubUV_11X11_Noise, compiling. 
[2015.08.02-13.33.41:056][720]LogMaterial: Missing cached shader map for material M_Fire_SubUV_11X11_Noise, compiling. 
[2015.08.02-13.33.41:063][720]LogMaterial: Missing cached shader map for material M_Fire_SubUV_11X11_Noise, compiling. 
[2015.08.02-13.33.41:070][720]LogMaterial: Missing cached shader map for material M_Fire_SubUV_11X11_Noise, compiling. 
[2015.08.02-13.33.41:077][720]LogMaterial: Missing cached shader map for material M_Fire_SubUV_11X11_Noise, compiling. 
[2015.08.02-13.33.41:083][720]LogMaterial: Missing cached shader map for material M_Fire_SubUV_11X11_Noise, compiling. 
[2015.08.02-13.33.41:093][720]LogMaterial: Missing cached shader map for material M_Fire_SubUV_11X11_Noise, compiling. 
[2015.08.02-13.33.41:103][720]LogMaterial: Missing cached shader map for material M_Fire_SubUV_11X11_Noise, compiling. 
[2015.08.02-13.33.41:111][720]LogMaterial: Missing cached shader map for material M_Fire_SubUV_11X11_Noise, compiling. 
[2015.08.02-13.33.41:118][720]LogMaterial: Missing cached shader map for material M_Fire_SubUV_11X11_Noise, compiling. 
[2015.08.02-13.33.41:126][720]LogMaterial: Missing cached shader map for material M_Fire_SubUV_11X11_Noise, compiling. 
[2015.08.02-13.33.41:132][720]LogMaterial: Missing cached shader map for material M_Fire_SubUV_11X11_Noise, compiling. 
[2015.08.02-13.33.41:138][720]LogMaterial: Missing cached shader map for material M_Fire_SubUV_11X11_Noise, compiling. 
[2015.08.02-13.33.41:237][720]LogD3D11RHI: InitD3DDevice
[2015.08.02-13.33.43:083][720]LogD3D11RHI: InitD3DDevice
[2015.08.02-13.33.43:092][720]Cmd: OBJ SAVEPACKAGE PACKAGE="/Game/Effects/Particles/Fire/P_TrashFire" FILE="../../../../../../GitHub/GDV-Projekt/ProjectNarnia/Content/Effects/Particles/Fire/P_TrashFire.uasset" SILENT=true
[2015.08.02-13.33.43:133][720]LogSavePackage: Save=36.912163ms
[2015.08.02-13.33.43:134][720]LogSavePackage: Moving '../../../../../../GitHub/GDV-Projekt/ProjectNarnia/Saved/P_TrashFireAA4AA91A4CE4CC5521952DB62C819CF1.tmp' to '../../../../../../GitHub/GDV-Projekt/ProjectNarnia/Content/Effects/Particles/Fire/P_TrashFire.uasset'
[2015.08.02-13.33.43:150][720]LogSavePackage: Save=3.884776ms
[2015.08.02-13.33.43:150][720]LogSavePackage: Moving '../../../../../../GitHub/GDV-Projekt/ProjectNarnia/Saved/M_Fire_SubUV_11X11_Noise417CE41242D99380728007B972F707D3.tmp' to '../../../../../../GitHub/GDV-Projekt/ProjectNarnia/Content/FX/Materials/Fire/M_Fire_SubUV_11X11_Noise.uasset'
[2015.08.02-13.33.44:530][812]LogD3D11RHI: InitD3DDevice
[2015.08.02-13.33.46:400][812]LogD3D11RHI: InitD3DDevice
[2015.08.02-13.33.51:165][812]LogD3D11RHI: InitD3DDevice
[2015.08.02-13.33.52:207][812]LogD3D11RHI: InitD3DDevice
[2015.08.02-13.33.52:252][812]LogMaterial: Missing cached shader map for material M_HeatDistort, compiling. 
[2015.08.02-13.33.52:283][812]LogMaterial: Missing cached shader map for material M_HeatDistort, compiling. 
[2015.08.02-13.33.52:300][812]LogMaterial: Missing cached shader map for material M_HeatDistort, compiling. 
[2015.08.02-13.33.52:318][812]LogMaterial: Missing cached shader map for material M_HeatDistort, compiling. 
[2015.08.02-13.33.52:337][812]LogMaterial: Missing cached shader map for material M_HeatDistort, compiling. 
[2015.08.02-13.33.52:366][812]LogMaterial: Missing cached shader map for material M_HeatDistort, compiling. 
[2015.08.02-13.33.52:394][812]LogMaterial: Missing cached shader map for material M_HeatDistort, compiling. 
[2015.08.02-13.33.52:422][812]LogMaterial: Missing cached shader map for material M_HeatDistort, compiling. 
[2015.08.02-13.33.52:449][812]LogMaterial: Missing cached shader map for material M_HeatDistort, compiling. 
[2015.08.02-13.33.52:475][812]LogMaterial: Missing cached shader map for material M_HeatDistort, compiling. 
[2015.08.02-13.33.52:504][812]LogMaterial: Missing cached shader map for material M_HeatDistort, compiling. 
[2015.08.02-13.33.52:532][812]LogMaterial: Missing cached shader map for material M_HeatDistort, compiling. 
[2015.08.02-13.33.52:561][812]LogMaterial: Missing cached shader map for material M_HeatDistort, compiling. 
[2015.08.02-13.33.52:589][812]LogMaterial: Missing cached shader map for material M_HeatDistort, compiling. 
[2015.08.02-13.33.52:618][812]LogMaterial: Missing cached shader map for material M_HeatDistort, compiling. 
[2015.08.02-13.33.52:640][812]LogMaterial: Missing cached shader map for material M_HeatDistort, compiling. 
[2015.08.02-13.33.52:664][812]LogMaterial: Missing cached shader map for material M_HeatDistort, compiling. 
[2015.08.02-13.33.52:693][812]LogMaterial: Missing cached shader map for material M_HeatDistort, compiling. 
[2015.08.02-13.33.52:722][812]LogMaterial: Missing cached shader map for material M_HeatDistort, compiling. 
[2015.08.02-13.33.52:746][812]LogMaterial: Missing cached shader map for material M_HeatDistort, compiling. 
[2015.08.02-13.33.52:772][812]LogMaterial: Missing cached shader map for material M_HeatDistort, compiling. 
[2015.08.02-13.33.52:791][812]LogMaterial: Missing cached shader map for material M_HeatDistort, compiling. 
[2015.08.02-13.33.52:809][812]LogMaterial: Missing cached shader map for material M_HeatDistort, compiling. 
[2015.08.02-13.33.52:832][812]LogMaterial: Missing cached shader map for material M_HeatDistort, compiling. 
[2015.08.02-13.33.52:855][812]LogMaterial: Missing cached shader map for material M_HeatDistort, compiling. 
[2015.08.02-13.33.52:884][812]LogMaterial: Missing cached shader map for material M_HeatDistort, compiling. 
[2015.08.02-13.33.53:013][812]LogD3D11RHI: InitD3DDevice
[2015.08.02-13.33.54:376][812]LogD3D11RHI: InitD3DDevice
[2015.08.02-13.33.54:395][812]Cmd: OBJ SAVEPACKAGE PACKAGE="/Game/Effects/Particles/Fire/P_TrashFire" FILE="../../../../../../GitHub/GDV-Projekt/ProjectNarnia/Content/Effects/Particles/Fire/P_TrashFire.uasset" SILENT=true
[2015.08.02-13.33.54:430][812]LogSavePackage: Save=29.076200ms
[2015.08.02-13.33.54:430][812]LogSavePackage: Moving '../../../../../../GitHub/GDV-Projekt/ProjectNarnia/Saved/P_TrashFire6256C97942339947A744F6AD41102FD5.tmp' to '../../../../../../GitHub/GDV-Projekt/ProjectNarnia/Content/Effects/Particles/Fire/P_TrashFire.uasset'
[2015.08.02-13.33.54:436][812]Cmd: OBJ SAVEPACKAGE PACKAGE="/Game/FX/Materials/Fire/M_HeatDistort" FILE="../../../../../../GitHub/GDV-Projekt/ProjectNarnia/Content/FX/Materials/Fire/M_HeatDistort.uasset" SILENT=true
[2015.08.02-13.33.54:445][812]LogSavePackage: Save=3.034104ms
[2015.08.02-13.33.54:445][812]LogSavePackage: Moving '../../../../../../GitHub/GDV-Projekt/ProjectNarnia/Saved/M_HeatDistort9FA430EA45184BDBDE1E6CA57929E8B6.tmp' to '../../../../../../GitHub/GDV-Projekt/ProjectNarnia/Content/FX/Materials/Fire/M_HeatDistort.uasset'
[2015.08.02-13.33.55:465][905]LogD3D11RHI: InitD3DDevice
[2015.08.02-13.33.56:070][958]LogD3D11RHI: InitD3DDevice
[2015.08.02-13.33.56:900][ 54]LogD3D11RHI: InitD3DDevice
[2015.08.02-13.33.58:959][ 54]LogD3D11RHI: InitD3DDevice
[2015.08.02-13.33.58:994][ 54]LogD3D11RHI: InitD3DDevice
[2015.08.02-13.33.59:012][ 54]LogD3D11RHI: InitD3DDevice
[2015.08.02-13.34.01:891][388]LogD3D11RHI: InitD3DDevice
[2015.08.02-13.34.05:382][769]LogD3D11RHI: InitD3DDevice
[2015.08.02-13.34.06:867][769]LogD3D11RHI: InitD3DDevice
[2015.08.02-13.34.10:770][769]LogD3D11RHI: InitD3DDevice
[2015.08.02-13.34.11:611][769]LogD3D11RHI: InitD3DDevice
[2015.08.02-13.34.11:654][769]LogMaterial: Missing cached shader map for material M_FlareRound, compiling. 
[2015.08.02-13.34.11:660][769]LogMaterial: Missing cached shader map for material M_FlareRound, compiling. 
[2015.08.02-13.34.11:666][769]LogMaterial: Missing cached shader map for material M_FlareRound, compiling. 
[2015.08.02-13.34.11:672][769]LogMaterial: Missing cached shader map for material M_FlareRound, compiling. 
[2015.08.02-13.34.11:678][769]LogMaterial: Missing cached shader map for material M_FlareRound, compiling. 
[2015.08.02-13.34.11:684][769]LogMaterial: Missing cached shader map for material M_FlareRound, compiling. 
[2015.08.02-13.34.11:690][769]LogMaterial: Missing cached shader map for material M_FlareRound, compiling. 
[2015.08.02-13.34.11:696][769]LogMaterial: Missing cached shader map for material M_FlareRound, compiling. 
[2015.08.02-13.34.11:702][769]LogMaterial: Missing cached shader map for material M_FlareRound, compiling. 
[2015.08.02-13.34.11:708][769]LogMaterial: Missing cached shader map for material M_FlareRound, compiling. 
[2015.08.02-13.34.11:715][769]LogMaterial: Missing cached shader map for material M_FlareRound, compiling. 
[2015.08.02-13.34.11:721][769]LogMaterial: Missing cached shader map for material M_FlareRound, compiling. 
[2015.08.02-13.34.11:727][769]LogMaterial: Missing cached shader map for material M_FlareRound, compiling. 
[2015.08.02-13.34.11:734][769]LogMaterial: Missing cached shader map for material M_FlareRound, compiling. 
[2015.08.02-13.34.11:740][769]LogMaterial: Missing cached shader map for material M_FlareRound, compiling. 
[2015.08.02-13.34.11:749][769]LogMaterial: Missing cached shader map for material M_FlareRound, compiling. 
[2015.08.02-13.34.11:760][769]LogMaterial: Missing cached shader map for material M_FlareRound, compiling. 
[2015.08.02-13.34.11:770][769]LogMaterial: Missing cached shader map for material M_FlareRound, compiling. 
[2015.08.02-13.34.11:781][769]LogMaterial: Missing cached shader map for material M_FlareRound, compiling. 
[2015.08.02-13.34.11:792][769]LogMaterial: Missing cached shader map for material M_FlareRound, compiling. 
[2015.08.02-13.34.11:802][769]LogMaterial: Missing cached shader map for material M_FlareRound, compiling. 
[2015.08.02-13.34.11:812][769]LogMaterial: Missing cached shader map for material M_FlareRound, compiling. 
[2015.08.02-13.34.11:822][769]LogMaterial: Missing cached shader map for material M_FlareRound, compiling. 
[2015.08.02-13.34.11:835][769]LogMaterial: Missing cached shader map for material M_FlareRound, compiling. 
[2015.08.02-13.34.11:845][769]LogMaterial: Missing cached shader map for material M_FlareRound, compiling. 
[2015.08.02-13.34.11:854][769]LogMaterial: Missing cached shader map for material M_FlareRound, compiling. 
[2015.08.02-13.34.11:865][769]LogMaterial: Missing cached shader map for material M_FlareRound, compiling. 
[2015.08.02-13.34.11:875][769]LogMaterial: Missing cached shader map for material M_FlareRound, compiling. 
[2015.08.02-13.34.11:886][769]LogMaterial: Missing cached shader map for material M_FlareRound, compiling. 
[2015.08.02-13.34.11:896][769]LogMaterial: Missing cached shader map for material M_FlareRound, compiling. 
[2015.08.02-13.34.12:029][769]LogD3D11RHI: InitD3DDevice
[2015.08.02-13.34.13:381][769]LogD3D11RHI: InitD3DDevice
[2015.08.02-13.34.13:395][769]Cmd: OBJ SAVEPACKAGE PACKAGE="/Game/Effects/Particles/Fire/P_TrashFire" FILE="../../../../../../GitHub/GDV-Projekt/ProjectNarnia/Content/Effects/Particles/Fire/P_TrashFire.uasset" SILENT=true
[2015.08.02-13.34.13:432][769]LogSavePackage: Save=31.127413ms
[2015.08.02-13.34.13:432][769]LogSavePackage: Moving '../../../../../../GitHub/GDV-Projekt/ProjectNarnia/Saved/P_TrashFire6467B25F4A8F3193950EC4BC41D5C289.tmp' to '../../../../../../GitHub/GDV-Projekt/ProjectNarnia/Content/Effects/Particles/Fire/P_TrashFire.uasset'
[2015.08.02-13.34.13:437][769]Cmd: OBJ SAVEPACKAGE PACKAGE="/Game/FX/Materials/Flares/M_FlareRound" FILE="../../../../../../GitHub/GDV-Projekt/ProjectNarnia/Content/FX/Materials/Flares/M_FlareRound.uasset" SILENT=true
[2015.08.02-13.34.13:444][769]LogSavePackage: Save=2.991238ms
[2015.08.02-13.34.13:444][769]LogSavePackage: Moving '../../../../../../GitHub/GDV-Projekt/ProjectNarnia/Saved/M_FlareRound7DDAED344C288EE68EAA0F8822DE454C.tmp' to '../../../../../../GitHub/GDV-Projekt/ProjectNarnia/Content/FX/Materials/Flares/M_FlareRound.uasset'
[2015.08.02-13.34.14:614][876]LogD3D11RHI: InitD3DDevice
[2015.08.02-13.34.15:616][994]LogD3D11RHI: InitD3DDevice
[2015.08.02-13.34.30:396][994]LogD3D11RHI: InitD3DDevice
[2015.08.02-13.34.30:421][994]LogD3D11RHI: InitD3DDevice
[2015.08.02-13.34.30:432][994]LogD3D11RHI: InitD3DDevice
[2015.08.02-13.34.34:464][470]LogD3D11RHI: InitD3DDevice
[2015.08.02-13.34.48:431][925]LogD3D11RHI: InitD3DDevice
[2015.08.02-13.34.53:766][536]Cmd: DELETE
[2015.08.02-13.34.53:766][536]Cmd: ACTOR DELETE
[2015.08.02-13.34.53:766][536]LogEditorActor: Deleted Actor: Emitter
[2015.08.02-13.34.53:781][536]LogEditorActor: Deleted 1 Actors (0.016 secs)
[2015.08.02-13.34.55:165][701]LogD3D11RHI: InitD3DDevice
[2015.08.02-13.34.58:714][115]Cmd: DELETE
[2015.08.02-13.34.58:715][115]Cmd: ACTOR DELETE
[2015.08.02-13.34.58:715][115]LogEditorActor: Deleted Actor: Emitter
[2015.08.02-13.34.58:729][115]LogEditorActor: Deleted 1 Actors (0.015 secs)
[2015.08.02-13.35.01:721][472]LogD3D11RHI: InitD3DDevice
[2015.08.02-13.35.06:386][ 16]Cmd: DELETE
[2015.08.02-13.35.06:386][ 16]Cmd: ACTOR DELETE
[2015.08.02-13.35.06:386][ 16]LogEditorActor: Deleted Actor: Emitter
[2015.08.02-13.35.06:400][ 16]LogEditorActor: Deleted 1 Actors (0.014 secs)
[2015.08.02-13.35.06:818][ 66]LogD3D11RHI: InitD3DDevice
[2015.08.02-13.35.08:399][250]Cmd: DELETE
[2015.08.02-13.35.08:399][250]Cmd: ACTOR DELETE
[2015.08.02-13.35.08:400][250]LogEditorActor: Deleted Actor: Emitter
[2015.08.02-13.35.08:414][250]LogEditorActor: Deleted 1 Actors (0.014 secs)
[2015.08.02-13.35.08:731][288]LogD3D11RHI: InitD3DDevice
[2015.08.02-13.35.09:909][424]Cmd: DELETE
[2015.08.02-13.35.09:909][424]Cmd: ACTOR DELETE
[2015.08.02-13.35.09:910][424]LogEditorActor: Deleted Actor: Emitter
[2015.08.02-13.35.09:924][424]LogEditorActor: Deleted 1 Actors (0.014 secs)
[2015.08.02-13.35.10:182][455]LogD3D11RHI: InitD3DDevice
[2015.08.02-13.35.11:214][575]Cmd: DELETE
[2015.08.02-13.35.11:214][575]Cmd: ACTOR DELETE
[2015.08.02-13.35.11:215][575]LogEditorActor: Deleted Actor: Emitter
[2015.08.02-13.35.11:229][575]LogEditorActor: Deleted 1 Actors (0.014 secs)
[2015.08.02-13.35.11:629][623]LogD3D11RHI: InitD3DDevice
[2015.08.02-13.35.12:653][742]Cmd: DELETE
[2015.08.02-13.35.12:653][742]Cmd: ACTOR DELETE
[2015.08.02-13.35.12:654][742]LogEditorActor: Deleted Actor: Emitter
[2015.08.02-13.35.12:668][742]LogEditorActor: Deleted 1 Actors (0.015 secs)
[2015.08.02-13.35.18:662][411]LogD3D11RHI: InitD3DDevice
[2015.08.02-13.35.20:060][411]LogD3D11RHI: InitD3DDevice
[2015.08.02-13.35.34:822][411]LogD3D11RHI: InitD3DDevice
[2015.08.02-13.35.36:301][411]LogD3D11RHI: InitD3DDevice
[2015.08.02-13.35.37:182][411]LogD3D11RHI: InitD3DDevice
[2015.08.02-13.35.37:229][411]LogMaterial: Missing cached shader map for material M_Snow_Blowing_Lit, compiling. 
[2015.08.02-13.35.37:244][411]LogMaterial: Missing cached shader map for material M_Snow_Blowing_Lit, compiling. 
[2015.08.02-13.35.37:260][411]LogMaterial: Missing cached shader map for material M_Snow_Blowing_Lit, compiling. 
[2015.08.02-13.35.37:275][411]LogMaterial: Missing cached shader map for material M_Snow_Blowing_Lit, compiling. 
[2015.08.02-13.35.37:292][411]LogMaterial: Missing cached shader map for material M_Snow_Blowing_Lit, compiling. 
[2015.08.02-13.35.37:308][411]LogMaterial: Missing cached shader map for material M_Snow_Blowing_Lit, compiling. 
[2015.08.02-13.35.37:325][411]LogMaterial: Missing cached shader map for material M_Snow_Blowing_Lit, compiling. 
[2015.08.02-13.35.37:342][411]LogMaterial: Missing cached shader map for material M_Snow_Blowing_Lit, compiling. 
[2015.08.02-13.35.37:360][411]LogMaterial: Missing cached shader map for material M_Snow_Blowing_Lit, compiling. 
[2015.08.02-13.35.37:377][411]LogMaterial: Missing cached shader map for material M_Snow_Blowing_Lit, compiling. 
[2015.08.02-13.35.37:402][411]LogMaterial: Missing cached shader map for material M_Snow_Blowing_Lit, compiling. 
[2015.08.02-13.35.37:419][411]LogMaterial: Missing cached shader map for material M_Snow_Blowing_Lit, compiling. 
[2015.08.02-13.35.37:435][411]LogMaterial: Missing cached shader map for material M_Snow_Blowing_Lit, compiling. 
[2015.08.02-13.35.37:454][411]LogMaterial: Missing cached shader map for material M_Snow_Blowing_Lit, compiling. 
[2015.08.02-13.35.37:472][411]LogMaterial: Missing cached shader map for material M_Snow_Blowing_Lit, compiling. 
[2015.08.02-13.35.37:497][411]LogMaterial: Missing cached shader map for material M_Snow_Blowing_Lit, compiling. 
[2015.08.02-13.35.37:523][411]LogMaterial: Missing cached shader map for material M_Snow_Blowing_Lit, compiling. 
[2015.08.02-13.35.37:549][411]LogMaterial: Missing cached shader map for material M_Snow_Blowing_Lit, compiling. 
[2015.08.02-13.35.37:575][411]LogMaterial: Missing cached shader map for material M_Snow_Blowing_Lit, compiling. 
[2015.08.02-13.35.37:601][411]LogMaterial: Missing cached shader map for material M_Snow_Blowing_Lit, compiling. 
[2015.08.02-13.35.37:629][411]LogMaterial: Missing cached shader map for material M_Snow_Blowing_Lit, compiling. 
[2015.08.02-13.35.37:653][411]LogMaterial: Missing cached shader map for material M_Snow_Blowing_Lit, compiling. 
[2015.08.02-13.35.37:674][411]LogMaterial: Missing cached shader map for material M_Snow_Blowing_Lit, compiling. 
[2015.08.02-13.35.37:691][411]LogMaterial: Missing cached shader map for material M_Snow_Blowing_Lit, compiling. 
[2015.08.02-13.35.37:709][411]LogMaterial: Missing cached shader map for material M_Snow_Blowing_Lit, compiling. 
[2015.08.02-13.35.37:736][411]LogMaterial: Missing cached shader map for material M_Snow_Blowing_Lit, compiling. 
[2015.08.02-13.35.37:763][411]LogMaterial: Missing cached shader map for material M_Snow_Blowing_Lit, compiling. 
[2015.08.02-13.35.37:791][411]LogMaterial: Missing cached shader map for material M_Snow_Blowing_Lit, compiling. 
[2015.08.02-13.35.37:818][411]LogMaterial: Missing cached shader map for material M_Snow_Blowing_Lit, compiling. 
[2015.08.02-13.35.37:945][411]LogD3D11RHI: InitD3DDevice
[2015.08.02-13.35.39:491][411]LogD3D11RHI: InitD3DDevice
[2015.08.02-13.35.39:500][411]Cmd: OBJ SAVEPACKAGE PACKAGE="/Game/Effects/Particles/Fire/P_TrashFire" FILE="../../../../../../GitHub/GDV-Projekt/ProjectNarnia/Content/Effects/Particles/Fire/P_TrashFire.uasset" SILENT=true
[2015.08.02-13.35.39:543][411]LogSavePackage: Save=34.151554ms
[2015.08.02-13.35.39:543][411]LogSavePackage: Moving '../../../../../../GitHub/GDV-Projekt/ProjectNarnia/Saved/P_TrashFire2C6AD9714CB53DCEA0DFD888A93E2C08.tmp' to '../../../../../../GitHub/GDV-Projekt/ProjectNarnia/Content/Effects/Particles/Fire/P_TrashFire.uasset'
[2015.08.02-13.35.39:571][411]LogSavePackage: Save=13.006407ms
[2015.08.02-13.35.39:571][411]LogSavePackage: Moving '../../../../../../GitHub/GDV-Projekt/ProjectNarnia/Saved/P_Mist_Lit_Still4A326FA340A174B8196305A1079C22E6.tmp' to '../../../../../../GitHub/GDV-Projekt/ProjectNarnia/Content/Effects/Particles/Volumetric/P_Mist_Lit_Still.uasset'
[2015.08.02-13.35.39:576][411]Cmd: OBJ SAVEPACKAGE PACKAGE="/Game/FX/Materials/Snow/M_Snow_Blowing_Lit" FILE="../../../../../../GitHub/GDV-Projekt/ProjectNarnia/Content/FX/Materials/Snow/M_Snow_Blowing_Lit.uasset" SILENT=true
[2015.08.02-13.35.39:587][411]LogSavePackage: Save=3.778819ms
[2015.08.02-13.35.39:587][411]LogSavePackage: Moving '../../../../../../GitHub/GDV-Projekt/ProjectNarnia/Saved/M_Snow_Blowing_Lit83E9F2864CD074FFB547C694E8CAD04A.tmp' to '../../../../../../GitHub/GDV-Projekt/ProjectNarnia/Content/FX/Materials/Snow/M_Snow_Blowing_Lit.uasset'
[2015.08.02-13.35.40:464][444]LogD3D11RHI: InitD3DDevice
[2015.08.02-13.35.40:609][450]LogD3D11RHI: InitD3DDevice
[2015.08.02-13.35.41:293][510]LogD3D11RHI: InitD3DDevice
[2015.08.02-13.35.42:108][510]LogD3D11RHI: InitD3DDevice
[2015.08.02-13.35.42:126][510]LogD3D11RHI: InitD3DDevice
[2015.08.02-13.35.42:152][510]LogD3D11RHI: InitD3DDevice
[2015.08.02-13.35.42:940][594]LogD3D11RHI: InitD3DDevice
[2015.08.02-13.35.46:395][964]LogD3D11RHI: InitD3DDevice
[2015.08.02-13.35.47:456][964]LogD3D11RHI: InitD3DDevice
[2015.08.02-13.35.53:642][964]LogD3D11RHI: InitD3DDevice
[2015.08.02-13.35.54:524][964]LogD3D11RHI: InitD3DDevice
[2015.08.02-13.35.54:561][964]LogMaterial: Missing cached shader map for material M_Spark_VelocityLerp, compiling. 
[2015.08.02-13.35.54:567][964]LogMaterial: Missing cached shader map for material M_Spark_VelocityLerp, compiling. 
[2015.08.02-13.35.54:573][964]LogMaterial: Missing cached shader map for material M_Spark_VelocityLerp, compiling. 
[2015.08.02-13.35.54:579][964]LogMaterial: Missing cached shader map for material M_Spark_VelocityLerp, compiling. 
[2015.08.02-13.35.54:585][964]LogMaterial: Missing cached shader map for material M_Spark_VelocityLerp, compiling. 
[2015.08.02-13.35.54:591][964]LogMaterial: Missing cached shader map for material M_Spark_VelocityLerp, compiling. 
[2015.08.02-13.35.54:598][964]LogMaterial: Missing cached shader map for material M_Spark_VelocityLerp, compiling. 
[2015.08.02-13.35.54:605][964]LogMaterial: Missing cached shader map for material M_Spark_VelocityLerp, compiling. 
[2015.08.02-13.35.54:612][964]LogMaterial: Missing cached shader map for material M_Spark_VelocityLerp, compiling. 
[2015.08.02-13.35.54:618][964]LogMaterial: Missing cached shader map for material M_Spark_VelocityLerp, compiling. 
[2015.08.02-13.35.54:625][964]LogMaterial: Missing cached shader map for material M_Spark_VelocityLerp, compiling. 
[2015.08.02-13.35.54:631][964]LogMaterial: Missing cached shader map for material M_Spark_VelocityLerp, compiling. 
[2015.08.02-13.35.54:638][964]LogMaterial: Missing cached shader map for material M_Spark_VelocityLerp, compiling. 
[2015.08.02-13.35.54:646][964]LogMaterial: Missing cached shader map for material M_Spark_VelocityLerp, compiling. 
[2015.08.02-13.35.54:656][964]LogMaterial: Missing cached shader map for material M_Spark_VelocityLerp, compiling. 
[2015.08.02-13.35.54:667][964]LogMaterial: Missing cached shader map for material M_Spark_VelocityLerp, compiling. 
[2015.08.02-13.35.54:678][964]LogMaterial: Missing cached shader map for material M_Spark_VelocityLerp, compiling. 
[2015.08.02-13.35.54:688][964]LogMaterial: Missing cached shader map for material M_Spark_VelocityLerp, compiling. 
[2015.08.02-13.35.54:699][964]LogMaterial: Missing cached shader map for material M_Spark_VelocityLerp, compiling. 
[2015.08.02-13.35.54:709][964]LogMaterial: Missing cached shader map for material M_Spark_VelocityLerp, compiling. 
[2015.08.02-13.35.54:720][964]LogMaterial: Missing cached shader map for material M_Spark_VelocityLerp, compiling. 
[2015.08.02-13.35.54:730][964]LogMaterial: Missing cached shader map for material M_Spark_VelocityLerp, compiling. 
[2015.08.02-13.35.54:742][964]LogMaterial: Missing cached shader map for material M_Spark_VelocityLerp, compiling. 
[2015.08.02-13.35.54:753][964]LogMaterial: Missing cached shader map for material M_Spark_VelocityLerp, compiling. 
[2015.08.02-13.35.54:764][964]LogMaterial: Missing cached shader map for material M_Spark_VelocityLerp, compiling. 
[2015.08.02-13.35.54:774][964]LogMaterial: Missing cached shader map for material M_Spark_VelocityLerp, compiling. 
[2015.08.02-13.35.54:784][964]LogMaterial: Missing cached shader map for material M_Spark_VelocityLerp, compiling. 
[2015.08.02-13.35.54:793][964]LogMaterial: Missing cached shader map for material M_Spark_VelocityLerp, compiling. 
[2015.08.02-13.35.54:800][964]LogMaterial: Missing cached shader map for material M_Spark_VelocityLerp, compiling. 
[2015.08.02-13.35.54:810][964]LogMaterial: Missing cached shader map for material M_Spark_VelocityLerp, compiling. 
[2015.08.02-13.35.54:821][964]LogMaterial: Missing cached shader map for material M_Spark_VelocityLerp, compiling. 
[2015.08.02-13.35.54:831][964]LogMaterial: Missing cached shader map for material M_Spark_VelocityLerp, compiling. 
[2015.08.02-13.35.54:842][964]LogMaterial: Missing cached shader map for material M_Spark_VelocityLerp, compiling. 
[2015.08.02-13.35.54:852][964]LogMaterial: Missing cached shader map for material M_Spark_VelocityLerp, compiling. 
[2015.08.02-13.35.54:859][964]LogMaterial: Missing cached shader map for material M_Spark_VelocityLerp, compiling. 
[2015.08.02-13.35.54:869][964]LogMaterial: Missing cached shader map for material M_Spark_VelocityLerp, compiling. 
[2015.08.02-13.35.54:880][964]LogMaterial: Missing cached shader map for material M_Spark_VelocityLerp, compiling. 
[2015.08.02-13.35.54:890][964]LogMaterial: Missing cached shader map for material M_Spark_VelocityLerp, compiling. 
[2015.08.02-13.35.54:900][964]LogMaterial: Missing cached shader map for material M_Spark_VelocityLerp, compiling. 
[2015.08.02-13.35.54:911][964]LogMaterial: Missing cached shader map for material M_Spark_VelocityLerp, compiling. 
[2015.08.02-13.35.54:921][964]LogMaterial: Missing cached shader map for material M_Spark_VelocityLerp, compiling. 
[2015.08.02-13.35.54:932][964]LogMaterial: Missing cached shader map for material M_Spark_VelocityLerp, compiling. 
[2015.08.02-13.35.54:943][964]LogMaterial: Missing cached shader map for material M_Spark_VelocityLerp, compiling. 
[2015.08.02-13.35.54:951][964]LogMaterial: Missing cached shader map for material M_Spark_VelocityLerp, compiling. 
[2015.08.02-13.35.54:961][964]LogMaterial: Missing cached shader map for material M_Spark_VelocityLerp, compiling. 
[2015.08.02-13.35.54:969][964]LogMaterial: Missing cached shader map for material M_Spark_VelocityLerp, compiling. 
[2015.08.02-13.35.54:980][964]LogMaterial: Missing cached shader map for material M_Spark_VelocityLerp, compiling. 
[2015.08.02-13.35.54:987][964]LogMaterial: Missing cached shader map for material M_Spark_VelocityLerp, compiling. 
[2015.08.02-13.35.54:994][964]LogMaterial: Missing cached shader map for material M_Spark_VelocityLerp, compiling. 
[2015.08.02-13.35.55:002][964]LogMaterial: Missing cached shader map for material M_Spark_VelocityLerp, compiling. 
[2015.08.02-13.35.55:009][964]LogMaterial: Missing cached shader map for material M_Spark_VelocityLerp, compiling. 
[2015.08.02-13.35.55:020][964]LogMaterial: Missing cached shader map for material M_Spark_VelocityLerp, compiling. 
[2015.08.02-13.35.55:030][964]LogMaterial: Missing cached shader map for material M_Spark_VelocityLerp, compiling. 
[2015.08.02-13.35.55:040][964]LogMaterial: Missing cached shader map for material M_Spark_VelocityLerp, compiling. 
[2015.08.02-13.35.55:153][964]LogD3D11RHI: InitD3DDevice
[2015.08.02-13.35.56:620][964]LogD3D11RHI: InitD3DDevice
[2015.08.02-13.35.56:634][964]Cmd: OBJ SAVEPACKAGE PACKAGE="/Game/Effects/Particles/Fire/P_TrashFire" FILE="../../../../../../GitHub/GDV-Projekt/ProjectNarnia/Content/Effects/Particles/Fire/P_TrashFire.uasset" SILENT=true
[2015.08.02-13.35.56:674][964]LogSavePackage: Save=35.672077ms
[2015.08.02-13.35.56:674][964]LogSavePackage: Moving '../../../../../../GitHub/GDV-Projekt/ProjectNarnia/Saved/P_TrashFireA48825AB48B8BF48A88F0B811001AEED.tmp' to '../../../../../../GitHub/GDV-Projekt/ProjectNarnia/Content/Effects/Particles/Fire/P_TrashFire.uasset'
[2015.08.02-13.35.56:679][964]Cmd: OBJ SAVEPACKAGE PACKAGE="/Game/FX/Materials/Sparks/M_Spark_VelocityLerp" FILE="../../../../../../GitHub/GDV-Projekt/ProjectNarnia/Content/FX/Materials/Sparks/M_Spark_VelocityLerp.uasset" SILENT=true
[2015.08.02-13.35.56:692][964]LogSavePackage: Save=3.307297ms
[2015.08.02-13.35.56:692][964]LogSavePackage: Moving '../../../../../../GitHub/GDV-Projekt/ProjectNarnia/Saved/M_Spark_VelocityLerp93B5C547423F96E7E8CD8C91324A593D.tmp' to '../../../../../../GitHub/GDV-Projekt/ProjectNarnia/Content/FX/Materials/Sparks/M_Spark_VelocityLerp.uasset'
[2015.08.02-13.35.58:048][ 67]LogD3D11RHI: InitD3DDevice
[2015.08.02-13.35.58:910][168]LogD3D11RHI: InitD3DDevice
[2015.08.02-13.35.59:709][168]LogD3D11RHI: InitD3DDevice
[2015.08.02-13.35.59:724][168]LogD3D11RHI: InitD3DDevice
[2015.08.02-13.35.59:738][168]LogD3D11RHI: InitD3DDevice
[2015.08.02-13.36.00:553][260]LogD3D11RHI: InitD3DDevice
[2015.08.02-13.36.04:550][643]LogD3D11RHI: InitD3DDevice
[2015.08.02-13.36.05:440][643]LogD3D11RHI: InitD3DDevice
[2015.08.02-13.36.10:244][643]LogD3D11RHI: InitD3DDevice
[2015.08.02-13.36.11:346][643]LogD3D11RHI: InitD3DDevice
[2015.08.02-13.36.11:380][643]LogMaterial: Missing cached shader map for material M_MeshEmitWater_MASTER, compiling. 
[2015.08.02-13.36.11:401][643]LogMaterial: Missing cached shader map for material M_MeshEmitWater_MASTER, compiling. 
[2015.08.02-13.36.11:422][643]LogMaterial: Missing cached shader map for material M_MeshEmitWater_MASTER, compiling. 
[2015.08.02-13.36.11:444][643]LogMaterial: Missing cached shader map for material M_MeshEmitWater_MASTER, compiling. 
[2015.08.02-13.36.11:467][643]LogMaterial: Missing cached shader map for material M_MeshEmitWater_MASTER, compiling. 
[2015.08.02-13.36.11:489][643]LogMaterial: Missing cached shader map for material M_MeshEmitWater_MASTER, compiling. 
[2015.08.02-13.36.11:511][643]LogMaterial: Missing cached shader map for material M_MeshEmitWater_MASTER, compiling. 
[2015.08.02-13.36.11:533][643]LogMaterial: Missing cached shader map for material M_MeshEmitWater_MASTER, compiling. 
[2015.08.02-13.36.11:558][643]LogMaterial: Missing cached shader map for material M_MeshEmitWater_MASTER, compiling. 
[2015.08.02-13.36.11:581][643]LogMaterial: Missing cached shader map for material M_MeshEmitWater_MASTER, compiling. 
[2015.08.02-13.36.11:611][643]LogMaterial: Missing cached shader map for material M_MeshEmitWater_MASTER, compiling. 
[2015.08.02-13.36.11:648][643]LogMaterial: Missing cached shader map for material M_MeshEmitWater_MASTER, compiling. 
[2015.08.02-13.36.11:685][643]LogMaterial: Missing cached shader map for material M_MeshEmitWater_MASTER, compiling. 
[2015.08.02-13.36.11:722][643]LogMaterial: Missing cached shader map for material M_MeshEmitWater_MASTER, compiling. 
[2015.08.02-13.36.11:759][643]LogMaterial: Missing cached shader map for material M_MeshEmitWater_MASTER, compiling. 
[2015.08.02-13.36.11:788][643]LogMaterial: Missing cached shader map for material M_MeshEmitWater_MASTER, compiling. 
[2015.08.02-13.36.11:823][643]LogMaterial: Missing cached shader map for material M_MeshEmitWater_MASTER, compiling. 
[2015.08.02-13.36.11:859][643]LogMaterial: Missing cached shader map for material M_MeshEmitWater_MASTER, compiling. 
[2015.08.02-13.36.11:886][643]LogMaterial: Missing cached shader map for material M_MeshEmitWater_MASTER, compiling. 
[2015.08.02-13.36.11:910][643]LogMaterial: Missing cached shader map for material M_MeshEmitWater_MASTER, compiling. 
[2015.08.02-13.36.11:933][643]LogMaterial: Missing cached shader map for material M_MeshEmitWater_MASTER, compiling. 
[2015.08.02-13.36.11:964][643]LogMaterial: Missing cached shader map for material M_MeshEmitWater_MASTER, compiling. 
[2015.08.02-13.36.11:999][643]LogMaterial: Missing cached shader map for material M_MeshEmitWater_MASTER, compiling. 
[2015.08.02-13.36.12:034][643]LogMaterial: Missing cached shader map for material M_MeshEmitWater_MASTER, compiling. 
[2015.08.02-13.36.12:064][643]LogMaterial: Missing cached shader map for material M_MeshEmitWater_MASTER, compiling. 
[2015.08.02-13.36.12:099][643]LogMaterial: Missing cached shader map for material M_MeshEmitWater_MASTER, compiling. 
[2015.08.02-13.36.12:136][643]LogMaterial: Missing cached shader map for material M_MeshEmitWater_MASTER, compiling. 
[2015.08.02-13.36.12:169][643]LogMaterial: Missing cached shader map for material M_MeshEmitWater_MASTER, compiling. 
[2015.08.02-13.36.12:206][643]LogMaterial: Missing cached shader map for material M_MeshEmitWater_MASTER, compiling. 
[2015.08.02-13.36.12:235][643]LogMaterial: Missing cached shader map for material M_MeshEmitWater_MASTER, compiling. 
[2015.08.02-13.36.12:268][643]LogMaterial: Missing cached shader map for material M_MeshEmitWater_MASTER, compiling. 
[2015.08.02-13.36.12:304][643]LogMaterial: Missing cached shader map for material M_MeshEmitWater_MASTER, compiling. 
[2015.08.02-13.36.12:340][643]LogMaterial: Missing cached shader map for material M_MeshEmitWater_MASTER, compiling. 
[2015.08.02-13.36.12:376][643]LogMaterial: Missing cached shader map for material M_MeshEmitWater_MASTER, compiling. 
[2015.08.02-13.36.12:412][643]LogMaterial: Missing cached shader map for material M_MeshEmitWater_MASTER, compiling. 
[2015.08.02-13.36.12:449][643]LogMaterial: Missing cached shader map for material M_MeshEmitWater_MASTER, compiling. 
[2015.08.02-13.36.12:484][643]LogMaterial: Missing cached shader map for material M_MeshEmitWater_MASTER, compiling. 
[2015.08.02-13.36.12:519][643]LogMaterial: Missing cached shader map for material M_MeshEmitWater_MASTER, compiling. 
[2015.08.02-13.36.12:553][643]LogMaterial: Missing cached shader map for material M_MeshEmitWater_MASTER, compiling. 
[2015.08.02-13.36.12:578][643]LogMaterial: Missing cached shader map for material M_MeshEmitWater_MASTER, compiling. 
[2015.08.02-13.36.12:612][643]LogMaterial: Missing cached shader map for material M_MeshEmitWater_MASTER, compiling. 
[2015.08.02-13.36.12:648][643]LogMaterial: Missing cached shader map for material M_MeshEmitWater_MASTER, compiling. 
[2015.08.02-13.36.12:684][643]LogMaterial: Missing cached shader map for material M_MeshEmitWater_MASTER, compiling. 
[2015.08.02-13.36.12:721][643]LogMaterial: Missing cached shader map for material M_MeshEmitWater_MASTER, compiling. 
[2015.08.02-13.36.12:750][643]LogMaterial: Missing cached shader map for material M_MeshEmitWater_MASTER, compiling. 
[2015.08.02-13.36.12:784][643]LogMaterial: Missing cached shader map for material M_MeshEmitWater_MASTER, compiling. 
[2015.08.02-13.36.12:810][643]LogMaterial: Missing cached shader map for material M_MeshEmitWater_MASTER, compiling. 
[2015.08.02-13.36.12:842][643]LogMaterial: Missing cached shader map for material M_MeshEmitWater_MASTER, compiling. 
[2015.08.02-13.36.12:870][643]LogMaterial: Missing cached shader map for material M_MeshEmitWater_MASTER, compiling. 
[2015.08.02-13.36.12:907][643]LogMaterial: Missing cached shader map for material M_MeshEmitWater_MASTER, compiling. 
[2015.08.02-13.36.12:936][643]LogMaterial: Missing cached shader map for material M_MeshEmitWater_MASTER, compiling. 
[2015.08.02-13.36.12:960][643]LogMaterial: Missing cached shader map for material M_MeshEmitWater_MASTER, compiling. 
[2015.08.02-13.36.12:994][643]LogMaterial: Missing cached shader map for material M_MeshEmitWater_MASTER, compiling. 
[2015.08.02-13.36.13:023][643]LogMaterial: Missing cached shader map for material M_MeshEmitWater_MASTER, compiling. 
[2015.08.02-13.36.13:054][643]LogMaterial: Missing cached shader map for material M_MeshEmitWater_MASTER, compiling. 
[2015.08.02-13.36.13:082][643]LogMaterial: Missing cached shader map for material M_MeshEmitWater_MASTER, compiling. 
[2015.08.02-13.36.13:111][643]LogMaterial: Missing cached shader map for material M_MeshEmitWater_MASTER, compiling. 
[2015.08.02-13.36.13:146][643]LogMaterial: Missing cached shader map for material M_MeshEmitWater_MASTER, compiling. 
[2015.08.02-13.36.13:177][643]LogMaterial: Missing cached shader map for material M_MeshEmitWater_MASTER, compiling. 
[2015.08.02-13.36.13:211][643]LogMaterial: Missing cached shader map for material M_MeshEmitWater_MASTER, compiling. 
[2015.08.02-13.36.13:244][643]LogMaterial: Missing cached shader map for material M_MeshEmitWater_MASTER, compiling. 
[2015.08.02-13.36.13:280][643]LogMaterial: Missing cached shader map for material M_MeshEmitWater_MASTER, compiling. 
[2015.08.02-13.36.13:317][643]LogMaterial: Missing cached shader map for material M_MeshEmitWater_MASTER, compiling. 
[2015.08.02-13.36.13:348][643]LogMaterial: Missing cached shader map for material M_MeshEmitWater_MASTER, compiling. 
[2015.08.02-13.36.13:381][643]LogMaterial: Missing cached shader map for material M_MeshEmitWater_MASTER, compiling. 
[2015.08.02-13.36.13:538][643]LogD3D11RHI: InitD3DDevice
[2015.08.02-13.36.15:179][643]LogD3D11RHI: InitD3DDevice
[2015.08.02-13.36.15:201][643]LogSavePackage: Save=3.400273ms
[2015.08.02-13.36.15:201][643]LogSavePackage: Moving '../../../../../../GitHub/GDV-Projekt/ProjectNarnia/Saved/M_MeshEmitWater_MASTER142027BC4507D36E692FE5BB719BC7DA.tmp' to '../../../../../../GitHub/GDV-Projekt/ProjectNarnia/Content/FX/Materials/Water/M_MeshEmitWater_MASTER.uasset'
[2015.08.02-13.36.15:211][643]LogWindows:Error: Windows GetLastError: Der Vorgang wurde erfolgreich beendet. (0)
[2015.08.02-13.36.15:216][643]LogCrashTracker: 


[2015.08.02-13.36.24:315][643]LogWindows:Error: Windows GetLastError: Der Vorgang wurde erfolgreich beendet. (0)
[2015.08.02-13.36.24:329][643]LogCrashTracker: 


[2015.08.02-13.36.24:329][643]LogWindows: === Critical error: ===
Fatal error: [File:D:\BuildFarm\buildmachine_++depot+UE4-Releases+4.8\Engine\Source\Runtime\RenderCore\Private\RenderingThread.cpp] [Line: 651] 
Rendering thread exception:
Assertion failed: IsValidIndex(Index) && ChunkIndex < NumChunks && Index < MaxTotalElements [File:D:\BuildFarm\buildmachine_++depot+UE4-Releases+4.8\Engine\Source\Runtime\Core\Public\UObject\NameTypes.h] [Line: 311] 



KERNELBASE.dll {0x000007fefcf2b3dd} + 0 bytes
UE4Editor-Core.dll!FOutputDeviceWindowsError::Serialize() {0x000007fee2687c0f} + 0 bytes [d:\buildfarm\buildmachine_++depot+ue4-releases+4.8\engine\sou
UE4Editor-Core.dll!FOutputDevice::Logf__VA() {0x000007fee25410b8} + 159 bytes [d:\buildfarm\buildmachine_++depot+ue4-releases+4.8\engine\sou
UE4Editor-Core.dll!FDebug::AssertFailed() {0x000007fee2511e72} + 65 bytes [d:\buildfarm\buildmachine_++depot+ue4-releases+4.8\engine\sou
UE4Editor-Core.dll!TStaticIndirectArrayThreadSafeRead<FNameEntry,2097152,16384>::GetItemPtr() {0x000007fee2339a0a} + 0 bytes [d:\buildfarm\buildmachine_++depot+ue4-releases+4.8\engine\sou
UE4Editor-Core.dll!TStaticIndirectArrayThreadSafeRead<FNameEntry,2097152,16384>::operator[]() {0x000007fee232b62b} + 5 bytes [d:\buildfarm\buildmachine_++depot+ue4-releases+4.8\engine\sou
UE4Editor-Core.dll!FName::ToString() {0x000007fee2645110} + 16 bytes [d:\buildfarm\buildmachine_++depot+ue4-releases+4.8\engine\sou
UE4Editor-Core.dll!FName::ToString() {0x000007fee26450e0} + 0 bytes [d:\buildfarm\buildmachine_++depot+ue4-releases+4.8\engine\sou
UE4Editor-CoreUObject.dll!UObjectBaseUtility::GetName() {0x000007fee0f4fab7} + 30 bytes [d:\buildfarm\buildmachine_++depot+ue4-releases+4.8\engine\sou
UE4Editor-Engine.dll!GetNameSafe() {0x000007fed5d74f56} + 12 bytes [d:\buildfarm\buildmachine_++depot+ue4-releases+4.8\engine\sou
UE4Editor-Engine.dll!FMaterialResource::GetFriendlyName() {0x000007fed6a84954} + 52 bytes [d:\buildfarm\buildmachine_++depot+ue4-releases+4.8\engine\sou
UE4Editor-Engine.dll!FMaterial::GetShader() {0x000007fed6a8eba6} + 71 bytes [d:\buildfarm\buildmachine_++depot+ue4-releases+4.8\engine\sou
UE4Editor-Renderer.dll!TBasePassDrawingPolicy<FNoLightMapPolicy>::TBasePassDrawingPolicy<FNoLightMapPolicy>() {0x000007fede09ef2b} + 0 bytes [d:\buildfarm\buildmachine_++depot+ue4-releases+4.8\engine\sou
UE4Editor-Renderer.dll!FDrawTranslucentMeshAction::Process<FNoLightMapPolicy>() {0x000007fede3b437e} + 0 bytes [d:\buildfarm\buildmachine_++depot+ue4-releases+4.8\engine\sou
UE4Editor-Renderer.dll!ProcessBasePassMesh<FDrawTranslucentMeshAction>() {0x000007fede3b537f} + 0 bytes [d:\buildfarm\buildmachine_++depot+ue4-releases+4.8\engine\sou
UE4Editor-Renderer.dll!FTranslucencyDrawingPolicyFactory::DrawMesh() {0x000007fede3dfc6c} + 0 bytes [d:\buildfarm\buildmachine_++depot+ue4-releases+4.8\engine\sou
UE4Editor-Renderer.dll!FTranslucentPrimSet::RenderPrimitive() {0x000007fede4002ec} + 0 bytes [d:\buildfarm\buildmachine_++depot+ue4-releases+4.8\engine\sou
UE4Editor-Renderer.dll!FTranslucentPrimSet::DrawPrimitives() {0x000007fede3dff12} + 32 bytes [d:\buildfarm\buildmachine_++depot+ue4-releases+4.8\engine\sou
UE4Editor-Renderer.dll!FDeferredShadingSceneRenderer::RenderTranslucency() {0x000007fede4012dc} + 0 bytes [d:\buildfarm\buildmachine_++depot+ue4-releases+4.8\engine\sou
UE4Editor-Renderer.dll!FDeferredShadingSceneRenderer::Render() {0x000007fede131ce6} + 0 bytes [d:\buildfarm\buildmachine_++depot+ue4-releases+4.8\engine\sou
UE4Editor-Renderer.dll!RenderViewFamily_RenderThread() {0x000007fede3012ca} + 0 bytes [d:\buildfarm\buildmachine_++depot+ue4-releases+4.8\engine\sou
UE4Editor-Renderer.dll!TGraphTask<`FRendererModule::BeginRenderingViewFamily'::`17'::EURCMacro_FDrawSceneCommand>::ExecuteTask() {0x000007fede2c1321} + 18 bytes [d:\buildfarm\buildmachine_++depot+ue4-releases+4.8\engine\sou
UE4Editor-Core.dll!FTaskThread::ProcessTasks() {0x000007fee23c651e} + 0 bytes [d:\buildfarm\buildmachine_++depot+ue4-releases+4.8\engine\sou
UE4Editor-Core.dll!FTaskThread::ProcessTasksUntilQuit() {0x000007fee23c674d} + 0 bytes [d:\buildfarm\buildmachine_++depot+ue4-re


