[2015.07.08-15.21.08:757][  0]Log file open, 07/08/15 17:21:08
[2015.07.08-15.21.08:757][  0]LogInit:Display: Running engine for game: ProjectNarnia
[2015.07.08-15.21.08:757][  0]LogInit:Display: RandInit(858502943) SRandInit(858502943).
[2015.07.08-15.21.08:757][  0]LogTaskGraph: Started task graph with 4 named threads and 7 total threads.
[2015.07.08-15.21.08:757][  0]LogStats: Stats thread started
[2015.07.08-15.21.08:757][  0]LogInit: Version: 4.8.1-2591939+++depot+UE4-Releases+4.8
[2015.07.08-15.21.08:757][  0]LogInit: API Version: 2579680
[2015.07.08-15.21.08:757][  0]LogInit: Compiled (64-bit): Jun 18 2015 11:02:04
[2015.07.08-15.21.08:757][  0]LogInit: Compiled with Visual C++: 18.00.21005.01
[2015.07.08-15.21.08:757][  0]LogInit: Build Configuration: Development
[2015.07.08-15.21.08:757][  0]LogInit: Branch Name: ++depot+UE4-Releases+4.8
[2015.07.08-15.21.08:757][  0]LogInit: Command line:  
[2015.07.08-15.21.08:757][  0]LogInit: Base directory: D:/Programme/Epic Games/4.8/Engine/Binaries/Win64/
[2015.07.08-15.21.08:757][  0]LogInit: Rocket: 1
[2015.07.08-15.21.08:768][  0]LogInit: Using libcurl 7.41.0
[2015.07.08-15.21.08:768][  0]LogInit:  - built for x86_64-pc-win32
[2015.07.08-15.21.08:768][  0]LogInit:  - supports SSL with WinSSL
[2015.07.08-15.21.08:768][  0]LogInit:  - other features:
[2015.07.08-15.21.08:768][  0]LogInit:      CURL_VERSION_SSL
[2015.07.08-15.21.08:768][  0]LogInit:      CURL_VERSION_IPV6
[2015.07.08-15.21.08:768][  0]LogInit:      CURL_VERSION_ASYNCHDNS
[2015.07.08-15.21.08:768][  0]LogInit:      CURL_VERSION_LARGEFILE
[2015.07.08-15.21.08:768][  0]LogInit:      CURL_VERSION_IDN
[2015.07.08-15.21.08:768][  0]LogInit:  CurlRequestOptions (configurable via config and command line):
[2015.07.08-15.21.08:768][  0]LogInit:  - bVerifyPeer = true  - Libcurl will verify peer certificate
[2015.07.08-15.21.08:768][  0]LogInit:  - bUseHttpProxy = false  - Libcurl will NOT use HTTP proxy
[2015.07.08-15.21.08:768][  0]LogInit:  - bDontReuseConnections = false  - Libcurl will reuse connections
[2015.07.08-15.21.08:768][  0]LogInit:  - CertBundlePath = nullptr  - Libcurl will use whatever was configured at build time.
[2015.07.08-15.21.08:778][  0]LogOnline:Warning: No default platform service specified for OnlineSubsystem
[2015.07.08-15.21.08:789][  0]LogInit: Presizing for 0 objects not considered by GC, pre-allocating 0 bytes.
[2015.07.08-15.21.08:795][  0]LogInit: Object subsystem initialized
[2015.07.08-15.21.08:795][  0]LogConsoleResponse:Warning: Skipping Unknown console variable: 'TranslucentSortAxis = (X=0.000000,Y=-1.000000,Z=0.000000)'
[2015.07.08-15.21.08:795][  0]LogConsoleResponse:Warning:   Found in ini file 'D:/GitHub/GDV-Projekt/ProjectNarnia/Saved/Config/Windows/Engine.ini', in section '[/Script/Engine.RendererSettings]'
[2015.07.08-15.21.08:795][  0]LogConsoleResponse:Warning: Skipping Unknown console variable: 'UIScaleRule = ShortestSide'
[2015.07.08-15.21.08:795][  0]LogConsoleResponse:Warning:   Found in ini file 'D:/GitHub/GDV-Projekt/ProjectNarnia/Saved/Config/Windows/Engine.ini', in section '[/Script/Engine.RendererSettings]'
[2015.07.08-15.21.08:795][  0]LogConsoleResponse:Warning: Skipping Unknown console variable: 'UIScaleCurve = (EditorCurveData=(Keys=),ExternalCurve=None)'
[2015.07.08-15.21.08:795][  0]LogConsoleResponse:Warning:   Found in ini file 'D:/GitHub/GDV-Projekt/ProjectNarnia/Saved/Config/Windows/Engine.ini', in section '[/Script/Engine.RendererSettings]'
[2015.07.08-15.21.08:796][  0]LogInit: Selected Device Profile: [Windows]
[2015.07.08-15.21.08:796][  0]LogInit: Applying CVar settings loaded from the selected device profile: [Windows]
[2015.07.08-15.21.08:802][  0]LogInit: Computer: SILVAN-PC
[2015.07.08-15.21.08:802][  0]LogInit: User: Silvan
[2015.07.08-15.21.08:802][  0]LogInit: CPU Page size=4096, Cores=4
[2015.07.08-15.21.08:802][  0]LogInit: High frequency timer resolution =3.312695 MHz
[2015.07.08-15.21.08:802][  0]LogMemory: Memory total: Physical=11.9GB (12GB approx)
[2015.07.08-15.21.08:802][  0]LogMemory: Platform Memory Stats for Windows
[2015.07.08-15.21.08:802][  0]LogMemory: Process Physical Memory: 50.86 MB used, 50.86 MB peak
[2015.07.08-15.21.08:802][  0]LogMemory: Process Virtual Memory: 23.25 MB used, 24.10 MB peak
[2015.07.08-15.21.08:802][  0]LogMemory: Physical Memory: 5094.95 MB used, 12166.62 MB total
[2015.07.08-15.21.08:802][  0]LogMemory: Virtual Memory: 282.95 MB used, 8388608.00 MB total
[2015.07.08-15.21.08:834][  0]LogTextLocalizationManager: The requested culture ('de_DE') has no localization data; falling back to 'en' for localization and internationalization data.
[2015.07.08-15.21.09:038][  0]LogTextLocalizationManager:Warning: Loaded localization resources contain conflicting entries for (Namespace:ContentBrowser, Key:ImportAssetToolTip):
Localization Resource: (D:/Programme/Epic Games/4.8/Engine/Content/Localization/Editor/en/Editor.locres) Source String Hash: (-630476809) Localized String: (Import to {0}...)
Localization Resource: (D:/Programme/Epic Games/4.8/Engine/Content/Localization/Editor/en/Editor.locres) Source String Hash: (1271782899) Localized String: (Imports an asset from file to this folder.)
[2015.07.08-15.21.09:413][  0]LogD3D11RHI: Found D3D11 adapter 0: AMD Radeon HD 7800 Series (Feature Level 11_0)
[2015.07.08-15.21.09:413][  0]LogD3D11RHI: Adapter has 2027MB of dedicated video memory, 0MB of dedicated system memory, and 3840MB of shared system memory, 1 output[s]
[2015.07.08-15.21.09:419][  0]LogD3D11RHI: Found D3D11 adapter 1: Intel(R) HD Graphics 4600 (Feature Level 11_0)
[2015.07.08-15.21.09:419][  0]LogD3D11RHI: Adapter has 64MB of dedicated video memory, 0MB of dedicated system memory, and 1632MB of shared system memory, 0 output[s]
[2015.07.08-15.21.09:419][  0]LogD3D11RHI: Chosen D3D11 Adapter Id = 0
[2015.07.08-15.21.09:424][  0]LogRHI: Texture pool is 1361 MB (70% of 1945 MB)
[2015.07.08-15.21.09:428][  0]LogD3D11RHI: Async texture creation disabled: no driver support
[2015.07.08-15.21.09:436][  0]LogShaderCompilers:Display: Using Local Shader Compiler.
[2015.07.08-15.21.10:135][  0]LogTemp:Display: Loaded TP DesktopTargetPlatform
[2015.07.08-15.21.10:147][  0]LogTemp:Display: Loaded TP WindowsClientTargetPlatform
[2015.07.08-15.21.10:159][  0]LogTemp:Display: Loaded TP WindowsNoEditorTargetPlatform
[2015.07.08-15.21.10:170][  0]LogTemp:Display: Loaded TP WindowsServerTargetPlatform
[2015.07.08-15.21.10:182][  0]LogTemp:Display: Loaded TP WindowsTargetPlatform
[2015.07.08-15.21.10:192][  0]LogTemp:Display: Loaded TP AndroidTargetPlatform
[2015.07.08-15.21.10:202][  0]LogTemp:Display: Loaded TP Android_ASTCTargetPlatform
[2015.07.08-15.21.10:212][  0]LogTemp:Display: Loaded TP Android_ATCTargetPlatform
[2015.07.08-15.21.10:222][  0]LogTemp:Display: Loaded TP Android_DXTTargetPlatform
[2015.07.08-15.21.10:233][  0]LogTemp:Display: Loaded TP Android_ETC1TargetPlatform
[2015.07.08-15.21.10:245][  0]LogTemp:Display: Loaded TP Android_ETC2TargetPlatform
[2015.07.08-15.21.10:256][  0]LogTemp:Display: Loaded TP Android_PVRTCTargetPlatform
[2015.07.08-15.21.10:298][  0]LogTemp:Display: Loaded TP IOSTargetPlatform
[2015.07.08-15.21.10:309][  0]LogTemp:Display: Loaded TP LinuxNoEditorTargetPlatform
[2015.07.08-15.21.10:320][  0]LogTemp:Display: Loaded TP LinuxServerTargetPlatform
[2015.07.08-15.21.10:332][  0]LogTemp:Display: Loaded TP LinuxTargetPlatform
[2015.07.08-15.21.10:332][  0]LogTargetPlatformManager:Display: Building Assets For Windows
[2015.07.08-15.21.10:499][  0]LogDerivedDataCache:Display: Max Cache Size: 512 MB
[2015.07.08-15.21.10:554][  0]LogDerivedDataCache: Loaded boot cache 0.06s 53MB C:/Users/Silvan/AppData/Local/UnrealEngine/4.8/DerivedDataCache/Boot.ddc.
[2015.07.08-15.21.10:554][  0]LogDerivedDataCache:Display: Loaded Boot cache: C:/Users/Silvan/AppData/Local/UnrealEngine/4.8/DerivedDataCache/Boot.ddc
[2015.07.08-15.21.10:554][  0]LogDerivedDataCache: FDerivedDataBackendGraph:  Pak pak cache file ../../../../../../GitHub/GDV-Projekt/ProjectNarnia/DerivedDataCache/DDC.ddp not found, will not use a pak cache.
[2015.07.08-15.21.10:554][  0]LogDerivedDataCache: Unable to find inner node Pak for hierarchical cache Hierarchy.
[2015.07.08-15.21.10:554][  0]LogDerivedDataCache: FDerivedDataBackendGraph:  CompressedPak pak cache file ../../../../../../GitHub/GDV-Projekt/ProjectNarnia/DerivedDataCache/Compressed.ddp not found, will not use a pak cache.
[2015.07.08-15.21.10:554][  0]LogDerivedDataCache: Unable to find inner node CompressedPak for hierarchical cache Hierarchy.
[2015.07.08-15.21.10:676][  0]LogDerivedDataCache:Display: Pak cache opened for reading ../../../Engine/DerivedDataCache/Compressed.ddp.
[2015.07.08-15.21.10:687][  0]LogDerivedDataCache: Using Local data cache path C:/Users/Silvan/AppData/Local/UnrealEngine/Common/DerivedDataCache: Writable
[2015.07.08-15.21.10:840][  0]LogInit: Selected Device Profile: [Windows]
[2015.07.08-15.21.10:847][  0]ImportText (ComponentSweepMultiTests): Missing closing parenthesis: (RootShapeAsset="/Engine/BasicShapes/Cube.Cube",ShapeType="TriggerCapsule",HitResult=(Time=0.50,Location=(X=-100.000015,Y=0.0,Z=100.000015),ImpactPoint=(X=-50.0,Y=0.0,Z=50.0),Normal=(X=-1.0,Y=-0.0,Z=0.0),ImpactNormal=(X=0.0,Y=0.0,Z=1.0),TraceStart=(X=-200.0,Y=0.0,Z=200.0),TraceEnd=(X=0.0,Y=0.0,Z=0.0))
[2015.07.08-15.21.10:847][  0]ImportText (LineTraceSingleByChannelTests): Missing closing parenthesis: (RootShapeAsset="/Engine/BasicShapes/Cube.Cube",HitResult=(Time=0.50,Location=(X=-100.000015,Y=0.0,Z=100.000015),ImpactPoint=(X=-50.0,Y=0.0,Z=50.0),Normal=(X=-1.0,Y=-0.0,Z=0.0),ImpactNormal=(X=0.0,Y=0.0,Z=1.0),TraceStart=(X=-200.0,Y=0.0,Z=200.0),TraceEnd=(X=0.0,Y=0.0,Z=0.0))
[2015.07.08-15.21.10:869][  0]LogMeshUtilities: No automatic mesh reduction module available
[2015.07.08-15.21.10:869][  0]LogMeshUtilities: No automatic mesh merging module available
[2015.07.08-15.21.11:196][  0]LogInit: WinSock: version 1.1 (2.2), MaxSocks=32767, MaxUdp=65467
[2015.07.08-15.21.11:939][  0]UdpMessaging: Initializing bridge on interface 0.0.0.0:0 to multicast group 230.0.0.1:6666.
[2015.07.08-15.21.12:233][  0]SourceControl: Info Source control is disabled
[2015.07.08-15.21.12:500][  0]LogObj: 26273 objects as part of root set at end of initial load.
[2015.07.08-15.21.12:500][  0]LogUObjectAllocator: 5409248 out of 0 bytes used by permanent object pool.
[2015.07.08-15.21.12:558][  0]LogEngine: Initializing Engine...
[2015.07.08-15.21.12:561][  0]LogHMD: Can't find Oculus library dev build: is proper Runtime installed? Version: 0.6.0.0
[2015.07.08-15.21.12:562][  0]LogHMD:Warning: SteamVR failed to initialize.  Error: 110
[2015.07.08-15.21.12:677][  0]LogAIModule: Creating AISystem for world NewWorld
[2015.07.08-15.21.12:684][  0]LogInit: XAudio2 using '1 - M2762DP (AMD High Definition Audio Device)' : 2 channels at 48 kHz using 16 bits per sample (channel mask 0x3)
[2015.07.08-15.21.12:703][  0]LogInit: FAudioDevice initialized.
[2015.07.08-15.21.12:729][  0]LogDerivedDataCache: Saved boot cache 0.03s 53MB C:/Users/Silvan/AppData/Local/UnrealEngine/4.8/DerivedDataCache/Boot.ddc.
[2015.07.08-15.21.12:733][  0]LogInit: Texture streaming: Disabled
[2015.07.08-15.21.12:753][  0]LogAnalytics: Creating configured Analytics provider AnalyticsET
[2015.07.08-15.21.12:753][  0]LogAnalytics: [UEEditor.Rocket.Release] APIServer = http://et2.epicgames.com/ET2/. AppVersion = 4.8.1-2591939+++depot+UE4-Releases+4.8
[2015.07.08-15.21.12:753][  0]LogAnalytics: [UEEditor.Rocket.Release] SetUserId 63ae0425466c6f65eeb5439200c4cbba|16ffa05e03dc4cfda8fe4198e1102ff4|ffbd022f-d859-4116-a567-25e39becdd18
[2015.07.08-15.21.12:753][  0]LogAnalytics: [UEEditor.Rocket.Release] AnalyticsET::StartSession
[2015.07.08-15.21.12:774][  0]LogInit: Transaction tracking system initialized
[2015.07.08-15.21.12:875][  0]BlueprintLog: New page: Editor Load
[2015.07.08-15.21.12:904][  0]LogAssetRegistry: FAssetRegistry took 0.0098 seconds to start up
[2015.07.08-15.21.12:904][  0]LogDirectoryWatcher:Warning: Failed to begin reading directory changes for ../../../Engine/Plugins/Experimental/CharacterAI/Content/. Error: 0
[2015.07.08-15.21.13:584][  0]LogConsoleManager:Warning: Console variable 'r.VSync' wasn't set ('GameSetting' has a lower priority than 'SystemSettingsIni')
[2015.07.08-15.21.13:584][  0]LogConsoleResponse:Display: 
[2015.07.08-15.21.13:666][  0]LogCook:Display: Done creating registry. It took  0.00s.
[2015.07.08-15.21.13:820][  0]Cmd: MAP LOAD FILE="../../../Engine/Content/Maps/Templates/Template_Default.umap" TEMPLATE=1 SHOWPROGRESS=1 FEATURELEVEL=3
[2015.07.08-15.21.13:820][  0]LightingResults: New page: Lighting Build
[2015.07.08-15.21.13:831][  0]MapCheck: New page: Map Check
[2015.07.08-15.21.13:831][  0]LightingResults: New page: Lighting Build
[2015.07.08-15.21.13:840][  0]LogParticles: Destroying 0 GPU particle simulations for FXSystem 0x00000000152EE3E0
[2015.07.08-15.21.14:129][  0]LogAIModule: Creating AISystem for world Untitled_1
[2015.07.08-15.21.14:133][  0]LogEditorServer: Finished looking for orphan Actors (0.000 secs)
[2015.07.08-15.21.14:158][  0]Cmd: MAP CHECKDEP NOCLEARLOG
[2015.07.08-15.21.14:191][  0]MapCheck: Info Map check complete: 0 Error(s), 0 Warning(s), took 33.546ms to complete.
[2015.07.08-15.21.14:191][  0]LogFileHelpers: Loading map 'Template_Default' took 0.370
[2015.07.08-15.21.14:256][  0]LogCollectionManager: Loaded 0 collections in 0.001440 seconds
[2015.07.08-15.21.14:261][  0]LogContentBrowser: Native class hierarchy populated in 0.0052 seconds. Added 1792 classes and 301 folders.
[2015.07.08-15.21.14:295][  0]LogContentBrowser: Native class hierarchy updated for 'WidgetCarousel' in 0.0002 seconds. Added 0 classes and 0 folders.
[2015.07.08-15.21.14:316][  0]LogContentBrowser: Native class hierarchy updated for 'AddContentDialog' in 0.0002 seconds. Added 0 classes and 0 folders.
[2015.07.08-15.21.14:357][  0]LogContentBrowser: Native class hierarchy updated for 'SceneOutliner' in 0.0003 seconds. Added 1 classes and 2 folders.
[2015.07.08-15.21.14:387][  0]LogCrashTracker: Crashtracker disabled due to settings.
[2015.07.08-15.21.14:392][  0]LogUObjectGlobals:Warning: Failed to find object 'Class None.'
[2015.07.08-15.21.14:414][  0]LogLoad: Full Startup: 6.73 seconds (BP compile: 0.17 seconds)
[2015.07.08-15.21.14:800][  0]LogContentStreaming: Texture pool size is 0.000000MB
[2015.07.08-15.21.14:819][  0]LogContentStreaming: Texture pool size now 1000 MB
[2015.07.08-15.21.14:949][  0]LogRenderer: Reallocating scene render targets to support 1128x928 (Frame:2).
[2015.07.08-15.21.15:208][  1]SourceControl: Info On branch master
[2015.07.08-15.21.15:208][  1]SourceControl: Info Your branch is up-to-date with 'origin/master'.
[2015.07.08-15.21.15:208][  1]SourceControl: Info Changes not staged for commit:
[2015.07.08-15.21.15:208][  1]SourceControl: Info   (use "git add <file>..." to update what will be committed)
[2015.07.08-15.21.15:208][  1]SourceControl: Info   (use "git checkout -- <file>..." to discard changes in working directory)
[2015.07.08-15.21.15:208][  1]SourceControl: Info 	modified:   ProjectNarnia/Intermediate/CachedAssetRegistry.bin
[2015.07.08-15.21.15:208][  1]SourceControl: Info 	modified:   ProjectNarnia/Intermediate/Config/CoalescedSourceConfigs/Engine.ini
[2015.07.08-15.21.15:208][  1]SourceControl: Info 	modified:   ProjectNarnia/Intermediate/Config/CoalescedSourceConfigs/Game.ini
[2015.07.08-15.21.15:208][  1]SourceControl: Info 	modified:   ProjectNarnia/Saved/AutoScreenshot.png
[2015.07.08-15.21.15:208][  1]SourceControl: Info 	modified:   ProjectNarnia/Saved/Config/Windows/Editor.ini
[2015.07.08-15.21.15:208][  1]SourceControl: Info 	modified:   ProjectNarnia/Saved/Config/Windows/EditorPerProjectUserSettings.ini
[2015.07.08-15.21.15:208][  1]SourceControl: Info 	modified:   ProjectNarnia/Saved/Config/Windows/Engine.ini
[2015.07.08-15.21.15:208][  1]SourceControl: Info 	modified:   ProjectNarnia/Saved/Config/Windows/GameUserSettings.ini
[2015.07.08-15.21.15:208][  1]SourceControl: Info 	modified:   ProjectNarnia/Saved/Logs/ProjectNarnia.log
[2015.07.08-15.21.15:208][  1]SourceControl: Info Untracked files:
[2015.07.08-15.21.15:208][  1]SourceControl: Info   (use "git add <file>..." to include in what will be committed)
[2015.07.08-15.21.15:208][  1]SourceControl: Info 	ProjectNarnia/Content/Elemental/Environment/TilingClouds/
[2015.07.08-15.21.15:208][  1]SourceControl: Info 	ProjectNarnia/Saved/Backup/DefaultLevel_2015-07-01-14-25-04.umap
[2015.07.08-15.21.15:208][  1]SourceControl: Info 	ProjectNarnia/Saved/Backup/DefaultLevel_2015-07-01-15-50-13.umap
[2015.07.08-15.21.15:208][  1]SourceControl: Info 	ProjectNarnia/Saved/Logs/ProjectNarnia-backup-2015.07.08-15.25.45.log
[2015.07.08-15.21.15:208][  1]SourceControl: Info 	ProjectNarnia/Saved/Logs/ProjectNarnia-backup-2015.07.08-17.11.18.log
[2015.07.08-15.21.15:208][  1]SourceControl: Info 	ProjectNarnia/Saved/Logs/ProjectNarnia-backup-2015.07.08-17.21.08.log
[2015.07.08-15.21.15:208][  1]SourceControl: Info no changes added to commit (use "git add" and/or "git commit -a")
[2015.07.08-15.21.18:163][ 10]LogAssetRegistry: Asset discovery search completed in 5.2680 seconds
[2015.07.08-15.21.27:015][393]LogLinker:Warning: Can't find file '/Game/Elemental/Environment/TilingClouds/Textures/T_TilingNoise06'
[2015.07.08-15.21.27:015][393]LogLinker:Warning: Can't find file for asset '/Game/Elemental/Environment/TilingClouds/Textures/T_TilingNoise06' while loading ../../../../../../GitHub/GDV-Projekt/ProjectNarnia/Content/Elemental/Environment/ThroneRoom_Surfaces/Material/M_ThroneRoom_Stone_Wall.uasset.
[2015.07.08-15.21.27:015][393]LoadErrors:Error: Error /Game/Elemental/Environment/ThroneRoom_Surfaces/Material/M_ThroneRoom_Stone_Wall : Can't find file for asset. /Game/Elemental/Environment/TilingClouds/Textures/T_TilingNoise06
[2015.07.08-15.21.27:016][393]LogLinker:Warning: Can't find file '/Game/Elemental/Environment/TilingClouds/Textures/T_TilingNoise06'
[2015.07.08-15.21.27:016][393]LogLinker:Warning: Can't find file for asset '/Game/Elemental/Environment/TilingClouds/Textures/T_TilingNoise06' while loading ../../../../../../GitHub/GDV-Projekt/ProjectNarnia/Content/Elemental/Environment/ThroneRoom_Surfaces/Material/M_ThroneRoom_Stone_Wall.uasset.
[2015.07.08-15.21.27:021][393]LogLinker:Warning: Can't find file '/Game/Elemental/Environment/TilingClouds/Textures/T_TilingNoise06'
[2015.07.08-15.21.27:022][393]LoadErrors: Info Failed to load /Game/Elemental/Environment/TilingClouds/Textures/T_TilingNoise06.T_TilingNoise06 Referenced by M_ThroneRoom_Stone_Wall
[2015.07.08-15.21.27:022][393]LogLinker:Warning: Can't find file for asset '/Game/Elemental/Environment/TilingClouds/Textures/T_TilingNoise06' while loading NULL.
[2015.07.08-15.21.27:029][393]LogMaterial: Missing cached shader map for material M_ThroneRoom_Master, compiling. 
[2015.07.08-15.21.27:078][393]LogMaterial: Missing cached shader map for material M_ThroneRoom_Master, compiling. 
[2015.07.08-15.21.27:102][393]LogMaterial: Missing cached shader map for material M_Archtecture_MASTEER, compiling. 
[2015.07.08-15.21.27:125][393]LogStaticMesh: Building static mesh SM_Throne_Exterior_CoverB_3...
[2015.07.08-15.21.27:157][393]LogStaticMesh: Built static mesh [0.031766.2s] /Game/Elemental/Environment/Throne_Exterior/Mesh/SM_Throne_Exterior_CoverB_3.SM_Throne_Exterior_CoverB_3
[2015.07.08-15.21.27:167][393]LogMaterial: Missing cached shader map for material M_Archtecture_MASTEER, compiling. 
[2015.07.08-15.21.58:422][238]LogUObjectGlobals:Warning: Guid is in use by ArrowComponent /Temp/Untitled_1.Untitled_1:PersistentLevel.LightSource.ArrowComponent0 and ArrowComponent /Game/Levels/DefaultLevel.DefaultLevel:PersistentLevel.LightSource.ArrowComponent0, which should never happen in the editor but could happen at runtime with duplicate level loading or PIE
[2015.07.08-15.21.58:422][238]LogUObjectGlobals:Warning: Guid is in use by ArrowComponent /Temp/Untitled_1.Untitled_1:PersistentLevel.PlayerStart.Arrow and ArrowComponent /Game/Levels/DefaultLevel.DefaultLevel:PersistentLevel.PlayerStart.Arrow, which should never happen in the editor but could happen at runtime with duplicate level loading or PIE
[2015.07.08-15.21.58:422][238]LogUObjectGlobals:Warning: Guid is in use by BillboardComponent /Temp/Untitled_1.Untitled_1:PersistentLevel.PlayerStart.Sprite and BillboardComponent /Game/Levels/DefaultLevel.DefaultLevel:PersistentLevel.PlayerStart.Sprite, which should never happen in the editor but could happen at runtime with duplicate level loading or PIE
[2015.07.08-15.21.58:422][238]LogUObjectGlobals:Warning: Guid is in use by BillboardComponent /Temp/Untitled_1.Untitled_1:PersistentLevel.PlayerStart.Sprite2 and BillboardComponent /Game/Levels/DefaultLevel.DefaultLevel:PersistentLevel.PlayerStart.Sprite2, which should never happen in the editor but could happen at runtime with duplicate level loading or PIE
[2015.07.08-15.21.58:422][238]LogUObjectGlobals:Warning: Guid is in use by BillboardComponent /Temp/Untitled_1.Untitled_1:PersistentLevel.SkyLight_1.Sprite and BillboardComponent /Game/Levels/DefaultLevel.DefaultLevel:PersistentLevel.SkyLight_1.Sprite, which should never happen in the editor but could happen at runtime with duplicate level loading or PIE
[2015.07.08-15.21.58:422][238]LogUObjectGlobals:Warning: Guid is in use by CapsuleComponent /Temp/Untitled_1.Untitled_1:PersistentLevel.PlayerStart.CollisionCapsule and CapsuleComponent /Game/Levels/DefaultLevel.DefaultLevel:PersistentLevel.PlayerStart.CollisionCapsule, which should never happen in the editor but could happen at runtime with duplicate level loading or PIE
[2015.07.08-15.21.58:422][238]LogUObjectGlobals:Warning: Guid is in use by DirectionalLightComponent /Temp/Untitled_1.Untitled_1:PersistentLevel.LightSource.LightComponent0 and DirectionalLightComponent /Game/Levels/DefaultLevel.DefaultLevel:PersistentLevel.LightSource.LightComponent0, which should never happen in the editor but could happen at runtime with duplicate level loading or PIE
[2015.07.08-15.21.58:422][238]LogUObjectGlobals:Warning: Guid is in use by SkyLightComponent /Temp/Untitled_1.Untitled_1:PersistentLevel.SkyLight_1.SkyLightComponent0 and SkyLightComponent /Game/Levels/DefaultLevel.DefaultLevel:PersistentLevel.SkyLight_1.SkyLightComponent0, which should never happen in the editor but could happen at runtime with duplicate level loading or PIE
[2015.07.08-15.21.58:429][238]LogMaterial: Missing cached shader map for material M_Archtecture_MASTEER, compiling. 
[2015.07.08-15.21.58:537][238]LogAIModule: Creating AISystem for world DefaultLevel
[2015.07.08-15.21.58:575][238]LogParticles: Destroying 0 GPU particle simulations for FXSystem 0x0000000023AC1E40
[2015.07.08-15.21.58:642][238]Cmd: MAP LOAD FILE="../../../../../../GitHub/GDV-Projekt/ProjectNarnia/Content/Levels/DefaultLevel.umap" TEMPLATE=0 SHOWPROGRESS=1 FEATURELEVEL=3
[2015.07.08-15.21.58:642][238]LightingResults: New page: Lighting Build
[2015.07.08-15.21.58:665][238]LoadErrors: New page: Loading map: DefaultLevel.umap
[2015.07.08-15.21.58:665][238]MapCheck: New page: Map Check
[2015.07.08-15.21.58:665][238]LightingResults: New page: Lighting Build
[2015.07.08-15.21.58:678][238]LogParticles: Destroying 0 GPU particle simulations for FXSystem 0x000000000E650720
[2015.07.08-15.21.58:761][238]LogAIModule: Creating AISystem for world DefaultLevel
[2015.07.08-15.21.58:771][238]LogEditorServer: Finished looking for orphan Actors (0.000 secs)
[2015.07.08-15.21.58:807][238]Cmd: MAP CHECKDEP NOCLEARLOG
[2015.07.08-15.21.58:882][238]MapCheck: Info Map check complete: 0 Error(s), 0 Warning(s), took 74.941ms to complete.
[2015.07.08-15.21.58:882][238]LogFileHelpers: Loading map 'DefaultLevel' took 0.241
[2015.07.08-15.22.11:046][257]LogActorFactory: Actor Factory created SM_Throne_Exterior_CoverB_3
[2015.07.08-15.22.13:034][443]LogActorFactory: Actor Factory created SM_Throne_Exterior_CoverB_3
[2015.07.08-15.22.27:727][742]Cmd: ACTOR SELECT ALL
[2015.07.08-15.22.29:142][874]LogEditorViewport: Clicking on Actor (LMB): StaticMeshActor (SM_Throne_Exterior_CoverB_3)
[2015.07.08-15.22.35:070][419]LogEditorViewport: Clicking on Actor (context menu): StaticMeshActor (SM_Throne_Exterior_CoverB_3)
[2015.07.08-15.22.40:010][  3]LogEditorViewport: Clicking on Actor (LMB): StaticMeshActor (SM_Throne_Exterior_CoverB_3)
[2015.07.08-15.22.43:439][382]LogEditorViewport: Clicking on Actor (LMB): StaticMeshActor (SM_Throne_Exterior_CoverB_3)
[2015.07.08-15.22.43:907][424]Cmd: DUPLICATE
[2015.07.08-15.22.43:907][424]Cmd: ACTOR DUPLICATE
[2015.07.08-15.22.52:644][222]LogEditorViewport: Clicking on Actor (LMB): StaticMeshActor (Floor)
[2015.07.08-15.23.01:744][ 15]LogStaticMesh: Building static mesh SM_Throne_Exterior_Deco_01...
[2015.07.08-15.23.01:779][ 15]LogStaticMesh: Built static mesh [0.035186.2s] /Game/Elemental/Environment/Throne_Exterior/Mesh/SM_Throne_Exterior_Deco_01.SM_Throne_Exterior_Deco_01
[2015.07.08-15.23.01:785][ 15]LogMaterial: Missing cached shader map for material M_Archtecture_MASTEER, compiling. 
[2015.07.08-15.23.01:819][ 15]LogActorFactory: Actor Factory created SM_Throne_Exterior_Deco_01
[2015.07.08-15.23.03:442][153]LogActorFactory: Actor Factory created SM_Throne_Exterior_Deco_01
[2015.07.08-15.23.21:403][767]LogEditorViewport: Clicking on Actor (LMB): StaticMeshActor (SM_Throne_Exterior_Deco_01)
[2015.07.08-15.23.21:989][811]Cmd: DELETE
[2015.07.08-15.23.21:989][811]Cmd: ACTOR DELETE
[2015.07.08-15.23.21:990][811]LogEditorActor: Deleted Actor: StaticMeshActor
[2015.07.08-15.23.22:017][811]LogEditorActor: Deleted 1 Actors (0.028 secs)
[2015.07.08-15.23.22:483][835]LogStaticMesh: Building static mesh SM_Throne_Exterior_CoverBlo...
[2015.07.08-15.23.22:511][835]LogStaticMesh: Built static mesh [0.028283.2s] /Game/Elemental/Environment/Throne_Exterior/Mesh/SM_Throne_Exterior_CoverBlo.SM_Throne_Exterior_CoverBlo
[2015.07.08-15.23.22:535][835]LogActorFactory: Actor Factory created SM_Throne_Exterior_CoverBlo
[2015.07.08-15.23.25:264][ 90]LogActorFactory: Actor Factory created SM_Throne_Exterior_CoverBlo
[2015.07.08-15.23.33:370][752]Cmd: CAMERA ALIGN ACTIVEVIEWPORTONLY
[2015.07.08-15.23.40:629][361]LogEditorViewport: Clicking on Actor (LMB): StaticMeshActor (Floor)
[2015.07.08-15.23.46:072][800]LogStaticMesh: Building static mesh SM_Throne_Exterior_DoorArch...
[2015.07.08-15.23.46:080][800]LogStaticMesh: Built static mesh [0.007492.2s] /Game/Elemental/Environment/Throne_Exterior/Mesh/SM_Throne_Exterior_DoorArch.SM_Throne_Exterior_DoorArch
[2015.07.08-15.23.46:099][800]LogActorFactory: Actor Factory created SM_Throne_Exterior_DoorArch
[2015.07.08-15.23.50:152][165]LogActorFactory: Actor Factory created SM_Throne_Exterior_DoorArch
[2015.07.08-15.24.13:511][341]LogEditorViewport: Clicking on Actor (LMB): StaticMeshActor (Floor)
[2015.07.08-15.24.18:844][731]LogActorFactory: Actor Factory created SM_Throne_Exterior_CoverB_2
[2015.07.08-15.24.19:608][801]LogActorFactory: Actor Factory created SM_Throne_Exterior_CoverB_2
[2015.07.08-15.24.28:226][582]LogEditorViewport: Clicking on Actor (LMB): StaticMeshActor (Floor)
[2015.07.08-15.24.30:714][794]LogEditorViewport: Clicking on Actor (LMB): StaticMeshActor (SM_Throne_Exterior_CoverB_2)
[2015.07.08-15.24.44:629][717]LogEditorViewport: Clicking on Actor (LMB): BP_Sky_Sphere_C (Sky Sphere)
[2015.07.08-15.24.47:455][974]LogEditorViewport: Clicking on Actor (LMB): StaticMeshActor (SM_Throne_Exterior_DoorArch)
[2015.07.08-15.24.54:214][436]LogPlayLevel: PIE:  No blueprints needed recompiling
[2015.07.08-15.24.54:231][436]PIE: New page: PIE session: DefaultLevel (Jul 8, 2015, 7:24:54 PM)
[2015.07.08-15.24.54:231][436]LogPlayLevel: Creating play world package: /Game/Levels/UEDPIE_0_DefaultLevel
[2015.07.08-15.24.54:233][436]LogPlayLevel: PIE: StaticDuplicateObject took: (0.002231s)
[2015.07.08-15.24.54:234][436]LogAIModule: Creating AISystem for world DefaultLevel
[2015.07.08-15.24.54:234][436]LogPlayLevel: PIE: World Init took: (0.000951s)
[2015.07.08-15.24.54:234][436]LogPlayLevel: PIE: Created PIE world by copying editor world from /Game/Levels/DefaultLevel.DefaultLevel to /Game/Levels/UEDPIE_0_DefaultLevel.DefaultLevel (0.003324s)
[2015.07.08-15.24.54:252][436]LogInit: XAudio2 using '1 - M2762DP (AMD High Definition Audio Device)' : 2 channels at 48 kHz using 16 bits per sample (channel mask 0x3)
[2015.07.08-15.24.54:258][436]LogInit: FAudioDevice initialized.
[2015.07.08-15.24.54:300][436]LogWorld: Game class is 'GameMode'
[2015.07.08-15.24.54:307][436]LogWorld: Bringing World /Game/Levels/UEDPIE_0_DefaultLevel.DefaultLevel up for play (max tick rate 0) at 2015.07.08-17.24.54
[2015.07.08-15.24.54:307][436]LogActor:Warning: GameSession /Game/Levels/UEDPIE_0_DefaultLevel.DefaultLevel:PersistentLevel.GameSession_0 has natively added scene component(s), but none of them were set as the actor's RootComponent - picking one arbitrarily
[2015.07.08-15.24.54:307][436]LogActor:Warning: GameNetworkManager /Game/Levels/UEDPIE_0_DefaultLevel.DefaultLevel:PersistentLevel.GameNetworkManager_0 has natively added scene component(s), but none of them were set as the actor's RootComponent - picking one arbitrarily
[2015.07.08-15.24.54:307][436]LogWorld: Bringing up level for play took: 0.003334
[2015.07.08-15.24.54:309][436]PIE: Info Play in editor start time for /Game/Levels/UEDPIE_0_DefaultLevel -0.641
[2015.07.08-15.25.23:459][800]LogParticles: Destroying 0 GPU particle simulations for FXSystem 0x000000000FC74AE0
[2015.07.08-15.25.24:077][854]LogEditorViewport: Clicking on Actor (LMB): StaticMeshActor (SM_Throne_Spine)
[2015.07.08-15.25.28:379][221]LogEditorViewport: Clicking on Actor (LMB): BP_Sky_Sphere_C (Sky Sphere)
[2015.07.08-15.25.41:351][180]LogActorFactory: Actor Factory created SM_CliffSnow
[2015.07.08-15.25.41:859][225]LogActorFactory: Actor Factory created SM_CliffSnow
[2015.07.08-15.25.45:460][536]Cmd: DELETE
[2015.07.08-15.25.45:460][536]Cmd: ACTOR DELETE
[2015.07.08-15.25.45:460][536]LogEditorActor: Deleted Actor: StaticMeshActor
[2015.07.08-15.25.45:492][536]LogEditorActor: Deleted 1 Actors (0.032 secs)
[2015.07.08-15.25.48:653][691]LogLinker:Warning: Can't find file '/Game/Elemental/Environment/TilingClouds/Textures/T_TilingNoise03'
[2015.07.08-15.25.48:653][691]LogLinker:Warning: Can't find file for asset '/Game/Elemental/Environment/TilingClouds/Textures/T_TilingNoise03' while loading ../../../../../../GitHub/GDV-Projekt/ProjectNarnia/Content/Elemental/Environment/ThroneRoom_Surfaces02/Material/M_BigSnow.uasset.
[2015.07.08-15.25.48:653][691]LoadErrors:Error: Error /Game/Elemental/Environment/ThroneRoom_Surfaces02/Material/M_BigSnow : Can't find file for asset. /Game/Elemental/Environment/TilingClouds/Textures/T_TilingNoise03
[2015.07.08-15.25.48:653][691]LogLinker:Warning: Can't find file '/Game/Elemental/Environment/TilingClouds/Textures/T_TilingNoise03'
[2015.07.08-15.25.48:654][691]LogLinker:Warning: Can't find file for asset '/Game/Elemental/Environment/TilingClouds/Textures/T_TilingNoise03' while loading ../../../../../../GitHub/GDV-Projekt/ProjectNarnia/Content/Elemental/Environment/ThroneRoom_Surfaces02/Material/M_BigSnow.uasset.
[2015.07.08-15.25.48:656][691]LogLinker:Warning: Can't find file '/Game/Elemental/Environment/TilingClouds/Textures/T_TilingNoise03'
[2015.07.08-15.25.48:656][691]LoadErrors: Info Failed to load /Game/Elemental/Environment/TilingClouds/Textures/T_TilingNoise03.T_TilingNoise03 Referenced by MaterialExpressionTextureObject_0
[2015.07.08-15.25.48:656][691]LogLinker:Warning: Can't find file for asset '/Game/Elemental/Environment/TilingClouds/Textures/T_TilingNoise03' while loading NULL.
[2015.07.08-15.25.48:659][691]LogStaticMesh: Building static mesh SM_Throne_Exterior_SnowPile_02...
[2015.07.08-15.25.48:681][691]LogStaticMesh: Built static mesh [0.023128.2s] /Game/Elemental/Environment/Throne_Exterior/Mesh/SM_Throne_Exterior_SnowPile_02.SM_Throne_Exterior_SnowPile_02
[2015.07.08-15.25.48:688][691]LogMaterial: Missing cached shader map for material M_BigSnow, compiling. 
[2015.07.08-15.25.48:689][691]LogMaterial:Warning: Failed to compile Material /Game/Elemental/Environment/ThroneRoom_Surfaces02/Material/M_BigSnow.M_BigSnow for platform PCD3D_SM5, Default Material will be used in game.
[2015.07.08-15.25.48:689][691]LogMaterial:Warning: 	(Node TextureObject) Texture Object> Requires valid texture
[2015.07.08-15.25.48:717][692]LogActorFactory: Actor Factory created SM_Throne_Exterior_SnowPile_02
[2015.07.08-15.25.49:590][770]LogActorFactory: Actor Factory created SM_Throne_Exterior_SnowPile_02
[2015.07.08-15.25.57:097][395]Cmd: DELETE
[2015.07.08-15.25.57:097][395]Cmd: ACTOR DELETE
[2015.07.08-15.25.57:097][395]LogEditorActor: Deleted Actor: StaticMeshActor
[2015.07.08-15.25.57:119][395]LogEditorActor: Deleted 1 Actors (0.022 secs)
[2015.07.08-15.25.59:615][572]LogStaticMesh: Building static mesh SM_Throne_Exterior_Wall_04...
[2015.07.08-15.25.59:624][572]LogStaticMesh: Built static mesh [0.009306.2s] /Game/Elemental/Environment/Throne_Exterior/Mesh/SM_Throne_Exterior_Wall_04.SM_Throne_Exterior_Wall_04
[2015.07.08-15.25.59:664][573]LogActorFactory: Actor Factory created SM_Throne_Exterior_Wall_04
[2015.07.08-15.26.00:786][679]LogActorFactory: Actor Factory created SM_Throne_Exterior_Wall_04
[2015.07.08-15.26.10:311][497]LogStaticMesh: Building static mesh SM_Throne_Exterior_Wall_03...
[2015.07.08-15.26.10:337][497]LogStaticMesh: Built static mesh [0.025810.2s] /Game/Elemental/Environment/Throne_Exterior/Mesh/SM_Throne_Exterior_Wall_03.SM_Throne_Exterior_Wall_03
[2015.07.08-15.26.10:353][497]LogActorFactory: Actor Factory created SM_Throne_Exterior_Wall_03
[2015.07.08-15.26.11:411][594]LogActorFactory: Actor Factory created SM_Throne_Exterior_Wall_03
[2015.07.08-15.26.11:811][630]LogActorFactory: Actor Factory created SM_Throne_Exterior_Wall_03
[2015.07.08-15.26.16:370][  4]LogEditorViewport: Clicking on Actor (LMB): StaticMeshActor (SM_Throne_Exterior_Wall_04)
[2015.07.08-15.26.20:027][229]LogStaticMesh: Building static mesh SM_Throne_Exterior_Wall_Broken_03...
[2015.07.08-15.26.20:095][229]LogStaticMesh: Built static mesh [0.067895.2s] /Game/Elemental/Environment/Throne_Exterior/Mesh/SM_Throne_Exterior_Wall_Broken_03.SM_Throne_Exterior_Wall_Broken_03
[2015.07.08-15.26.20:117][229]LogActorFactory: Actor Factory created SM_Throne_Exterior_Wall_Broken_03
[2015.07.08-15.26.22:506][449]LogActorFactory: Actor Factory created SM_Throne_Exterior_Wall_Broken_03
[2015.07.08-15.26.33:277][428]LogEditorViewport: Clicking on Actor (LMB): StaticMeshActor (SM_Throne_Exterior_Wall_03)
[2015.07.08-15.26.33:979][489]Cmd: DELETE
[2015.07.08-15.26.33:979][489]Cmd: ACTOR DELETE
[2015.07.08-15.26.33:979][489]LogEditorActor: Deleted Actor: StaticMeshActor
[2015.07.08-15.26.33:995][489]LogEditorActor: Deleted 1 Actors (0.017 secs)
[2015.07.08-15.26.35:457][620]LogEditorViewport: Clicking on Actor (LMB): StaticMeshActor (SM_Throne_Exterior_Wall_04)
[2015.07.08-15.26.35:922][650]Cmd: DELETE
[2015.07.08-15.26.35:922][650]Cmd: ACTOR DELETE
[2015.07.08-15.26.35:922][650]LogEditorActor: Deleted Actor: StaticMeshActor
[2015.07.08-15.26.35:936][650]LogEditorActor: Deleted 1 Actors (0.014 secs)
[2015.07.08-15.26.37:776][777]LogStaticMesh: Building static mesh SM_Throne_Exterior_Wall_Broken_01...
[2015.07.08-15.26.37:809][777]LogStaticMesh: Built static mesh [0.032752.2s] /Game/Elemental/Environment/Throne_Exterior/Mesh/SM_Throne_Exterior_Wall_Broken_01.SM_Throne_Exterior_Wall_Broken_01
[2015.07.08-15.26.37:825][777]LogActorFactory: Actor Factory created SM_Throne_Exterior_Wall_Broken_01
[2015.07.08-15.26.38:769][862]LogActorFactory: Actor Factory created SM_Throne_Exterior_Wall_Broken_01
[2015.07.08-15.26.44:186][329]LogEditorViewport: Clicking on Actor (LMB): StaticMeshActor (SM_Throne_Exterior_Wall_Broken_03)
[2015.07.08-15.26.46:504][537]LogEditorViewport: Clicking on Actor (LMB): StaticMeshActor (SM_Throne_Exterior_Wall_Broken_01)
[2015.07.08-15.27.02:641][969]LogEditorViewport: Clicking on Actor (LMB): StaticMeshActor (Floor)
[2015.07.08-15.27.02:940][993]LogEditorViewport: Clicking on Actor (LMB): StaticMeshActor (SM_Throne_Exterior_Wall_Broken_03)
[2015.07.08-15.27.17:119][272]LogEditorViewport: Clicking on Actor (LMB): StaticMeshActor (Floor)
[2015.07.08-15.27.18:123][355]LogEditorViewport: Clicking on Actor (LMB): StaticMeshActor (SM_Throne_Exterior_Wall_Broken_03)
[2015.07.08-15.27.34:619][832]Cmd: DELETE
[2015.07.08-15.27.34:619][832]Cmd: ACTOR DELETE
[2015.07.08-15.27.34:620][832]LogEditorActor: Deleted Actor: StaticMeshActor
[2015.07.08-15.27.34:636][832]LogEditorActor: Deleted 1 Actors (0.017 secs)
[2015.07.08-15.27.39:528][172]LogStaticMesh: Building static mesh SM_Throne_Exterior_Wall_Curved_01...
[2015.07.08-15.27.39:541][172]LogStaticMesh: Built static mesh [0.013219.2s] /Game/Elemental/Environment/Throne_Exterior/Mesh/SM_Throne_Exterior_Wall_Curved_01.SM_Throne_Exterior_Wall_Curved_01
[2015.07.08-15.27.39:574][172]LogActorFactory: Actor Factory created SM_Throne_Exterior_Wall_Curved_01
[2015.07.08-15.27.40:526][251]LogActorFactory: Actor Factory created SM_Throne_Exterior_Wall_Curved_01
[2015.07.08-15.27.43:007][465]Cmd: DELETE
[2015.07.08-15.27.43:007][465]Cmd: ACTOR DELETE
[2015.07.08-15.27.43:007][465]LogEditorActor: Deleted Actor: StaticMeshActor
[2015.07.08-15.27.43:023][465]LogEditorActor: Deleted 1 Actors (0.016 secs)
[2015.07.08-15.27.47:233][718]LogStaticMesh: Building static mesh SM_Throne_Exterior_WallTrim_Curved...
[2015.07.08-15.27.47:255][718]LogStaticMesh: Built static mesh [0.023678.2s] /Game/Elemental/Environment/Throne_Exterior/Mesh/SM_Throne_Exterior_WallTrim_Curved.SM_Throne_Exterior_WallTrim_Curved
[2015.07.08-15.27.47:271][718]LogActorFactory: Actor Factory created SM_Throne_Exterior_WallTrim_Curved
[2015.07.08-15.27.48:323][821]LogActorFactory: Actor Factory created SM_Throne_Exterior_WallTrim_Curved
[2015.07.08-15.27.58:061][528]Cmd: DELETE
[2015.07.08-15.27.58:061][528]Cmd: ACTOR DELETE
[2015.07.08-15.27.58:062][528]LogEditorActor: Deleted Actor: StaticMeshActor
[2015.07.08-15.27.58:078][528]LogEditorActor: Deleted 1 Actors (0.017 secs)
[2015.07.08-15.28.24:271][975]Cmd: OBJ SAVEPACKAGE PACKAGE="/Game/Levels/DefaultLevel" FILE="../../../../../../GitHub/GDV-Projekt/ProjectNarnia/Content/Levels/DefaultLevel.umap" SILENT=true AUTOSAVING=false KEEPDIRTY=false
[2015.07.08-15.28.24:307][975]LogSavePackage: Save=17.935246ms
[2015.07.08-15.28.24:307][975]LogSavePackage: Moving '../../../../../../GitHub/GDV-Projekt/ProjectNarnia/Saved/DefaultLevel694BC4074E7E7AE96B6FA1B2BBA5A9BD.tmp' to '../../../../../../GitHub/GDV-Projekt/ProjectNarnia/Content/Levels/DefaultLevel.umap'
[2015.07.08-15.28.28:195][319]LogDialogs:Warning: Supressed: The editor will restart to switch to the ElementalDemo project.  You will be prompted to save any changes before the editor restarts.  Continue switching projects?
[2015.07.08-15.28.28:200][320]Cmd: CLOSE_SLATE_MAINFRAME
[2015.07.08-15.28.28:519][321]Cmd: QUIT_EDITOR
[2015.07.08-15.28.28:743][321]LogExit: Preparing to exit.
[2015.07.08-15.28.29:055][321]LogExit: Editor shut down
[2015.07.08-15.28.29:055][321]LogExit: Transaction tracking system shut down
[2015.07.08-15.28.29:056][321]LogParticles: Destroying 0 GPU particle simulations for FXSystem 0x000000001EAF39C0
[2015.07.08-15.28.29:057][321]LogParticles: Destroying 0 GPU particle simulations for FXSystem 0x0000000026287740
[2015.07.08-15.28.29:057][321]LogParticles: Destroying 0 GPU particle simulations for FXSystem 0x0000000026284860
[2015.07.08-15.28.29:057][321]LogParticles: Destroying 0 GPU particle simulations for FXSystem 0x00000000219A4F40
[2015.07.08-15.28.29:153][321]LogExit: Object subsystem successfully closed.
[2015.07.08-15.28.29:207][321]LogModuleManager: Shutting down and abandoning module StaticMeshEditor (189)
[2015.07.08-15.28.29:207][321]LogModuleManager: Shutting down and abandoning module CrashTracker (188)
[2015.07.08-15.28.29:207][321]LogModuleManager: Shutting down and abandoning module SceneOutliner (187)
[2015.07.08-15.28.29:207][321]LogModuleManager: Shutting down and abandoning module SuperSearch (186)
[2015.07.08-15.28.29:207][321]LogModuleManager: Shutting down and abandoning module WidgetCarousel (185)
[2015.07.08-15.28.29:207][321]LogModuleManager: Shutting down and abandoning module AddContentDialog (184)
[2015.07.08-15.28.29:208][321]LogModuleManager: Shutting down and abandoning module EditorWidgets (183)
[2015.07.08-15.28.29:208][321]LogModuleManager: Shutting down and abandoning module CollectionManager (182)
[2015.07.08-15.28.29:208][321]LogModuleManager: Shutting down and abandoning module StatsViewer (181)
[2015.07.08-15.28.29:208][321]LogModuleManager: Shutting down and abandoning module FoliageEdit (180)
[2015.07.08-15.28.29:208][321]LogModuleManager: Shutting down and abandoning module LandscapeEditor (179)
[2015.07.08-15.28.29:208][321]LogModuleManager: Shutting down and abandoning module ActorPickerMode (178)
[2015.07.08-15.28.29:208][321]LogModuleManager: Shutting down and abandoning module GeometryMode (177)
[2015.07.08-15.28.29:208][321]LogModuleManager: Shutting down and abandoning module TextureAlignMode (176)
[2015.07.08-15.28.29:208][321]LogModuleManager: Shutting down and abandoning module BspMode (175)
[2015.07.08-15.28.29:208][321]LogModuleManager: Shutting down and abandoning module PlacementMode (174)
[2015.07.08-15.28.29:208][321]LogModuleManager: Shutting down and abandoning module AutomationWorker (173)
[2015.07.08-15.28.29:208][321]LogModuleManager: Shutting down and abandoning module CharacterAI (172)
[2015.07.08-15.28.29:208][321]LogModuleManager: Shutting down and abandoning module SmartSnapping (171)
[2015.07.08-15.28.29:208][321]LogModuleManager: Shutting down and abandoning module ViewportSnapping (170)
[2015.07.08-15.28.29:208][321]LogModuleManager: Shutting down and abandoning module LogVisualizer (169)
[2015.07.08-15.28.29:208][321]LogModuleManager: Shutting down and abandoning module GameProjectGeneration (168)
[2015.07.08-15.28.29:208][321]LogModuleManager: Shutting down and abandoning module IntroTutorials (167)
[2015.07.08-15.28.29:208][321]LogModuleManager: Shutting down and abandoning module EditorLiveStreaming (166)
[2015.07.08-15.28.29:208][321]LogModuleManager: Shutting down and abandoning module IOSPlatformEditor (165)
[2015.07.08-15.28.29:208][321]LogModuleManager: Shutting down and abandoning module HTML5PlatformEditor (164)
[2015.07.08-15.28.29:208][321]LogModuleManager: Shutting down and abandoning module AndroidDeviceDetection (163)
[2015.07.08-15.28.29:336][321]LogModuleManager: Shutting down and abandoning module AndroidPlatformEditor (162)
[2015.07.08-15.28.29:336][321]LogModuleManager: Shutting down and abandoning module IOSRuntimeSettings (161)
[2015.07.08-15.28.29:336][321]LogModuleManager: Shutting down and abandoning module AndroidRuntimeSettings (160)
[2015.07.08-15.28.29:336][321]LogModuleManager: Shutting down and abandoning module MergeActors (159)
[2015.07.08-15.28.29:336][321]LogModuleManager: Shutting down and abandoning module SizeMap (158)
[2015.07.08-15.28.29:336][321]LogModuleManager: Shutting down and abandoning module TreeMap (157)
[2015.07.08-15.28.29:336][321]LogModuleManager: Shutting down and abandoning module ReferenceViewer (156)
[2015.07.08-15.28.29:336][321]LogModuleManager: Shutting down and abandoning module LocalizationDashboard (155)
[2015.07.08-15.28.29:336][321]LogModuleManager: Shutting down and abandoning module HardwareTargeting (154)
[2015.07.08-15.28.29:336][321]LogModuleManager: Shutting down and abandoning module DeviceProfileEditor (153)
[2015.07.08-15.28.29:336][321]LogModuleManager: Shutting down and abandoning module UndoHistory (152)
[2015.07.08-15.28.29:336][321]LogModuleManager: Shutting down and abandoning module GameplayTagsEditor (151)
[2015.07.08-15.28.29:336][321]LogModuleManager: Shutting down and abandoning module UserFeedback (150)
[2015.07.08-15.28.29:336][321]LogModuleManager: Shutting down and abandoning module XmlParser (149)
[2015.07.08-15.28.29:336][321]LogModuleManager: Shutting down and abandoning module Blutility (148)
[2015.07.08-15.28.29:336][321]LogModuleManager: Shutting down and abandoning module ProjectTargetPlatformEditor (147)
[2015.07.08-15.28.29:336][321]LogModuleManager: Shutting down and abandoning module ProjectSettingsViewer (146)
[2015.07.08-15.28.29:337][321]LogModuleManager: Shutting down and abandoning module InputBindingEditor (145)
[2015.07.08-15.28.29:337][321]LogModuleManager: Shutting down and abandoning module EditorSettingsViewer (144)
[2015.07.08-15.28.29:337][321]LogModuleManager: Shutting down and abandoning module SettingsEditor (143)
[2015.07.08-15.28.29:337][321]LogModuleManager: Shutting down and abandoning module ProjectLauncher (142)
[2015.07.08-15.28.29:337][321]LogModuleManager: Shutting down and abandoning module SessionFrontend (141)
[2015.07.08-15.28.29:337][321]LogModuleManager: Shutting down and abandoning module ProfilerClient (140)
[2015.07.08-15.28.29:337][321]LogModuleManager: Shutting down and abandoning module TargetDeviceServices (139)
[2015.07.08-15.28.29:337][321]LogModuleManager: Shutting down and abandoning module DeviceManager (138)
[2015.07.08-15.28.29:338][321]LogModuleManager: Shutting down and abandoning module AutomationController (137)
[2015.07.08-15.28.29:338][321]LogModuleManager: Shutting down and abandoning module AutomationWindow (136)
[2015.07.08-15.28.29:338][321]LogModuleManager: Shutting down and abandoning module Layers (135)
[2015.07.08-15.28.29:338][321]LogModuleManager: Shutting down and abandoning module ComponentVisualizers (134)
[2015.07.08-15.28.29:338][321]LogModuleManager: Shutting down and abandoning module DetailCustomizations (133)
[2015.07.08-15.28.29:338][321]LogModuleManager: Shutting down and abandoning module PackagesDialog (132)
[2015.07.08-15.28.29:338][321]LogModuleManager: Shutting down and abandoning module AssetRegistry (131)
[2015.07.08-15.28.29:383][321]LogModuleManager: Shutting down and abandoning module Persona (130)
[2015.07.08-15.28.29:383][321]LogModuleManager: Shutting down and abandoning module Kismet (129)
[2015.07.08-15.28.29:383][321]LogModuleManager: Shutting down and abandoning module GraphEditor (128)
[2015.07.08-15.28.29:383][321]LogModuleManager: Shutting down and abandoning module ClassViewer (127)
[2015.07.08-15.28.29:383][321]LogModuleManager: Shutting down and abandoning module Toolbox (126)
[2015.07.08-15.28.29:383][321]LogModuleManager: Shutting down and abandoning module ModuleUI (125)
[2015.07.08-15.28.29:383][321]LogModuleManager: Shutting down and abandoning module MovieSceneTools (124)
[2015.07.08-15.28.29:383][321]LogModuleManager: Shutting down and abandoning module OutputLog (123)
[2015.07.08-15.28.29:383][321]LogModuleManager: Shutting down and abandoning module GammaUI (122)
[2015.07.08-15.28.29:383][321]LogModuleManager: Shutting down and abandoning module Documentation (121)
[2015.07.08-15.28.29:383][321]LogModuleManager: Shutting down and abandoning module GameLiveStreaming (120)
[2015.07.08-15.28.29:383][321]LogModuleManager: Shutting down and abandoning module StreamingPauseRendering (119)
[2015.07.08-15.28.29:384][321]LogModuleManager: Shutting down and abandoning module AnalyticsET (118)
[2015.07.08-15.28.29:384][321]LogModuleManager: Shutting down and abandoning module Analytics (117)
[2015.07.08-15.28.29:384][321]LogModuleManager: Shutting down and abandoning module AITestSuite (116)
[2015.07.08-15.28.29:384][321]LogModuleManager: Shutting down and abandoning module GameplayDebugger (115)
[2015.07.08-15.28.29:384][321]LogModuleManager: Shutting down and abandoning module AIModule (114)
[2015.07.08-15.28.29:384][321]LogModuleManager: Shutting down and abandoning module ProfilerService (113)
[2015.07.08-15.28.29:546][321]LogModuleManager: Shutting down and abandoning module TaskGraph (112)
[2015.07.08-15.28.29:546][321]LogModuleManager: Shutting down and abandoning module SlateRemote (111)
[2015.07.08-15.28.29:546][321]LogModuleManager: Shutting down and abandoning module SteamVRController (110)
[2015.07.08-15.28.29:546][321]LogModuleManager: Shutting down and abandoning module SteamVR (109)
[2015.07.08-15.28.29:546][321]LogModuleManager: Shutting down and abandoning module ProceduralMeshComponent (108)
[2015.07.08-15.28.29:546][321]LogModuleManager: Shutting down and abandoning module OculusRift (107)
[2015.07.08-15.28.29:546][321]LogModuleManager: Shutting down and abandoning module LeapMotionController (106)
[2015.07.08-15.28.29:550][321]LogModuleManager: Shutting down and abandoning module CustomMeshComponent (105)
[2015.07.08-15.28.29:550][321]LogModuleManager: Shutting down and abandoning module CableComponent (104)
[2015.07.08-15.28.29:550][321]LogModuleManager: Shutting down and abandoning module MessagingDebugger (103)
[2015.07.08-15.28.29:550][321]LogModuleManager: Shutting down and abandoning module MediaPlayerEditor (102)
[2015.07.08-15.28.29:550][321]LogModuleManager: Shutting down and abandoning module SpeedTreeImporter (101)
[2015.07.08-15.28.29:550][321]LogModuleManager: Shutting down and abandoning module PluginBrowser (100)
[2015.07.08-15.28.29:550][321]LogModuleManager: Shutting down and abandoning module EpicSurvey (99)
[2015.07.08-15.28.29:550][321]LogModuleManager: Shutting down and abandoning module DesktopPlatform (98)
[2015.07.08-15.28.29:550][321]LogModuleManager: Shutting down and abandoning module VisualStudioSourceCodeAccess (97)
[2015.07.08-15.28.29:550][321]LogModuleManager: Shutting down and abandoning module UObjectPlugin (96)
[2015.07.08-15.28.29:550][321]LogModuleManager: Shutting down and abandoning module SubversionSourceControl (95)
[2015.07.08-15.28.29:550][321]LogModuleManager: Shutting down and abandoning module PerforceSourceControl (94)
[2015.07.08-15.28.29:550][321]LogModuleManager: Shutting down and abandoning module SourceControl (93)
[2015.07.08-15.28.29:550][321]LogModuleManager: Shutting down and abandoning module GitSourceControl (92)
[2015.07.08-15.28.29:550][321]LogModuleManager: Shutting down and abandoning module BlankPlugin (91)
[2015.07.08-15.28.29:550][321]LogModuleManager: Shutting down and abandoning module PaperTiledImporter (90)
[2015.07.08-15.28.29:550][321]LogModuleManager: Shutting down and abandoning module PaperSpriteSheetImporter (89)
[2015.07.08-15.28.29:550][321]LogModuleManager: Shutting down and abandoning module MeshPaint (88)
[2015.07.08-15.28.29:550][321]LogModuleManager: Shutting down and abandoning module SlateReflector (87)
[2015.07.08-15.28.29:550][321]LogModuleManager: Shutting down and abandoning module DirectoryWatcher (86)
[2015.07.08-15.28.29:550][321]LogModuleManager: Shutting down and abandoning module HotReload (85)
[2015.07.08-15.28.29:550][321]LogModuleManager: Shutting down and abandoning module MainFrame (84)
[2015.07.08-15.28.29:550][321]LogModuleManager: Shutting down and abandoning module LevelEditor (83)
[2015.07.08-15.28.29:551][321]LogModuleManager: Shutting down and abandoning module ContentBrowser (82)
[2015.07.08-15.28.29:552][321]LogModuleManager: Shutting down and abandoning module Paper2DEditor (81)
[2015.07.08-15.28.29:552][321]LogModuleManager: Shutting down and abandoning module UdpMessaging (80)
[2015.07.08-15.28.29:652][321]LogModuleManager: Shutting down and abandoning module Paper2D (79)
[2015.07.08-15.28.29:652][321]LogModuleManager: Shutting down and abandoning module WindowsMoviePlayer (78)
[2015.07.08-15.28.29:655][321]LogModuleManager: Shutting down and abandoning module Media (77)
[2015.07.08-15.28.29:655][321]LogModuleManager: Shutting down and abandoning module WmfMedia (76)
[2015.07.08-15.28.29:655][321]LogModuleManager: Shutting down and abandoning module OnlineBlueprintSupport (75)
[2015.07.08-15.28.29:655][321]LogModuleManager: Shutting down and abandoning module PropertyEditor (74)
[2015.07.08-15.28.29:655][321]LogModuleManager: Shutting down and abandoning module BehaviorTreeEditor (73)
[2015.07.08-15.28.29:655][321]LogModuleManager: Shutting down and abandoning module FunctionalTesting (72)
[2015.07.08-15.28.29:655][321]LogModuleManager: Shutting down and abandoning module CollisionAnalyzer (71)
[2015.07.08-15.28.29:655][321]LogModuleManager: Shutting down and abandoning module WorkspaceMenuStructure (70)
[2015.07.08-15.28.29:655][321]LogModuleManager: Shutting down and abandoning module MessageLog (69)
[2015.07.08-15.28.29:655][321]LogModuleManager: Shutting down and abandoning module Sequencer (68)
[2015.07.08-15.28.29:655][321]LogModuleManager: Shutting down and abandoning module AssetTools (67)
[2015.07.08-15.28.29:655][321]LogModuleManager: Shutting down and abandoning module UMGEditor (66)
[2015.07.08-15.28.29:655][321]LogModuleManager: Shutting down and abandoning module UMG (65)
[2015.07.08-15.28.29:655][321]LogModuleManager: Shutting down and abandoning module Slate (64)
[2015.07.08-15.28.29:655][321]LogModuleManager: Shutting down and abandoning module EditorStyle (63)
[2015.07.08-15.28.29:657][321]LogModuleManager: Shutting down and abandoning module SessionServices (62)
[2015.07.08-15.28.29:657][321]LogModuleManager: Shutting down and abandoning module SourceCodeAccess (61)
[2015.07.08-15.28.29:657][321]LogModuleManager: Shutting down and abandoning module HeadMountedDisplay (60)
[2015.07.08-15.28.29:657][321]LogModuleManager: Shutting down and abandoning module XAudio2 (59)
[2015.07.08-15.28.29:657][321]LogModuleManager: Shutting down and abandoning module Networking (57)
[2015.07.08-15.28.29:657][321]LogModuleManager: Shutting down and abandoning module Core (56)
[2015.07.08-15.28.29:657][321]LogModuleManager: Shutting down and abandoning module KismetCompiler (55)
[2015.07.08-15.28.29:657][321]LogModuleManager: Shutting down and abandoning module PhysXFormats (54)
[2015.07.08-15.28.29:657][321]LogModuleManager: Shutting down and abandoning module MeshUtilities (53)
[2015.07.08-15.28.29:657][321]LogModuleManager: Shutting down and abandoning module DerivedDataCache (52)
[2015.07.08-15.28.29:709][321]LogDerivedDataCache: Shutdown
[2015.07.08-15.28.29:709][321]LogModuleManager: Shutting down and abandoning module ShaderFormatOpenGL (51)
[2015.07.08-15.28.29:709][321]LogModuleManager: Shutting down and abandoning module ShaderFormatD3D (50)
[2015.07.08-15.28.29:709][321]LogModuleManager: Shutting down and abandoning module MetalShaderFormat (49)
[2015.07.08-15.28.29:709][321]LogModuleManager: Shutting down and abandoning module TextureFormatUncompressed (48)
[2015.07.08-15.28.29:709][321]LogModuleManager: Shutting down and abandoning module TextureFormatPVR (47)
[2015.07.08-15.28.29:709][321]LogModuleManager: Shutting down and abandoning module TextureFormatIntelISPCTexComp (46)
[2015.07.08-15.28.29:709][321]LogModuleManager: Shutting down and abandoning module TextureFormatDXT (45)
[2015.07.08-15.28.29:709][321]LogModuleManager: Shutting down and abandoning module ImageWrapper (44)
[2015.07.08-15.28.29:709][321]LogModuleManager: Shutting down and abandoning module TextureFormatASTC (43)
[2015.07.08-15.28.29:709][321]LogModuleManager: Shutting down and abandoning module TextureFormatAndroid (42)
[2015.07.08-15.28.29:709][321]LogModuleManager: Shutting down and abandoning module AudioFormatOpus (41)
[2015.07.08-15.28.29:709][321]LogModuleManager: Shutting down and abandoning module AudioFormatOgg (40)
[2015.07.08-15.28.29:709][321]LogModuleManager: Shutting down and abandoning module AudioFormatADPCM (39)
[2015.07.08-15.28.29:709][321]LogModuleManager: Shutting down and abandoning module LinuxTargetPlatform (38)
[2015.07.08-15.28.29:709][321]LogModuleManager: Shutting down and abandoning module LinuxServerTargetPlatform (37)
[2015.07.08-15.28.29:709][321]LogModuleManager: Shutting down and abandoning module LinuxNoEditorTargetPlatform (36)
[2015.07.08-15.28.29:709][321]LogModuleManager: Shutting down and abandoning module Messaging (35)
[2015.07.08-15.28.29:709][321]LogModuleManager: Shutting down and abandoning module IOSTargetPlatform (34)
[2015.07.08-15.28.29:709][321]LogModuleManager: Shutting down and abandoning module HTML5TargetPlatform (33)
[2015.07.08-15.28.29:709][321]LogModuleManager: Shutting down and abandoning module Android_PVRTCTargetPlatform (32)
[2015.07.08-15.28.29:709][321]LogModuleManager: Shutting down and abandoning module Android_ETC2TargetPlatform (31)
[2015.07.08-15.28.29:709][321]LogModuleManager: Shutting down and abandoning module Android_ETC1TargetPlatform (30)
[2015.07.08-15.28.29:709][321]LogModuleManager: Shutting down and abandoning module Android_DXTTargetPlatform (29)
[2015.07.08-15.28.29:709][321]LogModuleManager: Shutting down and abandoning module Android_ATCTargetPlatform (28)
[2015.07.08-15.28.29:709][321]LogModuleManager: Shutting down and abandoning module Android_ASTCTargetPlatform (27)
[2015.07.08-15.28.29:709][321]LogModuleManager: Shutting down and abandoning module AndroidTargetPlatform (26)
[2015.07.08-15.28.29:709][321]LogModuleManager: Shutting down and abandoning module WindowsTargetPlatform (25)
[2015.07.08-15.28.29:709][321]LogModuleManager: Shutting down and abandoning module WindowsServerTargetPlatform (24)
[2015.07.08-15.28.29:709][321]LogModuleManager: Shutting down and abandoning module WindowsNoEditorTargetPlatform (23)
[2015.07.08-15.28.29:709][321]LogModuleManager: Shutting down and abandoning module WindowsClientTargetPlatform (22)
[2015.07.08-15.28.29:709][321]LogModuleManager: Shutting down and abandoning module DesktopTargetPlatform (21)
[2015.07.08-15.28.29:709][321]LogModuleManager: Shutting down and abandoning module TargetPlatform (20)
[2015.07.08-15.28.29:709][321]LogModuleManager: Shutting down and abandoning module InputCore (19)
[2015.07.08-15.28.29:709][321]LogModuleManager: Shutting down and abandoning module Settings (18)
[2015.07.08-15.28.29:709][321]LogModuleManager: Shutting down and abandoning module OnlineSubsystem (16)
[2015.07.08-15.28.29:709][321]LogModuleManager: Shutting down and abandoning module HTTP (15)
[2015.07.08-15.28.29:709][321]LogModuleManager: Shutting down and abandoning module ExampleDeviceProfileSelector (14)
[2015.07.08-15.28.29:709][321]LogModuleManager: Shutting down and abandoning module TextureCompressor (13)
[2015.07.08-15.28.29:709][321]LogModuleManager: Shutting down and abandoning module ShaderCore (12)
[2015.07.08-15.28.29:709][321]LogModuleManager: Shutting down and abandoning module Landscape (11)
[2015.07.08-15.28.29:709][321]LogModuleManager: Shutting down and abandoning module SlateRHIRenderer (10)
[2015.07.08-15.28.29:711][321]LogModuleManager: Shutting down and abandoning module OpenGLDrv (9)
[2015.07.08-15.28.29:711][321]LogModuleManager: Shutting down and abandoning module D3D11RHI (8)
[2015.07.08-15.28.29:711][321]LogModuleManager: Shutting down and abandoning module Renderer (7)
[2015.07.08-15.28.29:711][321]LogModuleManager: Shutting down and abandoning module Engine (6)
[2015.07.08-15.28.29:711][321]LogModuleManager: Shutting down and abandoning module CoreUObject (5)
[2015.07.08-15.28.29:711][321]LogModuleManager: Shutting down and abandoning module NetworkFile (4)
[2015.07.08-15.28.29:711][321]LogModuleManager: Shutting down and abandoning module StreamingFile (3)
[2015.07.08-15.28.29:711][321]LogModuleManager: Shutting down and abandoning module SandboxFile (2)
[2015.07.08-15.28.29:711][321]LogModuleManager: Shutting down and abandoning module PakFile (1)
[2015.07.08-15.28.29:711][321]LogExit: Exiting.
[2015.07.08-15.28.29:713][321]Log file closed, 07/08/15 17:28:29
