[2015.08.02-13.36.36:067][  0]Log file open, 08/02/15 15:36:36
[2015.08.02-13.36.36:067][  0]LogInit:Display: Running engine for game: ProjectNarnia
[2015.08.02-13.36.36:067][  0]LogInit:Display: RandInit(-1152004226) SRandInit(-1152004225).
[2015.08.02-13.36.36:067][  0]LogTaskGraph: Started task graph with 4 named threads and 7 total threads.
[2015.08.02-13.36.36:067][  0]LogStats: Stats thread started
[2015.08.02-13.36.36:067][  0]LogInit: Version: 4.8.3-2634408+++depot+UE4-Releases+4.8
[2015.08.02-13.36.36:067][  0]LogInit: API Version: 2579680
[2015.08.02-13.36.36:067][  0]LogInit: Compiled (64-bit): Jul 27 2015 16:24:33
[2015.08.02-13.36.36:067][  0]LogInit: Compiled with Visual C++: 18.00.21005.01
[2015.08.02-13.36.36:067][  0]LogInit: Build Configuration: Development
[2015.08.02-13.36.36:067][  0]LogInit: Branch Name: ++depot+UE4-Releases+4.8
[2015.08.02-13.36.36:067][  0]LogInit: Command line:  
[2015.08.02-13.36.36:067][  0]LogInit: Base directory: D:/Programme/Epic Games/4.8/Engine/Binaries/Win64/
[2015.08.02-13.36.36:067][  0]LogInit: Rocket: 1
[2015.08.02-13.36.36:078][  0]LogInit: Using libcurl 7.41.0
[2015.08.02-13.36.36:078][  0]LogInit:  - built for x86_64-pc-win32
[2015.08.02-13.36.36:078][  0]LogInit:  - supports SSL with WinSSL
[2015.08.02-13.36.36:078][  0]LogInit:  - other features:
[2015.08.02-13.36.36:078][  0]LogInit:      CURL_VERSION_SSL
[2015.08.02-13.36.36:078][  0]LogInit:      CURL_VERSION_IPV6
[2015.08.02-13.36.36:078][  0]LogInit:      CURL_VERSION_ASYNCHDNS
[2015.08.02-13.36.36:078][  0]LogInit:      CURL_VERSION_LARGEFILE
[2015.08.02-13.36.36:078][  0]LogInit:      CURL_VERSION_IDN
[2015.08.02-13.36.36:078][  0]LogInit:  CurlRequestOptions (configurable via config and command line):
[2015.08.02-13.36.36:078][  0]LogInit:  - bVerifyPeer = true  - Libcurl will verify peer certificate
[2015.08.02-13.36.36:078][  0]LogInit:  - bUseHttpProxy = false  - Libcurl will NOT use HTTP proxy
[2015.08.02-13.36.36:078][  0]LogInit:  - bDontReuseConnections = false  - Libcurl will reuse connections
[2015.08.02-13.36.36:078][  0]LogInit:  - CertBundlePath = nullptr  - Libcurl will use whatever was configured at build time.
[2015.08.02-13.36.36:087][  0]LogOnline:Warning: No default platform service specified for OnlineSubsystem
[2015.08.02-13.36.36:098][  0]LogInit: Presizing for 0 objects not considered by GC, pre-allocating 0 bytes.
[2015.08.02-13.36.36:104][  0]LogInit: Object subsystem initialized
[2015.08.02-13.36.36:104][  0]LogConsoleResponse:Warning: Skipping Unknown console variable: 'TranslucentSortAxis = (X=0.000000,Y=-1.000000,Z=0.000000)'
[2015.08.02-13.36.36:104][  0]LogConsoleResponse:Warning:   Found in ini file 'D:/GitHub/GDV-Projekt/ProjectNarnia/Saved/Config/Windows/Engine.ini', in section '[/Script/Engine.RendererSettings]'
[2015.08.02-13.36.36:104][  0]LogConsoleResponse:Warning: Skipping Unknown console variable: 'UIScaleRule = ShortestSide'
[2015.08.02-13.36.36:104][  0]LogConsoleResponse:Warning:   Found in ini file 'D:/GitHub/GDV-Projekt/ProjectNarnia/Saved/Config/Windows/Engine.ini', in section '[/Script/Engine.RendererSettings]'
[2015.08.02-13.36.36:104][  0]LogConsoleResponse:Warning: Skipping Unknown console variable: 'UIScaleCurve = (EditorCurveData=(Keys=),ExternalCurve=None)'
[2015.08.02-13.36.36:104][  0]LogConsoleResponse:Warning:   Found in ini file 'D:/GitHub/GDV-Projekt/ProjectNarnia/Saved/Config/Windows/Engine.ini', in section '[/Script/Engine.RendererSettings]'
[2015.08.02-13.36.36:105][  0]LogInit: Selected Device Profile: [Windows]
[2015.08.02-13.36.36:105][  0]LogInit: Applying CVar settings loaded from the selected device profile: [Windows]
[2015.08.02-13.36.36:111][  0]LogInit: Computer: SILVAN-PC
[2015.08.02-13.36.36:111][  0]LogInit: User: Silvan
[2015.08.02-13.36.36:111][  0]LogInit: CPU Page size=4096, Cores=4
[2015.08.02-13.36.36:111][  0]LogInit: High frequency timer resolution =3.312675 MHz
[2015.08.02-13.36.36:111][  0]LogMemory: Memory total: Physical=11.9GB (12GB approx)
[2015.08.02-13.36.36:111][  0]LogMemory: Platform Memory Stats for Windows
[2015.08.02-13.36.36:111][  0]LogMemory: Process Physical Memory: 52.47 MB used, 52.47 MB peak
[2015.08.02-13.36.36:111][  0]LogMemory: Process Virtual Memory: 25.32 MB used, 25.32 MB peak
[2015.08.02-13.36.36:111][  0]LogMemory: Physical Memory: 3616.02 MB used, 12166.62 MB total
[2015.08.02-13.36.36:111][  0]LogMemory: Virtual Memory: 284.97 MB used, 8388608.00 MB total
[2015.08.02-13.36.36:143][  0]LogTextLocalizationManager: The requested culture ('de_DE') has no localization data; falling back to 'en' for localization and internationalization data.
[2015.08.02-13.36.36:341][  0]LogTextLocalizationManager:Warning: Loaded localization resources contain conflicting entries for (Namespace:ContentBrowser, Key:ImportAssetToolTip):
Localization Resource: (D:/Programme/Epic Games/4.8/Engine/Content/Localization/Editor/en/Editor.locres) Source String Hash: (-630476809) Localized String: (Import to {0}...)
Localization Resource: (D:/Programme/Epic Games/4.8/Engine/Content/Localization/Editor/en/Editor.locres) Source String Hash: (1271782899) Localized String: (Imports an asset from file to this folder.)
[2015.08.02-13.36.36:708][  0]LogD3D11RHI: Found D3D11 adapter 0: AMD Radeon HD 7800 Series (Feature Level 11_0)
[2015.08.02-13.36.36:708][  0]LogD3D11RHI: Adapter has 2027MB of dedicated video memory, 0MB of dedicated system memory, and 3840MB of shared system memory, 1 output[s]
[2015.08.02-13.36.36:714][  0]LogD3D11RHI: Found D3D11 adapter 1: Intel(R) HD Graphics 4600 (Feature Level 11_0)
[2015.08.02-13.36.36:714][  0]LogD3D11RHI: Adapter has 64MB of dedicated video memory, 0MB of dedicated system memory, and 1632MB of shared system memory, 0 output[s]
[2015.08.02-13.36.36:714][  0]LogD3D11RHI: Chosen D3D11 Adapter Id = 0
[2015.08.02-13.36.36:719][  0]LogD3D11RHI: InitD3DDevice
[2015.08.02-13.36.36:719][  0]LogD3D11RHI: !Direct3DDevice
[2015.08.02-13.36.36:719][  0]LogRHI: Texture pool is 1361 MB (70% of 1945 MB)
[2015.08.02-13.36.36:725][  0]LogD3D11RHI: Async texture creation disabled: no driver support
[2015.08.02-13.36.36:733][  0]LogShaderCompilers:Display: Using Local Shader Compiler.
[2015.08.02-13.36.37:428][  0]LogTemp:Display: Loaded TP DesktopTargetPlatform
[2015.08.02-13.36.37:440][  0]LogTemp:Display: Loaded TP WindowsClientTargetPlatform
[2015.08.02-13.36.37:451][  0]LogTemp:Display: Loaded TP WindowsNoEditorTargetPlatform
[2015.08.02-13.36.37:463][  0]LogTemp:Display: Loaded TP WindowsServerTargetPlatform
[2015.08.02-13.36.37:475][  0]LogTemp:Display: Loaded TP WindowsTargetPlatform
[2015.08.02-13.36.37:485][  0]LogTemp:Display: Loaded TP AndroidTargetPlatform
[2015.08.02-13.36.37:495][  0]LogTemp:Display: Loaded TP Android_ASTCTargetPlatform
[2015.08.02-13.36.37:505][  0]LogTemp:Display: Loaded TP Android_ATCTargetPlatform
[2015.08.02-13.36.37:515][  0]LogTemp:Display: Loaded TP Android_DXTTargetPlatform
[2015.08.02-13.36.37:525][  0]LogTemp:Display: Loaded TP Android_ETC1TargetPlatform
[2015.08.02-13.36.37:535][  0]LogTemp:Display: Loaded TP Android_ETC2TargetPlatform
[2015.08.02-13.36.37:545][  0]LogTemp:Display: Loaded TP Android_PVRTCTargetPlatform
[2015.08.02-13.36.37:586][  0]LogTemp:Display: Loaded TP IOSTargetPlatform
[2015.08.02-13.36.37:596][  0]LogTemp:Display: Loaded TP LinuxNoEditorTargetPlatform
[2015.08.02-13.36.37:607][  0]LogTemp:Display: Loaded TP LinuxServerTargetPlatform
[2015.08.02-13.36.37:619][  0]LogTemp:Display: Loaded TP LinuxTargetPlatform
[2015.08.02-13.36.37:619][  0]LogTargetPlatformManager:Display: Building Assets For Windows
[2015.08.02-13.36.37:785][  0]LogDerivedDataCache:Display: Max Cache Size: 512 MB
[2015.08.02-13.36.37:830][  0]LogDerivedDataCache: Loaded boot cache 0.04s 53MB C:/Users/Silvan/AppData/Local/UnrealEngine/4.8/DerivedDataCache/Boot.ddc.
[2015.08.02-13.36.37:830][  0]LogDerivedDataCache:Display: Loaded Boot cache: C:/Users/Silvan/AppData/Local/UnrealEngine/4.8/DerivedDataCache/Boot.ddc
[2015.08.02-13.36.37:830][  0]LogDerivedDataCache: FDerivedDataBackendGraph:  Pak pak cache file ../../../../../../GitHub/GDV-Projekt/ProjectNarnia/DerivedDataCache/DDC.ddp not found, will not use a pak cache.
[2015.08.02-13.36.37:830][  0]LogDerivedDataCache: Unable to find inner node Pak for hierarchical cache Hierarchy.
[2015.08.02-13.36.37:830][  0]LogDerivedDataCache: FDerivedDataBackendGraph:  CompressedPak pak cache file ../../../../../../GitHub/GDV-Projekt/ProjectNarnia/DerivedDataCache/Compressed.ddp not found, will not use a pak cache.
[2015.08.02-13.36.37:830][  0]LogDerivedDataCache: Unable to find inner node CompressedPak for hierarchical cache Hierarchy.
[2015.08.02-13.36.37:952][  0]LogDerivedDataCache:Display: Pak cache opened for reading ../../../Engine/DerivedDataCache/Compressed.ddp.
[2015.08.02-13.36.37:963][  0]LogDerivedDataCache: Using Local data cache path C:/Users/Silvan/AppData/Local/UnrealEngine/Common/DerivedDataCache: Writable
[2015.08.02-13.36.38:110][  0]LogInit: Selected Device Profile: [Windows]
[2015.08.02-13.36.38:117][  0]ImportText (ComponentSweepMultiTests): Missing closing parenthesis: (RootShapeAsset="/Engine/BasicShapes/Cube.Cube",ShapeType="TriggerCapsule",HitResult=(Time=0.50,Location=(X=-100.000015,Y=0.0,Z=100.000015),ImpactPoint=(X=-50.0,Y=0.0,Z=50.0),Normal=(X=-1.0,Y=-0.0,Z=0.0),ImpactNormal=(X=0.0,Y=0.0,Z=1.0),TraceStart=(X=-200.0,Y=0.0,Z=200.0),TraceEnd=(X=0.0,Y=0.0,Z=0.0))
[2015.08.02-13.36.38:117][  0]ImportText (LineTraceSingleByChannelTests): Missing closing parenthesis: (RootShapeAsset="/Engine/BasicShapes/Cube.Cube",HitResult=(Time=0.50,Location=(X=-100.000015,Y=0.0,Z=100.000015),ImpactPoint=(X=-50.0,Y=0.0,Z=50.0),Normal=(X=-1.0,Y=-0.0,Z=0.0),ImpactNormal=(X=0.0,Y=0.0,Z=1.0),TraceStart=(X=-200.0,Y=0.0,Z=200.0),TraceEnd=(X=0.0,Y=0.0,Z=0.0))
[2015.08.02-13.36.38:139][  0]LogMeshUtilities: No automatic mesh reduction module available
[2015.08.02-13.36.38:139][  0]LogMeshUtilities: No automatic mesh merging module available
[2015.08.02-13.36.38:465][  0]LogInit: WinSock: version 1.1 (2.2), MaxSocks=32767, MaxUdp=65467
[2015.08.02-13.36.39:209][  0]UdpMessaging: Initializing bridge on interface 0.0.0.0:0 to multicast group 230.0.0.1:6666.
[2015.08.02-13.36.39:504][  0]SourceControl: Info Source control is disabled
[2015.08.02-13.36.39:509][  0]SourceControl: Info Source control is disabled
[2015.08.02-13.36.39:518][  0]SourceControl: Info Source control is disabled
[2015.08.02-13.36.39:525][  0]SourceControl: Info Source control is disabled
[2015.08.02-13.36.39:694][  0]LogObj: 26273 objects as part of root set at end of initial load.
[2015.08.02-13.36.39:694][  0]LogUObjectAllocator: 5409248 out of 0 bytes used by permanent object pool.
[2015.08.02-13.36.39:751][  0]LogEngine: Initializing Engine...
[2015.08.02-13.36.39:753][  0]LogHMD: Can't find Oculus library dev build: is proper Runtime installed? Version: 0.6.0.0
[2015.08.02-13.36.39:754][  0]LogHMD:Warning: SteamVR failed to initialize.  Error: 110
[2015.08.02-13.36.39:866][  0]LogAIModule: Creating AISystem for world NewWorld
[2015.08.02-13.36.39:872][  0]LogInit: XAudio2 using '1 - M2762DP (AMD High Definition Audio Device)' : 2 channels at 48 kHz using 16 bits per sample (channel mask 0x3)
[2015.08.02-13.36.39:891][  0]LogInit: FAudioDevice initialized.
[2015.08.02-13.36.39:921][  0]LogDerivedDataCache: Saved boot cache 0.03s 53MB C:/Users/Silvan/AppData/Local/UnrealEngine/4.8/DerivedDataCache/Boot.ddc.
[2015.08.02-13.36.39:926][  0]LogInit: Texture streaming: Disabled
[2015.08.02-13.36.39:945][  0]LogAnalytics: Creating configured Analytics provider AnalyticsET
[2015.08.02-13.36.39:945][  0]LogAnalytics: [UEEditor.Rocket.Release] APIServer = http://et2.epicgames.com/ET2/. AppVersion = 4.8.3-2634408+++depot+UE4-Releases+4.8
[2015.08.02-13.36.39:945][  0]LogAnalytics: [UEEditor.Rocket.Release] SetUserId 63ae0425466c6f65eeb5439200c4cbba|16ffa05e03dc4cfda8fe4198e1102ff4|ffbd022f-d859-4116-a567-25e39becdd18
[2015.08.02-13.36.39:945][  0]LogAnalytics: [UEEditor.Rocket.Release] AnalyticsET::StartSession
[2015.08.02-13.36.39:967][  0]LogInit: Transaction tracking system initialized
[2015.08.02-13.36.40:066][  0]BlueprintLog: New page: Editor Load
[2015.08.02-13.36.40:094][  0]LogAssetRegistry: FAssetRegistry took 0.0096 seconds to start up
[2015.08.02-13.36.40:094][  0]LogDirectoryWatcher:Warning: Failed to begin reading directory changes for ../../../Engine/Plugins/Experimental/CharacterAI/Content/. Error: 0
[2015.08.02-13.36.40:736][  0]LogConsoleManager:Warning: Console variable 'r.VSync' wasn't set ('GameSetting' has a lower priority than 'SystemSettingsIni')
[2015.08.02-13.36.40:737][  0]LogConsoleResponse:Display: 
[2015.08.02-13.36.40:817][  0]LogCook:Display: Done creating registry. It took  0.00s.
[2015.08.02-13.36.40:954][  0]SourceControl: Info Source control is disabled
[2015.08.02-13.36.40:954][  0]Cmd: MAP LOAD FILE="../../../Engine/Content/Maps/Templates/Template_Default.umap" TEMPLATE=1 SHOWPROGRESS=1 FEATURELEVEL=3
[2015.08.02-13.36.40:954][  0]LightingResults: New page: Lighting Build
[2015.08.02-13.36.40:964][  0]MapCheck: New page: Map Check
[2015.08.02-13.36.40:964][  0]LightingResults: New page: Lighting Build
[2015.08.02-13.36.40:973][  0]LogParticles: Destroying 0 GPU particle simulations for FXSystem 0x00000000155FA3E0
[2015.08.02-13.36.41:295][  0]LogAIModule: Creating AISystem for world Untitled_1
[2015.08.02-13.36.41:300][  0]LogEditorServer: Finished looking for orphan Actors (0.000 secs)
[2015.08.02-13.36.41:330][  0]Cmd: MAP CHECKDEP NOCLEARLOG
[2015.08.02-13.36.41:363][  0]MapCheck: Info Map check complete: 0 Error(s), 0 Warning(s), took 32.836ms to complete.
[2015.08.02-13.36.41:363][  0]LogFileHelpers: Loading map 'Template_Default' took 0.409
[2015.08.02-13.36.41:452][  0]LogCollectionManager: Loaded 0 collections in 0.001406 seconds
[2015.08.02-13.36.41:458][  0]LogContentBrowser: Native class hierarchy populated in 0.0055 seconds. Added 1792 classes and 301 folders.
[2015.08.02-13.36.41:492][  0]LogContentBrowser: Native class hierarchy updated for 'WidgetCarousel' in 0.0003 seconds. Added 0 classes and 0 folders.
[2015.08.02-13.36.41:517][  0]LogContentBrowser: Native class hierarchy updated for 'AddContentDialog' in 0.0002 seconds. Added 0 classes and 0 folders.
[2015.08.02-13.36.41:529][  0]LogContentBrowser: Native class hierarchy updated for 'SceneOutliner' in 0.0002 seconds. Added 1 classes and 2 folders.
[2015.08.02-13.36.41:555][  0]LogCrashTracker: Crashtracker disabled due to settings.
[2015.08.02-13.36.41:556][  0]LogD3D11RHI: InitD3DDevice
[2015.08.02-13.36.41:558][  0]LogUObjectGlobals:Warning: Failed to find object 'Class None.'
[2015.08.02-13.36.41:579][  0]LogLoad: Full Startup: 6.58 seconds (BP compile: 0.16 seconds)
[2015.08.02-13.36.41:972][  0]LogContentStreaming: Texture pool size is 0.000000MB
[2015.08.02-13.36.41:990][  0]LogContentStreaming: Texture pool size now 1000 MB
[2015.08.02-13.36.42:120][  0]LogRenderer: Reallocating scene render targets to support 1240x600 (Frame:2).
[2015.08.02-13.36.43:360][  4]LogD3D11RHI: InitD3DDevice
[2015.08.02-13.36.44:502][ 12]LogAssetRegistry: Asset discovery search completed in 4.4167 seconds
[2015.08.02-13.36.48:992][524]LogD3D11RHI: InitD3DDevice
[2015.08.02-13.36.49:738][524]LogD3D11RHI: InitD3DDevice
[2015.08.02-13.36.53:980][524]LogD3D11RHI: InitD3DDevice
[2015.08.02-13.36.54:971][524]LogD3D11RHI: InitD3DDevice
[2015.08.02-13.36.55:350][524]LogD3D11RHI: InitD3DDevice
[2015.08.02-13.36.56:652][524]LogD3D11RHI: InitD3DDevice
[2015.08.02-13.36.56:671][524]Cmd: OBJ SAVEPACKAGE PACKAGE="/Game/FX/Materials/Water/M_OuterSplash_Inst" FILE="../../../../../../GitHub/GDV-Projekt/ProjectNarnia/Content/FX/Materials/Water/M_OuterSplash_Inst.uasset" SILENT=true
[2015.08.02-13.36.56:680][524]LogSavePackage: Save=2.174979ms
[2015.08.02-13.36.56:680][524]LogSavePackage: Moving '../../../../../../GitHub/GDV-Projekt/ProjectNarnia/Saved/M_OuterSplash_Inst5CAE10BB4115FED63478A6A027D4D02C.tmp' to '../../../../../../GitHub/GDV-Projekt/ProjectNarnia/Content/FX/Materials/Water/M_OuterSplash_Inst.uasset'
[2015.08.02-13.36.58:027][680]LogD3D11RHI: InitD3DDevice
[2015.08.02-13.36.58:867][680]LogD3D11RHI: InitD3DDevice
[2015.08.02-13.37.04:594][680]LogD3D11RHI: InitD3DDevice
[2015.08.02-13.37.05:317][680]LogD3D11RHI: InitD3DDevice
[2015.08.02-13.37.05:421][680]LogD3D11RHI: InitD3DDevice
[2015.08.02-13.37.06:740][680]LogD3D11RHI: InitD3DDevice
[2015.08.02-13.37.06:755][680]Cmd: OBJ SAVEPACKAGE PACKAGE="/Game/FX/Materials/Water/M_SplashDisc_Inst" FILE="../../../../../../GitHub/GDV-Projekt/ProjectNarnia/Content/FX/Materials/Water/M_SplashDisc_Inst.uasset" SILENT=true
[2015.08.02-13.37.06:763][680]LogSavePackage: Save=2.110379ms
[2015.08.02-13.37.06:763][680]LogSavePackage: Moving '../../../../../../GitHub/GDV-Projekt/ProjectNarnia/Saved/M_SplashDisc_Inst929E050248C06D4CEBBB04AB5F6387FF.tmp' to '../../../../../../GitHub/GDV-Projekt/ProjectNarnia/Content/FX/Materials/Water/M_SplashDisc_Inst.uasset'
[2015.08.02-13.37.08:552][892]LogD3D11RHI: InitD3DDevice
[2015.08.02-13.37.09:722][ 30]LogD3D11RHI: InitD3DDevice
[2015.08.02-13.37.12:062][ 30]LogD3D11RHI: InitD3DDevice
[2015.08.02-13.37.13:377][159]LogD3D11RHI: InitD3DDevice
[2015.08.02-13.37.15:242][382]LogD3D11RHI: InitD3DDevice
[2015.08.02-13.37.20:081][960]LogD3D11RHI: InitD3DDevice
[2015.08.02-13.37.22:956][960]LogD3D11RHI: InitD3DDevice
[2015.08.02-13.37.22:981][960]LogD3D11RHI: InitD3DDevice
[2015.08.02-13.37.22:991][960]LogD3D11RHI: InitD3DDevice
[2015.08.02-13.37.25:155][209]LogD3D11RHI: InitD3DDevice
[2015.08.02-13.37.30:140][582]LogD3D11RHI: InitD3DDevice
[2015.08.02-13.37.31:027][686]LogD3D11RHI: InitD3DDevice
[2015.08.02-13.37.32:168][686]LogD3D11RHI: InitD3DDevice
[2015.08.02-13.37.33:716][854]LogD3D11RHI: InitD3DDevice
[2015.08.02-13.37.35:979][124]LogD3D11RHI: InitD3DDevice
[2015.08.02-13.37.38:295][401]LogD3D11RHI: InitD3DDevice
[2015.08.02-13.37.39:053][490]LogD3D11RHI: InitD3DDevice
[2015.08.02-13.37.41:580][490]LogD3D11RHI: InitD3DDevice
[2015.08.02-13.37.41:597][490]LogD3D11RHI: InitD3DDevice
[2015.08.02-13.37.41:609][490]LogD3D11RHI: InitD3DDevice
[2015.08.02-13.37.43:919][758]LogD3D11RHI: InitD3DDevice
[2015.08.02-13.37.45:024][758]LogD3D11RHI: InitD3DDevice
[2015.08.02-13.37.45:047][758]LogD3D11RHI: InitD3DDevice
[2015.08.02-13.37.45:059][758]LogD3D11RHI: InitD3DDevice
[2015.08.02-13.37.45:933][854]LogD3D11RHI: InitD3DDevice
[2015.08.02-13.37.46:686][854]LogD3D11RHI: InitD3DDevice
[2015.08.02-13.37.46:712][854]LogD3D11RHI: InitD3DDevice
[2015.08.02-13.37.46:726][854]LogD3D11RHI: InitD3DDevice
[2015.08.02-13.37.47:310][913]LogD3D11RHI: InitD3DDevice
[2015.08.02-13.37.48:929][913]LogD3D11RHI: InitD3DDevice
[2015.08.02-13.37.48:945][913]LogD3D11RHI: InitD3DDevice
[2015.08.02-13.37.48:959][913]LogD3D11RHI: InitD3DDevice
[2015.08.02-13.37.49:702][995]LogD3D11RHI: InitD3DDevice
[2015.08.02-13.37.54:698][591]LogD3D11RHI: InitD3DDevice
[2015.08.02-13.37.55:438][591]LogD3D11RHI: InitD3DDevice
[2015.08.02-13.37.55:464][591]LogD3D11RHI: InitD3DDevice
[2015.08.02-13.37.55:477][591]LogD3D11RHI: InitD3DDevice
[2015.08.02-13.37.56:234][673]LogD3D11RHI: InitD3DDevice
[2015.08.02-13.37.56:940][673]LogD3D11RHI: InitD3DDevice
[2015.08.02-13.37.56:964][673]LogD3D11RHI: InitD3DDevice
[2015.08.02-13.37.56:977][673]LogD3D11RHI: InitD3DDevice
[2015.08.02-13.37.58:527][852]LogD3D11RHI: InitD3DDevice
[2015.08.02-13.38.03:748][474]LogD3D11RHI: InitD3DDevice
[2015.08.02-13.38.07:501][898]Cmd: DELETE
[2015.08.02-13.38.07:501][898]Cmd: ACTOR DELETE
[2015.08.02-13.38.07:502][898]LogEditorActor: Deleted Actor: Emitter
[2015.08.02-13.38.07:517][898]LogEditorActor: Deleted 1 Actors (0.015 secs)
[2015.08.02-13.38.07:792][928]LogD3D11RHI: InitD3DDevice
[2015.08.02-13.38.14:264][687]Cmd: DELETE
[2015.08.02-13.38.14:264][687]Cmd: ACTOR DELETE
[2015.08.02-13.38.14:264][687]LogEditorActor: Deleted Actor: Emitter
[2015.08.02-13.38.14:278][687]LogEditorActor: Deleted 1 Actors (0.014 secs)
[2015.08.02-13.38.19:902][360]LogD3D11RHI: InitD3DDevice
[2015.08.02-13.38.20:749][360]LogD3D11RHI: InitD3DDevice
[2015.08.02-13.38.20:766][360]LogD3D11RHI: InitD3DDevice
[2015.08.02-13.38.20:778][360]LogD3D11RHI: InitD3DDevice
[2015.08.02-13.38.22:773][590]LogD3D11RHI: InitD3DDevice
[2015.08.02-13.38.26:098][590]LogD3D11RHI: InitD3DDevice
[2015.08.02-13.38.31:627][590]LogD3D11RHI: InitD3DDevice
[2015.08.02-13.38.32:185][590]LogD3D11RHI: InitD3DDevice
[2015.08.02-13.38.33:188][590]LogD3D11RHI: InitD3DDevice
[2015.08.02-13.38.33:337][590]LogD3D11RHI: InitD3DDevice
[2015.08.02-13.38.34:891][590]LogD3D11RHI: InitD3DDevice
[2015.08.02-13.38.34:911][590]Cmd: OBJ SAVEPACKAGE PACKAGE="/Game/FX/Textures/Water/T_Droplets_LitShaded_D" FILE="../../../../../../GitHub/GDV-Projekt/ProjectNarnia/Content/FX/Textures/Water/T_Droplets_LitShaded_D.uasset" SILENT=true
[2015.08.02-13.38.34:920][590]LogSavePackage: Save=2.147207ms
[2015.08.02-13.38.34:920][590]LogSavePackage: Moving '../../../../../../GitHub/GDV-Projekt/ProjectNarnia/Saved/T_Droplets_LitShaded_D7071338147D92B4A41A25BB2825F84A9.tmp' to '../../../../../../GitHub/GDV-Projekt/ProjectNarnia/Content/FX/Textures/Water/T_Droplets_LitShaded_D.uasset'
[2015.08.02-13.38.35:966][626]LogD3D11RHI: InitD3DDevice
[2015.08.02-13.38.36:830][626]LogD3D11RHI: InitD3DDevice
[2015.08.02-13.38.41:314][626]LogD3D11RHI: InitD3DDevice
[2015.08.02-13.38.43:000][626]LogD3D11RHI: InitD3DDevice
[2015.08.02-13.38.43:099][626]LogD3D11RHI: InitD3DDevice
[2015.08.02-13.38.44:864][626]LogD3D11RHI: InitD3DDevice
[2015.08.02-13.38.44:878][626]Cmd: OBJ SAVEPACKAGE PACKAGE="/Game/FX/Textures/Water/T_Droplets_N" FILE="../../../../../../GitHub/GDV-Projekt/ProjectNarnia/Content/FX/Textures/Water/T_Droplets_N.uasset" SILENT=true
[2015.08.02-13.38.44:887][626]LogSavePackage: Save=2.187658ms
[2015.08.02-13.38.44:887][626]LogSavePackage: Moving '../../../../../../GitHub/GDV-Projekt/ProjectNarnia/Saved/T_Droplets_N23B11B1E459CA01577AF0CAF1E693B16.tmp' to '../../../../../../GitHub/GDV-Projekt/ProjectNarnia/Content/FX/Textures/Water/T_Droplets_N.uasset'
[2015.08.02-13.38.45:895][739]LogD3D11RHI: InitD3DDevice
[2015.08.02-13.38.46:901][739]LogD3D11RHI: InitD3DDevice
[2015.08.02-13.38.46:918][739]LogD3D11RHI: InitD3DDevice
[2015.08.02-13.38.46:930][739]LogD3D11RHI: InitD3DDevice
[2015.08.02-13.38.47:701][822]LogD3D11RHI: InitD3DDevice
[2015.08.02-13.38.48:403][822]LogD3D11RHI: InitD3DDevice
[2015.08.02-13.38.48:417][822]LogD3D11RHI: InitD3DDevice
[2015.08.02-13.38.48:430][822]LogD3D11RHI: InitD3DDevice
[2015.08.02-13.38.49:015][884]LogD3D11RHI: InitD3DDevice
[2015.08.02-13.38.49:665][884]LogD3D11RHI: InitD3DDevice
[2015.08.02-13.38.49:684][884]LogD3D11RHI: InitD3DDevice
[2015.08.02-13.38.49:698][884]LogD3D11RHI: InitD3DDevice
[2015.08.02-13.38.50:397][961]LogD3D11RHI: InitD3DDevice
[2015.08.02-13.38.51:190][ 54]LogD3D11RHI: InitD3DDevice
[2015.08.02-13.38.54:352][ 54]LogD3D11RHI: InitD3DDevice
[2015.08.02-13.38.56:677][311]LogD3D11RHI: InitD3DDevice
[2015.08.02-13.38.58:751][559]LogD3D11RHI: InitD3DDevice
[2015.08.02-13.39.00:533][772]LogD3D11RHI: InitD3DDevice
[2015.08.02-13.39.02:222][974]LogD3D11RHI: InitD3DDevice
[2015.08.02-13.39.39:663][438]LogMaterial: Missing cached shader map for material Material_0, compiling. 
[2015.08.02-13.39.39:709][438]LogD3D11RHI: InitD3DDevice
[2015.08.02-13.39.40:912][566]LogMaterial: Missing cached shader map for material Material_1, compiling. 
[2015.08.02-13.39.40:927][566]LogD3D11RHI: InitD3DDevice
[2015.08.02-13.39.42:148][679]LogMaterial: Missing cached shader map for material Material_2, compiling. 
[2015.08.02-13.39.42:162][679]LogD3D11RHI: InitD3DDevice
[2015.08.02-13.39.43:624][825]LogD3D11RHI: InitD3DDevice
[2015.08.02-13.39.44:699][920]LogMaterial: Missing cached shader map for material Material_3, compiling. 
[2015.08.02-13.39.44:713][920]LogD3D11RHI: InitD3DDevice
[2015.08.02-13.39.45:645][ 10]LogMaterial: Missing cached shader map for material Material_4, compiling. 
[2015.08.02-13.39.45:664][ 10]LogD3D11RHI: InitD3DDevice
[2015.08.02-13.39.46:432][100]LogEditorViewport: Clicking on Actor (LMB): StaticMeshActor (Floor)
[2015.08.02-13.39.47:513][196]LogMaterial: Missing cached shader map for material Material_5, compiling. 
[2015.08.02-13.39.47:531][196]LogD3D11RHI: InitD3DDevice
[2015.08.02-13.39.49:233][357]LogMaterial: Missing cached shader map for material Material_6, compiling. 
[2015.08.02-13.39.49:247][357]LogD3D11RHI: InitD3DDevice
[2015.08.02-13.39.50:298][444]LogMaterial: Missing cached shader map for material Material_7, compiling. 
[2015.08.02-13.39.50:298][444]LogMaterial:Warning: Failed to compile Material /Engine/Transient.Material_7 for platform PCD3D_SM5, Default Material will be used in game.
[2015.08.02-13.39.50:298][444]LogMaterial:Warning: 	Missing Preview connection for function input 'Material Input'
[2015.08.02-13.39.50:302][444]LogD3D11RHI: InitD3DDevice
[2015.08.02-13.39.59:831][364]LogStaticMesh: Building static mesh SM_Cave_Statue_01...
[2015.08.02-13.39.59:834][364]LogD3D11RHI: InitD3DDevice
[2015.08.02-13.39.59:989][364]LogStaticMesh: Built static mesh [0.158225.2s] /Game/Environment/Meshes/SM_Cave_Statue_01.SM_Cave_Statue_01
[2015.08.02-13.40.00:015][364]LogD3D11RHI: InitD3DDevice
[2015.08.02-13.40.00:024][364]LogActorFactory: Actor Factory created SM_Cave_Statue_01
[2015.08.02-13.40.00:806][456]LogActorFactory: Actor Factory created SM_Cave_Statue_01
[2015.08.02-13.40.05:868][ 58]Cmd: CAMERA ALIGN ACTIVEVIEWPORTONLY
[2015.08.02-13.40.22:187][  6]Cmd: CAMERA ALIGN ACTIVEVIEWPORTONLY
[2015.08.02-13.40.25:022][312]Cmd: DELETE
[2015.08.02-13.40.25:022][312]Cmd: ACTOR DELETE
[2015.08.02-13.40.25:022][312]LogEditorActor: Deleted Actor: StaticMeshActor
[2015.08.02-13.40.25:042][312]LogEditorActor: Deleted 1 Actors (0.020 secs)
[2015.08.02-13.40.31:978][103]LogD3D11RHI: InitD3DDevice
[2015.08.02-13.40.41:950][296]LogD3D11RHI: InitD3DDevice
[2015.08.02-13.40.43:976][296]LogD3D11RHI: InitD3DDevice
[2015.08.02-13.40.43:994][296]LogD3D11RHI: InitD3DDevice
[2015.08.02-13.40.46:971][383]LogD3D11RHI: InitD3DDevice
[2015.08.02-13.40.48:254][384]Cmd: QUIT_EDITOR
[2015.08.02-13.40.48:490][384]LogExit: Preparing to exit.
[2015.08.02-13.40.49:302][384]LogExit: Editor shut down
[2015.08.02-13.40.49:302][384]LogExit: Transaction tracking system shut down
[2015.08.02-13.40.49:303][384]LogParticles: Destroying 0 GPU particle simulations for FXSystem 0x0000000023724F40
[2015.08.02-13.40.49:303][384]LogParticles: Destroying 0 GPU particle simulations for FXSystem 0x000000000FB8B880
[2015.08.02-13.40.49:304][384]LogParticles: Destroying 0 GPU particle simulations for FXSystem 0x000000001F11E8E0
[2015.08.02-13.40.49:304][384]LogParticles: Destroying 0 GPU particle simulations for FXSystem 0x000000001AEB2A20
[2015.08.02-13.40.49:412][384]LogParticles: Destroying 0 GPU particle simulations for FXSystem 0x000000001A425A80
[2015.08.02-13.40.49:412][384]LogExit: Object subsystem successfully closed.
[2015.08.02-13.40.49:429][384]LogD3D11RHI: Shutdown
[2015.08.02-13.40.49:429][384]LogD3D11RHI: CleanupD3DDevice
[2015.08.02-13.40.49:455][384]LogD3D11RHI: ~FD3D11DynamicRHI
[2015.08.02-13.40.49:470][384]LogModuleManager: Shutting down and abandoning module CrashTracker (188)
[2015.08.02-13.40.49:470][384]LogModuleManager: Shutting down and abandoning module SceneOutliner (187)
[2015.08.02-13.40.49:470][384]LogModuleManager: Shutting down and abandoning module SuperSearch (186)
[2015.08.02-13.40.49:470][384]LogModuleManager: Shutting down and abandoning module WidgetCarousel (185)
[2015.08.02-13.40.49:470][384]LogModuleManager: Shutting down and abandoning module AddContentDialog (184)
[2015.08.02-13.40.49:470][384]LogModuleManager: Shutting down and abandoning module EditorWidgets (183)
[2015.08.02-13.40.49:470][384]LogModuleManager: Shutting down and abandoning module CollectionManager (182)
[2015.08.02-13.40.49:470][384]LogModuleManager: Shutting down and abandoning module StatsViewer (181)
[2015.08.02-13.40.49:470][384]LogModuleManager: Shutting down and abandoning module FoliageEdit (180)
[2015.08.02-13.40.49:470][384]LogModuleManager: Shutting down and abandoning module LandscapeEditor (179)
[2015.08.02-13.40.49:470][384]LogModuleManager: Shutting down and abandoning module ActorPickerMode (178)
[2015.08.02-13.40.49:470][384]LogModuleManager: Shutting down and abandoning module GeometryMode (177)
[2015.08.02-13.40.49:470][384]LogModuleManager: Shutting down and abandoning module TextureAlignMode (176)
[2015.08.02-13.40.49:470][384]LogModuleManager: Shutting down and abandoning module BspMode (175)
[2015.08.02-13.40.49:470][384]LogModuleManager: Shutting down and abandoning module PlacementMode (174)
[2015.08.02-13.40.49:470][384]LogModuleManager: Shutting down and abandoning module AutomationWorker (173)
[2015.08.02-13.40.49:470][384]LogModuleManager: Shutting down and abandoning module CharacterAI (172)
[2015.08.02-13.40.49:470][384]LogModuleManager: Shutting down and abandoning module SmartSnapping (171)
[2015.08.02-13.40.49:470][384]LogModuleManager: Shutting down and abandoning module ViewportSnapping (170)
[2015.08.02-13.40.49:470][384]LogModuleManager: Shutting down and abandoning module LogVisualizer (169)
[2015.08.02-13.40.49:470][384]LogModuleManager: Shutting down and abandoning module GameProjectGeneration (168)
[2015.08.02-13.40.49:470][384]LogModuleManager: Shutting down and abandoning module IntroTutorials (167)
[2015.08.02-13.40.49:470][384]LogModuleManager: Shutting down and abandoning module EditorLiveStreaming (166)
[2015.08.02-13.40.49:470][384]LogModuleManager: Shutting down and abandoning module IOSPlatformEditor (165)
[2015.08.02-13.40.49:470][384]LogModuleManager: Shutting down and abandoning module HTML5PlatformEditor (164)
[2015.08.02-13.40.49:470][384]LogModuleManager: Shutting down and abandoning module AndroidDeviceDetection (163)
[2015.08.02-13.40.49:474][384]LogModuleManager: Shutting down and abandoning module AndroidPlatformEditor (162)
[2015.08.02-13.40.49:474][384]LogModuleManager: Shutting down and abandoning module IOSRuntimeSettings (161)
[2015.08.02-13.40.49:474][384]LogModuleManager: Shutting down and abandoning module AndroidRuntimeSettings (160)
[2015.08.02-13.40.49:474][384]LogModuleManager: Shutting down and abandoning module MergeActors (159)
[2015.08.02-13.40.49:474][384]LogModuleManager: Shutting down and abandoning module SizeMap (158)
[2015.08.02-13.40.49:474][384]LogModuleManager: Shutting down and abandoning module TreeMap (157)
[2015.08.02-13.40.49:474][384]LogModuleManager: Shutting down and abandoning module ReferenceViewer (156)
[2015.08.02-13.40.49:474][384]LogModuleManager: Shutting down and abandoning module LocalizationDashboard (155)
[2015.08.02-13.40.49:474][384]LogModuleManager: Shutting down and abandoning module HardwareTargeting (154)
[2015.08.02-13.40.49:474][384]LogModuleManager: Shutting down and abandoning module DeviceProfileEditor (153)
[2015.08.02-13.40.49:474][384]LogModuleManager: Shutting down and abandoning module UndoHistory (152)
[2015.08.02-13.40.49:474][384]LogModuleManager: Shutting down and abandoning module GameplayTagsEditor (151)
[2015.08.02-13.40.49:474][384]LogModuleManager: Shutting down and abandoning module UserFeedback (150)
[2015.08.02-13.40.49:474][384]LogModuleManager: Shutting down and abandoning module XmlParser (149)
[2015.08.02-13.40.49:474][384]LogModuleManager: Shutting down and abandoning module Blutility (148)
[2015.08.02-13.40.49:474][384]LogModuleManager: Shutting down and abandoning module ProjectTargetPlatformEditor (147)
[2015.08.02-13.40.49:474][384]LogModuleManager: Shutting down and abandoning module ProjectSettingsViewer (146)
[2015.08.02-13.40.49:474][384]LogModuleManager: Shutting down and abandoning module InputBindingEditor (145)
[2015.08.02-13.40.49:474][384]LogModuleManager: Shutting down and abandoning module EditorSettingsViewer (144)
[2015.08.02-13.40.49:474][384]LogModuleManager: Shutting down and abandoning module SettingsEditor (143)
[2015.08.02-13.40.49:474][384]LogModuleManager: Shutting down and abandoning module ProjectLauncher (142)
[2015.08.02-13.40.49:474][384]LogModuleManager: Shutting down and abandoning module SessionFrontend (141)
[2015.08.02-13.40.49:474][384]LogModuleManager: Shutting down and abandoning module ProfilerClient (140)
[2015.08.02-13.40.49:474][384]LogModuleManager: Shutting down and abandoning module TargetDeviceServices (139)
[2015.08.02-13.40.49:474][384]LogModuleManager: Shutting down and abandoning module DeviceManager (138)
[2015.08.02-13.40.49:474][384]LogModuleManager: Shutting down and abandoning module AutomationController (137)
[2015.08.02-13.40.49:474][384]LogModuleManager: Shutting down and abandoning module AutomationWindow (136)
[2015.08.02-13.40.49:474][384]LogModuleManager: Shutting down and abandoning module Layers (135)
[2015.08.02-13.40.49:474][384]LogModuleManager: Shutting down and abandoning module ComponentVisualizers (134)
[2015.08.02-13.40.49:474][384]LogModuleManager: Shutting down and abandoning module DetailCustomizations (133)
[2015.08.02-13.40.49:474][384]LogModuleManager: Shutting down and abandoning module PackagesDialog (132)
[2015.08.02-13.40.49:474][384]LogModuleManager: Shutting down and abandoning module AssetRegistry (131)
[2015.08.02-13.40.49:594][384]LogModuleManager: Shutting down and abandoning module Persona (130)
[2015.08.02-13.40.49:594][384]LogModuleManager: Shutting down and abandoning module Kismet (129)
[2015.08.02-13.40.49:594][384]LogModuleManager: Shutting down and abandoning module GraphEditor (128)
[2015.08.02-13.40.49:594][384]LogModuleManager: Shutting down and abandoning module ClassViewer (127)
[2015.08.02-13.40.49:594][384]LogModuleManager: Shutting down and abandoning module Toolbox (126)
[2015.08.02-13.40.49:594][384]LogModuleManager: Shutting down and abandoning module ModuleUI (125)
[2015.08.02-13.40.49:594][384]LogModuleManager: Shutting down and abandoning module MovieSceneTools (124)
[2015.08.02-13.40.49:594][384]LogModuleManager: Shutting down and abandoning module OutputLog (123)
[2015.08.02-13.40.49:594][384]LogModuleManager: Shutting down and abandoning module GammaUI (122)
[2015.08.02-13.40.49:594][384]LogModuleManager: Shutting down and abandoning module Documentation (121)
[2015.08.02-13.40.49:594][384]LogModuleManager: Shutting down and abandoning module GameLiveStreaming (120)
[2015.08.02-13.40.49:594][384]LogModuleManager: Shutting down and abandoning module StreamingPauseRendering (119)
[2015.08.02-13.40.49:594][384]LogModuleManager: Shutting down and abandoning module AnalyticsET (118)
[2015.08.02-13.40.49:594][384]LogModuleManager: Shutting down and abandoning module Analytics (117)
[2015.08.02-13.40.49:594][384]LogModuleManager: Shutting down and abandoning module AITestSuite (116)
[2015.08.02-13.40.49:595][384]LogModuleManager: Shutting down and abandoning module GameplayDebugger (115)
[2015.08.02-13.40.49:595][384]LogModuleManager: Shutting down and abandoning module AIModule (114)
[2015.08.02-13.40.49:595][384]LogModuleManager: Shutting down and abandoning module ProfilerService (113)
[2015.08.02-13.40.49:729][384]LogModuleManager: Shutting down and abandoning module TaskGraph (112)
[2015.08.02-13.40.49:729][384]LogModuleManager: Shutting down and abandoning module SlateRemote (111)
[2015.08.02-13.40.49:729][384]LogModuleManager: Shutting down and abandoning module SteamVRController (110)
[2015.08.02-13.40.49:729][384]LogModuleManager: Shutting down and abandoning module SteamVR (109)
[2015.08.02-13.40.49:729][384]LogModuleManager: Shutting down and abandoning module ProceduralMeshComponent (108)
[2015.08.02-13.40.49:729][384]LogModuleManager: Shutting down and abandoning module OculusRift (107)
[2015.08.02-13.40.49:729][384]LogModuleManager: Shutting down and abandoning module LeapMotionController (106)
[2015.08.02-13.40.49:748][384]LogModuleManager: Shutting down and abandoning module CustomMeshComponent (105)
[2015.08.02-13.40.49:748][384]LogModuleManager: Shutting down and abandoning module CableComponent (104)
[2015.08.02-13.40.49:748][384]LogModuleManager: Shutting down and abandoning module MessagingDebugger (103)
[2015.08.02-13.40.49:748][384]LogModuleManager: Shutting down and abandoning module MediaPlayerEditor (102)
[2015.08.02-13.40.49:748][384]LogModuleManager: Shutting down and abandoning module SpeedTreeImporter (101)
[2015.08.02-13.40.49:748][384]LogModuleManager: Shutting down and abandoning module PluginBrowser (100)
[2015.08.02-13.40.49:749][384]LogModuleManager: Shutting down and abandoning module EpicSurvey (99)
[2015.08.02-13.40.49:749][384]LogModuleManager: Shutting down and abandoning module DesktopPlatform (98)
[2015.08.02-13.40.49:749][384]LogModuleManager: Shutting down and abandoning module VisualStudioSourceCodeAccess (97)
[2015.08.02-13.40.49:749][384]LogModuleManager: Shutting down and abandoning module UObjectPlugin (96)
[2015.08.02-13.40.49:749][384]LogModuleManager: Shutting down and abandoning module SubversionSourceControl (95)
[2015.08.02-13.40.49:749][384]LogModuleManager: Shutting down and abandoning module PerforceSourceControl (94)
[2015.08.02-13.40.49:749][384]LogModuleManager: Shutting down and abandoning module SourceControl (93)
[2015.08.02-13.40.49:749][384]LogModuleManager: Shutting down and abandoning module GitSourceControl (92)
[2015.08.02-13.40.49:749][384]LogModuleManager: Shutting down and abandoning module BlankPlugin (91)
[2015.08.02-13.40.49:749][384]LogModuleManager: Shutting down and abandoning module PaperTiledImporter (90)
[2015.08.02-13.40.49:749][384]LogModuleManager: Shutting down and abandoning module PaperSpriteSheetImporter (89)
[2015.08.02-13.40.49:749][384]LogModuleManager: Shutting down and abandoning module MeshPaint (88)
[2015.08.02-13.40.49:749][384]LogModuleManager: Shutting down and abandoning module SlateReflector (87)
[2015.08.02-13.40.49:749][384]LogModuleManager: Shutting down and abandoning module DirectoryWatcher (86)
[2015.08.02-13.40.49:750][384]LogModuleManager: Shutting down and abandoning module HotReload (85)
[2015.08.02-13.40.49:750][384]LogModuleManager: Shutting down and abandoning module MainFrame (84)
[2015.08.02-13.40.49:750][384]LogModuleManager: Shutting down and abandoning module LevelEditor (83)
[2015.08.02-13.40.49:752][384]LogModuleManager: Shutting down and abandoning module ContentBrowser (82)
[2015.08.02-13.40.49:753][384]LogModuleManager: Shutting down and abandoning module Paper2DEditor (81)
[2015.08.02-13.40.49:753][384]LogModuleManager: Shutting down and abandoning module UdpMessaging (80)
[2015.08.02-13.40.49:853][384]LogModuleManager: Shutting down and abandoning module Paper2D (79)
[2015.08.02-13.40.49:853][384]LogModuleManager: Shutting down and abandoning module WindowsMoviePlayer (78)
[2015.08.02-13.40.49:862][384]LogModuleManager: Shutting down and abandoning module Media (77)
[2015.08.02-13.40.49:862][384]LogModuleManager: Shutting down and abandoning module WmfMedia (76)
[2015.08.02-13.40.49:862][384]LogModuleManager: Shutting down and abandoning module OnlineBlueprintSupport (75)
[2015.08.02-13.40.49:862][384]LogModuleManager: Shutting down and abandoning module PropertyEditor (74)
[2015.08.02-13.40.49:862][384]LogModuleManager: Shutting down and abandoning module BehaviorTreeEditor (73)
[2015.08.02-13.40.49:863][384]LogModuleManager: Shutting down and abandoning module FunctionalTesting (72)
[2015.08.02-13.40.49:863][384]LogModuleManager: Shutting down and abandoning module CollisionAnalyzer (71)
[2015.08.02-13.40.49:863][384]LogModuleManager: Shutting down and abandoning module WorkspaceMenuStructure (70)
[2015.08.02-13.40.49:863][384]LogModuleManager: Shutting down and abandoning module MessageLog (69)
[2015.08.02-13.40.49:863][384]LogModuleManager: Shutting down and abandoning module Sequencer (68)
[2015.08.02-13.40.49:863][384]LogModuleManager: Shutting down and abandoning module AssetTools (67)
[2015.08.02-13.40.49:863][384]LogModuleManager: Shutting down and abandoning module UMGEditor (66)
[2015.08.02-13.40.49:863][384]LogModuleManager: Shutting down and abandoning module UMG (65)
[2015.08.02-13.40.49:863][384]LogModuleManager: Shutting down and abandoning module Slate (64)
[2015.08.02-13.40.49:863][384]LogModuleManager: Shutting down and abandoning module EditorStyle (63)
[2015.08.02-13.40.49:871][384]LogModuleManager: Shutting down and abandoning module SessionServices (62)
[2015.08.02-13.40.49:871][384]LogModuleManager: Shutting down and abandoning module SourceCodeAccess (61)
[2015.08.02-13.40.49:871][384]LogModuleManager: Shutting down and abandoning module HeadMountedDisplay (60)
[2015.08.02-13.40.49:871][384]LogModuleManager: Shutting down and abandoning module XAudio2 (59)
[2015.08.02-13.40.49:871][384]LogModuleManager: Shutting down and abandoning module Networking (57)
[2015.08.02-13.40.49:871][384]LogModuleManager: Shutting down and abandoning module Core (56)
[2015.08.02-13.40.49:871][384]LogModuleManager: Shutting down and abandoning module KismetCompiler (55)
[2015.08.02-13.40.49:871][384]LogModuleManager: Shutting down and abandoning module PhysXFormats (54)
[2015.08.02-13.40.49:871][384]LogModuleManager: Shutting down and abandoning module MeshUtilities (53)
[2015.08.02-13.40.49:871][384]LogModuleManager: Shutting down and abandoning module DerivedDataCache (52)
[2015.08.02-13.40.49:907][384]LogDerivedDataCache: Shutdown
[2015.08.02-13.40.49:907][384]LogModuleManager: Shutting down and abandoning module ShaderFormatOpenGL (51)
[2015.08.02-13.40.49:907][384]LogModuleManager: Shutting down and abandoning module ShaderFormatD3D (50)
[2015.08.02-13.40.49:907][384]LogModuleManager: Shutting down and abandoning module MetalShaderFormat (49)
[2015.08.02-13.40.49:907][384]LogModuleManager: Shutting down and abandoning module TextureFormatUncompressed (48)
[2015.08.02-13.40.49:907][384]LogModuleManager: Shutting down and abandoning module TextureFormatPVR (47)
[2015.08.02-13.40.49:907][384]LogModuleManager: Shutting down and abandoning module TextureFormatIntelISPCTexComp (46)
[2015.08.02-13.40.49:907][384]LogModuleManager: Shutting down and abandoning module TextureFormatDXT (45)
[2015.08.02-13.40.49:907][384]LogModuleManager: Shutting down and abandoning module ImageWrapper (44)
[2015.08.02-13.40.49:907][384]LogModuleManager: Shutting down and abandoning module TextureFormatASTC (43)
[2015.08.02-13.40.49:907][384]LogModuleManager: Shutting down and abandoning module TextureFormatAndroid (42)
[2015.08.02-13.40.49:907][384]LogModuleManager: Shutting down and abandoning module AudioFormatOpus (41)
[2015.08.02-13.40.49:907][384]LogModuleManager: Shutting down and abandoning module AudioFormatOgg (40)
[2015.08.02-13.40.49:907][384]LogModuleManager: Shutting down and abandoning module AudioFormatADPCM (39)
[2015.08.02-13.40.49:907][384]LogModuleManager: Shutting down and abandoning module LinuxTargetPlatform (38)
[2015.08.02-13.40.49:907][384]LogModuleManager: Shutting down and abandoning module LinuxServerTargetPlatform (37)
[2015.08.02-13.40.49:907][384]LogModuleManager: Shutting down and abandoning module LinuxNoEditorTargetPlatform (36)
[2015.08.02-13.40.49:907][384]LogModuleManager: Shutting down and abandoning module Messaging (35)
[2015.08.02-13.40.49:907][384]LogModuleManager: Shutting down and abandoning module IOSTargetPlatform (34)
[2015.08.02-13.40.49:907][384]LogModuleManager: Shutting down and abandoning module HTML5TargetPlatform (33)
[2015.08.02-13.40.49:907][384]LogModuleManager: Shutting down and abandoning module Android_PVRTCTargetPlatform (32)
[2015.08.02-13.40.49:907][384]LogModuleManager: Shutting down and abandoning module Android_ETC2TargetPlatform (31)
[2015.08.02-13.40.49:908][384]LogModuleManager: Shutting down and abandoning module Android_ETC1TargetPlatform (30)
[2015.08.02-13.40.49:908][384]LogModuleManager: Shutting down and abandoning module Android_DXTTargetPlatform (29)
[2015.08.02-13.40.49:908][384]LogModuleManager: Shutting down and abandoning module Android_ATCTargetPlatform (28)
[2015.08.02-13.40.49:908][384]LogModuleManager: Shutting down and abandoning module Android_ASTCTargetPlatform (27)
[2015.08.02-13.40.49:908][384]LogModuleManager: Shutting down and abandoning module AndroidTargetPlatform (26)
[2015.08.02-13.40.49:908][384]LogModuleManager: Shutting down and abandoning module WindowsTargetPlatform (25)
[2015.08.02-13.40.49:908][384]LogModuleManager: Shutting down and abandoning module WindowsServerTargetPlatform (24)
[2015.08.02-13.40.49:908][384]LogModuleManager: Shutting down and abandoning module WindowsNoEditorTargetPlatform (23)
[2015.08.02-13.40.49:908][384]LogModuleManager: Shutting down and abandoning module WindowsClientTargetPlatform (22)
[2015.08.02-13.40.49:908][384]LogModuleManager: Shutting down and abandoning module DesktopTargetPlatform (21)
[2015.08.02-13.40.49:908][384]LogModuleManager: Shutting down and abandoning module TargetPlatform (20)
[2015.08.02-13.40.49:908][384]LogModuleManager: Shutting down and abandoning module InputCore (19)
[2015.08.02-13.40.49:908][384]LogModuleManager: Shutting down and abandoning module Settings (18)
[2015.08.02-13.40.49:908][384]LogModuleManager: Shutting down and abandoning module OnlineSubsystem (16)
[2015.08.02-13.40.49:908][384]LogModuleManager: Shutting down and abandoning module HTTP (15)
[2015.08.02-13.40.49:909][384]LogModuleManager: Shutting down and abandoning module ExampleDeviceProfileSelector (14)
[2015.08.02-13.40.49:909][384]LogModuleManager: Shutting down and abandoning module TextureCompressor (13)
[2015.08.02-13.40.49:909][384]LogModuleManager: Shutting down and abandoning module ShaderCore (12)
[2015.08.02-13.40.49:909][384]LogModuleManager: Shutting down and abandoning module Landscape (11)
[2015.08.02-13.40.49:909][384]LogModuleManager: Shutting down and abandoning module SlateRHIRenderer (10)
[2015.08.02-13.40.49:912][384]LogModuleManager: Shutting down and abandoning module OpenGLDrv (9)
[2015.08.02-13.40.49:912][384]LogModuleManager: Shutting down and abandoning module D3D11RHI (8)
[2015.08.02-13.40.49:912][384]LogModuleManager: Shutting down and abandoning module Renderer (7)
[2015.08.02-13.40.49:912][384]LogModuleManager: Shutting down and abandoning module Engine (6)
[2015.08.02-13.40.49:913][384]LogModuleManager: Shutting down and abandoning module CoreUObject (5)
[2015.08.02-13.40.49:913][384]LogModuleManager: Shutting down and abandoning module NetworkFile (4)
[2015.08.02-13.40.49:913][384]LogModuleManager: Shutting down and abandoning module StreamingFile (3)
[2015.08.02-13.40.49:913][384]LogModuleManager: Shutting down and abandoning module SandboxFile (2)
[2015.08.02-13.40.49:913][384]LogModuleManager: Shutting down and abandoning module PakFile (1)
[2015.08.02-13.40.49:914][384]LogExit: Exiting.
[2015.08.02-13.40.49:917][384]Log file closed, 08/02/15 15:40:49
