[2015.07.19-13.06.39:863][  0]Log file open, 07/19/15 15:06:39
[2015.07.19-13.06.39:863][  0]LogInit:Display: Running engine for game: ProjectNarnia
[2015.07.19-13.06.39:863][  0]LogInit:Display: RandInit(1646086389) SRandInit(1646086390).
[2015.07.19-13.06.39:863][  0]LogTaskGraph: Started task graph with 4 named threads and 7 total threads.
[2015.07.19-13.06.39:863][  0]LogStats: Stats thread started
[2015.07.19-13.06.39:863][  0]LogInit: Version: 4.8.2-2614606+++depot+UE4-Releases+4.8
[2015.07.19-13.06.39:863][  0]LogInit: API Version: 2579680
[2015.07.19-13.06.39:863][  0]LogInit: Compiled (64-bit): Jul  8 2015 23:43:41
[2015.07.19-13.06.39:863][  0]LogInit: Compiled with Visual C++: 18.00.21005.01
[2015.07.19-13.06.39:863][  0]LogInit: Build Configuration: Development
[2015.07.19-13.06.39:863][  0]LogInit: Branch Name: ++depot+UE4-Releases+4.8
[2015.07.19-13.06.39:863][  0]LogInit: Command line:  
[2015.07.19-13.06.39:863][  0]LogInit: Base directory: D:/Programme/Epic Games/4.8/Engine/Binaries/Win64/
[2015.07.19-13.06.39:863][  0]LogInit: Rocket: 1
[2015.07.19-13.06.39:901][  0]LogInit: Using libcurl 7.41.0
[2015.07.19-13.06.39:901][  0]LogInit:  - built for x86_64-pc-win32
[2015.07.19-13.06.39:901][  0]LogInit:  - supports SSL with WinSSL
[2015.07.19-13.06.39:901][  0]LogInit:  - other features:
[2015.07.19-13.06.39:901][  0]LogInit:      CURL_VERSION_SSL
[2015.07.19-13.06.39:901][  0]LogInit:      CURL_VERSION_IPV6
[2015.07.19-13.06.39:901][  0]LogInit:      CURL_VERSION_ASYNCHDNS
[2015.07.19-13.06.39:901][  0]LogInit:      CURL_VERSION_LARGEFILE
[2015.07.19-13.06.39:901][  0]LogInit:      CURL_VERSION_IDN
[2015.07.19-13.06.39:901][  0]LogInit:  CurlRequestOptions (configurable via config and command line):
[2015.07.19-13.06.39:901][  0]LogInit:  - bVerifyPeer = true  - Libcurl will verify peer certificate
[2015.07.19-13.06.39:901][  0]LogInit:  - bUseHttpProxy = false  - Libcurl will NOT use HTTP proxy
[2015.07.19-13.06.39:901][  0]LogInit:  - bDontReuseConnections = false  - Libcurl will reuse connections
[2015.07.19-13.06.39:901][  0]LogInit:  - CertBundlePath = nullptr  - Libcurl will use whatever was configured at build time.
[2015.07.19-13.06.39:912][  0]LogOnline:Warning: No default platform service specified for OnlineSubsystem
[2015.07.19-13.06.39:925][  0]LogInit: Presizing for 0 objects not considered by GC, pre-allocating 0 bytes.
[2015.07.19-13.06.39:931][  0]LogInit: Object subsystem initialized
[2015.07.19-13.06.39:932][  0]LogConsoleResponse:Warning: Skipping Unknown console variable: 'TranslucentSortAxis = (X=0.000000,Y=-1.000000,Z=0.000000)'
[2015.07.19-13.06.39:932][  0]LogConsoleResponse:Warning:   Found in ini file 'D:/GitHub/GDV-Projekt/ProjectNarnia/Saved/Config/Windows/Engine.ini', in section '[/Script/Engine.RendererSettings]'
[2015.07.19-13.06.39:932][  0]LogConsoleResponse:Warning: Skipping Unknown console variable: 'UIScaleRule = ShortestSide'
[2015.07.19-13.06.39:932][  0]LogConsoleResponse:Warning:   Found in ini file 'D:/GitHub/GDV-Projekt/ProjectNarnia/Saved/Config/Windows/Engine.ini', in section '[/Script/Engine.RendererSettings]'
[2015.07.19-13.06.39:932][  0]LogConsoleResponse:Warning: Skipping Unknown console variable: 'UIScaleCurve = (EditorCurveData=(Keys=),ExternalCurve=None)'
[2015.07.19-13.06.39:932][  0]LogConsoleResponse:Warning:   Found in ini file 'D:/GitHub/GDV-Projekt/ProjectNarnia/Saved/Config/Windows/Engine.ini', in section '[/Script/Engine.RendererSettings]'
[2015.07.19-13.06.39:933][  0]LogInit: Selected Device Profile: [Windows]
[2015.07.19-13.06.39:933][  0]LogInit: Applying CVar settings loaded from the selected device profile: [Windows]
[2015.07.19-13.06.39:952][  0]LogInit: Computer: SILVAN-PC
[2015.07.19-13.06.39:952][  0]LogInit: User: Silvan
[2015.07.19-13.06.39:952][  0]LogInit: CPU Page size=4096, Cores=4
[2015.07.19-13.06.39:952][  0]LogInit: High frequency timer resolution =3.312685 MHz
[2015.07.19-13.06.39:952][  0]LogMemory: Memory total: Physical=11.9GB (12GB approx)
[2015.07.19-13.06.39:952][  0]LogMemory: Platform Memory Stats for Windows
[2015.07.19-13.06.39:952][  0]LogMemory: Process Physical Memory: 50.82 MB used, 50.82 MB peak
[2015.07.19-13.06.39:952][  0]LogMemory: Process Virtual Memory: 23.24 MB used, 24.09 MB peak
[2015.07.19-13.06.39:952][  0]LogMemory: Physical Memory: 4082.73 MB used, 12166.62 MB total
[2015.07.19-13.06.39:952][  0]LogMemory: Virtual Memory: 282.91 MB used, 8388608.00 MB total
[2015.07.19-13.06.39:984][  0]LogTextLocalizationManager: The requested culture ('de_DE') has no localization data; falling back to 'en' for localization and internationalization data.
[2015.07.19-13.06.40:177][  0]LogTextLocalizationManager:Warning: Loaded localization resources contain conflicting entries for (Namespace:ContentBrowser, Key:ImportAssetToolTip):
Localization Resource: (D:/Programme/Epic Games/4.8/Engine/Content/Localization/Editor/en/Editor.locres) Source String Hash: (-630476809) Localized String: (Import to {0}...)
Localization Resource: (D:/Programme/Epic Games/4.8/Engine/Content/Localization/Editor/en/Editor.locres) Source String Hash: (1271782899) Localized String: (Imports an asset from file to this folder.)
[2015.07.19-13.06.40:546][  0]LogD3D11RHI: Found D3D11 adapter 0: AMD Radeon HD 7800 Series (Feature Level 11_0)
[2015.07.19-13.06.40:546][  0]LogD3D11RHI: Adapter has 2027MB of dedicated video memory, 0MB of dedicated system memory, and 3840MB of shared system memory, 1 output[s]
[2015.07.19-13.06.40:552][  0]LogD3D11RHI: Found D3D11 adapter 1: Intel(R) HD Graphics 4600 (Feature Level 11_0)
[2015.07.19-13.06.40:552][  0]LogD3D11RHI: Adapter has 64MB of dedicated video memory, 0MB of dedicated system memory, and 1632MB of shared system memory, 0 output[s]
[2015.07.19-13.06.40:552][  0]LogD3D11RHI: Chosen D3D11 Adapter Id = 0
[2015.07.19-13.06.40:556][  0]LogD3D11RHI: InitD3DDevice
[2015.07.19-13.06.40:556][  0]LogD3D11RHI: !Direct3DDevice
[2015.07.19-13.06.40:556][  0]LogRHI: Texture pool is 1361 MB (70% of 1945 MB)
[2015.07.19-13.06.40:561][  0]LogD3D11RHI: Async texture creation disabled: no driver support
[2015.07.19-13.06.40:569][  0]LogShaderCompilers:Display: Using Local Shader Compiler.
[2015.07.19-13.06.41:270][  0]LogTemp:Display: Loaded TP DesktopTargetPlatform
[2015.07.19-13.06.41:283][  0]LogTemp:Display: Loaded TP WindowsClientTargetPlatform
[2015.07.19-13.06.41:295][  0]LogTemp:Display: Loaded TP WindowsNoEditorTargetPlatform
[2015.07.19-13.06.41:308][  0]LogTemp:Display: Loaded TP WindowsServerTargetPlatform
[2015.07.19-13.06.41:322][  0]LogTemp:Display: Loaded TP WindowsTargetPlatform
[2015.07.19-13.06.41:333][  0]LogTemp:Display: Loaded TP AndroidTargetPlatform
[2015.07.19-13.06.41:343][  0]LogTemp:Display: Loaded TP Android_ASTCTargetPlatform
[2015.07.19-13.06.41:354][  0]LogTemp:Display: Loaded TP Android_ATCTargetPlatform
[2015.07.19-13.06.41:364][  0]LogTemp:Display: Loaded TP Android_DXTTargetPlatform
[2015.07.19-13.06.41:375][  0]LogTemp:Display: Loaded TP Android_ETC1TargetPlatform
[2015.07.19-13.06.41:386][  0]LogTemp:Display: Loaded TP Android_ETC2TargetPlatform
[2015.07.19-13.06.41:397][  0]LogTemp:Display: Loaded TP Android_PVRTCTargetPlatform
[2015.07.19-13.06.41:439][  0]LogTemp:Display: Loaded TP IOSTargetPlatform
[2015.07.19-13.06.41:449][  0]LogTemp:Display: Loaded TP LinuxNoEditorTargetPlatform
[2015.07.19-13.06.41:459][  0]LogTemp:Display: Loaded TP LinuxServerTargetPlatform
[2015.07.19-13.06.41:472][  0]LogTemp:Display: Loaded TP LinuxTargetPlatform
[2015.07.19-13.06.41:472][  0]LogTargetPlatformManager:Display: Building Assets For Windows
[2015.07.19-13.06.41:646][  0]LogDerivedDataCache:Display: Max Cache Size: 512 MB
[2015.07.19-13.06.41:689][  0]LogDerivedDataCache: Loaded boot cache 0.04s 53MB C:/Users/Silvan/AppData/Local/UnrealEngine/4.8/DerivedDataCache/Boot.ddc.
[2015.07.19-13.06.41:690][  0]LogDerivedDataCache:Display: Loaded Boot cache: C:/Users/Silvan/AppData/Local/UnrealEngine/4.8/DerivedDataCache/Boot.ddc
[2015.07.19-13.06.41:690][  0]LogDerivedDataCache: FDerivedDataBackendGraph:  Pak pak cache file ../../../../../../GitHub/GDV-Projekt/ProjectNarnia/DerivedDataCache/DDC.ddp not found, will not use a pak cache.
[2015.07.19-13.06.41:690][  0]LogDerivedDataCache: Unable to find inner node Pak for hierarchical cache Hierarchy.
[2015.07.19-13.06.41:690][  0]LogDerivedDataCache: FDerivedDataBackendGraph:  CompressedPak pak cache file ../../../../../../GitHub/GDV-Projekt/ProjectNarnia/DerivedDataCache/Compressed.ddp not found, will not use a pak cache.
[2015.07.19-13.06.41:690][  0]LogDerivedDataCache: Unable to find inner node CompressedPak for hierarchical cache Hierarchy.
[2015.07.19-13.06.41:817][  0]LogDerivedDataCache:Display: Pak cache opened for reading ../../../Engine/DerivedDataCache/Compressed.ddp.
[2015.07.19-13.06.41:828][  0]LogDerivedDataCache: Using Local data cache path C:/Users/Silvan/AppData/Local/UnrealEngine/Common/DerivedDataCache: Writable
[2015.07.19-13.06.41:987][  0]LogInit: Selected Device Profile: [Windows]
[2015.07.19-13.06.41:994][  0]ImportText (ComponentSweepMultiTests): Missing closing parenthesis: (RootShapeAsset="/Engine/BasicShapes/Cube.Cube",ShapeType="TriggerCapsule",HitResult=(Time=0.50,Location=(X=-100.000015,Y=0.0,Z=100.000015),ImpactPoint=(X=-50.0,Y=0.0,Z=50.0),Normal=(X=-1.0,Y=-0.0,Z=0.0),ImpactNormal=(X=0.0,Y=0.0,Z=1.0),TraceStart=(X=-200.0,Y=0.0,Z=200.0),TraceEnd=(X=0.0,Y=0.0,Z=0.0))
[2015.07.19-13.06.41:994][  0]ImportText (LineTraceSingleByChannelTests): Missing closing parenthesis: (RootShapeAsset="/Engine/BasicShapes/Cube.Cube",HitResult=(Time=0.50,Location=(X=-100.000015,Y=0.0,Z=100.000015),ImpactPoint=(X=-50.0,Y=0.0,Z=50.0),Normal=(X=-1.0,Y=-0.0,Z=0.0),ImpactNormal=(X=0.0,Y=0.0,Z=1.0),TraceStart=(X=-200.0,Y=0.0,Z=200.0),TraceEnd=(X=0.0,Y=0.0,Z=0.0))
[2015.07.19-13.06.42:017][  0]LogMeshUtilities: No automatic mesh reduction module available
[2015.07.19-13.06.42:017][  0]LogMeshUtilities: No automatic mesh merging module available
[2015.07.19-13.06.42:356][  0]LogInit: WinSock: version 1.1 (2.2), MaxSocks=32767, MaxUdp=65467
[2015.07.19-13.06.43:142][  0]UdpMessaging: Initializing bridge on interface 0.0.0.0:0 to multicast group 230.0.0.1:6666.
[2015.07.19-13.06.43:437][  0]SourceControl: Info Source control is disabled
[2015.07.19-13.06.43:443][  0]SourceControl: Info Source control is disabled
[2015.07.19-13.06.43:451][  0]SourceControl: Info Source control is disabled
[2015.07.19-13.06.43:460][  0]SourceControl: Info Source control is disabled
[2015.07.19-13.06.43:641][  0]LogObj: 26273 objects as part of root set at end of initial load.
[2015.07.19-13.06.43:641][  0]LogUObjectAllocator: 5409248 out of 0 bytes used by permanent object pool.
[2015.07.19-13.06.43:702][  0]LogEngine: Initializing Engine...
[2015.07.19-13.06.43:704][  0]LogHMD: Can't find Oculus library dev build: is proper Runtime installed? Version: 0.6.0.0
[2015.07.19-13.06.43:705][  0]LogHMD:Warning: SteamVR failed to initialize.  Error: 110
[2015.07.19-13.06.43:824][  0]LogAIModule: Creating AISystem for world NewWorld
[2015.07.19-13.06.43:830][  0]LogInit: XAudio2 using '1 - M2762DP (AMD High Definition Audio Device)' : 2 channels at 48 kHz using 16 bits per sample (channel mask 0x3)
[2015.07.19-13.06.43:836][  0]LogInit: FAudioDevice initialized.
[2015.07.19-13.06.43:863][  0]LogDerivedDataCache: Saved boot cache 0.03s 53MB C:/Users/Silvan/AppData/Local/UnrealEngine/4.8/DerivedDataCache/Boot.ddc.
[2015.07.19-13.06.43:868][  0]LogInit: Texture streaming: Disabled
[2015.07.19-13.06.43:888][  0]LogAnalytics: Creating configured Analytics provider AnalyticsET
[2015.07.19-13.06.43:888][  0]LogAnalytics: [UEEditor.Rocket.Release] APIServer = http://et2.epicgames.com/ET2/. AppVersion = 4.8.2-2614606+++depot+UE4-Releases+4.8
[2015.07.19-13.06.43:888][  0]LogAnalytics: [UEEditor.Rocket.Release] SetUserId 63ae0425466c6f65eeb5439200c4cbba|16ffa05e03dc4cfda8fe4198e1102ff4|ffbd022f-d859-4116-a567-25e39becdd18
[2015.07.19-13.06.43:888][  0]LogAnalytics: [UEEditor.Rocket.Release] AnalyticsET::StartSession
[2015.07.19-13.06.43:910][  0]LogInit: Transaction tracking system initialized
[2015.07.19-13.06.44:018][  0]BlueprintLog: New page: Editor Load
[2015.07.19-13.06.44:048][  0]LogAssetRegistry: FAssetRegistry took 0.0094 seconds to start up
[2015.07.19-13.06.44:048][  0]LogDirectoryWatcher:Warning: Failed to begin reading directory changes for ../../../Engine/Plugins/Experimental/CharacterAI/Content/. Error: 0
[2015.07.19-13.06.44:767][  0]LogConsoleManager:Warning: Console variable 'r.VSync' wasn't set ('GameSetting' has a lower priority than 'SystemSettingsIni')
[2015.07.19-13.06.44:767][  0]LogConsoleResponse:Display: 
[2015.07.19-13.06.44:853][  0]LogCook:Display: Done creating registry. It took  0.00s.
[2015.07.19-13.06.44:991][  0]SourceControl: Info Source control is disabled
[2015.07.19-13.06.44:991][  0]Cmd: MAP LOAD FILE="../../../Engine/Content/Maps/Templates/Template_Default.umap" TEMPLATE=1 SHOWPROGRESS=1 FEATURELEVEL=3
[2015.07.19-13.06.44:993][  0]LightingResults: New page: Lighting Build
[2015.07.19-13.06.45:004][  0]MapCheck: New page: Map Check
[2015.07.19-13.06.45:004][  0]LightingResults: New page: Lighting Build
[2015.07.19-13.06.45:012][  0]LogParticles: Destroying 0 GPU particle simulations for FXSystem 0x000000001A91A3E0
[2015.07.19-13.06.45:318][  0]LogAIModule: Creating AISystem for world Untitled_1
[2015.07.19-13.06.45:323][  0]LogEditorServer: Finished looking for orphan Actors (0.000 secs)
[2015.07.19-13.06.45:351][  0]Cmd: MAP CHECKDEP NOCLEARLOG
[2015.07.19-13.06.45:386][  0]MapCheck: Info Map check complete: 0 Error(s), 0 Warning(s), took 34.319ms to complete.
[2015.07.19-13.06.45:386][  0]LogFileHelpers: Loading map 'Template_Default' took 0.395
[2015.07.19-13.06.45:486][  0]LogCollectionManager: Loaded 0 collections in 0.001603 seconds
[2015.07.19-13.06.45:491][  0]LogContentBrowser: Native class hierarchy populated in 0.0055 seconds. Added 1792 classes and 301 folders.
[2015.07.19-13.06.45:528][  0]LogContentBrowser: Native class hierarchy updated for 'WidgetCarousel' in 0.0002 seconds. Added 0 classes and 0 folders.
[2015.07.19-13.06.45:551][  0]LogContentBrowser: Native class hierarchy updated for 'AddContentDialog' in 0.0003 seconds. Added 0 classes and 0 folders.
[2015.07.19-13.06.45:563][  0]LogContentBrowser: Native class hierarchy updated for 'SceneOutliner' in 0.0002 seconds. Added 1 classes and 2 folders.
[2015.07.19-13.06.45:595][  0]LogCrashTracker: Crashtracker disabled due to settings.
[2015.07.19-13.06.45:596][  0]LogD3D11RHI: InitD3DDevice
[2015.07.19-13.06.45:599][  0]LogUObjectGlobals:Warning: Failed to find object 'Class None.'
[2015.07.19-13.06.45:619][  0]LogLoad: Full Startup: 7.03 seconds (BP compile: 0.17 seconds)
[2015.07.19-13.06.46:028][  0]LogContentStreaming: Texture pool size is 0.000000MB
[2015.07.19-13.06.46:050][  0]LogContentStreaming: Texture pool size now 1000 MB
[2015.07.19-13.06.46:171][  0]LogRenderer: Reallocating scene render targets to support 1240x600 (Frame:2).
[2015.07.19-13.06.47:405][  4]LogD3D11RHI: InitD3DDevice
[2015.07.19-13.06.47:909][ 11]LogAssetRegistry: Asset discovery search completed in 3.8704 seconds
[2015.07.19-13.07.07:614][ 48]LogD3D11RHI: InitD3DDevice
[2015.07.19-13.07.09:635][ 48]LogLinker:Warning: Can't find file '/Game/Elemental/Environment/TilingClouds/Textures/T_TilingNoise06'
[2015.07.19-13.07.09:635][ 48]LogLinker:Warning: Can't find file for asset '/Game/Elemental/Environment/TilingClouds/Textures/T_TilingNoise06' while loading ../../../../../../GitHub/GDV-Projekt/ProjectNarnia/Content/Elemental/Environment/ThroneRoom_Surfaces/Material/M_ThroneRoom_Stone_Wall.uasset.
[2015.07.19-13.07.09:635][ 48]LoadErrors:Error: Error /Game/Elemental/Environment/ThroneRoom_Surfaces/Material/M_ThroneRoom_Stone_Wall : Can't find file for asset. /Game/Elemental/Environment/TilingClouds/Textures/T_TilingNoise06
[2015.07.19-13.07.09:637][ 48]LogLinker:Warning: Can't find file '/Game/Elemental/Environment/TilingClouds/Textures/T_TilingNoise06'
[2015.07.19-13.07.09:637][ 48]LogLinker:Warning: Can't find file for asset '/Game/Elemental/Environment/TilingClouds/Textures/T_TilingNoise06' while loading ../../../../../../GitHub/GDV-Projekt/ProjectNarnia/Content/Elemental/Environment/ThroneRoom_Surfaces/Material/M_ThroneRoom_Stone_Wall.uasset.
[2015.07.19-13.07.12:053][ 48]LogUObjectGlobals:Warning: Guid is in use by ArrowComponent /Temp/Untitled_1.Untitled_1:PersistentLevel.LightSource.ArrowComponent0 and ArrowComponent /Game/Levels/DefaultLevel.DefaultLevel:PersistentLevel.LightSource.ArrowComponent0, which should never happen in the editor but could happen at runtime with duplicate level loading or PIE
[2015.07.19-13.07.12:053][ 48]LogUObjectGlobals:Warning: Guid is in use by ArrowComponent /Temp/Untitled_1.Untitled_1:PersistentLevel.PlayerStart.Arrow and ArrowComponent /Game/Levels/DefaultLevel.DefaultLevel:PersistentLevel.PlayerStart.Arrow, which should never happen in the editor but could happen at runtime with duplicate level loading or PIE
[2015.07.19-13.07.12:053][ 48]LogUObjectGlobals:Warning: Guid is in use by BillboardComponent /Temp/Untitled_1.Untitled_1:PersistentLevel.PlayerStart.Sprite and BillboardComponent /Game/Levels/DefaultLevel.DefaultLevel:PersistentLevel.PlayerStart.Sprite, which should never happen in the editor but could happen at runtime with duplicate level loading or PIE
[2015.07.19-13.07.12:053][ 48]LogUObjectGlobals:Warning: Guid is in use by BillboardComponent /Temp/Untitled_1.Untitled_1:PersistentLevel.PlayerStart.Sprite2 and BillboardComponent /Game/Levels/DefaultLevel.DefaultLevel:PersistentLevel.PlayerStart.Sprite2, which should never happen in the editor but could happen at runtime with duplicate level loading or PIE
[2015.07.19-13.07.12:053][ 48]LogUObjectGlobals:Warning: Guid is in use by BillboardComponent /Temp/Untitled_1.Untitled_1:PersistentLevel.SkyLight_1.Sprite and BillboardComponent /Game/Levels/DefaultLevel.DefaultLevel:PersistentLevel.SkyLight_1.Sprite, which should never happen in the editor but could happen at runtime with duplicate level loading or PIE
[2015.07.19-13.07.12:053][ 48]LogUObjectGlobals:Warning: Guid is in use by CapsuleComponent /Temp/Untitled_1.Untitled_1:PersistentLevel.PlayerStart.CollisionCapsule and CapsuleComponent /Game/Levels/DefaultLevel.DefaultLevel:PersistentLevel.PlayerStart.CollisionCapsule, which should never happen in the editor but could happen at runtime with duplicate level loading or PIE
[2015.07.19-13.07.12:053][ 48]LogUObjectGlobals:Warning: Guid is in use by DirectionalLightComponent /Temp/Untitled_1.Untitled_1:PersistentLevel.LightSource.LightComponent0 and DirectionalLightComponent /Game/Levels/DefaultLevel.DefaultLevel:PersistentLevel.LightSource.LightComponent0, which should never happen in the editor but could happen at runtime with duplicate level loading or PIE
[2015.07.19-13.07.12:087][ 48]LogUObjectGlobals:Warning: Guid is in use by SkyLightComponent /Temp/Untitled_1.Untitled_1:PersistentLevel.SkyLight_1.SkyLightComponent0 and SkyLightComponent /Game/Levels/DefaultLevel.DefaultLevel:PersistentLevel.SkyLight_1.SkyLightComponent0, which should never happen in the editor but could happen at runtime with duplicate level loading or PIE
[2015.07.19-13.07.12:133][ 48]LogLinker:Warning: Can't find file '/Game/Elemental/Environment/TilingClouds/Textures/T_TilingNoise06'
[2015.07.19-13.07.12:133][ 48]LoadErrors: Info Failed to load /Game/Elemental/Environment/TilingClouds/Textures/T_TilingNoise06.T_TilingNoise06 Referenced by M_ThroneRoom_Stone_Wall
[2015.07.19-13.07.12:134][ 48]LogLinker:Warning: Can't find file for asset '/Game/Elemental/Environment/TilingClouds/Textures/T_TilingNoise06' while loading NULL.
[2015.07.19-13.07.12:394][ 48]LogAIModule: Creating AISystem for world DefaultLevel
[2015.07.19-13.07.12:434][ 48]Cmd: MAP LOAD FILE="../../../../../../GitHub/GDV-Projekt/ProjectNarnia/Content/Levels/DefaultLevel.umap" TEMPLATE=0 SHOWPROGRESS=1 FEATURELEVEL=3
[2015.07.19-13.07.12:434][ 48]LightingResults: New page: Lighting Build
[2015.07.19-13.07.12:448][ 48]LoadErrors: New page: Loading map: DefaultLevel.umap
[2015.07.19-13.07.12:449][ 48]MapCheck: New page: Map Check
[2015.07.19-13.07.12:449][ 48]LightingResults: New page: Lighting Build
[2015.07.19-13.07.12:459][ 48]LogParticles: Destroying 0 GPU particle simulations for FXSystem 0x000000000E9AF920
[2015.07.19-13.07.12:518][ 48]LogAIModule: Creating AISystem for world DefaultLevel
[2015.07.19-13.07.12:521][ 48]LogEditorServer: Finished looking for orphan Actors (0.000 secs)
[2015.07.19-13.07.12:542][ 48]Cmd: MAP CHECKDEP NOCLEARLOG
[2015.07.19-13.07.12:594][ 48]MapCheck: Info Map check complete: 0 Error(s), 0 Warning(s), took 51.993ms to complete.
[2015.07.19-13.07.12:594][ 48]LogFileHelpers: Loading map 'DefaultLevel' took 0.162
[2015.07.19-13.07.19:040][673]LogD3D11RHI: InitD3DDevice
[2015.07.19-13.07.22:400][ 34]LogD3D11RHI: InitD3DDevice
[2015.07.19-13.07.22:415][ 34]LogMaterial: Missing cached shader map for material M_Sky, compiling. 
[2015.07.19-13.07.22:441][ 34]LogD3D11RHI: InitD3DDevice
[2015.07.19-13.07.22:471][ 34]LogMaterial: Missing cached shader map for material M_Sky, compiling. 
[2015.07.19-13.07.22:473][ 34]LogMaterial: 0.000129 seconds spent updating 1 materials, 1 interfaces, 0 instances, 0 with static permutations.
[2015.07.19-13.07.22:499][ 34]LogMaterial: Missing cached shader map for material FMatExpressionPreview MaterialExpressionTextureSample_9, compiling. 
[2015.07.19-13.07.22:502][ 34]LogMaterial: Missing cached shader map for material FMatExpressionPreview MaterialExpressionTextureSample_8, compiling. 
[2015.07.19-13.07.22:504][ 34]LogMaterial: Missing cached shader map for material FMatExpressionPreview MaterialExpressionConstant3Vector_3, compiling. 
[2015.07.19-13.07.22:989][ 61]MaterialEditorStats: Info Base pass shader without light map: 20 instructions
[2015.07.19-13.07.22:989][ 61]MaterialEditorStats: Info Vertex shader: 33 instructions
[2015.07.19-13.07.22:989][ 61]MaterialEditorStats: Info Texture samplers: 1/16
[2015.07.19-13.07.28:677][629]LogEditorViewport: Clicking on Actor (LMB): BP_Sky_Sphere_C (Sky Sphere)
[2015.07.19-13.07.30:793][879]LogEditorViewport: Clicking on Actor (LMB): BP_Sky_Sphere_C (Sky Sphere)
[2015.07.19-13.07.33:556][166]LogD3D11RHI: InitD3DDevice
[2015.07.19-13.07.36:137][392]LogD3D11RHI: InitD3DDevice
[2015.07.19-13.07.45:494][397]LogD3D11RHI: InitD3DDevice
[2015.07.19-13.07.55:285][343]Cmd: TRANSACTION UNDO
[2015.07.19-13.07.55:285][343]LogEditorTransaction: Undo Replace component used material
[2015.07.19-13.07.55:297][343]LogD3D11RHI: InitD3DDevice
[2015.07.19-13.07.57:561][532]Cmd: TRANSACTION UNDO
[2015.07.19-13.07.57:561][532]LogEditorTransaction: Undo Replace component used material
[2015.07.19-13.07.58:948][642]LogD3D11RHI: InitD3DDevice
[2015.07.19-13.08.08:449][665]LogD3D11RHI: InitD3DDevice
[2015.07.19-13.08.13:583][191]Cmd: TRANSACTION UNDO
[2015.07.19-13.08.13:583][191]LogEditorTransaction: Undo Replace component used material
[2015.07.19-13.08.13:595][191]LogD3D11RHI: InitD3DDevice
[2015.07.19-13.08.13:940][221]Cmd: TRANSACTION UNDO
[2015.07.19-13.08.13:941][221]LogEditorTransaction: Undo Clicking on Component (tree view)
[2015.07.19-13.08.14:563][285]Cmd: TRANSACTION UNDO
[2015.07.19-13.08.14:563][285]LogEditorTransaction: Undo Clicking on Actors
[2015.07.19-13.08.15:355][378]Cmd: TRANSACTION UNDO
[2015.07.19-13.08.15:355][378]LogEditorTransaction: Undo Clicking on Actors
[2015.07.19-13.08.16:908][564]LogEditorViewport: Clicking on Actor (LMB): BP_Sky_Sphere_C (Sky Sphere)
[2015.07.19-13.08.18:866][795]LogEditorViewport: Clicking on Actor (LMB): BP_Sky_Sphere_C (Sky Sphere)
[2015.07.19-13.08.42:384][387]LogD3D11RHI: InitD3DDevice
[2015.07.19-13.08.43:460][515]LogD3D11RHI: InitD3DDevice
[2015.07.19-13.08.55:013][898]Cmd: CAMERA ALIGN ACTIVEVIEWPORTONLY
[2015.07.19-13.08.57:044][126]LogD3D11RHI: InitD3DDevice
[2015.07.19-13.08.59:511][407]LogD3D11RHI: InitD3DDevice
[2015.07.19-13.09.03:656][872]LogD3D11RHI: InitD3DDevice
[2015.07.19-13.09.06:774][222]LogD3D11RHI: InitD3DDevice
[2015.07.19-13.17.00:423][853]LogD3D11RHI: InitD3DDevice
[2015.07.19-13.17.12:424][889]LogD3D11RHI: InitD3DDevice
[2015.07.19-13.17.12:561][889]LogParticles: Destroying 0 GPU particle simulations for FXSystem 0x000000000E896F20
[2015.07.19-13.17.12:662][889]LogSavePackage: Save=18.921812ms
[2015.07.19-13.17.12:662][889]LogSavePackage: Moving '../../../../../../GitHub/GDV-Projekt/ProjectNarnia/Saved/DefaultLevel_Auto11D6D2124403DA74C67CD908CEB303380.tmp' to '../../../../../../GitHub/GDV-Projekt/ProjectNarnia/Saved/Autosaves/Game/Levels/DefaultLevel_Auto1.umap'
[2015.07.19-13.17.12:665][889]LogFileHelpers: Editor autosave (incl. sublevels) for '/Game/Levels/DefaultLevel' took 0.112
[2015.07.19-13.17.12:665][889]LogFileHelpers: Editor autosave (incl. sublevels) for all levels took 0.112
[2015.07.19-13.29.42:543][137]LogEditorViewport: Clicking on Actor (LMB): StaticMeshActor (Floor)
[2015.07.19-13.29.44:402][295]LogEditorViewport: Clicking on Actor (LMB): StaticMeshActor (Floor)
[2015.07.19-13.29.49:394][598]LogD3D11RHI: InitD3DDevice
[2015.07.19-13.29.54:916][118]LogEditorViewport: Clicking on Actor (LMB): StaticMeshActor (Floor)
[2015.07.19-13.29.55:563][188]LogD3D11RHI: InitD3DDevice
[2015.07.19-13.29.56:379][284]LogEditorViewport: Clicking on Actor (LMB): StaticMeshActor (Floor)
[2015.07.19-13.29.58:857][547]LogActor:Warning: Natively added component (LandscapeGizmoActiveActor_0.GizmoRendererComponent0) was left unattached from the actor's root.
[2015.07.19-13.29.58:857][547]PIE:Warning: Warning AttachTo: '/Game/Levels/DefaultLevel.DefaultLevel:PersistentLevel.LandscapeGizmoActiveActor_0.GizmoRendererComponent0' is not static , cannot attach '/Game/Levels/DefaultLevel.DefaultLevel:PersistentLevel.LandscapeGizmoActiveActor_0.RootComponent0' which is static to it. Aborting.
[2015.07.19-13.29.58:857][547]LogTexture:Display: Building textures: Texture2D_2 (G8)
[2015.07.19-13.30.04:473][144]LogD3D11RHI: InitD3DDevice
[2015.07.19-13.30.10:504][567]LogD3D11RHI: InitD3DDevice
[2015.07.19-13.30.10:937][615]LogD3D11RHI: InitD3DDevice
[2015.07.19-13.30.16:007][ 58]Cmd: TRANSACTION UNDO
[2015.07.19-13.30.16:007][ 58]LogEditorTransaction: Undo Foliage Editing
[2015.07.19-13.30.16:013][ 58]LogD3D11RHI: InitD3DDevice
[2015.07.19-13.30.23:759][884]Cmd: TRANSACTION UNDO
[2015.07.19-13.30.23:759][884]LogEditorTransaction: Undo Foliage Editing
[2015.07.19-13.30.23:771][884]LogD3D11RHI: InitD3DDevice
[2015.07.19-13.30.41:546][645]Cmd: TRANSACTION UNDO
[2015.07.19-13.30.41:546][645]LogEditorTransaction: Undo Foliage Editing
[2015.07.19-13.30.41:556][645]LogD3D11RHI: InitD3DDevice
[2015.07.19-13.30.42:278][698]Cmd: TRANSACTION UNDO
[2015.07.19-13.30.42:279][698]LogEditorTransaction: Undo Foliage Editing
[2015.07.19-13.30.42:678][742]Cmd: TRANSACTION UNDO
[2015.07.19-13.30.42:678][742]LogEditorTransaction: Undo Foliage Editing
[2015.07.19-13.30.43:038][783]Cmd: TRANSACTION UNDO
[2015.07.19-13.30.43:038][783]LogEditorTransaction: Undo Foliage Editing
[2015.07.19-13.30.50:499][490]Cmd: TRANSACTION UNDO
[2015.07.19-13.30.50:499][490]LogEditorTransaction: Undo Foliage Editing
[2015.07.19-13.30.50:511][490]LogD3D11RHI: InitD3DDevice
[2015.07.19-13.31.51:023][229]Cmd: TRANSACTION UNDO
[2015.07.19-13.31.51:023][229]LogEditorTransaction: Undo Foliage Editing
[2015.07.19-13.31.51:033][229]LogD3D11RHI: InitD3DDevice
[2015.07.19-13.31.51:926][306]Cmd: TRANSACTION UNDO
[2015.07.19-13.31.51:926][306]LogEditorTransaction: Undo Foliage Editing
[2015.07.19-13.31.52:180][331]Cmd: TRANSACTION UNDO
[2015.07.19-13.31.52:180][331]LogEditorTransaction: Undo Foliage Editing
[2015.07.19-13.31.52:406][354]Cmd: TRANSACTION UNDO
[2015.07.19-13.31.52:406][354]LogEditorTransaction: Undo Foliage Editing
[2015.07.19-13.31.52:632][377]Cmd: TRANSACTION UNDO
[2015.07.19-13.31.52:632][377]LogEditorTransaction: Undo Foliage Editing
[2015.07.19-13.31.52:839][398]Cmd: TRANSACTION UNDO
[2015.07.19-13.31.52:839][398]LogEditorTransaction: Undo Foliage Editing
[2015.07.19-13.31.53:052][419]Cmd: TRANSACTION UNDO
[2015.07.19-13.31.53:052][419]LogEditorTransaction: Undo Foliage Editing
[2015.07.19-13.31.53:249][439]Cmd: TRANSACTION UNDO
[2015.07.19-13.31.53:249][439]LogEditorTransaction: Undo Foliage Editing
[2015.07.19-13.31.53:455][460]Cmd: TRANSACTION UNDO
[2015.07.19-13.31.53:455][460]LogEditorTransaction: Undo Foliage Editing
[2015.07.19-13.31.53:657][479]Cmd: TRANSACTION UNDO
[2015.07.19-13.31.53:657][479]LogEditorTransaction: Undo Foliage Editing
[2015.07.19-13.31.53:855][499]Cmd: TRANSACTION UNDO
[2015.07.19-13.31.53:855][499]LogEditorTransaction: Undo Foliage Editing
[2015.07.19-13.31.54:234][537]Cmd: TRANSACTION UNDO
[2015.07.19-13.31.54:234][537]LogEditorTransaction: Undo Foliage Editing
[2015.07.19-13.32.18:562][ 71]LogStaticMesh:Display: Discarded foliage hierarchy of 8 elements build due to concurrent removal (0.0s)
[2015.07.19-13.32.43:299][720]Cmd: TRANSACTION UNDO
[2015.07.19-13.32.43:299][720]LogEditorTransaction: Undo Foliage Editing
[2015.07.19-13.32.43:305][720]LogD3D11RHI: InitD3DDevice
[2015.07.19-13.32.43:661][750]Cmd: TRANSACTION UNDO
[2015.07.19-13.32.43:661][750]LogEditorTransaction: Undo Foliage Editing
[2015.07.19-13.32.43:858][764]Cmd: TRANSACTION UNDO
[2015.07.19-13.32.43:858][764]LogEditorTransaction: Undo Foliage Editing
[2015.07.19-13.32.44:094][789]Cmd: TRANSACTION UNDO
[2015.07.19-13.32.44:094][789]LogEditorTransaction: Undo Foliage Editing
[2015.07.19-13.32.44:812][863]LogStaticMesh:Display: Discarded foliage hierarchy of 5 elements build due to concurrent removal (0.0s)
[2015.07.19-13.32.56:488][113]Cmd: TRANSACTION UNDO
[2015.07.19-13.32.56:488][113]LogEditorTransaction: Undo Foliage Editing
[2015.07.19-13.32.56:501][113]LogD3D11RHI: InitD3DDevice
[2015.07.19-13.33.07:198][177]Cmd: TRANSACTION UNDO
[2015.07.19-13.33.07:198][177]LogEditorTransaction: Undo Foliage Editing
[2015.07.19-13.33.07:202][177]LogD3D11RHI: InitD3DDevice
[2015.07.19-13.33.22:786][584]LogD3D11RHI: InitD3DDevice
[2015.07.19-13.33.22:801][584]LogActorFactory: Actor Factory created SM_RockGravel
[2015.07.19-13.33.23:212][630]LogD3D11RHI: InitD3DDevice
[2015.07.19-13.33.28:840][153]Cmd: TRANSACTION UNDO
[2015.07.19-13.33.28:840][153]LogEditorTransaction: Undo Foliage Editing
[2015.07.19-13.33.28:854][153]LogD3D11RHI: InitD3DDevice
[2015.07.19-13.33.43:992][527]Cmd: TRANSACTION UNDO
[2015.07.19-13.33.43:992][527]LogEditorTransaction: Undo Foliage Editing
[2015.07.19-13.33.44:007][527]LogD3D11RHI: InitD3DDevice
[2015.07.19-13.33.49:493][986]Cmd: TRANSACTION UNDO
[2015.07.19-13.33.49:493][986]LogEditorTransaction: Undo Foliage Editing
[2015.07.19-13.33.49:507][986]LogD3D11RHI: InitD3DDevice
[2015.07.19-13.33.50:684][ 85]Cmd: TRANSACTION UNDO
[2015.07.19-13.33.50:684][ 85]LogEditorTransaction: Undo Foliage Editing
[2015.07.19-13.33.57:580][736]Cmd: TRANSACTION UNDO
[2015.07.19-13.33.57:580][736]LogEditorTransaction: Undo Foliage Editing
[2015.07.19-13.33.57:594][736]LogD3D11RHI: InitD3DDevice
[2015.07.19-13.33.57:832][757]Cmd: TRANSACTION UNDO
[2015.07.19-13.33.57:832][757]LogEditorTransaction: Undo Foliage Editing
[2015.07.19-13.33.58:761][837]Cmd: TRANSACTION UNDO
[2015.07.19-13.33.58:761][837]LogEditorTransaction: Undo Foliage Editing
[2015.07.19-13.33.59:028][863]Cmd: TRANSACTION UNDO
[2015.07.19-13.33.59:028][863]LogEditorTransaction: Undo Drag-drop Foliage
[2015.07.19-13.34.02:585][112]LogD3D11RHI: InitD3DDevice
[2015.07.19-13.34.02:655][118]LogActorFactory: Actor Factory created SM_RockGravel
[2015.07.19-13.34.03:203][183]LogD3D11RHI: InitD3DDevice
[2015.07.19-13.34.04:360][250]LogD3D11RHI: InitD3DDevice
[2015.07.19-13.34.04:380][250]LogActorFactory: Actor Factory created SM_RockGravel_Foliage
[2015.07.19-13.34.05:222][339]LogD3D11RHI: InitD3DDevice
[2015.07.19-13.34.06:507][416]LogD3D11RHI: InitD3DDevice
[2015.07.19-13.34.06:575][423]LogActorFactory: Actor Factory created SM_RockGravel_02
[2015.07.19-13.34.07:146][491]LogD3D11RHI: InitD3DDevice
[2015.07.19-13.34.13:896][163]Cmd: TRANSACTION UNDO
[2015.07.19-13.34.13:896][163]LogEditorTransaction: Undo Foliage Editing
[2015.07.19-13.34.13:909][163]LogD3D11RHI: InitD3DDevice
[2015.07.19-13.34.14:166][185]Cmd: TRANSACTION UNDO
[2015.07.19-13.34.14:166][185]LogEditorTransaction: Undo Foliage Editing
[2015.07.19-13.34.14:383][197]Cmd: TRANSACTION UNDO
[2015.07.19-13.34.14:383][197]LogEditorTransaction: Undo Foliage Editing
[2015.07.19-13.34.14:687][225]Cmd: TRANSACTION UNDO
[2015.07.19-13.34.14:687][225]LogEditorTransaction: Undo Foliage Editing
[2015.07.19-13.34.15:007][256]Cmd: TRANSACTION UNDO
[2015.07.19-13.34.15:007][256]LogEditorTransaction: Undo Foliage Editing
[2015.07.19-13.34.15:387][293]Cmd: TRANSACTION UNDO
[2015.07.19-13.34.15:387][293]LogEditorTransaction: Undo Foliage Editing
[2015.07.19-13.34.15:735][327]Cmd: TRANSACTION UNDO
[2015.07.19-13.34.15:735][327]LogEditorTransaction: Undo Foliage Editing
[2015.07.19-13.34.16:108][363]Cmd: TRANSACTION UNDO
[2015.07.19-13.34.16:108][363]LogEditorTransaction: Undo Foliage Editing
[2015.07.19-13.34.16:518][403]Cmd: TRANSACTION UNDO
[2015.07.19-13.34.16:519][403]LogEditorTransaction: Undo Foliage Editing
[2015.07.19-13.34.24:319][195]Cmd: TRANSACTION UNDO
[2015.07.19-13.34.24:319][195]LogEditorTransaction: Undo Foliage Editing
[2015.07.19-13.34.24:332][195]LogD3D11RHI: InitD3DDevice
[2015.07.19-13.34.24:651][221]Cmd: TRANSACTION UNDO
[2015.07.19-13.34.24:651][221]LogEditorTransaction: Undo Foliage Editing
[2015.07.19-13.34.31:072][775]LogD3D11RHI: InitD3DDevice
[2015.07.19-13.34.31:094][777]LogActorFactory: Actor Factory created SM_Boulder02
[2015.07.19-13.34.31:630][841]LogD3D11RHI: InitD3DDevice
[2015.07.19-13.34.34:512][128]LogMaterial:Warning: Material /Game/Assets/Materials/MaterialsBPDemo/M_Boulder_MASTER.M_Boulder_MASTER needed to have new flag set bUsedWithInstancedStaticMeshes !
[2015.07.19-13.34.34:513][128]LogMaterial: Missing cached shader map for material M_Boulder_MASTER, compiling. 
[2015.07.19-13.34.34:556][128]LogMaterial: 0.000164 seconds spent updating 1 materials, 1 interfaces, 0 instances, 0 with static permutations.
[2015.07.19-13.34.38:366][510]Cmd: TRANSACTION UNDO
[2015.07.19-13.34.38:366][510]LogEditorTransaction: Undo Foliage Editing
[2015.07.19-13.34.38:379][510]LogD3D11RHI: InitD3DDevice
[2015.07.19-13.34.38:802][541]Cmd: TRANSACTION UNDO
[2015.07.19-13.34.38:802][541]LogEditorTransaction: Undo Foliage Editing
[2015.07.19-13.34.42:407][891]Cmd: TRANSACTION UNDO
[2015.07.19-13.34.42:407][891]LogEditorTransaction: Undo Foliage Editing
[2015.07.19-13.34.42:411][891]LogD3D11RHI: InitD3DDevice
[2015.07.19-13.34.47:698][277]LogD3D11RHI: InitD3DDevice
[2015.07.19-13.34.47:711][277]LogActorFactory: Actor Factory created SM_Fence_01
[2015.07.19-13.34.48:194][328]LogD3D11RHI: InitD3DDevice
[2015.07.19-13.34.50:691][583]LogMaterial:Warning: Material /Game/Assets/Materials/MaterialsSurvivalDemo/M_Tiling_Wood.M_Tiling_Wood needed to have new flag set bUsedWithInstancedStaticMeshes !
[2015.07.19-13.34.50:693][583]LogMaterial: Missing cached shader map for material M_Tiling_Wood, compiling. 
[2015.07.19-13.34.50:708][583]LogMaterial: 0.000131 seconds spent updating 1 materials, 1 interfaces, 1 instances, 0 with static permutations.
[2015.07.19-13.34.53:725][866]Cmd: TRANSACTION UNDO
[2015.07.19-13.34.53:725][866]LogEditorTransaction: Undo Foliage Editing
[2015.07.19-13.34.53:738][866]LogD3D11RHI: InitD3DDevice
[2015.07.19-13.34.54:119][897]Cmd: TRANSACTION UNDO
[2015.07.19-13.34.54:119][897]LogEditorTransaction: Undo Drag-drop Foliage
[2015.07.19-13.35.05:051][987]LogActorComponent: UnregisterComponent: (/Engine/Transient.SphereBrushComponent) Not registered. Aborting.
[2015.07.19-13.35.05:654][ 53]LogEditorViewport: Clicking on Actor (LMB): InstancedFoliageActor (InstancedFoliageActor)
[2015.07.19-13.35.07:592][256]LogActor:Warning: Natively added component (LandscapeGizmoActiveActor_1.GizmoRendererComponent0) was left unattached from the actor's root.
[2015.07.19-13.35.07:592][256]PIE:Warning: Warning AttachTo: '/Game/Levels/DefaultLevel.DefaultLevel:PersistentLevel.LandscapeGizmoActiveActor_1.GizmoRendererComponent0' is not static , cannot attach '/Game/Levels/DefaultLevel.DefaultLevel:PersistentLevel.LandscapeGizmoActiveActor_1.RootComponent0' which is static to it. Aborting.
[2015.07.19-13.35.07:592][256]LogTexture:Display: Building textures: Texture2D_3 (G8)
[2015.07.19-13.35.18:569][436]LogD3D11RHI: InitD3DDevice
[2015.07.19-13.35.18:648][436]Cmd: OBJ SAVEPACKAGE PACKAGE="/Game/Levels/DefaultLevel" FILE="../../../../../../GitHub/GDV-Projekt/ProjectNarnia/Content/Levels/DefaultLevel.umap" SILENT=true AUTOSAVING=false KEEPDIRTY=false
[2015.07.19-13.35.18:686][436]LogSavePackage: Save=16.667145ms
[2015.07.19-13.35.18:686][436]LogSavePackage: Moving '../../../../../../GitHub/GDV-Projekt/ProjectNarnia/Saved/DefaultLevel893C4C524D976EE878E2AD9066EAD9B8.tmp' to '../../../../../../GitHub/GDV-Projekt/ProjectNarnia/Content/Levels/DefaultLevel.umap'
[2015.07.19-13.35.18:707][436]LogFileHelpers: Saving map 'DefaultLevel' took 0.122
[2015.07.19-13.35.27:557][395]LogActorComponent: UnregisterComponent: (/Engine/Transient.SphereBrushComponent) Not registered. Aborting.
[2015.07.19-13.35.29:473][611]LogD3D11RHI: InitD3DDevice
[2015.07.19-13.36.51:167][213]LogD3D11RHI: InitD3DDevice
[2015.07.19-13.36.52:200][336]MapCheck: New page: Map Check
[2015.07.19-13.36.52:209][336]LogD3D11RHI: InitD3DDevice
[2015.07.19-13.36.52:223][336]Cmd: MAP REBUILD ALLVISIBLE
[2015.07.19-13.36.52:223][336]LogEditorServer: Rebuildmap Clear paths rebuilt
[2015.07.19-13.36.52:248][336]LightingResults: New page: Lighting Build - Jul 19, 2015, 5:36:52 PM
[2015.07.19-13.36.52:253][336]LogStaticMesh:Warning: Instanced meshes don't yet support unique static lighting for each LOD, lighting on LOD 1+ may be incorrect
[2015.07.19-13.36.56:912][336]LogStaticLightingSystem:Warning: No importance volume found, so the scene bounding box was used.  You can optimize your scene's quality and lighting build times by adding importance volumes.
[2015.07.19-13.36.56:912][336]LogStaticLightingSystem: Running Lightmass w/ ImmediateImport mode ENABLED
[2015.07.19-13.36.56:912][336]LogStaticLightingSystem: Running Lightmass w/ ImmediateProcess mode ENABLED
[2015.07.19-13.36.56:912][336]LogStaticLightingSystem: Running Lightmass w/ Sorting mode ENABLED
[2015.07.19-13.36.56:912][336]LogStaticLightingSystem: Running Lightmass w/ Mapping paddings ENABLED
[2015.07.19-13.36.56:912][336]LogStaticLightingSystem: Running Lightmass w/ Mapping debug paddings DISABLED
[2015.07.19-13.36.57:651][336]LogD3D11RHI: InitD3DDevice
[2015.07.19-13.36.57:672][336]LogEditorBuildUtils: Build time 0:00:05
[2015.07.19-13.36.57:675][336]LogMaterial: Missing cached shader map for material FLightmassMaterialRenderer M_PineTree_Bark_Inst, compiling. 
[2015.07.19-13.36.57:678][336]LogMaterial: Missing cached shader map for material FLightmassMaterialRenderer M_PineTree_Bark_Inst, compiling. 
[2015.07.19-13.36.57:681][336]LogMaterial: Missing cached shader map for material FLightmassMaterialRenderer MI_PineTree_Branch_Inst, compiling. 
[2015.07.19-13.36.57:685][336]LogMaterial: Missing cached shader map for material FLightmassMaterialRenderer MI_PineTree_Branch_Inst, compiling. 
[2015.07.19-13.36.57:689][336]LogMaterial: Missing cached shader map for material FLightmassMaterialRenderer MI_PineTree_Branch_Inst, compiling. 
[2015.07.19-13.36.57:709][337]LogMaterial: Missing cached shader map for material FLightmassMaterialRenderer MI_PineTree_Billboard_Inst, compiling. 
[2015.07.19-13.36.57:713][337]LogMaterial: Missing cached shader map for material FLightmassMaterialRenderer MI_PineTree_Billboard_Inst, compiling. 
[2015.07.19-13.36.57:716][337]LogMaterial: Missing cached shader map for material FLightmassMaterialRenderer MI_PineTree_Billboard_Inst, compiling. 
[2015.07.19-13.36.57:747][338]LogMaterial: Missing cached shader map for material FLightmassMaterialRenderer MI_Rock_Grassy_Inst, compiling. 
[2015.07.19-13.36.57:750][338]LogMaterial: Missing cached shader map for material FLightmassMaterialRenderer MI_Rock_Grassy_Inst, compiling. 
[2015.07.19-13.36.57:753][338]LogMaterial: Missing cached shader map for material FLightmassMaterialRenderer M_Ground_Grass, compiling. 
[2015.07.19-13.36.57:756][338]LogMaterial: Missing cached shader map for material FLightmassMaterialRenderer M_Ground_Grass, compiling. 
[2015.07.19-13.36.57:768][339]LogMaterial: Missing cached shader map for material FLightmassMaterialRenderer MaterialInstanceDynamic_49, compiling. 
[2015.07.19-13.36.57:770][339]LogMaterial: Missing cached shader map for material FLightmassMaterialRenderer MaterialInstanceDynamic_49, compiling. 
[2015.07.19-13.36.57:774][339]LogMaterial: Missing cached shader map for material FLightmassMaterialRenderer M_TreeTrunk01, compiling. 
[2015.07.19-13.36.57:779][339]LogMaterial: Missing cached shader map for material FLightmassMaterialRenderer M_TreeTrunk01, compiling. 
[2015.07.19-13.36.57:792][340]LogMaterial: Missing cached shader map for material FLightmassMaterialRenderer M_Tree_Branches, compiling. 
[2015.07.19-13.36.57:796][340]LogMaterial: Missing cached shader map for material FLightmassMaterialRenderer M_Tree_Branches, compiling. 
[2015.07.19-13.36.57:799][340]LogMaterial: Missing cached shader map for material FLightmassMaterialRenderer M_Tree_Branches, compiling. 
[2015.07.19-13.36.57:812][341]LogMaterial: Missing cached shader map for material FLightmassMaterialRenderer M_Boulder_MASTER, compiling. 
[2015.07.19-13.36.57:817][341]LogMaterial: Missing cached shader map for material FLightmassMaterialRenderer M_Boulder_MASTER, compiling. 
[2015.07.19-13.36.57:821][341]LogMaterial: Missing cached shader map for material FLightmassMaterialRenderer M_lavahelm_MASTER, compiling. 
[2015.07.19-13.36.57:826][341]LogMaterial: Missing cached shader map for material FLightmassMaterialRenderer M_lavahelm_MASTER, compiling. 
[2015.07.19-13.36.57:842][342]LogMaterial: Missing cached shader map for material FLightmassMaterialRenderer M_ThroneRoom_Pillar_Damaged_01, compiling. 
[2015.07.19-13.36.57:846][342]LogMaterial: Missing cached shader map for material FLightmassMaterialRenderer M_ThroneRoom_Pillar_Damaged_01, compiling. 
[2015.07.19-13.36.57:850][342]LogMaterial: Missing cached shader map for material FLightmassMaterialRenderer M_ThroneRoom_Rock, compiling. 
[2015.07.19-13.36.57:855][342]LogMaterial: Missing cached shader map for material FLightmassMaterialRenderer M_ThroneRoom_Rock, compiling. 
[2015.07.19-13.36.57:869][343]LogMaterial: Missing cached shader map for material FLightmassMaterialRenderer M_Throne_Spine01, compiling. 
[2015.07.19-13.36.57:873][343]LogMaterial: Missing cached shader map for material FLightmassMaterialRenderer M_Throne_Spine01, compiling. 
[2015.07.19-13.36.57:892][344]LogMaterial: Missing cached shader map for material FLightmassMaterialRenderer M_swordandhelmet, compiling. 
[2015.07.19-13.36.57:896][344]LogMaterial: Missing cached shader map for material FLightmassMaterialRenderer M_swordandhelmet, compiling. 
[2015.07.19-13.36.57:916][345]LogMaterial: Missing cached shader map for material FLightmassMaterialRenderer M_Throne_Exterior_Ledge, compiling. 
[2015.07.19-13.36.57:921][345]LogMaterial: Missing cached shader map for material FLightmassMaterialRenderer M_Throne_Exterior_Ledge, compiling. 
[2015.07.19-13.36.57:938][346]LogMaterial: Missing cached shader map for material FLightmassMaterialRenderer M_ThroneRoom_CraggyStoneWall, compiling. 
[2015.07.19-13.36.57:944][346]LogMaterial: Missing cached shader map for material FLightmassMaterialRenderer M_ThroneRoom_CraggyStoneWall, compiling. 
[2015.07.19-13.36.57:960][347]LogMaterial: Missing cached shader map for material FLightmassMaterialRenderer WorldGridMaterial, compiling. Is special engine material.
[2015.07.19-13.36.57:965][347]LogMaterial: Missing cached shader map for material FLightmassMaterialRenderer WorldGridMaterial, compiling. Is special engine material.
[2015.07.19-13.37.00:808][348]LogEditorViewport: Clicking on Actor (context menu): StaticMeshActor (Floor)
[2015.07.19-13.37.00:832][348]LogD3D11RHI: InitD3DDevice
[2015.07.19-13.37.02:473][454]LogEditorViewport: Clicking on Actor (LMB): StaticMeshActor (Floor)
[2015.07.19-13.37.07:782][999]LightingResults:Error: Error SM_Throne_Exterior_Wall_Broken_01 Object has overlapping UVs.
[2015.07.19-13.37.07:782][999]LightingResults: Info SM_Throne_Exterior_Wall_Broken_01 Lightmap UV are overlapping by 11.4%. Please adjust content - Enable Error Coloring to visualize.
[2015.07.19-13.37.08:567][ 80]LightingResults:Error: Error SM_Lava_Knight Object has overlapping UVs.
[2015.07.19-13.37.08:567][ 80]LightingResults: Info SM_Lava_Knight Lightmap UV are overlapping by 71.2%. Please adjust content - Enable Error Coloring to visualize.
[2015.07.19-13.37.09:854][213]Job is a success!
[2015.07.19-13.37.09:884][215]LogD3D11RHI: InitD3DDevice
[2015.07.19-13.37.09:888][215]LogD3D11RHI: InitD3DDevice
[2015.07.19-13.37.10:058][215]LogTexture:Display: Building textures: SkyOcclusion0_1 (AutoDXT)
[2015.07.19-13.37.10:235][215]LogTexture:Display: Building textures: LQ_Lightmap_0_4 (DXT1)
[2015.07.19-13.37.10:239][215]LogTexture:Display: Building textures: HQ_Lightmap0_4 (AutoDXT)
[2015.07.19-13.37.10:239][215]LogTexture:Display: Building textures: SkyOcclusion0_4 (AutoDXT)
[2015.07.19-13.37.10:242][215]LogTexture:Display: Building textures: LQ_Lightmap_0_3 (DXT1)
[2015.07.19-13.37.10:254][215]LogTexture:Display: Building textures: HQ_Lightmap0_3 (AutoDXT)
[2015.07.19-13.37.10:276][215]LogTexture:Display: Building textures: SkyOcclusion0_3 (AutoDXT)
[2015.07.19-13.37.10:292][215]LogTexture:Display: Building textures: LQ_Lightmap_0_2 (DXT1)
[2015.07.19-13.37.10:346][215]LogTexture:Display: Building textures: HQ_Lightmap0_2 (AutoDXT)
[2015.07.19-13.37.10:433][215]LogTexture:Display: Building textures: SkyOcclusion0_2 (AutoDXT)
[2015.07.19-13.37.10:476][215]LogTexture:Display: Building textures: LQ_Lightmap_0_1 (DXT1)
[2015.07.19-13.37.10:657][215]LogTexture:Display: Building textures: HQ_Lightmap0_1 (AutoDXT)
[2015.07.19-13.37.11:552][215]LogTexture:Display: Building textures: ShadowMapTexture2D_0 (BGRA8)
[2015.07.19-13.37.11:663][215]LogTexture:Display: Building textures: ShadowMapTexture2D_1 (BGRA8)
[2015.07.19-13.37.11:666][215]LogTexture:Display: Building textures: ShadowMapTexture2D_2 (BGRA8)
[2015.07.19-13.37.11:705][215]Lightmass on SILVAN-PC: 9.81 sec total, 244 ms importing, 348 ms setup, 537 ms photons, 8.67 sec processing, 0 ms extra exporting [35/35 mappings]. Threads: 1:00 min total, 39.1 sec processing.
[2015.07.19-13.37.11:706][215]LogD3D11RHI: InitD3DDevice
[2015.07.19-13.37.11:728][215]LogStaticLightingSystem: Illumination: 19.4 sec (1.70 sec encoding lightmaps)
[2015.07.19-13.37.11:728][215]LogStaticLightingSystem: Lightmap texture memory:  1.8 MB (1.8 MB streaming, 0.0 MB non-streaming), 8 textures
[2015.07.19-13.37.11:728][215]LogStaticLightingSystem: Shadowmap texture memory: 10.8 MB (10.8 MB streaming, 0.0 MB non-streaming), 3 textures
[2015.07.19-13.37.11:941][216]Cmd: MAP CHECK NOTIFYRESULTS
[2015.07.19-13.37.11:941][216]MapCheck: New page: DefaultLevel - Jul 19, 2015, 5:37:11 PM
[2015.07.19-13.37.12:030][216]MapCheck: Info Map check complete: 0 Error(s), 0 Warning(s), took 88.988ms to complete.
[2015.07.19-13.37.32:769][575]LogEditorViewport: Clicking on Actor (LMB): StaticMeshActor (SM_Lava_Knight)
[2015.07.19-13.37.33:886][704]Cmd: DELETE
[2015.07.19-13.37.33:886][704]Cmd: ACTOR DELETE
[2015.07.19-13.37.33:887][704]LogEditorActor: Deleted Actor: StaticMeshActor
[2015.07.19-13.37.33:904][704]LogEditorActor: Deleted 1 Actors (0.017 secs)
[2015.07.19-13.37.36:415][996]LogEditorViewport: Clicking on Actor (LMB): StaticMeshActor (Floor)
[2015.07.19-13.37.40:695][489]LogEditorViewport: Clicking on Actor (LMB): InstancedFoliageActor (InstancedFoliageActor)
[2015.07.19-13.37.42:422][658]LogEditorViewport: Clicking on Actor (LMB): BP_Sky_Sphere_C (Sky Sphere)
[2015.07.19-13.37.43:182][746]LogD3D11RHI: InitD3DDevice
[2015.07.19-13.37.47:393][247]LogD3D11RHI: InitD3DDevice
[2015.07.19-13.37.48:064][324]LogD3D11RHI: InitD3DDevice
[2015.07.19-13.37.48:613][387]LogD3D11RHI: InitD3DDevice
[2015.07.19-13.37.50:245][582]LogD3D11RHI: InitD3DDevice
[2015.07.19-13.37.51:419][722]LogD3D11RHI: InitD3DDevice
[2015.07.19-13.37.51:473][727]LogD3D11RHI: InitD3DDevice
[2015.07.19-13.37.53:005][908]LogD3D11RHI: InitD3DDevice
[2015.07.19-13.37.55:583][217]LogD3D11RHI: InitD3DDevice
[2015.07.19-13.37.57:383][431]LogD3D11RHI: InitD3DDevice
[2015.07.19-13.37.58:509][564]LogD3D11RHI: InitD3DDevice
[2015.07.19-13.37.58:972][618]LogD3D11RHI: InitD3DDevice
[2015.07.19-13.38.06:918][571]LogD3D11RHI: InitD3DDevice
[2015.07.19-13.38.07:755][669]LogD3D11RHI: InitD3DDevice
[2015.07.19-13.38.10:078][947]MapCheck: New page: Map Check
[2015.07.19-13.38.10:086][947]LogD3D11RHI: InitD3DDevice
[2015.07.19-13.38.10:094][947]Cmd: MAP REBUILD ALLVISIBLE
[2015.07.19-13.38.10:094][947]LogEditorServer: Rebuildmap Clear paths rebuilt
[2015.07.19-13.38.10:114][947]LightingResults: New page: Lighting Build - Jul 19, 2015, 5:38:10 PM
[2015.07.19-13.38.10:119][947]LogStaticMesh:Warning: Instanced meshes don't yet support unique static lighting for each LOD, lighting on LOD 1+ may be incorrect
[2015.07.19-13.38.14:652][947]LogStaticLightingSystem:Warning: No importance volume found, so the scene bounding box was used.  You can optimize your scene's quality and lighting build times by adding importance volumes.
[2015.07.19-13.38.14:653][947]LogStaticLightingSystem: Running Lightmass w/ ImmediateImport mode ENABLED
[2015.07.19-13.38.14:653][947]LogStaticLightingSystem: Running Lightmass w/ ImmediateProcess mode ENABLED
[2015.07.19-13.38.14:653][947]LogStaticLightingSystem: Running Lightmass w/ Sorting mode ENABLED
[2015.07.19-13.38.14:653][947]LogStaticLightingSystem: Running Lightmass w/ Mapping paddings ENABLED
[2015.07.19-13.38.14:653][947]LogStaticLightingSystem: Running Lightmass w/ Mapping debug paddings DISABLED
[2015.07.19-13.38.14:782][947]LogD3D11RHI: InitD3DDevice
[2015.07.19-13.38.14:803][947]LogEditorBuildUtils: Build time 0:00:04
[2015.07.19-13.38.14:809][947]LogD3D11RHI: InitD3DDevice
[2015.07.19-13.38.29:559][359]LightingResults:Error: Error SM_Throne_Exterior_Wall_Broken_01 Object has overlapping UVs.
[2015.07.19-13.38.29:559][359]LightingResults: Info SM_Throne_Exterior_Wall_Broken_01 Lightmap UV are overlapping by 11.4%. Please adjust content - Enable Error Coloring to visualize.
[2015.07.19-13.39.13:782][694]Job is a success!
[2015.07.19-13.39.13:801][695]LogD3D11RHI: InitD3DDevice
[2015.07.19-13.39.13:804][695]LogD3D11RHI: InitD3DDevice
[2015.07.19-13.39.13:967][695]LogTexture:Display: Building textures: SkyOcclusion1_1 (AutoDXT)
[2015.07.19-13.39.14:160][695]LogTexture:Display: Building textures: LQ_Lightmap_1_4 (DXT1)
[2015.07.19-13.39.14:165][695]LogTexture:Display: Building textures: HQ_Lightmap1_4 (AutoDXT)
[2015.07.19-13.39.14:165][695]LogTexture:Display: Building textures: SkyOcclusion1_4 (AutoDXT)
[2015.07.19-13.39.14:167][695]LogTexture:Display: Building textures: LQ_Lightmap_1_3 (DXT1)
[2015.07.19-13.39.14:179][695]LogTexture:Display: Building textures: HQ_Lightmap1_3 (AutoDXT)
[2015.07.19-13.39.14:204][695]LogTexture:Display: Building textures: SkyOcclusion1_3 (AutoDXT)
[2015.07.19-13.39.14:220][695]LogTexture:Display: Building textures: LQ_Lightmap_1_2 (DXT1)
[2015.07.19-13.39.14:266][695]LogTexture:Display: Building textures: HQ_Lightmap1_2 (AutoDXT)
[2015.07.19-13.39.14:339][695]LogTexture:Display: Building textures: SkyOcclusion1_2 (AutoDXT)
[2015.07.19-13.39.14:378][695]LogTexture:Display: Building textures: LQ_Lightmap_1_1 (DXT1)
[2015.07.19-13.39.14:541][695]LogTexture:Display: Building textures: HQ_Lightmap1_1 (AutoDXT)
[2015.07.19-13.39.15:415][695]LogTexture:Display: Building textures: ShadowMapTexture2D_3 (BGRA8)
[2015.07.19-13.39.15:525][695]LogTexture:Display: Building textures: ShadowMapTexture2D_4 (BGRA8)
[2015.07.19-13.39.15:529][695]LogTexture:Display: Building textures: ShadowMapTexture2D_5 (BGRA8)
[2015.07.19-13.39.15:540][695]LogD3D11RHI: InitD3DDevice
[2015.07.19-13.39.15:551][695]Lightmass on SILVAN-PC: 1:00 min total, 217 ms importing, 298 ms setup, 1.06 sec photons, 58.7 sec processing, 0 ms extra exporting [34/34 mappings]. Threads: 6:50 min total, 4:53 min processing.
[2015.07.19-13.39.15:560][695]LogStaticLightingSystem: Illumination: 1:05 min (1.65 sec encoding lightmaps)
[2015.07.19-13.39.15:560][695]LogStaticLightingSystem: Lightmap texture memory:  1.8 MB (1.8 MB streaming, 0.0 MB non-streaming), 8 textures
[2015.07.19-13.39.15:560][695]LogStaticLightingSystem: Shadowmap texture memory: 21.7 MB (21.7 MB streaming, 0.0 MB non-streaming), 6 textures
[2015.07.19-13.39.15:670][696]Cmd: MAP CHECK NOTIFYRESULTS
[2015.07.19-13.39.15:670][696]MapCheck: New page: DefaultLevel - Jul 19, 2015, 5:39:15 PM
[2015.07.19-13.39.15:743][696]MapCheck: Info Map check complete: 0 Error(s), 0 Warning(s), took 73.473ms to complete.
[2015.07.19-13.39.25:888][856]LogD3D11RHI: InitD3DDevice
[2015.07.19-13.39.26:359][910]LogD3D11RHI: InitD3DDevice
[2015.07.19-13.39.27:434][ 37]LogD3D11RHI: InitD3DDevice
[2015.07.19-13.39.28:665][184]LogD3D11RHI: InitD3DDevice
[2015.07.19-13.39.40:498][573]LogPlayLevel: PIE:  No blueprints needed recompiling
[2015.07.19-13.39.40:498][573]PIE: New page: PIE session: DefaultLevel (Jul 19, 2015, 5:39:40 PM)
[2015.07.19-13.39.40:499][573]LogPlayLevel: Creating play world package: /Game/Levels/UEDPIE_0_DefaultLevel
[2015.07.19-13.39.40:501][573]LogPlayLevel: PIE: StaticDuplicateObject took: (0.002526s)
[2015.07.19-13.39.40:502][573]LogAIModule: Creating AISystem for world DefaultLevel
[2015.07.19-13.39.40:503][573]LogPlayLevel: PIE: World Init took: (0.001071s)
[2015.07.19-13.39.40:503][573]LogPlayLevel: PIE: Created PIE world by copying editor world from /Game/Levels/DefaultLevel.DefaultLevel to /Game/Levels/UEDPIE_0_DefaultLevel.DefaultLevel (0.003918s)
[2015.07.19-13.39.40:522][573]LogInit: XAudio2 using '1 - M2762DP (AMD High Definition Audio Device)' : 2 channels at 48 kHz using 16 bits per sample (channel mask 0x3)
[2015.07.19-13.39.40:528][573]LogInit: FAudioDevice initialized.
[2015.07.19-13.39.40:576][573]LogWorld: Game class is 'GameMode'
[2015.07.19-13.39.40:583][573]LogWorld: Bringing World /Game/Levels/UEDPIE_0_DefaultLevel.DefaultLevel up for play (max tick rate 0) at 2015.07.19-15.39.40
[2015.07.19-13.39.40:583][573]LogActor:Warning: GameSession /Game/Levels/UEDPIE_0_DefaultLevel.DefaultLevel:PersistentLevel.GameSession_0 has natively added scene component(s), but none of them were set as the actor's RootComponent - picking one arbitrarily
[2015.07.19-13.39.40:583][573]LogActor:Warning: GameNetworkManager /Game/Levels/UEDPIE_0_DefaultLevel.DefaultLevel:PersistentLevel.GameNetworkManager_0 has natively added scene component(s), but none of them were set as the actor's RootComponent - picking one arbitrarily
[2015.07.19-13.39.40:584][573]LogWorld: Bringing up level for play took: 0.003436
[2015.07.19-13.39.40:586][573]PIE: Info Play in editor start time for /Game/Levels/UEDPIE_0_DefaultLevel -0.642
[2015.07.19-13.39.43:866][934]LogParticles: Destroying 0 GPU particle simulations for FXSystem 0x000000002976A340
[2015.07.19-13.39.46:767][259]LogEditorViewport: Clicking on Actor (LMB): StaticMeshActor (S_BuildingSetA_Tree_02)
[2015.07.19-13.39.57:111][285]LogPlayLevel: PIE:  No blueprints needed recompiling
[2015.07.19-13.39.57:111][285]PIE: New page: PIE session: DefaultLevel (Jul 19, 2015, 5:39:57 PM)
[2015.07.19-13.39.57:111][285]LogPlayLevel: Creating play world package: /Game/Levels/UEDPIE_0_DefaultLevel
[2015.07.19-13.39.57:114][285]LogPlayLevel: PIE: StaticDuplicateObject took: (0.002593s)
[2015.07.19-13.39.57:114][285]LogAIModule: Creating AISystem for world DefaultLevel
[2015.07.19-13.39.57:115][285]LogPlayLevel: PIE: World Init took: (0.001026s)
[2015.07.19-13.39.57:115][285]LogPlayLevel: PIE: Created PIE world by copying editor world from /Game/Levels/DefaultLevel.DefaultLevel to /Game/Levels/UEDPIE_0_DefaultLevel.DefaultLevel (0.003756s)
[2015.07.19-13.39.57:134][285]LogInit: XAudio2 using '1 - M2762DP (AMD High Definition Audio Device)' : 2 channels at 48 kHz using 16 bits per sample (channel mask 0x3)
[2015.07.19-13.39.57:139][285]LogInit: FAudioDevice initialized.
[2015.07.19-13.39.57:172][285]LogWorld: Game class is 'GameMode'
[2015.07.19-13.39.57:176][285]LogWorld: Bringing World /Game/Levels/UEDPIE_0_DefaultLevel.DefaultLevel up for play (max tick rate 0) at 2015.07.19-15.39.57
[2015.07.19-13.39.57:176][285]LogActor:Warning: GameSession /Game/Levels/UEDPIE_0_DefaultLevel.DefaultLevel:PersistentLevel.GameSession_1 has natively added scene component(s), but none of them were set as the actor's RootComponent - picking one arbitrarily
[2015.07.19-13.39.57:176][285]LogActor:Warning: GameNetworkManager /Game/Levels/UEDPIE_0_DefaultLevel.DefaultLevel:PersistentLevel.GameNetworkManager_1 has natively added scene component(s), but none of them were set as the actor's RootComponent - picking one arbitrarily
[2015.07.19-13.39.57:177][285]LogWorld: Bringing up level for play took: 0.003254
[2015.07.19-13.39.57:178][285]PIE: Info Play in editor start time for /Game/Levels/UEDPIE_0_DefaultLevel -0.051
[2015.07.19-13.40.02:837][939]LogParticles: Destroying 0 GPU particle simulations for FXSystem 0x000000000EDD32E0
[2015.07.19-13.40.10:677][800]LogEditorViewport: Clicking on Actor (LMB): InstancedFoliageActor (InstancedFoliageActor)
[2015.07.19-13.40.15:880][345]LogD3D11RHI: InitD3DDevice
[2015.07.19-13.41.11:085][259]LogD3D11RHI: InitD3DDevice
[2015.07.19-13.41.11:159][261]LogActorFactory: Actor Factory created S_BuildingSetA_Tree_02
[2015.07.19-13.41.11:730][323]LogD3D11RHI: InitD3DDevice
[2015.07.19-13.41.16:451][849]LogMaterial:Warning: Material /Game/Assets/Materials/MaterialsBPDemo/M_TreeTrunk01.M_TreeTrunk01 needed to have new flag set bUsedWithInstancedStaticMeshes !
[2015.07.19-13.41.16:453][849]LogMaterial: Missing cached shader map for material M_TreeTrunk01, compiling. 
[2015.07.19-13.41.16:468][849]LogMaterial: 0.000215 seconds spent updating 1 materials, 1 interfaces, 0 instances, 0 with static permutations.
[2015.07.19-13.41.16:468][849]LogMaterial:Warning: Material /Game/Assets/Materials/MaterialsBPDemo/M_Tree_Branches.M_Tree_Branches needed to have new flag set bUsedWithInstancedStaticMeshes !
[2015.07.19-13.41.16:471][849]LogMaterial: Missing cached shader map for material M_Tree_Branches, compiling. 
[2015.07.19-13.41.16:513][849]LogMaterial: 0.000333 seconds spent updating 1 materials, 1 interfaces, 0 instances, 0 with static permutations.
[2015.07.19-13.41.17:533][961]LogD3D11RHI: InitD3DDevice
[2015.07.19-13.41.18:602][ 56]Cmd: TRANSACTION UNDO
[2015.07.19-13.41.18:602][ 56]LogEditorTransaction: Undo Foliage Editing
[2015.07.19-13.41.18:606][ 56]LogD3D11RHI: InitD3DDevice
[2015.07.19-13.41.20:716][236]LogD3D11RHI: InitD3DDevice
[2015.07.19-13.41.39:362][775]Cmd: TRANSACTION UNDO
[2015.07.19-13.41.39:362][775]LogEditorTransaction: Undo Foliage Editing
[2015.07.19-13.41.39:374][775]LogD3D11RHI: InitD3DDevice
[2015.07.19-13.41.39:694][803]Cmd: TRANSACTION UNDO
[2015.07.19-13.41.39:694][803]LogEditorTransaction: Undo Foliage Editing
[2015.07.19-13.41.47:926][728]LogEditorViewport: Clicking on Actor (LMB): DirectionalLight (Light Source)
[2015.07.19-13.42.59:326][715]LogD3D11RHI: InitD3DDevice
[2015.07.19-13.43.06:331][468]Cmd: TRANSACTION UNDO
[2015.07.19-13.43.06:331][468]LogEditorTransaction: Undo Edit Bloom Tint
[2015.07.19-13.43.06:342][468]LogD3D11RHI: InitD3DDevice
[2015.07.19-13.43.13:952][221]LogEditorViewport: Clicking on Actor (LMB): InstancedFoliageActor (InstancedFoliageActor)
[2015.07.19-13.43.21:578][889]LogD3D11RHI: InitD3DDevice
[2015.07.19-13.43.21:616][889]LogD3D11RHI: InitD3DDevice
[2015.07.19-13.43.33:271][655]LogD3D11RHI: InitD3DDevice
[2015.07.19-13.43.33:310][655]LogD3D11RHI: InitD3DDevice
[2015.07.19-13.43.38:990][143]LogPlayLevel: PIE:  No blueprints needed recompiling
[2015.07.19-13.43.38:991][143]PIE: New page: PIE session: DefaultLevel (Jul 19, 2015, 5:43:38 PM)
[2015.07.19-13.43.38:991][143]LogPlayLevel: Creating play world package: /Game/Levels/UEDPIE_0_DefaultLevel
[2015.07.19-13.43.38:994][143]LogPlayLevel: PIE: StaticDuplicateObject took: (0.002573s)
[2015.07.19-13.43.38:994][143]LogAIModule: Creating AISystem for world DefaultLevel
[2015.07.19-13.43.38:995][143]LogPlayLevel: PIE: World Init took: (0.001030s)
[2015.07.19-13.43.38:995][143]LogPlayLevel: PIE: Created PIE world by copying editor world from /Game/Levels/DefaultLevel.DefaultLevel to /Game/Levels/UEDPIE_0_DefaultLevel.DefaultLevel (0.003741s)
[2015.07.19-13.43.39:003][143]LogParticles: Destroying 0 GPU particle simulations for FXSystem 0x0000000021B8F7E0
[2015.07.19-13.43.39:003][143]LogParticles: Destroying 0 GPU particle simulations for FXSystem 0x0000000010215260
[2015.07.19-13.43.39:013][143]LogInit: XAudio2 using '1 - M2762DP (AMD High Definition Audio Device)' : 2 channels at 48 kHz using 16 bits per sample (channel mask 0x3)
[2015.07.19-13.43.39:018][143]LogInit: FAudioDevice initialized.
[2015.07.19-13.43.39:049][143]LogWorld: Game class is 'GameMode'
[2015.07.19-13.43.39:054][143]LogWorld: Bringing World /Game/Levels/UEDPIE_0_DefaultLevel.DefaultLevel up for play (max tick rate 0) at 2015.07.19-15.43.39
[2015.07.19-13.43.39:054][143]LogActor:Warning: GameSession /Game/Levels/UEDPIE_0_DefaultLevel.DefaultLevel:PersistentLevel.GameSession_2 has natively added scene component(s), but none of them were set as the actor's RootComponent - picking one arbitrarily
[2015.07.19-13.43.39:054][143]LogActor:Warning: GameNetworkManager /Game/Levels/UEDPIE_0_DefaultLevel.DefaultLevel:PersistentLevel.GameNetworkManager_2 has natively added scene component(s), but none of them were set as the actor's RootComponent - picking one arbitrarily
[2015.07.19-13.43.39:054][143]LogWorld: Bringing up level for play took: 0.003250
[2015.07.19-13.43.39:056][143]PIE: Info Play in editor start time for /Game/Levels/UEDPIE_0_DefaultLevel -0.176
[2015.07.19-13.44.09:682][809]LogParticles: Destroying 0 GPU particle simulations for FXSystem 0x00000000145CD580
[2015.07.19-13.44.18:515][721]LogActorComponent: UnregisterComponent: (/Engine/Transient.SphereBrushComponent) Not registered. Aborting.
[2015.07.19-13.44.19:943][875]LogEditorViewport: Clicking on Actor (LMB): BP_Sky_Sphere_C (Sky Sphere)
[2015.07.19-13.44.20:256][907]LogEditorViewport: Clicking on Actor (LMB): SkyLight (SkyLight)
[2015.07.19-13.44.29:871][981]LogEditorViewport: Clicking on Actor (LMB): DirectionalLight (Light Source)
[2015.07.19-13.45.30:606][840]Cmd: TRANSACTION UNDO
[2015.07.19-13.45.30:606][840]LogEditorTransaction: Undo Rotate Actors
[2015.07.19-13.45.30:609][840]LogD3D11RHI: InitD3DDevice
[2015.07.19-13.45.32:376][ 21]LogD3D11RHI: InitD3DDevice
[2015.07.19-13.45.37:674][584]LogD3D11RHI: InitD3DDevice
[2015.07.19-13.45.40:683][900]LogD3D11RHI: InitD3DDevice
[2015.07.19-13.45.47:544][639]LogD3D11RHI: InitD3DDevice
[2015.07.19-13.45.47:562][639]LogD3D11RHI: InitD3DDevice
[2015.07.19-13.45.47:590][639]LogLinker:Warning: Asset '../../../Engine/Content/ArtTools/RenderToTexture/Macros/RenderToTextureMacros.uasset' has been saved with empty engine version. The asset will be loaded but may be incompatible.
[2015.07.19-13.45.47:632][639]LogLinker:Warning: Asset '../../../Engine/Content/ArtTools/RenderToTexture/Enums/RenderToTexture_Enum.uasset' has been saved with empty engine version. The asset will be loaded but may be incompatible.
[2015.07.19-13.46.02:682][934]LogD3D11RHI: InitD3DDevice
[2015.07.19-13.46.14:884][ 70]LogD3D11RHI: InitD3DDevice
[2015.07.19-13.46.22:518][843]LogD3D11RHI: InitD3DDevice
[2015.07.19-13.46.24:353][ 35]LogD3D11RHI: InitD3DDevice
[2015.07.19-13.46.30:796][714]LogD3D11RHI: InitD3DDevice
[2015.07.19-13.46.34:945][155]LogD3D11RHI: InitD3DDevice
[2015.07.19-13.46.55:191][260]LogEditorViewport: Clicking on Actor (LMB): StaticMeshActor (S_BuildingSetA_Tree_02)
[2015.07.19-13.46.55:688][312]Cmd: TRANSACTION UNDO
[2015.07.19-13.46.55:688][312]LogEditorTransaction: Undo Clicking on Actors
[2015.07.19-13.46.55:696][312]LogD3D11RHI: InitD3DDevice
[2015.07.19-13.46.56:146][349]Cmd: TRANSACTION UNDO
[2015.07.19-13.46.56:146][349]LogEditorTransaction: Undo Clicking on Actors
[2015.07.19-13.46.56:680][408]Cmd: TRANSACTION UNDO
[2015.07.19-13.46.56:680][408]LogEditorTransaction: Undo Clicking on Actors
[2015.07.19-13.46.57:072][451]Cmd: TRANSACTION UNDO
[2015.07.19-13.46.57:072][451]LogEditorTransaction: Undo Clicking on Component (tree view)
[2015.07.19-13.46.57:537][502]Cmd: TRANSACTION UNDO
[2015.07.19-13.46.57:537][502]LogEditorTransaction: Undo Add Component Nodes
[2015.07.19-13.46.57:944][547]Cmd: TRANSACTION UNDO
[2015.07.19-13.46.57:944][547]LogEditorTransaction: Undo Clicking on Component (tree view)
[2015.07.19-13.46.58:318][587]Cmd: TRANSACTION UNDO
[2015.07.19-13.46.58:318][587]LogEditorTransaction: Undo Add Component Nodes
[2015.07.19-13.47.00:435][823]Cmd: TRANSACTION UNDO
[2015.07.19-13.47.00:435][823]LogEditorTransaction: Undo Clicking on Component (tree view)
[2015.07.19-13.47.02:509][ 53]Cmd: TRANSACTION UNDO
[2015.07.19-13.47.02:509][ 53]LogEditorTransaction: Undo Clicking on Actors
[2015.07.19-13.48.00:595][395]LogD3D11RHI: InitD3DDevice
[2015.07.19-13.48.09:593][422]LogD3D11RHI: InitD3DDevice
[2015.07.19-13.48.09:752][422]LogParticles: Destroying 0 GPU particle simulations for FXSystem 0x00000000102159E0
[2015.07.19-13.48.09:967][422]LogSavePackage: Save=191.847092ms
[2015.07.19-13.48.09:967][422]LogSavePackage: Moving '../../../../../../GitHub/GDV-Projekt/ProjectNarnia/Saved/DefaultLevel_Auto265A0A3EE4EA9215D8B28B897D7A66063.tmp' to '../../../../../../GitHub/GDV-Projekt/ProjectNarnia/Saved/Autosaves/Game/Levels/DefaultLevel_Auto2.umap'
[2015.07.19-13.48.09:969][422]LogFileHelpers: Editor autosave (incl. sublevels) for '/Game/Levels/DefaultLevel' took 0.232
[2015.07.19-13.48.09:969][422]LogFileHelpers: Editor autosave (incl. sublevels) for all levels took 0.232
[2015.07.19-13.48.09:972][422]OBJ SavePackage: Generating thumbnails for [0] asset(s) in package [/Game/Assets/Sky/Light_Source_Blueprint] ([1] browsable assets)...
[2015.07.19-13.48.09:972][422]OBJ SavePackage: Finished generating thumbnails for package [/Game/Assets/Sky/Light_Source_Blueprint]
[2015.07.19-13.48.09:981][422]LogSavePackage: Save=8.191844ms
[2015.07.19-13.48.09:981][422]LogSavePackage: Moving '../../../../../../GitHub/GDV-Projekt/ProjectNarnia/Saved/Light_Source_Blueprint_Auto2D277B0404FC5A0690DE37C8B30D4E476.tmp' to '../../../../../../GitHub/GDV-Projekt/ProjectNarnia/Saved/Autosaves/Game/Assets/Sky/Light_Source_Blueprint_Auto2.uasset'
[2015.07.19-13.48.09:981][422]LogFileHelpers: Auto-saving content packages took 0.012
[2015.07.19-13.49.08:260][778]LogD3D11RHI: InitD3DDevice
[2015.07.19-13.49.14:056][367]LogD3D11RHI: InitD3DDevice
[2015.07.19-13.49.16:181][593]LogD3D11RHI: InitD3DDevice
[2015.07.19-13.49.16:194][593]LogD3D11RHI: InitD3DDevice
[2015.07.19-13.49.19:522][913]LogD3D11RHI: InitD3DDevice
[2015.07.19-13.49.20:512][ 17]LogD3D11RHI: InitD3DDevice
[2015.07.19-13.49.20:524][ 17]LogD3D11RHI: InitD3DDevice
[2015.07.19-13.49.23:746][327]LogD3D11RHI: InitD3DDevice
[2015.07.19-13.49.23:757][327]LogD3D11RHI: InitD3DDevice
[2015.07.19-13.49.26:812][616]LogD3D11RHI: InitD3DDevice
[2015.07.19-13.49.26:825][616]LogD3D11RHI: InitD3DDevice
[2015.07.19-13.49.29:614][879]LogD3D11RHI: InitD3DDevice
[2015.07.19-13.49.30:068][917]LogD3D11RHI: InitD3DDevice
[2015.07.19-13.49.53:176][249]LogD3D11RHI: InitD3DDevice
[2015.07.19-13.49.56:708][625]LogD3D11RHI: InitD3DDevice
[2015.07.19-13.49.58:624][827]LogD3D11RHI: InitD3DDevice
[2015.07.19-13.50.00:562][  1]LogEditorViewport: Clicking on Actor (LMB): StaticMeshActor (Floor)
[2015.07.19-13.50.01:378][ 82]LogEditorViewport: Clicking on Actor (LMB): BP_Sky_Sphere_C (Sky Sphere)
[2015.07.19-13.50.13:517][351]LogLinker:Warning: Can't find file '/Game/StarterContent/HDRI/HDRI_Epic_Courtyard_Daylight'
[2015.07.19-13.50.13:517][351]LogLinker:Warning: Can't find file for asset '/Game/StarterContent/HDRI/HDRI_Epic_Courtyard_Daylight' while loading ../../../../../../GitHub/GDV-Projekt/ProjectNarnia/Content/Assets/Blueprints/BP_LightStudio.uasset.
[2015.07.19-13.50.13:517][351]LoadErrors:Error: Error /Game/Assets/Blueprints/BP_LightStudio : Can't find file for asset. /Game/StarterContent/HDRI/HDRI_Epic_Courtyard_Daylight
[2015.07.19-13.50.13:518][351]LogLinker:Warning: Can't find file '/Game/StarterContent/HDRI/HDRI_Epic_Courtyard_Daylight'
[2015.07.19-13.50.13:518][351]LogLinker:Warning: Can't find file for asset '/Game/StarterContent/HDRI/HDRI_Epic_Courtyard_Daylight' while loading ../../../../../../GitHub/GDV-Projekt/ProjectNarnia/Content/Assets/Blueprints/BP_LightStudio.uasset.
[2015.07.19-13.50.13:524][351]LogLinker:Warning: Can't find file '/Game/StarterContent/HDRI/HDRI_Epic_Courtyard_Daylight'
[2015.07.19-13.50.13:524][351]LogLinker:Warning: Can't find file for asset '/Game/StarterContent/HDRI/HDRI_Epic_Courtyard_Daylight' while loading NULL.
[2015.07.19-13.50.13:524][351]LogLinker:Warning: Can't find file '/Game/StarterContent/HDRI/HDRI_Epic_Courtyard_Daylight'
[2015.07.19-13.50.13:524][351]LogLinker:Warning: Can't find file for asset '/Game/StarterContent/HDRI/HDRI_Epic_Courtyard_Daylight' while loading NULL.
[2015.07.19-13.50.13:524][351]LogLinker:Warning: Can't find file '/Game/StarterContent/HDRI/HDRI_Epic_Courtyard_Daylight'
[2015.07.19-13.50.13:524][351]LogLinker:Warning: Can't find file for asset '/Game/StarterContent/HDRI/HDRI_Epic_Courtyard_Daylight' while loading NULL.
[2015.07.19-13.50.13:811][351]LogD3D11RHI: InitD3DDevice
[2015.07.19-13.50.40:668][497]LogEditorActor: Deleted Actor: BP_LightStudio_C
[2015.07.19-13.50.40:704][497]LogParticles: Destroying 0 GPU particle simulations for FXSystem 0x00000000102168E0
[2015.07.19-13.50.40:704][497]LogParticles: Destroying 0 GPU particle simulations for FXSystem 0x000000000F222CA0
[2015.07.19-13.50.40:705][497]LogParticles: Destroying 0 GPU particle simulations for FXSystem 0x0000000049C44E00
[2015.07.19-13.50.40:706][497]LogParticles: Destroying 0 GPU particle simulations for FXSystem 0x000000000EAEE480
[2015.07.19-13.50.40:724][497]LogEditorActor: Deleted 1 Actors (0.056 secs)
[2015.07.19-13.50.42:710][716]LogEditorActor: Deleted Actor: Light_Source_Blueprint_C
[2015.07.19-13.50.42:750][716]LogEditorActor: Deleted 1 Actors (0.040 secs)
[2015.07.19-13.50.48:561][397]LogD3D11RHI: InitD3DDevice
[2015.07.19-13.51.12:114][165]LogD3D11RHI: InitD3DDevice
[2015.07.19-13.51.12:194][165]Cmd: OBJ SAVEPACKAGE PACKAGE="/Game/Levels/DefaultLevel" FILE="../../../../../../GitHub/GDV-Projekt/ProjectNarnia/Content/Levels/DefaultLevel.umap" SILENT=true AUTOSAVING=false KEEPDIRTY=false
[2015.07.19-13.51.12:423][165]LogSavePackage: Save=192.714966ms
[2015.07.19-13.51.12:423][165]LogSavePackage: Moving '../../../../../../GitHub/GDV-Projekt/ProjectNarnia/Saved/DefaultLevel490DF40A49D5DDD62785DBA2EAD899E9.tmp' to '../../../../../../GitHub/GDV-Projekt/ProjectNarnia/Content/Levels/DefaultLevel.umap'
[2015.07.19-13.51.12:444][165]LogFileHelpers: Saving map 'DefaultLevel' took 0.319
[2015.07.19-13.51.12:448][165]Cmd: OBJ SAVEPACKAGE PACKAGE="/Game/Assets/Sky/Light_Source_Blueprint" FILE="../../../../../../GitHub/GDV-Projekt/ProjectNarnia/Content/Assets/Sky/Light_Source_Blueprint.uasset" SILENT=true
[2015.07.19-13.51.12:457][165]LogSavePackage: Save=7.969668ms
[2015.07.19-13.51.12:457][165]LogSavePackage: Moving '../../../../../../GitHub/GDV-Projekt/ProjectNarnia/Saved/Light_Source_Blueprint3BF45B074A1BD8F1550E8AA70AC8ED1E.tmp' to '../../../../../../GitHub/GDV-Projekt/ProjectNarnia/Content/Assets/Sky/Light_Source_Blueprint.uasset'
[2015.07.19-13.51.13:959][306]Cmd: QUIT_EDITOR
[2015.07.19-13.51.14:158][306]LogExit: Preparing to exit.
[2015.07.19-13.51.14:402][306]LogExit: Editor shut down
[2015.07.19-13.51.14:402][306]LogExit: Transaction tracking system shut down
[2015.07.19-13.51.14:403][306]LogParticles: Destroying 0 GPU particle simulations for FXSystem 0x000000002A91E7A0
[2015.07.19-13.51.14:405][306]LogParticles: Destroying 0 GPU particle simulations for FXSystem 0x00000000181F2340
[2015.07.19-13.51.14:405][306]LogParticles: Destroying 0 GPU particle simulations for FXSystem 0x00000000181F2AC0
[2015.07.19-13.51.14:405][306]LogParticles: Destroying 0 GPU particle simulations for FXSystem 0x000000000EAECD60
[2015.07.19-13.51.14:405][306]LogParticles: Destroying 0 GPU particle simulations for FXSystem 0x000000000EAEC900
[2015.07.19-13.51.14:546][306]LogExit: Object subsystem successfully closed.
[2015.07.19-13.51.14:559][306]LogD3D11RHI: Shutdown
[2015.07.19-13.51.14:559][306]LogD3D11RHI: CleanupD3DDevice
[2015.07.19-13.51.14:597][306]LogD3D11RHI: ~FD3D11DynamicRHI
[2015.07.19-13.51.14:612][306]LogModuleManager: Shutting down and abandoning module StaticMeshEditor (190)
[2015.07.19-13.51.14:612][306]LogModuleManager: Shutting down and abandoning module MaterialEditor (189)
[2015.07.19-13.51.14:612][306]LogModuleManager: Shutting down and abandoning module CrashTracker (188)
[2015.07.19-13.51.14:612][306]LogModuleManager: Shutting down and abandoning module SceneOutliner (187)
[2015.07.19-13.51.14:612][306]LogModuleManager: Shutting down and abandoning module SuperSearch (186)
[2015.07.19-13.51.14:612][306]LogModuleManager: Shutting down and abandoning module WidgetCarousel (185)
[2015.07.19-13.51.14:612][306]LogModuleManager: Shutting down and abandoning module AddContentDialog (184)
[2015.07.19-13.51.14:613][306]LogModuleManager: Shutting down and abandoning module EditorWidgets (183)
[2015.07.19-13.51.14:613][306]LogModuleManager: Shutting down and abandoning module CollectionManager (182)
[2015.07.19-13.51.14:613][306]LogModuleManager: Shutting down and abandoning module StatsViewer (181)
[2015.07.19-13.51.14:613][306]LogModuleManager: Shutting down and abandoning module FoliageEdit (180)
[2015.07.19-13.51.14:613][306]LogModuleManager: Shutting down and abandoning module LandscapeEditor (179)
[2015.07.19-13.51.14:613][306]LogModuleManager: Shutting down and abandoning module ActorPickerMode (178)
[2015.07.19-13.51.14:613][306]LogModuleManager: Shutting down and abandoning module GeometryMode (177)
[2015.07.19-13.51.14:613][306]LogModuleManager: Shutting down and abandoning module TextureAlignMode (176)
[2015.07.19-13.51.14:613][306]LogModuleManager: Shutting down and abandoning module BspMode (175)
[2015.07.19-13.51.14:613][306]LogModuleManager: Shutting down and abandoning module PlacementMode (174)
[2015.07.19-13.51.14:613][306]LogModuleManager: Shutting down and abandoning module AutomationWorker (173)
[2015.07.19-13.51.14:613][306]LogModuleManager: Shutting down and abandoning module CharacterAI (172)
[2015.07.19-13.51.14:613][306]LogModuleManager: Shutting down and abandoning module SmartSnapping (171)
[2015.07.19-13.51.14:613][306]LogModuleManager: Shutting down and abandoning module ViewportSnapping (170)
[2015.07.19-13.51.14:613][306]LogModuleManager: Shutting down and abandoning module LogVisualizer (169)
[2015.07.19-13.51.14:613][306]LogModuleManager: Shutting down and abandoning module GameProjectGeneration (168)
[2015.07.19-13.51.14:613][306]LogModuleManager: Shutting down and abandoning module IntroTutorials (167)
[2015.07.19-13.51.14:613][306]LogModuleManager: Shutting down and abandoning module EditorLiveStreaming (166)
[2015.07.19-13.51.14:613][306]LogModuleManager: Shutting down and abandoning module IOSPlatformEditor (165)
[2015.07.19-13.51.14:613][306]LogModuleManager: Shutting down and abandoning module HTML5PlatformEditor (164)
[2015.07.19-13.51.14:613][306]LogModuleManager: Shutting down and abandoning module AndroidDeviceDetection (163)
[2015.07.19-13.51.14:634][306]LogModuleManager: Shutting down and abandoning module AndroidPlatformEditor (162)
[2015.07.19-13.51.14:634][306]LogModuleManager: Shutting down and abandoning module IOSRuntimeSettings (161)
[2015.07.19-13.51.14:634][306]LogModuleManager: Shutting down and abandoning module AndroidRuntimeSettings (160)
[2015.07.19-13.51.14:634][306]LogModuleManager: Shutting down and abandoning module MergeActors (159)
[2015.07.19-13.51.14:634][306]LogModuleManager: Shutting down and abandoning module SizeMap (158)
[2015.07.19-13.51.14:634][306]LogModuleManager: Shutting down and abandoning module TreeMap (157)
[2015.07.19-13.51.14:634][306]LogModuleManager: Shutting down and abandoning module ReferenceViewer (156)
[2015.07.19-13.51.14:634][306]LogModuleManager: Shutting down and abandoning module LocalizationDashboard (155)
[2015.07.19-13.51.14:634][306]LogModuleManager: Shutting down and abandoning module HardwareTargeting (154)
[2015.07.19-13.51.14:634][306]LogModuleManager: Shutting down and abandoning module DeviceProfileEditor (153)
[2015.07.19-13.51.14:634][306]LogModuleManager: Shutting down and abandoning module UndoHistory (152)
[2015.07.19-13.51.14:634][306]LogModuleManager: Shutting down and abandoning module GameplayTagsEditor (151)
[2015.07.19-13.51.14:634][306]LogModuleManager: Shutting down and abandoning module UserFeedback (150)
[2015.07.19-13.51.14:634][306]LogModuleManager: Shutting down and abandoning module XmlParser (149)
[2015.07.19-13.51.14:634][306]LogModuleManager: Shutting down and abandoning module Blutility (148)
[2015.07.19-13.51.14:634][306]LogModuleManager: Shutting down and abandoning module ProjectTargetPlatformEditor (147)
[2015.07.19-13.51.14:634][306]LogModuleManager: Shutting down and abandoning module ProjectSettingsViewer (146)
[2015.07.19-13.51.14:634][306]LogModuleManager: Shutting down and abandoning module InputBindingEditor (145)
[2015.07.19-13.51.14:634][306]LogModuleManager: Shutting down and abandoning module EditorSettingsViewer (144)
[2015.07.19-13.51.14:634][306]LogModuleManager: Shutting down and abandoning module SettingsEditor (143)
[2015.07.19-13.51.14:634][306]LogModuleManager: Shutting down and abandoning module ProjectLauncher (142)
[2015.07.19-13.51.14:634][306]LogModuleManager: Shutting down and abandoning module SessionFrontend (141)
[2015.07.19-13.51.14:634][306]LogModuleManager: Shutting down and abandoning module ProfilerClient (140)
[2015.07.19-13.51.14:634][306]LogModuleManager: Shutting down and abandoning module TargetDeviceServices (139)
[2015.07.19-13.51.14:634][306]LogModuleManager: Shutting down and abandoning module DeviceManager (138)
[2015.07.19-13.51.14:634][306]LogModuleManager: Shutting down and abandoning module AutomationController (137)
[2015.07.19-13.51.14:634][306]LogModuleManager: Shutting down and abandoning module AutomationWindow (136)
[2015.07.19-13.51.14:634][306]LogModuleManager: Shutting down and abandoning module Layers (135)
[2015.07.19-13.51.14:634][306]LogModuleManager: Shutting down and abandoning module ComponentVisualizers (134)
[2015.07.19-13.51.14:634][306]LogModuleManager: Shutting down and abandoning module DetailCustomizations (133)
[2015.07.19-13.51.14:634][306]LogModuleManager: Shutting down and abandoning module PackagesDialog (132)
[2015.07.19-13.51.14:634][306]LogModuleManager: Shutting down and abandoning module AssetRegistry (131)
[2015.07.19-13.51.14:767][306]LogModuleManager: Shutting down and abandoning module Persona (130)
[2015.07.19-13.51.14:767][306]LogModuleManager: Shutting down and abandoning module Kismet (129)
[2015.07.19-13.51.14:767][306]LogModuleManager: Shutting down and abandoning module GraphEditor (128)
[2015.07.19-13.51.14:767][306]LogModuleManager: Shutting down and abandoning module ClassViewer (127)
[2015.07.19-13.51.14:767][306]LogModuleManager: Shutting down and abandoning module Toolbox (126)
[2015.07.19-13.51.14:767][306]LogModuleManager: Shutting down and abandoning module ModuleUI (125)
[2015.07.19-13.51.14:767][306]LogModuleManager: Shutting down and abandoning module MovieSceneTools (124)
[2015.07.19-13.51.14:767][306]LogModuleManager: Shutting down and abandoning module OutputLog (123)
[2015.07.19-13.51.14:767][306]LogModuleManager: Shutting down and abandoning module GammaUI (122)
[2015.07.19-13.51.14:767][306]LogModuleManager: Shutting down and abandoning module Documentation (121)
[2015.07.19-13.51.14:767][306]LogModuleManager: Shutting down and abandoning module GameLiveStreaming (120)
[2015.07.19-13.51.14:767][306]LogModuleManager: Shutting down and abandoning module StreamingPauseRendering (119)
[2015.07.19-13.51.14:767][306]LogModuleManager: Shutting down and abandoning module AnalyticsET (118)
[2015.07.19-13.51.14:767][306]LogModuleManager: Shutting down and abandoning module Analytics (117)
[2015.07.19-13.51.14:767][306]LogModuleManager: Shutting down and abandoning module AITestSuite (116)
[2015.07.19-13.51.14:767][306]LogModuleManager: Shutting down and abandoning module GameplayDebugger (115)
[2015.07.19-13.51.14:767][306]LogModuleManager: Shutting down and abandoning module AIModule (114)
[2015.07.19-13.51.14:768][306]LogModuleManager: Shutting down and abandoning module ProfilerService (113)
[2015.07.19-13.51.14:895][306]LogModuleManager: Shutting down and abandoning module TaskGraph (112)
[2015.07.19-13.51.14:895][306]LogModuleManager: Shutting down and abandoning module SlateRemote (111)
[2015.07.19-13.51.14:895][306]LogModuleManager: Shutting down and abandoning module SteamVRController (110)
[2015.07.19-13.51.14:895][306]LogModuleManager: Shutting down and abandoning module SteamVR (109)
[2015.07.19-13.51.14:895][306]LogModuleManager: Shutting down and abandoning module ProceduralMeshComponent (108)
[2015.07.19-13.51.14:895][306]LogModuleManager: Shutting down and abandoning module OculusRift (107)
[2015.07.19-13.51.14:895][306]LogModuleManager: Shutting down and abandoning module LeapMotionController (106)
[2015.07.19-13.51.14:903][306]LogModuleManager: Shutting down and abandoning module CustomMeshComponent (105)
[2015.07.19-13.51.14:903][306]LogModuleManager: Shutting down and abandoning module CableComponent (104)
[2015.07.19-13.51.14:903][306]LogModuleManager: Shutting down and abandoning module MessagingDebugger (103)
[2015.07.19-13.51.14:903][306]LogModuleManager: Shutting down and abandoning module MediaPlayerEditor (102)
[2015.07.19-13.51.14:903][306]LogModuleManager: Shutting down and abandoning module SpeedTreeImporter (101)
[2015.07.19-13.51.14:903][306]LogModuleManager: Shutting down and abandoning module PluginBrowser (100)
[2015.07.19-13.51.14:903][306]LogModuleManager: Shutting down and abandoning module EpicSurvey (99)
[2015.07.19-13.51.14:903][306]LogModuleManager: Shutting down and abandoning module DesktopPlatform (98)
[2015.07.19-13.51.14:903][306]LogModuleManager: Shutting down and abandoning module VisualStudioSourceCodeAccess (97)
[2015.07.19-13.51.14:903][306]LogModuleManager: Shutting down and abandoning module UObjectPlugin (96)
[2015.07.19-13.51.14:903][306]LogModuleManager: Shutting down and abandoning module SubversionSourceControl (95)
[2015.07.19-13.51.14:904][306]LogModuleManager: Shutting down and abandoning module PerforceSourceControl (94)
[2015.07.19-13.51.14:904][306]LogModuleManager: Shutting down and abandoning module SourceControl (93)
[2015.07.19-13.51.14:904][306]LogModuleManager: Shutting down and abandoning module GitSourceControl (92)
[2015.07.19-13.51.14:904][306]LogModuleManager: Shutting down and abandoning module BlankPlugin (91)
[2015.07.19-13.51.14:904][306]LogModuleManager: Shutting down and abandoning module PaperTiledImporter (90)
[2015.07.19-13.51.14:904][306]LogModuleManager: Shutting down and abandoning module PaperSpriteSheetImporter (89)
[2015.07.19-13.51.14:904][306]LogModuleManager: Shutting down and abandoning module MeshPaint (88)
[2015.07.19-13.51.14:904][306]LogModuleManager: Shutting down and abandoning module SlateReflector (87)
[2015.07.19-13.51.14:904][306]LogModuleManager: Shutting down and abandoning module DirectoryWatcher (86)
[2015.07.19-13.51.14:904][306]LogModuleManager: Shutting down and abandoning module HotReload (85)
[2015.07.19-13.51.14:904][306]LogModuleManager: Shutting down and abandoning module MainFrame (84)
[2015.07.19-13.51.14:904][306]LogModuleManager: Shutting down and abandoning module LevelEditor (83)
[2015.07.19-13.51.14:905][306]LogModuleManager: Shutting down and abandoning module ContentBrowser (82)
[2015.07.19-13.51.14:906][306]LogModuleManager: Shutting down and abandoning module Paper2DEditor (81)
[2015.07.19-13.51.14:906][306]LogModuleManager: Shutting down and abandoning module UdpMessaging (80)
[2015.07.19-13.51.15:006][306]LogModuleManager: Shutting down and abandoning module Paper2D (79)
[2015.07.19-13.51.15:006][306]LogModuleManager: Shutting down and abandoning module WindowsMoviePlayer (78)
[2015.07.19-13.51.15:014][306]LogModuleManager: Shutting down and abandoning module Media (77)
[2015.07.19-13.51.15:014][306]LogModuleManager: Shutting down and abandoning module WmfMedia (76)
[2015.07.19-13.51.15:015][306]LogModuleManager: Shutting down and abandoning module OnlineBlueprintSupport (75)
[2015.07.19-13.51.15:015][306]LogModuleManager: Shutting down and abandoning module PropertyEditor (74)
[2015.07.19-13.51.15:015][306]LogModuleManager: Shutting down and abandoning module BehaviorTreeEditor (73)
[2015.07.19-13.51.15:015][306]LogModuleManager: Shutting down and abandoning module FunctionalTesting (72)
[2015.07.19-13.51.15:015][306]LogModuleManager: Shutting down and abandoning module CollisionAnalyzer (71)
[2015.07.19-13.51.15:015][306]LogModuleManager: Shutting down and abandoning module WorkspaceMenuStructure (70)
[2015.07.19-13.51.15:015][306]LogModuleManager: Shutting down and abandoning module MessageLog (69)
[2015.07.19-13.51.15:015][306]LogModuleManager: Shutting down and abandoning module Sequencer (68)
[2015.07.19-13.51.15:015][306]LogModuleManager: Shutting down and abandoning module AssetTools (67)
[2015.07.19-13.51.15:015][306]LogModuleManager: Shutting down and abandoning module UMGEditor (66)
[2015.07.19-13.51.15:015][306]LogModuleManager: Shutting down and abandoning module UMG (65)
[2015.07.19-13.51.15:015][306]LogModuleManager: Shutting down and abandoning module Slate (64)
[2015.07.19-13.51.15:015][306]LogModuleManager: Shutting down and abandoning module EditorStyle (63)
[2015.07.19-13.51.15:021][306]LogModuleManager: Shutting down and abandoning module SessionServices (62)
[2015.07.19-13.51.15:021][306]LogModuleManager: Shutting down and abandoning module SourceCodeAccess (61)
[2015.07.19-13.51.15:021][306]LogModuleManager: Shutting down and abandoning module HeadMountedDisplay (60)
[2015.07.19-13.51.15:021][306]LogModuleManager: Shutting down and abandoning module XAudio2 (59)
[2015.07.19-13.51.15:021][306]LogModuleManager: Shutting down and abandoning module Networking (57)
[2015.07.19-13.51.15:021][306]LogModuleManager: Shutting down and abandoning module Core (56)
[2015.07.19-13.51.15:021][306]LogModuleManager: Shutting down and abandoning module KismetCompiler (55)
[2015.07.19-13.51.15:021][306]LogModuleManager: Shutting down and abandoning module PhysXFormats (54)
[2015.07.19-13.51.15:021][306]LogModuleManager: Shutting down and abandoning module MeshUtilities (53)
[2015.07.19-13.51.15:021][306]LogModuleManager: Shutting down and abandoning module DerivedDataCache (52)
[2015.07.19-13.51.15:035][306]LogDerivedDataCache: Shutdown
[2015.07.19-13.51.15:035][306]LogModuleManager: Shutting down and abandoning module ShaderFormatOpenGL (51)
[2015.07.19-13.51.15:035][306]LogModuleManager: Shutting down and abandoning module ShaderFormatD3D (50)
[2015.07.19-13.51.15:035][306]LogModuleManager: Shutting down and abandoning module MetalShaderFormat (49)
[2015.07.19-13.51.15:035][306]LogModuleManager: Shutting down and abandoning module TextureFormatUncompressed (48)
[2015.07.19-13.51.15:035][306]LogModuleManager: Shutting down and abandoning module TextureFormatPVR (47)
[2015.07.19-13.51.15:035][306]LogModuleManager: Shutting down and abandoning module TextureFormatIntelISPCTexComp (46)
[2015.07.19-13.51.15:035][306]LogModuleManager: Shutting down and abandoning module TextureFormatDXT (45)
[2015.07.19-13.51.15:035][306]LogModuleManager: Shutting down and abandoning module ImageWrapper (44)
[2015.07.19-13.51.15:035][306]LogModuleManager: Shutting down and abandoning module TextureFormatASTC (43)
[2015.07.19-13.51.15:035][306]LogModuleManager: Shutting down and abandoning module TextureFormatAndroid (42)
[2015.07.19-13.51.15:035][306]LogModuleManager: Shutting down and abandoning module AudioFormatOpus (41)
[2015.07.19-13.51.15:035][306]LogModuleManager: Shutting down and abandoning module AudioFormatOgg (40)
[2015.07.19-13.51.15:035][306]LogModuleManager: Shutting down and abandoning module AudioFormatADPCM (39)
[2015.07.19-13.51.15:035][306]LogModuleManager: Shutting down and abandoning module LinuxTargetPlatform (38)
[2015.07.19-13.51.15:035][306]LogModuleManager: Shutting down and abandoning module LinuxServerTargetPlatform (37)
[2015.07.19-13.51.15:035][306]LogModuleManager: Shutting down and abandoning module LinuxNoEditorTargetPlatform (36)
[2015.07.19-13.51.15:035][306]LogModuleManager: Shutting down and abandoning module Messaging (35)
[2015.07.19-13.51.15:035][306]LogModuleManager: Shutting down and abandoning module IOSTargetPlatform (34)
[2015.07.19-13.51.15:035][306]LogModuleManager: Shutting down and abandoning module HTML5TargetPlatform (33)
[2015.07.19-13.51.15:035][306]LogModuleManager: Shutting down and abandoning module Android_PVRTCTargetPlatform (32)
[2015.07.19-13.51.15:035][306]LogModuleManager: Shutting down and abandoning module Android_ETC2TargetPlatform (31)
[2015.07.19-13.51.15:035][306]LogModuleManager: Shutting down and abandoning module Android_ETC1TargetPlatform (30)
[2015.07.19-13.51.15:035][306]LogModuleManager: Shutting down and abandoning module Android_DXTTargetPlatform (29)
[2015.07.19-13.51.15:035][306]LogModuleManager: Shutting down and abandoning module Android_ATCTargetPlatform (28)
[2015.07.19-13.51.15:035][306]LogModuleManager: Shutting down and abandoning module Android_ASTCTargetPlatform (27)
[2015.07.19-13.51.15:035][306]LogModuleManager: Shutting down and abandoning module AndroidTargetPlatform (26)
[2015.07.19-13.51.15:035][306]LogModuleManager: Shutting down and abandoning module WindowsTargetPlatform (25)
[2015.07.19-13.51.15:035][306]LogModuleManager: Shutting down and abandoning module WindowsServerTargetPlatform (24)
[2015.07.19-13.51.15:035][306]LogModuleManager: Shutting down and abandoning module WindowsNoEditorTargetPlatform (23)
[2015.07.19-13.51.15:035][306]LogModuleManager: Shutting down and abandoning module WindowsClientTargetPlatform (22)
[2015.07.19-13.51.15:035][306]LogModuleManager: Shutting down and abandoning module DesktopTargetPlatform (21)
[2015.07.19-13.51.15:035][306]LogModuleManager: Shutting down and abandoning module TargetPlatform (20)
[2015.07.19-13.51.15:035][306]LogModuleManager: Shutting down and abandoning module InputCore (19)
[2015.07.19-13.51.15:035][306]LogModuleManager: Shutting down and abandoning module Settings (18)
[2015.07.19-13.51.15:035][306]LogModuleManager: Shutting down and abandoning module OnlineSubsystem (16)
[2015.07.19-13.51.15:035][306]LogModuleManager: Shutting down and abandoning module HTTP (15)
[2015.07.19-13.51.15:035][306]LogModuleManager: Shutting down and abandoning module ExampleDeviceProfileSelector (14)
[2015.07.19-13.51.15:035][306]LogModuleManager: Shutting down and abandoning module TextureCompressor (13)
[2015.07.19-13.51.15:035][306]LogModuleManager: Shutting down and abandoning module ShaderCore (12)
[2015.07.19-13.51.15:035][306]LogModuleManager: Shutting down and abandoning module Landscape (11)
[2015.07.19-13.51.15:035][306]LogModuleManager: Shutting down and abandoning module SlateRHIRenderer (10)
[2015.07.19-13.51.15:037][306]LogModuleManager: Shutting down and abandoning module OpenGLDrv (9)
[2015.07.19-13.51.15:037][306]LogModuleManager: Shutting down and abandoning module D3D11RHI (8)
[2015.07.19-13.51.15:038][306]LogModuleManager: Shutting down and abandoning module Renderer (7)
[2015.07.19-13.51.15:038][306]LogModuleManager: Shutting down and abandoning module Engine (6)
[2015.07.19-13.51.15:038][306]LogModuleManager: Shutting down and abandoning module CoreUObject (5)
[2015.07.19-13.51.15:038][306]LogModuleManager: Shutting down and abandoning module NetworkFile (4)
[2015.07.19-13.51.15:038][306]LogModuleManager: Shutting down and abandoning module StreamingFile (3)
[2015.07.19-13.51.15:038][306]LogModuleManager: Shutting down and abandoning module SandboxFile (2)
[2015.07.19-13.51.15:038][306]LogModuleManager: Shutting down and abandoning module PakFile (1)
[2015.07.19-13.51.15:038][306]LogExit: Exiting.
[2015.07.19-13.51.15:053][306]Log file closed, 07/19/15 15:51:15
